[ 2017-11-15T10:14:53+08:00 ] 127.0.0.1 /
INFO: [ app_init ] --START--
INFO: Run Behavior\BuildLiteBehavior [ RunTime:0.000011s ]
INFO: [ app_init ] --END-- [ RunTime:0.001650s ]
INFO: [ app_begin ] --START--
INFO: Run Behavior\ReadHtmlCacheBehavior [ RunTime:0.000873s ]
INFO: [ app_begin ] --END-- [ RunTime:0.000931s ]
SQL: SHOW COLUMNS FROM `fh_article` [ RunTime:0.0045s ]
SQL: SHOW COLUMNS FROM `fh_cat` [ RunTime:0.0032s ]
SQL: SELECT * FROM `fh_article` WHERE `a_show` = 0  [ RunTime:0.0010s ]
SQL: SELECT * FROM `fh_cat` ORDER BY c_id desc  [ RunTime:0.0002s ]
INFO: [ view_parse ] --START--
INFO: [ template_filter ] --START--
INFO: Run Behavior\ContentReplaceBehavior [ RunTime:0.000069s ]
INFO: [ template_filter ] --END-- [ RunTime:0.000113s ]
NOTIC: [8] Undefined variable: article E:\fish\Runtime\Cache\Home\ccc714bf1ad7378d61a4beb8be3a2914.php 第 19 行.
NOTIC: [8] Undefined variable: log E:\fish\Runtime\Cache\Home\ccc714bf1ad7378d61a4beb8be3a2914.php 第 24 行.
NOTIC: [8] Undefined variable: say E:\fish\Runtime\Cache\Home\ccc714bf1ad7378d61a4beb8be3a2914.php 第 25 行.
NOTIC: [8] Undefined variable: album E:\fish\Runtime\Cache\Home\ccc714bf1ad7378d61a4beb8be3a2914.php 第 26 行.
NOTIC: [8] Undefined variable: board E:\fish\Runtime\Cache\Home\ccc714bf1ad7378d61a4beb8be3a2914.php 第 27 行.
NOTIC: [8] Undefined variable: about E:\fish\Runtime\Cache\Home\ccc714bf1ad7378d61a4beb8be3a2914.php 第 29 行.
INFO: Run Behavior\ParseTemplateBehavior [ RunTime:0.013875s ]
INFO: [ view_parse ] --END-- [ RunTime:0.013925s ]
INFO: [ view_filter ] --START--
INFO: Run Behavior\WriteHtmlCacheBehavior [ RunTime:0.000729s ]
INFO: [ view_filter ] --END-- [ RunTime:0.000768s ]
INFO: [ app_end ] --START--
INFO: Run Behavior\ShowPageTraceBehavior [ RunTime:0.000722s ]
INFO: [ app_end ] --END-- [ RunTime:0.000760s ]

[ 2017-11-15T10:14:54+08:00 ] 127.0.0.1 /Public/Home/img/icon/favicon.ico
INFO: [ app_init ] --START--
INFO: Run Behavior\BuildLiteBehavior [ RunTime:0.000011s ]
INFO: [ app_init ] --END-- [ RunTime:0.000298s ]

[ 2017-11-15T10:19:56+08:00 ] 127.0.0.1 /Public/Admin/Img/gritter.png
INFO: [ app_init ] --START--
INFO: Run Behavior\BuildLiteBehavior [ RunTime:0.000011s ]
INFO: [ app_init ] --END-- [ RunTime:0.000362s ]

[ 2017-11-15T10:35:06+08:00 ] 127.0.0.1 /Public/Admin/Img/gritter.png
INFO: [ app_init ] --START--
INFO: Run Behavior\BuildLiteBehavior [ RunTime:0.000010s ]
INFO: [ app_init ] --END-- [ RunTime:0.000318s ]

[ 2017-11-15T14:21:04+08:00 ] 127.0.0.1 /Public/Admin/Img/gritter.png
INFO: [ app_init ] --START--
INFO: Run Behavior\BuildLiteBehavior [ RunTime:0.000009s ]
INFO: [ app_init ] --END-- [ RunTime:0.000356s ]

[ 2017-11-15T14:46:09+08:00 ] 127.0.0.1 /Public/Admin/Img/gritter.png
INFO: [ app_init ] --START--
INFO: Run Behavior\BuildLiteBehavior [ RunTime:0.000010s ]
INFO: [ app_init ] --END-- [ RunTime:0.000297s ]

[ 2017-11-15T14:49:23+08:00 ] 127.0.0.1 /Public/Admin/Img/gritter.png
INFO: [ app_init ] --START--
INFO: Run Behavior\BuildLiteBehavior [ RunTime:0.000010s ]
INFO: [ app_init ] --END-- [ RunTime:0.000336s ]

[ 2017-11-15T15:06:14+08:00 ] 127.0.0.1 /favicon.ico
INFO: [ app_init ] --START--
INFO: Run Behavior\BuildLiteBehavior [ RunTime:0.000014s ]
INFO: [ app_init ] --END-- [ RunTime:0.000388s ]

[ 2017-11-15T15:20:42+08:00 ] 127.0.0.1 /Public/Admin/Img/gritter.png
INFO: [ app_init ] --START--
INFO: Run Behavior\BuildLiteBehavior [ RunTime:0.000009s ]
INFO: [ app_init ] --END-- [ RunTime:0.000268s ]

[ 2017-11-15T15:57:28+08:00 ] 127.0.0.1 /album.html
INFO: [ app_init ] --START--
INFO: Run Behavior\BuildLiteBehavior [ RunTime:0.000010s ]
INFO: [ app_init ] --END-- [ RunTime:0.000312s ]
INFO: [ app_begin ] --START--
INFO: Run Behavior\ReadHtmlCacheBehavior [ RunTime:0.000644s ]
INFO: [ app_begin ] --END-- [ RunTime:0.000696s ]
SQL: SHOW COLUMNS FROM `fh_article` [ RunTime:0.0023s ]
SQL: SHOW COLUMNS FROM `fh_cat` [ RunTime:0.0019s ]
SQL: SELECT * FROM `fh_article` WHERE `a_show` = 0  [ RunTime:0.0002s ]
SQL: SELECT * FROM `fh_cat` ORDER BY c_id desc  [ RunTime:0.0001s ]
INFO: [ view_parse ] --START--
INFO: [ template_filter ] --START--
INFO: Run Behavior\ContentReplaceBehavior [ RunTime:0.000063s ]
INFO: [ template_filter ] --END-- [ RunTime:0.000103s ]
NOTIC: [8] Undefined variable: index E:\fish\Runtime\Cache\Home\340b0e90858764bfa8ca307b60de9dd8.php 第 18 行.
NOTIC: [8] Undefined variable: article E:\fish\Runtime\Cache\Home\340b0e90858764bfa8ca307b60de9dd8.php 第 20 行.
NOTIC: [8] Undefined variable: log E:\fish\Runtime\Cache\Home\340b0e90858764bfa8ca307b60de9dd8.php 第 25 行.
NOTIC: [8] Undefined variable: say E:\fish\Runtime\Cache\Home\340b0e90858764bfa8ca307b60de9dd8.php 第 26 行.
NOTIC: [8] Undefined variable: board E:\fish\Runtime\Cache\Home\340b0e90858764bfa8ca307b60de9dd8.php 第 28 行.
NOTIC: [8] Undefined variable: about E:\fish\Runtime\Cache\Home\340b0e90858764bfa8ca307b60de9dd8.php 第 30 行.
NOTIC: [8] Undefined variable: logList E:\fish\Runtime\Cache\Home\340b0e90858764bfa8ca307b60de9dd8.php 第 40 行.
INFO: Run Behavior\ParseTemplateBehavior [ RunTime:0.014454s ]
INFO: [ view_parse ] --END-- [ RunTime:0.014494s ]
INFO: [ view_filter ] --START--
INFO: Run Behavior\WriteHtmlCacheBehavior [ RunTime:0.000317s ]
INFO: [ view_filter ] --END-- [ RunTime:0.000352s ]
INFO: [ app_end ] --START--
INFO: Run Behavior\ShowPageTraceBehavior [ RunTime:0.000488s ]
INFO: [ app_end ] --END-- [ RunTime:0.000525s ]

[ 2017-11-15T15:57:28+08:00 ] 127.0.0.1 /Public/Home/css/my.css
INFO: [ app_init ] --START--
INFO: Run Behavior\BuildLiteBehavior [ RunTime:0.000010s ]
INFO: [ app_init ] --END-- [ RunTime:0.000332s ]
INFO: [ app_begin ] --START--
INFO: Run Behavior\ReadHtmlCacheBehavior [ RunTime:0.000594s ]
INFO: [ app_begin ] --END-- [ RunTime:0.000643s ]
ERR: 无法加载控制器:Public

[ 2017-11-15T16:02:16+08:00 ] 127.0.0.1 /album.html
INFO: [ app_init ] --START--
INFO: Run Behavior\BuildLiteBehavior [ RunTime:0.000015s ]
INFO: [ app_init ] --END-- [ RunTime:0.000310s ]
INFO: [ app_begin ] --START--
INFO: Run Behavior\ReadHtmlCacheBehavior [ RunTime:0.000469s ]
INFO: [ app_begin ] --END-- [ RunTime:0.000513s ]
SQL: SHOW COLUMNS FROM `fh_article` [ RunTime:0.0022s ]
SQL: SHOW COLUMNS FROM `fh_cat` [ RunTime:0.0019s ]
SQL: SELECT * FROM `fh_article` WHERE `a_show` = 0  [ RunTime:0.0002s ]
SQL: SELECT * FROM `fh_cat` ORDER BY c_id desc  [ RunTime:0.0001s ]
SQL: SHOW COLUMNS FROM `fh_album` [ RunTime:0.0019s ]
SQL: SELECT * FROM `fh_album` INNER JOIN fh_picture on fh_album.al_id = fh_picture.p_id   [ RunTime:0.0002s ]
INFO: [ view_parse ] --START--
INFO: [ template_filter ] --START--
INFO: Run Behavior\ContentReplaceBehavior [ RunTime:0.000061s ]
INFO: [ template_filter ] --END-- [ RunTime:0.000101s ]
NOTIC: [8] Undefined variable: index E:\fish\Runtime\Cache\Home\340b0e90858764bfa8ca307b60de9dd8.php 第 18 行.
NOTIC: [8] Undefined variable: article E:\fish\Runtime\Cache\Home\340b0e90858764bfa8ca307b60de9dd8.php 第 20 行.
NOTIC: [8] Undefined variable: log E:\fish\Runtime\Cache\Home\340b0e90858764bfa8ca307b60de9dd8.php 第 25 行.
NOTIC: [8] Undefined variable: say E:\fish\Runtime\Cache\Home\340b0e90858764bfa8ca307b60de9dd8.php 第 26 行.
NOTIC: [8] Undefined variable: board E:\fish\Runtime\Cache\Home\340b0e90858764bfa8ca307b60de9dd8.php 第 28 行.
NOTIC: [8] Undefined variable: about E:\fish\Runtime\Cache\Home\340b0e90858764bfa8ca307b60de9dd8.php 第 30 行.
NOTIC: [8] Undefined variable: logList E:\fish\Runtime\Cache\Home\340b0e90858764bfa8ca307b60de9dd8.php 第 40 行.
INFO: Run Behavior\ParseTemplateBehavior [ RunTime:0.007216s ]
INFO: [ view_parse ] --END-- [ RunTime:0.007254s ]
INFO: [ view_filter ] --START--
INFO: Run Behavior\WriteHtmlCacheBehavior [ RunTime:0.000297s ]
INFO: [ view_filter ] --END-- [ RunTime:0.000331s ]
INFO: [ app_end ] --START--
INFO: Run Behavior\ShowPageTraceBehavior [ RunTime:0.000452s ]
INFO: [ app_end ] --END-- [ RunTime:0.000487s ]

[ 2017-11-15T16:02:16+08:00 ] 127.0.0.1 /Public/Home/css/my.css
INFO: [ app_init ] --START--
INFO: Run Behavior\BuildLiteBehavior [ RunTime:0.000010s ]
INFO: [ app_init ] --END-- [ RunTime:0.000338s ]
INFO: [ app_begin ] --START--
INFO: Run Behavior\ReadHtmlCacheBehavior [ RunTime:0.000425s ]
INFO: [ app_begin ] --END-- [ RunTime:0.000469s ]
ERR: 无法加载控制器:Public

[ 2017-11-15T16:10:51+08:00 ] 127.0.0.1 /album.html
INFO: [ app_init ] --START--
INFO: Run Behavior\BuildLiteBehavior [ RunTime:0.000010s ]
INFO: [ app_init ] --END-- [ RunTime:0.000354s ]
INFO: [ app_begin ] --START--
INFO: Run Behavior\ReadHtmlCacheBehavior [ RunTime:0.000506s ]
INFO: [ app_begin ] --END-- [ RunTime:0.000548s ]
SQL: SHOW COLUMNS FROM `fh_article` [ RunTime:0.0022s ]
SQL: SHOW COLUMNS FROM `fh_cat` [ RunTime:0.0020s ]
SQL: SELECT * FROM `fh_article` WHERE `a_show` = 0  [ RunTime:0.0002s ]
SQL: SELECT * FROM `fh_cat` ORDER BY c_id desc  [ RunTime:0.0001s ]
SQL: SHOW COLUMNS FROM `fh_album` [ RunTime:0.0020s ]
SQL: SELECT * FROM `fh_album` WHERE `al_id` = 0  [ RunTime:0.0002s ]
INFO: [ view_parse ] --START--
INFO: [ template_filter ] --START--
INFO: Run Behavior\ContentReplaceBehavior [ RunTime:0.000063s ]
INFO: [ template_filter ] --END-- [ RunTime:0.000105s ]
NOTIC: [8] Undefined variable: index E:\fish\Runtime\Cache\Home\340b0e90858764bfa8ca307b60de9dd8.php 第 18 行.
NOTIC: [8] Undefined variable: article E:\fish\Runtime\Cache\Home\340b0e90858764bfa8ca307b60de9dd8.php 第 20 行.
NOTIC: [8] Undefined variable: log E:\fish\Runtime\Cache\Home\340b0e90858764bfa8ca307b60de9dd8.php 第 25 行.
NOTIC: [8] Undefined variable: say E:\fish\Runtime\Cache\Home\340b0e90858764bfa8ca307b60de9dd8.php 第 26 行.
NOTIC: [8] Undefined variable: board E:\fish\Runtime\Cache\Home\340b0e90858764bfa8ca307b60de9dd8.php 第 28 行.
NOTIC: [8] Undefined variable: about E:\fish\Runtime\Cache\Home\340b0e90858764bfa8ca307b60de9dd8.php 第 30 行.
NOTIC: [8] Undefined variable: logList E:\fish\Runtime\Cache\Home\340b0e90858764bfa8ca307b60de9dd8.php 第 40 行.
INFO: Run Behavior\ParseTemplateBehavior [ RunTime:0.007253s ]
INFO: [ view_parse ] --END-- [ RunTime:0.007291s ]
INFO: [ view_filter ] --START--
INFO: Run Behavior\WriteHtmlCacheBehavior [ RunTime:0.000361s ]
INFO: [ view_filter ] --END-- [ RunTime:0.000397s ]
INFO: [ app_end ] --START--
INFO: Run Behavior\ShowPageTraceBehavior [ RunTime:0.000493s ]
INFO: [ app_end ] --END-- [ RunTime:0.000530s ]

[ 2017-11-15T16:10:51+08:00 ] 127.0.0.1 /Public/Home/css/my.css
INFO: [ app_init ] --START--
INFO: Run Behavior\BuildLiteBehavior [ RunTime:0.000011s ]
INFO: [ app_init ] --END-- [ RunTime:0.000298s ]
INFO: [ app_begin ] --START--
INFO: Run Behavior\ReadHtmlCacheBehavior [ RunTime:0.000392s ]
INFO: [ app_begin ] --END-- [ RunTime:0.000434s ]
ERR: 无法加载控制器:Public

[ 2017-11-15T16:13:28+08:00 ] 127.0.0.1 /album.html
INFO: [ app_init ] --START--
INFO: Run Behavior\BuildLiteBehavior [ RunTime:0.000010s ]
INFO: [ app_init ] --END-- [ RunTime:0.000323s ]
INFO: [ app_begin ] --START--
INFO: Run Behavior\ReadHtmlCacheBehavior [ RunTime:0.000434s ]
INFO: [ app_begin ] --END-- [ RunTime:0.000479s ]
SQL: SHOW COLUMNS FROM `fh_article` [ RunTime:0.0022s ]
SQL: SHOW COLUMNS FROM `fh_cat` [ RunTime:0.0019s ]
SQL: SELECT * FROM `fh_article` WHERE `a_show` = 0  [ RunTime:0.0002s ]
SQL: SELECT * FROM `fh_cat` ORDER BY c_id desc  [ RunTime:0.0001s ]
SQL: SHOW COLUMNS FROM `fh_album` [ RunTime:0.0022s ]
SQL: SELECT * FROM `fh_album` WHERE `al_id` = 0  [ RunTime:0.0001s ]
INFO: [ view_parse ] --START--
INFO: [ template_filter ] --START--
INFO: Run Behavior\ContentReplaceBehavior [ RunTime:0.000061s ]
INFO: [ template_filter ] --END-- [ RunTime:0.000101s ]
NOTIC: [8] Undefined variable: index E:\fish\Runtime\Cache\Home\340b0e90858764bfa8ca307b60de9dd8.php 第 18 行.
NOTIC: [8] Undefined variable: article E:\fish\Runtime\Cache\Home\340b0e90858764bfa8ca307b60de9dd8.php 第 20 行.
NOTIC: [8] Undefined variable: log E:\fish\Runtime\Cache\Home\340b0e90858764bfa8ca307b60de9dd8.php 第 25 行.
NOTIC: [8] Undefined variable: say E:\fish\Runtime\Cache\Home\340b0e90858764bfa8ca307b60de9dd8.php 第 26 行.
NOTIC: [8] Undefined variable: board E:\fish\Runtime\Cache\Home\340b0e90858764bfa8ca307b60de9dd8.php 第 28 行.
NOTIC: [8] Undefined variable: about E:\fish\Runtime\Cache\Home\340b0e90858764bfa8ca307b60de9dd8.php 第 30 行.
INFO: Run Behavior\ParseTemplateBehavior [ RunTime:0.007218s ]
INFO: [ view_parse ] --END-- [ RunTime:0.007257s ]
INFO: [ view_filter ] --START--
INFO: Run Behavior\WriteHtmlCacheBehavior [ RunTime:0.000363s ]
INFO: [ view_filter ] --END-- [ RunTime:0.000399s ]
INFO: [ app_end ] --START--
INFO: Run Behavior\ShowPageTraceBehavior [ RunTime:0.000496s ]
INFO: [ app_end ] --END-- [ RunTime:0.000533s ]

[ 2017-11-15T16:13:28+08:00 ] 127.0.0.1 /Public/Home/css/my.css
INFO: [ app_init ] --START--
INFO: Run Behavior\BuildLiteBehavior [ RunTime:0.000011s ]
INFO: [ app_init ] --END-- [ RunTime:0.000316s ]
INFO: [ app_begin ] --START--
INFO: Run Behavior\ReadHtmlCacheBehavior [ RunTime:0.000427s ]
INFO: [ app_begin ] --END-- [ RunTime:0.000471s ]
ERR: 无法加载控制器:Public

[ 2017-11-15T16:13:50+08:00 ] 127.0.0.1 /album.html
INFO: [ app_init ] --START--
INFO: Run Behavior\BuildLiteBehavior [ RunTime:0.000011s ]
INFO: [ app_init ] --END-- [ RunTime:0.000368s ]
INFO: [ app_begin ] --START--
INFO: Run Behavior\ReadHtmlCacheBehavior [ RunTime:0.000474s ]
INFO: [ app_begin ] --END-- [ RunTime:0.000518s ]
SQL: SHOW COLUMNS FROM `fh_article` [ RunTime:0.0023s ]
SQL: SHOW COLUMNS FROM `fh_cat` [ RunTime:0.0020s ]
SQL: SELECT * FROM `fh_article` WHERE `a_show` = 0  [ RunTime:0.0002s ]
SQL: SELECT * FROM `fh_cat` ORDER BY c_id desc  [ RunTime:0.0001s ]
SQL: SHOW COLUMNS FROM `fh_album` [ RunTime:0.0028s ]
SQL: SELECT * FROM `fh_album` WHERE `al_id` = 0  [ RunTime:0.0001s ]
INFO: [ view_parse ] --START--
INFO: [ template_filter ] --START--
INFO: Run Behavior\ContentReplaceBehavior [ RunTime:0.000062s ]
INFO: [ template_filter ] --END-- [ RunTime:0.000107s ]
NOTIC: [8] Undefined variable: index E:\fish\Runtime\Cache\Home\340b0e90858764bfa8ca307b60de9dd8.php 第 18 行.
NOTIC: [8] Undefined variable: article E:\fish\Runtime\Cache\Home\340b0e90858764bfa8ca307b60de9dd8.php 第 20 行.
NOTIC: [8] Undefined variable: log E:\fish\Runtime\Cache\Home\340b0e90858764bfa8ca307b60de9dd8.php 第 25 行.
NOTIC: [8] Undefined variable: say E:\fish\Runtime\Cache\Home\340b0e90858764bfa8ca307b60de9dd8.php 第 26 行.
NOTIC: [8] Undefined variable: board E:\fish\Runtime\Cache\Home\340b0e90858764bfa8ca307b60de9dd8.php 第 28 行.
NOTIC: [8] Undefined variable: about E:\fish\Runtime\Cache\Home\340b0e90858764bfa8ca307b60de9dd8.php 第 30 行.
INFO: Run Behavior\ParseTemplateBehavior [ RunTime:0.007450s ]
INFO: [ view_parse ] --END-- [ RunTime:0.007490s ]
INFO: [ view_filter ] --START--
INFO: Run Behavior\WriteHtmlCacheBehavior [ RunTime:0.000379s ]
INFO: [ view_filter ] --END-- [ RunTime:0.000415s ]
INFO: [ app_end ] --START--
INFO: Run Behavior\ShowPageTraceBehavior [ RunTime:0.000475s ]
INFO: [ app_end ] --END-- [ RunTime:0.000513s ]

[ 2017-11-15T16:13:50+08:00 ] 127.0.0.1 /Public/Home/css/my.css
INFO: [ app_init ] --START--
INFO: Run Behavior\BuildLiteBehavior [ RunTime:0.000029s ]
INFO: [ app_init ] --END-- [ RunTime:0.000563s ]
INFO: [ app_begin ] --START--
INFO: Run Behavior\ReadHtmlCacheBehavior [ RunTime:0.000429s ]
INFO: [ app_begin ] --END-- [ RunTime:0.000478s ]
ERR: 无法加载控制器:Public

[ 2017-11-15T16:13:53+08:00 ] 127.0.0.1 /album.html
INFO: [ app_init ] --START--
INFO: Run Behavior\BuildLiteBehavior [ RunTime:0.000011s ]
INFO: [ app_init ] --END-- [ RunTime:0.000287s ]
INFO: [ app_begin ] --START--
INFO: Run Behavior\ReadHtmlCacheBehavior [ RunTime:0.000362s ]
INFO: [ app_begin ] --END-- [ RunTime:0.000404s ]
SQL: SHOW COLUMNS FROM `fh_article` [ RunTime:0.0023s ]
SQL: SHOW COLUMNS FROM `fh_cat` [ RunTime:0.0020s ]
SQL: SHOW COLUMNS FROM `fh_album` [ RunTime:0.0020s ]
SQL: SELECT * FROM `fh_album` WHERE `al_id` = 0  [ RunTime:0.0001s ]
INFO: [ view_parse ] --START--
INFO: [ template_filter ] --START--
INFO: Run Behavior\ContentReplaceBehavior [ RunTime:0.000062s ]
INFO: [ template_filter ] --END-- [ RunTime:0.000104s ]
NOTIC: [8] Undefined variable: index E:\fish\Runtime\Cache\Home\340b0e90858764bfa8ca307b60de9dd8.php 第 18 行.
NOTIC: [8] Undefined variable: article E:\fish\Runtime\Cache\Home\340b0e90858764bfa8ca307b60de9dd8.php 第 20 行.
NOTIC: [8] Undefined variable: log E:\fish\Runtime\Cache\Home\340b0e90858764bfa8ca307b60de9dd8.php 第 25 行.
NOTIC: [8] Undefined variable: say E:\fish\Runtime\Cache\Home\340b0e90858764bfa8ca307b60de9dd8.php 第 26 行.
NOTIC: [8] Undefined variable: board E:\fish\Runtime\Cache\Home\340b0e90858764bfa8ca307b60de9dd8.php 第 28 行.
NOTIC: [8] Undefined variable: about E:\fish\Runtime\Cache\Home\340b0e90858764bfa8ca307b60de9dd8.php 第 30 行.
INFO: Run Behavior\ParseTemplateBehavior [ RunTime:0.006599s ]
INFO: [ view_parse ] --END-- [ RunTime:0.006638s ]
INFO: [ view_filter ] --START--
INFO: Run Behavior\WriteHtmlCacheBehavior [ RunTime:0.000227s ]
INFO: [ view_filter ] --END-- [ RunTime:0.000264s ]
INFO: [ app_end ] --START--
INFO: Run Behavior\ShowPageTraceBehavior [ RunTime:0.000432s ]
INFO: [ app_end ] --END-- [ RunTime:0.000469s ]

[ 2017-11-15T16:13:53+08:00 ] 127.0.0.1 /Public/Home/css/my.css
INFO: [ app_init ] --START--
INFO: Run Behavior\BuildLiteBehavior [ RunTime:0.000012s ]
INFO: [ app_init ] --END-- [ RunTime:0.000377s ]
INFO: [ app_begin ] --START--
INFO: Run Behavior\ReadHtmlCacheBehavior [ RunTime:0.000356s ]
INFO: [ app_begin ] --END-- [ RunTime:0.000397s ]
ERR: 无法加载控制器:Public

[ 2017-11-15T16:14:05+08:00 ] 127.0.0.1 /album.html
INFO: [ app_init ] --START--
INFO: Run Behavior\BuildLiteBehavior [ RunTime:0.000012s ]
INFO: [ app_init ] --END-- [ RunTime:0.000297s ]
INFO: [ app_begin ] --START--
INFO: Run Behavior\ReadHtmlCacheBehavior [ RunTime:0.000380s ]
INFO: [ app_begin ] --END-- [ RunTime:0.000440s ]

[ 2017-11-15T16:14:11+08:00 ] 127.0.0.1 /album.html
INFO: [ app_init ] --START--
INFO: Run Behavior\BuildLiteBehavior [ RunTime:0.000009s ]
INFO: [ app_init ] --END-- [ RunTime:0.000350s ]
INFO: [ app_begin ] --START--
INFO: Run Behavior\ReadHtmlCacheBehavior [ RunTime:0.000420s ]
INFO: [ app_begin ] --END-- [ RunTime:0.000463s ]
SQL: SHOW COLUMNS FROM `fh_article` [ RunTime:0.0025s ]
SQL: SHOW COLUMNS FROM `fh_cat` [ RunTime:0.0020s ]
SQL: SELECT * FROM `fh_article` WHERE `a_show` = 0  [ RunTime:0.0002s ]
SQL: SELECT * FROM `fh_cat` ORDER BY c_id desc  [ RunTime:0.0001s ]
SQL: SHOW COLUMNS FROM `fh_album` [ RunTime:0.0020s ]
SQL: SELECT * FROM `fh_album` WHERE `al_id` = 0  [ RunTime:0.0001s ]
INFO: [ view_parse ] --START--
INFO: [ template_filter ] --START--
INFO: Run Behavior\ContentReplaceBehavior [ RunTime:0.000061s ]
INFO: [ template_filter ] --END-- [ RunTime:0.000120s ]
NOTIC: [8] Undefined variable: index E:\fish\Runtime\Cache\Home\340b0e90858764bfa8ca307b60de9dd8.php 第 18 行.
NOTIC: [8] Undefined variable: article E:\fish\Runtime\Cache\Home\340b0e90858764bfa8ca307b60de9dd8.php 第 20 行.
NOTIC: [8] Undefined variable: log E:\fish\Runtime\Cache\Home\340b0e90858764bfa8ca307b60de9dd8.php 第 25 行.
NOTIC: [8] Undefined variable: say E:\fish\Runtime\Cache\Home\340b0e90858764bfa8ca307b60de9dd8.php 第 26 行.
NOTIC: [8] Undefined variable: board E:\fish\Runtime\Cache\Home\340b0e90858764bfa8ca307b60de9dd8.php 第 28 行.
NOTIC: [8] Undefined variable: about E:\fish\Runtime\Cache\Home\340b0e90858764bfa8ca307b60de9dd8.php 第 30 行.
INFO: Run Behavior\ParseTemplateBehavior [ RunTime:0.006965s ]
INFO: [ view_parse ] --END-- [ RunTime:0.007016s ]
INFO: [ view_filter ] --START--
INFO: Run Behavior\WriteHtmlCacheBehavior [ RunTime:0.000288s ]
INFO: [ view_filter ] --END-- [ RunTime:0.000321s ]
INFO: [ app_end ] --START--
INFO: Run Behavior\ShowPageTraceBehavior [ RunTime:0.000445s ]
INFO: [ app_end ] --END-- [ RunTime:0.000479s ]

[ 2017-11-15T16:14:11+08:00 ] 127.0.0.1 /Public/Home/css/my.css
INFO: [ app_init ] --START--
INFO: Run Behavior\BuildLiteBehavior [ RunTime:0.000010s ]
INFO: [ app_init ] --END-- [ RunTime:0.000322s ]
INFO: [ app_begin ] --START--
INFO: Run Behavior\ReadHtmlCacheBehavior [ RunTime:0.000453s ]
INFO: [ app_begin ] --END-- [ RunTime:0.000510s ]
ERR: 无法加载控制器:Public

[ 2017-11-15T16:15:20+08:00 ] 127.0.0.1 /album.html
INFO: [ app_init ] --START--
INFO: Run Behavior\BuildLiteBehavior [ RunTime:0.000010s ]
INFO: [ app_init ] --END-- [ RunTime:0.000296s ]
INFO: [ app_begin ] --START--
INFO: Run Behavior\ReadHtmlCacheBehavior [ RunTime:0.000562s ]
INFO: [ app_begin ] --END-- [ RunTime:0.000620s ]
SQL: SHOW COLUMNS FROM `fh_article` [ RunTime:0.0022s ]
SQL: SHOW COLUMNS FROM `fh_cat` [ RunTime:0.0019s ]
SQL: SELECT * FROM `fh_article` WHERE `a_show` = 0  [ RunTime:0.0002s ]
SQL: SELECT * FROM `fh_cat` ORDER BY c_id desc  [ RunTime:0.0001s ]
SQL: SHOW COLUMNS FROM `fh_album` [ RunTime:0.0020s ]
SQL: SELECT * FROM `fh_album` WHERE `al_show` = 0  [ RunTime:0.0001s ]
INFO: [ view_parse ] --START--
INFO: [ template_filter ] --START--
INFO: Run Behavior\ContentReplaceBehavior [ RunTime:0.000060s ]
INFO: [ template_filter ] --END-- [ RunTime:0.000099s ]
NOTIC: [8] Undefined variable: index E:\fish\Runtime\Cache\Home\340b0e90858764bfa8ca307b60de9dd8.php 第 18 行.
NOTIC: [8] Undefined variable: article E:\fish\Runtime\Cache\Home\340b0e90858764bfa8ca307b60de9dd8.php 第 20 行.
NOTIC: [8] Undefined variable: log E:\fish\Runtime\Cache\Home\340b0e90858764bfa8ca307b60de9dd8.php 第 25 行.
NOTIC: [8] Undefined variable: say E:\fish\Runtime\Cache\Home\340b0e90858764bfa8ca307b60de9dd8.php 第 26 行.
NOTIC: [8] Undefined variable: board E:\fish\Runtime\Cache\Home\340b0e90858764bfa8ca307b60de9dd8.php 第 28 行.
NOTIC: [8] Undefined variable: about E:\fish\Runtime\Cache\Home\340b0e90858764bfa8ca307b60de9dd8.php 第 30 行.
INFO: Run Behavior\ParseTemplateBehavior [ RunTime:0.006901s ]
INFO: [ view_parse ] --END-- [ RunTime:0.006940s ]
INFO: [ view_filter ] --START--
INFO: Run Behavior\WriteHtmlCacheBehavior [ RunTime:0.000287s ]
INFO: [ view_filter ] --END-- [ RunTime:0.000321s ]
INFO: [ app_end ] --START--
INFO: Run Behavior\ShowPageTraceBehavior [ RunTime:0.000407s ]
INFO: [ app_end ] --END-- [ RunTime:0.000441s ]

[ 2017-11-15T16:15:20+08:00 ] 127.0.0.1 /Public/Home/css/my.css
INFO: [ app_init ] --START--
INFO: Run Behavior\BuildLiteBehavior [ RunTime:0.000012s ]
INFO: [ app_init ] --END-- [ RunTime:0.000349s ]
INFO: [ app_begin ] --START--
INFO: Run Behavior\ReadHtmlCacheBehavior [ RunTime:0.000635s ]
INFO: [ app_begin ] --END-- [ RunTime:0.000685s ]
ERR: 无法加载控制器:Public

[ 2017-11-15T16:15:39+08:00 ] 127.0.0.1 /album.html
INFO: [ app_init ] --START--
INFO: Run Behavior\BuildLiteBehavior [ RunTime:0.000010s ]
INFO: [ app_init ] --END-- [ RunTime:0.000319s ]
INFO: [ app_begin ] --START--
INFO: Run Behavior\ReadHtmlCacheBehavior [ RunTime:0.000391s ]
INFO: [ app_begin ] --END-- [ RunTime:0.000432s ]
SQL: SHOW COLUMNS FROM `fh_article` [ RunTime:0.0023s ]
SQL: SHOW COLUMNS FROM `fh_cat` [ RunTime:0.0019s ]
SQL: SELECT * FROM `fh_article` WHERE `a_show` = 0  [ RunTime:0.0002s ]
SQL: SELECT * FROM `fh_cat` ORDER BY c_id desc  [ RunTime:0.0001s ]
SQL: SHOW COLUMNS FROM `fh_album` [ RunTime:0.0019s ]
SQL: SELECT * FROM `fh_album` WHERE `al_show` = 0  [ RunTime:0.0001s ]
INFO: [ view_parse ] --START--
INFO: [ template_filter ] --START--
INFO: Run Behavior\ContentReplaceBehavior [ RunTime:0.000060s ]
INFO: [ template_filter ] --END-- [ RunTime:0.000101s ]
NOTIC: [8] Undefined variable: index E:\fish\Runtime\Cache\Home\340b0e90858764bfa8ca307b60de9dd8.php 第 18 行.
NOTIC: [8] Undefined variable: article E:\fish\Runtime\Cache\Home\340b0e90858764bfa8ca307b60de9dd8.php 第 20 行.
NOTIC: [8] Undefined variable: log E:\fish\Runtime\Cache\Home\340b0e90858764bfa8ca307b60de9dd8.php 第 25 行.
NOTIC: [8] Undefined variable: say E:\fish\Runtime\Cache\Home\340b0e90858764bfa8ca307b60de9dd8.php 第 26 行.
NOTIC: [8] Undefined variable: board E:\fish\Runtime\Cache\Home\340b0e90858764bfa8ca307b60de9dd8.php 第 28 行.
NOTIC: [8] Undefined variable: about E:\fish\Runtime\Cache\Home\340b0e90858764bfa8ca307b60de9dd8.php 第 30 行.
INFO: Run Behavior\ParseTemplateBehavior [ RunTime:0.006958s ]
INFO: [ view_parse ] --END-- [ RunTime:0.007000s ]
INFO: [ view_filter ] --START--
INFO: Run Behavior\WriteHtmlCacheBehavior [ RunTime:0.000334s ]
INFO: [ view_filter ] --END-- [ RunTime:0.000373s ]
INFO: [ app_end ] --START--
INFO: Run Behavior\ShowPageTraceBehavior [ RunTime:0.000461s ]
INFO: [ app_end ] --END-- [ RunTime:0.000498s ]

[ 2017-11-15T16:15:39+08:00 ] 127.0.0.1 /Public/Home/css/my.css
INFO: [ app_init ] --START--
INFO: Run Behavior\BuildLiteBehavior [ RunTime:0.000013s ]
INFO: [ app_init ] --END-- [ RunTime:0.000378s ]
INFO: [ app_begin ] --START--
INFO: Run Behavior\ReadHtmlCacheBehavior [ RunTime:0.000456s ]
INFO: [ app_begin ] --END-- [ RunTime:0.000504s ]
ERR: 无法加载控制器:Public

[ 2017-11-15T16:16:01+08:00 ] 127.0.0.1 /album.html
INFO: [ app_init ] --START--
INFO: Run Behavior\BuildLiteBehavior [ RunTime:0.000010s ]
INFO: [ app_init ] --END-- [ RunTime:0.000331s ]
INFO: [ app_begin ] --START--
INFO: Run Behavior\ReadHtmlCacheBehavior [ RunTime:0.000436s ]
INFO: [ app_begin ] --END-- [ RunTime:0.000479s ]
SQL: SHOW COLUMNS FROM `fh_article` [ RunTime:0.0029s ]
SQL: SHOW COLUMNS FROM `fh_cat` [ RunTime:0.0022s ]
SQL: SELECT * FROM `fh_article` WHERE `a_show` = 0  [ RunTime:0.0002s ]
SQL: SELECT * FROM `fh_cat` ORDER BY c_id desc  [ RunTime:0.0002s ]
SQL: SHOW COLUMNS FROM `fh_album` [ RunTime:0.0023s ]
SQL: SELECT * FROM `fh_album` WHERE `al_show` = 0  [ RunTime:0.0001s ]
INFO: [ view_parse ] --START--
INFO: [ template_filter ] --START--
INFO: Run Behavior\ContentReplaceBehavior [ RunTime:0.000066s ]
INFO: [ template_filter ] --END-- [ RunTime:0.000115s ]
NOTIC: [8] Undefined variable: index E:\fish\Runtime\Cache\Home\340b0e90858764bfa8ca307b60de9dd8.php 第 18 行.
NOTIC: [8] Undefined variable: article E:\fish\Runtime\Cache\Home\340b0e90858764bfa8ca307b60de9dd8.php 第 20 行.
NOTIC: [8] Undefined variable: log E:\fish\Runtime\Cache\Home\340b0e90858764bfa8ca307b60de9dd8.php 第 25 行.
NOTIC: [8] Undefined variable: say E:\fish\Runtime\Cache\Home\340b0e90858764bfa8ca307b60de9dd8.php 第 26 行.
NOTIC: [8] Undefined variable: board E:\fish\Runtime\Cache\Home\340b0e90858764bfa8ca307b60de9dd8.php 第 28 行.
NOTIC: [8] Undefined variable: about E:\fish\Runtime\Cache\Home\340b0e90858764bfa8ca307b60de9dd8.php 第 30 行.
INFO: Run Behavior\ParseTemplateBehavior [ RunTime:0.008148s ]
INFO: [ view_parse ] --END-- [ RunTime:0.008212s ]
INFO: [ view_filter ] --START--
INFO: Run Behavior\WriteHtmlCacheBehavior [ RunTime:0.000354s ]
INFO: [ view_filter ] --END-- [ RunTime:0.000391s ]
INFO: [ app_end ] --START--
INFO: Run Behavior\ShowPageTraceBehavior [ RunTime:0.000467s ]
INFO: [ app_end ] --END-- [ RunTime:0.000504s ]

[ 2017-11-15T16:16:01+08:00 ] 127.0.0.1 /Public/Home/css/my.css
INFO: [ app_init ] --START--
INFO: Run Behavior\BuildLiteBehavior [ RunTime:0.000010s ]
INFO: [ app_init ] --END-- [ RunTime:0.000333s ]
INFO: [ app_begin ] --START--
INFO: Run Behavior\ReadHtmlCacheBehavior [ RunTime:0.000454s ]
INFO: [ app_begin ] --END-- [ RunTime:0.000497s ]
ERR: 无法加载控制器:Public

[ 2017-11-15T16:16:22+08:00 ] 127.0.0.1 /album.html
INFO: [ app_init ] --START--
INFO: Run Behavior\BuildLiteBehavior [ RunTime:0.000009s ]
INFO: [ app_init ] --END-- [ RunTime:0.000273s ]
INFO: [ app_begin ] --START--
INFO: Run Behavior\ReadHtmlCacheBehavior [ RunTime:0.000348s ]
INFO: [ app_begin ] --END-- [ RunTime:0.000388s ]
SQL: SHOW COLUMNS FROM `fh_article` [ RunTime:0.0024s ]
SQL: SHOW COLUMNS FROM `fh_cat` [ RunTime:0.0019s ]
SQL: SELECT * FROM `fh_article` WHERE `a_show` = 0  [ RunTime:0.0002s ]
SQL: SELECT * FROM `fh_cat` ORDER BY c_id desc  [ RunTime:0.0001s ]
SQL: SHOW COLUMNS FROM `fh_album` [ RunTime:0.0020s ]
SQL: SELECT * FROM `fh_album` WHERE `al_show` = 0  [ RunTime:0.0001s ]
INFO: [ view_parse ] --START--
INFO: [ template_filter ] --START--
INFO: Run Behavior\ContentReplaceBehavior [ RunTime:0.000062s ]
INFO: [ template_filter ] --END-- [ RunTime:0.000139s ]
NOTIC: [8] Undefined variable: index E:\fish\Runtime\Cache\Home\340b0e90858764bfa8ca307b60de9dd8.php 第 18 行.
NOTIC: [8] Undefined variable: article E:\fish\Runtime\Cache\Home\340b0e90858764bfa8ca307b60de9dd8.php 第 20 行.
NOTIC: [8] Undefined variable: log E:\fish\Runtime\Cache\Home\340b0e90858764bfa8ca307b60de9dd8.php 第 25 行.
NOTIC: [8] Undefined variable: say E:\fish\Runtime\Cache\Home\340b0e90858764bfa8ca307b60de9dd8.php 第 26 行.
NOTIC: [8] Undefined variable: board E:\fish\Runtime\Cache\Home\340b0e90858764bfa8ca307b60de9dd8.php 第 28 行.
NOTIC: [8] Undefined variable: about E:\fish\Runtime\Cache\Home\340b0e90858764bfa8ca307b60de9dd8.php 第 30 行.
INFO: Run Behavior\ParseTemplateBehavior [ RunTime:0.008908s ]
INFO: [ view_parse ] --END-- [ RunTime:0.008949s ]
INFO: [ view_filter ] --START--
INFO: Run Behavior\WriteHtmlCacheBehavior [ RunTime:0.000294s ]
INFO: [ view_filter ] --END-- [ RunTime:0.000328s ]
INFO: [ app_end ] --START--
INFO: Run Behavior\ShowPageTraceBehavior [ RunTime:0.000459s ]
INFO: [ app_end ] --END-- [ RunTime:0.000494s ]

[ 2017-11-15T16:16:22+08:00 ] 127.0.0.1 /Public/Home/css/my.css
INFO: [ app_init ] --START--
INFO: Run Behavior\BuildLiteBehavior [ RunTime:0.000010s ]
INFO: [ app_init ] --END-- [ RunTime:0.000330s ]
INFO: [ app_begin ] --START--
INFO: Run Behavior\ReadHtmlCacheBehavior [ RunTime:0.000539s ]
INFO: [ app_begin ] --END-- [ RunTime:0.000584s ]
ERR: 无法加载控制器:Public

[ 2017-11-15T16:16:42+08:00 ] 127.0.0.1 /album.html
INFO: [ app_init ] --START--
INFO: Run Behavior\BuildLiteBehavior [ RunTime:0.000012s ]
INFO: [ app_init ] --END-- [ RunTime:0.000281s ]
INFO: [ app_begin ] --START--
INFO: Run Behavior\ReadHtmlCacheBehavior [ RunTime:0.000351s ]
INFO: [ app_begin ] --END-- [ RunTime:0.000395s ]
SQL: SHOW COLUMNS FROM `fh_article` [ RunTime:0.0022s ]
SQL: SHOW COLUMNS FROM `fh_cat` [ RunTime:0.0019s ]
SQL: SELECT * FROM `fh_article` WHERE `a_show` = 0  [ RunTime:0.0002s ]
SQL: SELECT * FROM `fh_cat` ORDER BY c_id desc  [ RunTime:0.0001s ]
SQL: SHOW COLUMNS FROM `fh_album` [ RunTime:0.0019s ]
SQL: SELECT * FROM `fh_album` WHERE `al_show` = 0  [ RunTime:0.0001s ]
INFO: [ view_parse ] --START--
INFO: [ template_filter ] --START--
INFO: Run Behavior\ContentReplaceBehavior [ RunTime:0.000060s ]
INFO: [ template_filter ] --END-- [ RunTime:0.000100s ]
NOTIC: [8] Undefined variable: index E:\fish\Runtime\Cache\Home\340b0e90858764bfa8ca307b60de9dd8.php 第 18 行.
NOTIC: [8] Undefined variable: article E:\fish\Runtime\Cache\Home\340b0e90858764bfa8ca307b60de9dd8.php 第 20 行.
NOTIC: [8] Undefined variable: log E:\fish\Runtime\Cache\Home\340b0e90858764bfa8ca307b60de9dd8.php 第 25 行.
NOTIC: [8] Undefined variable: say E:\fish\Runtime\Cache\Home\340b0e90858764bfa8ca307b60de9dd8.php 第 26 行.
NOTIC: [8] Undefined variable: board E:\fish\Runtime\Cache\Home\340b0e90858764bfa8ca307b60de9dd8.php 第 28 行.
NOTIC: [8] Undefined variable: about E:\fish\Runtime\Cache\Home\340b0e90858764bfa8ca307b60de9dd8.php 第 30 行.
INFO: Run Behavior\ParseTemplateBehavior [ RunTime:0.006871s ]
INFO: [ view_parse ] --END-- [ RunTime:0.006910s ]
INFO: [ view_filter ] --START--
INFO: Run Behavior\WriteHtmlCacheBehavior [ RunTime:0.000311s ]
INFO: [ view_filter ] --END-- [ RunTime:0.000348s ]
INFO: [ app_end ] --START--
INFO: Run Behavior\ShowPageTraceBehavior [ RunTime:0.000451s ]
INFO: [ app_end ] --END-- [ RunTime:0.000489s ]

[ 2017-11-15T16:16:42+08:00 ] 127.0.0.1 /Public/Home/css/my.css
INFO: [ app_init ] --START--
INFO: Run Behavior\BuildLiteBehavior [ RunTime:0.000012s ]
INFO: [ app_init ] --END-- [ RunTime:0.000383s ]
INFO: [ app_begin ] --START--
INFO: Run Behavior\ReadHtmlCacheBehavior [ RunTime:0.000467s ]
INFO: [ app_begin ] --END-- [ RunTime:0.000510s ]
ERR: 无法加载控制器:Public

[ 2017-11-15T16:16:54+08:00 ] 127.0.0.1 /album.html
INFO: [ app_init ] --START--
INFO: Run Behavior\BuildLiteBehavior [ RunTime:0.000013s ]
INFO: [ app_init ] --END-- [ RunTime:0.000382s ]
INFO: [ app_begin ] --START--
INFO: Run Behavior\ReadHtmlCacheBehavior [ RunTime:0.000431s ]
INFO: [ app_begin ] --END-- [ RunTime:0.000473s ]
SQL: SHOW COLUMNS FROM `fh_article` [ RunTime:0.0024s ]
SQL: SHOW COLUMNS FROM `fh_cat` [ RunTime:0.0020s ]
SQL: SELECT * FROM `fh_article` WHERE `a_show` = 0  [ RunTime:0.0002s ]
SQL: SELECT * FROM `fh_cat` ORDER BY c_id desc  [ RunTime:0.0001s ]
SQL: SHOW COLUMNS FROM `fh_album` [ RunTime:0.0019s ]
SQL: SELECT * FROM `fh_album` WHERE `al_show` = 0  [ RunTime:0.0001s ]
INFO: [ view_parse ] --START--
INFO: [ template_filter ] --START--
INFO: Run Behavior\ContentReplaceBehavior [ RunTime:0.000060s ]
INFO: [ template_filter ] --END-- [ RunTime:0.000099s ]
NOTIC: [8] Undefined variable: index E:\fish\Runtime\Cache\Home\340b0e90858764bfa8ca307b60de9dd8.php 第 18 行.
NOTIC: [8] Undefined variable: article E:\fish\Runtime\Cache\Home\340b0e90858764bfa8ca307b60de9dd8.php 第 20 行.
NOTIC: [8] Undefined variable: log E:\fish\Runtime\Cache\Home\340b0e90858764bfa8ca307b60de9dd8.php 第 25 行.
NOTIC: [8] Undefined variable: say E:\fish\Runtime\Cache\Home\340b0e90858764bfa8ca307b60de9dd8.php 第 26 行.
NOTIC: [8] Undefined variable: board E:\fish\Runtime\Cache\Home\340b0e90858764bfa8ca307b60de9dd8.php 第 28 行.
NOTIC: [8] Undefined variable: about E:\fish\Runtime\Cache\Home\340b0e90858764bfa8ca307b60de9dd8.php 第 30 行.
INFO: Run Behavior\ParseTemplateBehavior [ RunTime:0.006797s ]
INFO: [ view_parse ] --END-- [ RunTime:0.006836s ]
INFO: [ view_filter ] --START--
INFO: Run Behavior\WriteHtmlCacheBehavior [ RunTime:0.000291s ]
INFO: [ view_filter ] --END-- [ RunTime:0.000325s ]
INFO: [ app_end ] --START--
INFO: Run Behavior\ShowPageTraceBehavior [ RunTime:0.000413s ]
INFO: [ app_end ] --END-- [ RunTime:0.000448s ]

[ 2017-11-15T16:16:54+08:00 ] 127.0.0.1 /Public/Home/css/my.css
INFO: [ app_init ] --START--
INFO: Run Behavior\BuildLiteBehavior [ RunTime:0.000011s ]
INFO: [ app_init ] --END-- [ RunTime:0.000351s ]
INFO: [ app_begin ] --START--
INFO: Run Behavior\ReadHtmlCacheBehavior [ RunTime:0.000462s ]
INFO: [ app_begin ] --END-- [ RunTime:0.000507s ]
ERR: 无法加载控制器:Public

[ 2017-11-15T16:17:07+08:00 ] 127.0.0.1 /album.html
INFO: [ app_init ] --START--
INFO: Run Behavior\BuildLiteBehavior [ RunTime:0.000010s ]
INFO: [ app_init ] --END-- [ RunTime:0.000301s ]
INFO: [ app_begin ] --START--
INFO: Run Behavior\ReadHtmlCacheBehavior [ RunTime:0.000390s ]
INFO: [ app_begin ] --END-- [ RunTime:0.000430s ]
SQL: SHOW COLUMNS FROM `fh_article` [ RunTime:0.0024s ]
SQL: SHOW COLUMNS FROM `fh_cat` [ RunTime:0.0020s ]
SQL: SELECT * FROM `fh_article` WHERE `a_show` = 0  [ RunTime:0.0002s ]
SQL: SELECT * FROM `fh_cat` ORDER BY c_id desc  [ RunTime:0.0002s ]
SQL: SHOW COLUMNS FROM `fh_album` [ RunTime:0.0020s ]
SQL: SELECT * FROM `fh_album` WHERE `al_show` = 0  [ RunTime:0.0001s ]
INFO: [ view_parse ] --START--
INFO: [ template_filter ] --START--
INFO: Run Behavior\ContentReplaceBehavior [ RunTime:0.000064s ]
INFO: [ template_filter ] --END-- [ RunTime:0.000110s ]
NOTIC: [8] Undefined variable: index E:\fish\Runtime\Cache\Home\340b0e90858764bfa8ca307b60de9dd8.php 第 18 行.
NOTIC: [8] Undefined variable: article E:\fish\Runtime\Cache\Home\340b0e90858764bfa8ca307b60de9dd8.php 第 20 行.
NOTIC: [8] Undefined variable: log E:\fish\Runtime\Cache\Home\340b0e90858764bfa8ca307b60de9dd8.php 第 25 行.
NOTIC: [8] Undefined variable: say E:\fish\Runtime\Cache\Home\340b0e90858764bfa8ca307b60de9dd8.php 第 26 行.
NOTIC: [8] Undefined variable: board E:\fish\Runtime\Cache\Home\340b0e90858764bfa8ca307b60de9dd8.php 第 28 行.
NOTIC: [8] Undefined variable: about E:\fish\Runtime\Cache\Home\340b0e90858764bfa8ca307b60de9dd8.php 第 30 行.
INFO: Run Behavior\ParseTemplateBehavior [ RunTime:0.007236s ]
INFO: [ view_parse ] --END-- [ RunTime:0.007277s ]
INFO: [ view_filter ] --START--
INFO: Run Behavior\WriteHtmlCacheBehavior [ RunTime:0.000372s ]
INFO: [ view_filter ] --END-- [ RunTime:0.000409s ]
INFO: [ app_end ] --START--
INFO: Run Behavior\ShowPageTraceBehavior [ RunTime:0.000499s ]
INFO: [ app_end ] --END-- [ RunTime:0.000537s ]

[ 2017-11-15T16:17:07+08:00 ] 127.0.0.1 /Public/Home/css/my.css
INFO: [ app_init ] --START--
INFO: Run Behavior\BuildLiteBehavior [ RunTime:0.000010s ]
INFO: [ app_init ] --END-- [ RunTime:0.000359s ]
INFO: [ app_begin ] --START--
INFO: Run Behavior\ReadHtmlCacheBehavior [ RunTime:0.000449s ]
INFO: [ app_begin ] --END-- [ RunTime:0.000493s ]
ERR: 无法加载控制器:Public

[ 2017-11-15T16:17:09+08:00 ] 127.0.0.1 /album.html
INFO: [ app_init ] --START--
INFO: Run Behavior\BuildLiteBehavior [ RunTime:0.000010s ]
INFO: [ app_init ] --END-- [ RunTime:0.000320s ]
INFO: [ app_begin ] --START--
INFO: Run Behavior\ReadHtmlCacheBehavior [ RunTime:0.000380s ]
INFO: [ app_begin ] --END-- [ RunTime:0.000420s ]
SQL: SHOW COLUMNS FROM `fh_article` [ RunTime:0.0023s ]
SQL: SHOW COLUMNS FROM `fh_cat` [ RunTime:0.0019s ]
SQL: SHOW COLUMNS FROM `fh_album` [ RunTime:0.0019s ]
SQL: SELECT * FROM `fh_album` WHERE `al_show` = 0  [ RunTime:0.0001s ]
INFO: [ view_parse ] --START--
INFO: [ template_filter ] --START--
INFO: Run Behavior\ContentReplaceBehavior [ RunTime:0.000062s ]
INFO: [ template_filter ] --END-- [ RunTime:0.000107s ]
NOTIC: [8] Undefined variable: index E:\fish\Runtime\Cache\Home\340b0e90858764bfa8ca307b60de9dd8.php 第 18 行.
NOTIC: [8] Undefined variable: article E:\fish\Runtime\Cache\Home\340b0e90858764bfa8ca307b60de9dd8.php 第 20 行.
NOTIC: [8] Undefined variable: log E:\fish\Runtime\Cache\Home\340b0e90858764bfa8ca307b60de9dd8.php 第 25 行.
NOTIC: [8] Undefined variable: say E:\fish\Runtime\Cache\Home\340b0e90858764bfa8ca307b60de9dd8.php 第 26 行.
NOTIC: [8] Undefined variable: board E:\fish\Runtime\Cache\Home\340b0e90858764bfa8ca307b60de9dd8.php 第 28 行.
NOTIC: [8] Undefined variable: about E:\fish\Runtime\Cache\Home\340b0e90858764bfa8ca307b60de9dd8.php 第 30 行.
INFO: Run Behavior\ParseTemplateBehavior [ RunTime:0.006805s ]
INFO: [ view_parse ] --END-- [ RunTime:0.006842s ]
INFO: [ view_filter ] --START--
INFO: Run Behavior\WriteHtmlCacheBehavior [ RunTime:0.000256s ]
INFO: [ view_filter ] --END-- [ RunTime:0.000293s ]
INFO: [ app_end ] --START--
INFO: Run Behavior\ShowPageTraceBehavior [ RunTime:0.000445s ]
INFO: [ app_end ] --END-- [ RunTime:0.000483s ]

[ 2017-11-15T16:17:09+08:00 ] 127.0.0.1 /Public/Home/css/my.css
INFO: [ app_init ] --START--
INFO: Run Behavior\BuildLiteBehavior [ RunTime:0.000012s ]
INFO: [ app_init ] --END-- [ RunTime:0.000289s ]
INFO: [ app_begin ] --START--
INFO: Run Behavior\ReadHtmlCacheBehavior [ RunTime:0.000379s ]
INFO: [ app_begin ] --END-- [ RunTime:0.000423s ]
ERR: 无法加载控制器:Public

[ 2017-11-15T17:06:34+08:00 ] 127.0.0.1 /album.html
INFO: [ app_init ] --START--
INFO: Run Behavior\BuildLiteBehavior [ RunTime:0.000011s ]
INFO: [ app_init ] --END-- [ RunTime:0.000341s ]
INFO: [ app_begin ] --START--
INFO: Run Behavior\ReadHtmlCacheBehavior [ RunTime:0.000539s ]
INFO: [ app_begin ] --END-- [ RunTime:0.000588s ]
SQL: SHOW COLUMNS FROM `fh_article` [ RunTime:0.0023s ]
SQL: SHOW COLUMNS FROM `fh_cat` [ RunTime:0.0020s ]
SQL: SELECT * FROM `fh_article` WHERE `a_show` = 0  [ RunTime:0.0002s ]
SQL: SELECT * FROM `fh_cat` ORDER BY c_id desc  [ RunTime:0.0001s ]
SQL: SHOW COLUMNS FROM `fh_album` [ RunTime:0.0021s ]
SQL: SELECT * FROM `fh_album` WHERE `al_show` = 0  [ RunTime:0.0001s ]
INFO: [ view_parse ] --START--
INFO: [ template_filter ] --START--
INFO: Run Behavior\ContentReplaceBehavior [ RunTime:0.000062s ]
INFO: [ template_filter ] --END-- [ RunTime:0.000101s ]
NOTIC: [8] Undefined variable: index E:\fish\Runtime\Cache\Home\340b0e90858764bfa8ca307b60de9dd8.php 第 18 行.
NOTIC: [8] Undefined variable: article E:\fish\Runtime\Cache\Home\340b0e90858764bfa8ca307b60de9dd8.php 第 20 行.
NOTIC: [8] Undefined variable: log E:\fish\Runtime\Cache\Home\340b0e90858764bfa8ca307b60de9dd8.php 第 25 行.
NOTIC: [8] Undefined variable: say E:\fish\Runtime\Cache\Home\340b0e90858764bfa8ca307b60de9dd8.php 第 26 行.
NOTIC: [8] Undefined variable: board E:\fish\Runtime\Cache\Home\340b0e90858764bfa8ca307b60de9dd8.php 第 28 行.
NOTIC: [8] Undefined variable: about E:\fish\Runtime\Cache\Home\340b0e90858764bfa8ca307b60de9dd8.php 第 30 行.
INFO: Run Behavior\ParseTemplateBehavior [ RunTime:0.006966s ]
INFO: [ view_parse ] --END-- [ RunTime:0.007005s ]
INFO: [ view_filter ] --START--
INFO: Run Behavior\WriteHtmlCacheBehavior [ RunTime:0.000341s ]
INFO: [ view_filter ] --END-- [ RunTime:0.000377s ]
INFO: [ app_end ] --START--
INFO: Run Behavior\ShowPageTraceBehavior [ RunTime:0.000473s ]
INFO: [ app_end ] --END-- [ RunTime:0.000510s ]

[ 2017-11-15T17:06:34+08:00 ] 127.0.0.1 /Public/Home/css/my.css
INFO: [ app_init ] --START--
INFO: Run Behavior\BuildLiteBehavior [ RunTime:0.000010s ]
INFO: [ app_init ] --END-- [ RunTime:0.000309s ]
INFO: [ app_begin ] --START--
INFO: Run Behavior\ReadHtmlCacheBehavior [ RunTime:0.000437s ]
INFO: [ app_begin ] --END-- [ RunTime:0.000485s ]
ERR: 无法加载控制器:Public

[ 2017-11-15T17:06:36+08:00 ] 127.0.0.1 /albuminfo-1.html
INFO: [ app_init ] --START--
INFO: Run Behavior\BuildLiteBehavior [ RunTime:0.000010s ]
INFO: [ app_init ] --END-- [ RunTime:0.000311s ]
INFO: [ app_begin ] --START--
INFO: Run Behavior\ReadHtmlCacheBehavior [ RunTime:0.000394s ]
INFO: [ app_begin ] --END-- [ RunTime:0.000438s ]
SQL: SHOW COLUMNS FROM `fh_article` [ RunTime:0.0025s ]
SQL: SHOW COLUMNS FROM `fh_cat` [ RunTime:0.0020s ]
SQL: SHOW COLUMNS FROM `fh_album` [ RunTime:0.0021s ]
SQL: SELECT * FROM `fh_album` WHERE `al_id` = 1 LIMIT 1   [ RunTime:0.0002s ]
SQL: UPDATE `fh_album` SET `al_hit`=al_hit+1 WHERE `al_id` = 1 [ RunTime:0.0114s ]
SQL: SHOW COLUMNS FROM `fh_picture` [ RunTime:0.0021s ]
SQL: SELECT * FROM `fh_picture` INNER JOIN fh_album on fh_album.al_id = fh_picture.p_id  WHERE `pid` = '1'  [ RunTime:0.0003s ]
INFO: [ view_parse ] --START--
INFO: [ template_filter ] --START--
INFO: Run Behavior\ContentReplaceBehavior [ RunTime:0.000064s ]
INFO: [ template_filter ] --END-- [ RunTime:0.000110s ]
NOTIC: [8] Undefined variable: index E:\fish\Runtime\Cache\Home\6c34fb0a52f2e48fe95829ca535af908.php 第 18 行.
NOTIC: [8] Undefined variable: article E:\fish\Runtime\Cache\Home\6c34fb0a52f2e48fe95829ca535af908.php 第 20 行.
NOTIC: [8] Undefined variable: log E:\fish\Runtime\Cache\Home\6c34fb0a52f2e48fe95829ca535af908.php 第 25 行.
NOTIC: [8] Undefined variable: say E:\fish\Runtime\Cache\Home\6c34fb0a52f2e48fe95829ca535af908.php 第 26 行.
NOTIC: [8] Undefined variable: album E:\fish\Runtime\Cache\Home\6c34fb0a52f2e48fe95829ca535af908.php 第 27 行.
NOTIC: [8] Undefined variable: board E:\fish\Runtime\Cache\Home\6c34fb0a52f2e48fe95829ca535af908.php 第 28 行.
NOTIC: [8] Undefined variable: about E:\fish\Runtime\Cache\Home\6c34fb0a52f2e48fe95829ca535af908.php 第 30 行.
NOTIC: [8] Undefined variable: albumList E:\fish\Runtime\Cache\Home\6c34fb0a52f2e48fe95829ca535af908.php 第 40 行.
INFO: Run Behavior\ParseTemplateBehavior [ RunTime:0.006765s ]
INFO: [ view_parse ] --END-- [ RunTime:0.006817s ]
INFO: [ view_filter ] --START--
INFO: Run Behavior\WriteHtmlCacheBehavior [ RunTime:0.000197s ]
INFO: [ view_filter ] --END-- [ RunTime:0.000230s ]
INFO: [ app_end ] --START--
INFO: Run Behavior\ShowPageTraceBehavior [ RunTime:0.000374s ]
INFO: [ app_end ] --END-- [ RunTime:0.000408s ]

[ 2017-11-15T17:06:37+08:00 ] 127.0.0.1 /albuminfo-1.html
INFO: [ app_init ] --START--
INFO: Run Behavior\BuildLiteBehavior [ RunTime:0.000010s ]
INFO: [ app_init ] --END-- [ RunTime:0.000312s ]
INFO: [ app_begin ] --START--
INFO: Run Behavior\ReadHtmlCacheBehavior [ RunTime:0.000440s ]
INFO: [ app_begin ] --END-- [ RunTime:0.000486s ]
SQL: SHOW COLUMNS FROM `fh_article` [ RunTime:0.0023s ]
SQL: SHOW COLUMNS FROM `fh_cat` [ RunTime:0.0020s ]
SQL: SHOW COLUMNS FROM `fh_album` [ RunTime:0.0020s ]
SQL: SELECT * FROM `fh_album` WHERE `al_id` = 1 LIMIT 1   [ RunTime:0.0002s ]
SQL: UPDATE `fh_album` SET `al_hit`=al_hit+1 WHERE `al_id` = 1 [ RunTime:0.0113s ]
SQL: SHOW COLUMNS FROM `fh_picture` [ RunTime:0.0020s ]
SQL: SELECT * FROM `fh_picture` INNER JOIN fh_album on fh_album.al_id = fh_picture.p_id  WHERE `pid` = '1'  [ RunTime:0.0002s ]
INFO: [ view_parse ] --START--
INFO: [ template_filter ] --START--
INFO: Run Behavior\ContentReplaceBehavior [ RunTime:0.000062s ]
INFO: [ template_filter ] --END-- [ RunTime:0.000102s ]
NOTIC: [8] Undefined variable: index E:\fish\Runtime\Cache\Home\6c34fb0a52f2e48fe95829ca535af908.php 第 18 行.
NOTIC: [8] Undefined variable: article E:\fish\Runtime\Cache\Home\6c34fb0a52f2e48fe95829ca535af908.php 第 20 行.
NOTIC: [8] Undefined variable: log E:\fish\Runtime\Cache\Home\6c34fb0a52f2e48fe95829ca535af908.php 第 25 行.
NOTIC: [8] Undefined variable: say E:\fish\Runtime\Cache\Home\6c34fb0a52f2e48fe95829ca535af908.php 第 26 行.
NOTIC: [8] Undefined variable: album E:\fish\Runtime\Cache\Home\6c34fb0a52f2e48fe95829ca535af908.php 第 27 行.
NOTIC: [8] Undefined variable: board E:\fish\Runtime\Cache\Home\6c34fb0a52f2e48fe95829ca535af908.php 第 28 行.
NOTIC: [8] Undefined variable: about E:\fish\Runtime\Cache\Home\6c34fb0a52f2e48fe95829ca535af908.php 第 30 行.
NOTIC: [8] Undefined variable: albumList E:\fish\Runtime\Cache\Home\6c34fb0a52f2e48fe95829ca535af908.php 第 40 行.
INFO: Run Behavior\ParseTemplateBehavior [ RunTime:0.007171s ]
INFO: [ view_parse ] --END-- [ RunTime:0.007212s ]
INFO: [ view_filter ] --START--
INFO: Run Behavior\WriteHtmlCacheBehavior [ RunTime:0.000364s ]
INFO: [ view_filter ] --END-- [ RunTime:0.000400s ]
INFO: [ app_end ] --START--
INFO: Run Behavior\ShowPageTraceBehavior [ RunTime:0.000526s ]
INFO: [ app_end ] --END-- [ RunTime:0.000564s ]

[ 2017-11-15T17:06:37+08:00 ] 127.0.0.1 /Public/Home/css/my.css
INFO: [ app_init ] --START--
INFO: Run Behavior\BuildLiteBehavior [ RunTime:0.000013s ]
INFO: [ app_init ] --END-- [ RunTime:0.000346s ]
INFO: [ app_begin ] --START--
INFO: Run Behavior\ReadHtmlCacheBehavior [ RunTime:0.000412s ]
INFO: [ app_begin ] --END-- [ RunTime:0.000458s ]
ERR: 无法加载控制器:Public

[ 2017-11-15T17:08:53+08:00 ] 127.0.0.1 /Public/Admin/Img/gritter.png
INFO: [ app_init ] --START--
INFO: Run Behavior\BuildLiteBehavior [ RunTime:0.000010s ]
INFO: [ app_init ] --END-- [ RunTime:0.000277s ]

[ 2017-11-15T17:10:07+08:00 ] 127.0.0.1 /albuminfo-1.html
INFO: [ app_init ] --START--
INFO: Run Behavior\BuildLiteBehavior [ RunTime:0.000010s ]
INFO: [ app_init ] --END-- [ RunTime:0.000305s ]
INFO: [ app_begin ] --START--
INFO: Run Behavior\ReadHtmlCacheBehavior [ RunTime:0.000407s ]
INFO: [ app_begin ] --END-- [ RunTime:0.000450s ]
SQL: SHOW COLUMNS FROM `fh_article` [ RunTime:0.0023s ]
SQL: SHOW COLUMNS FROM `fh_cat` [ RunTime:0.0019s ]
SQL: SELECT * FROM `fh_article` WHERE `a_show` = 0  [ RunTime:0.0002s ]
SQL: SELECT * FROM `fh_cat` ORDER BY c_id desc  [ RunTime:0.0001s ]
SQL: SHOW COLUMNS FROM `fh_album` [ RunTime:0.0020s ]
SQL: SELECT * FROM `fh_album` WHERE `al_id` = 1 LIMIT 1   [ RunTime:0.0002s ]
SQL: UPDATE `fh_album` SET `al_hit`=al_hit+1 WHERE `al_id` = 1 [ RunTime:0.0033s ]
SQL: SHOW COLUMNS FROM `fh_picture` [ RunTime:0.0019s ]
SQL: SELECT * FROM `fh_picture` INNER JOIN fh_album on fh_album.al_id = fh_picture.p_id  WHERE `pid` = '1'  [ RunTime:0.0002s ]
INFO: [ view_parse ] --START--
INFO: [ template_filter ] --START--
INFO: Run Behavior\ContentReplaceBehavior [ RunTime:0.000061s ]
INFO: [ template_filter ] --END-- [ RunTime:0.000101s ]
NOTIC: [8] Undefined variable: index E:\fish\Runtime\Cache\Home\6c34fb0a52f2e48fe95829ca535af908.php 第 18 行.
NOTIC: [8] Undefined variable: article E:\fish\Runtime\Cache\Home\6c34fb0a52f2e48fe95829ca535af908.php 第 20 行.
NOTIC: [8] Undefined variable: log E:\fish\Runtime\Cache\Home\6c34fb0a52f2e48fe95829ca535af908.php 第 25 行.
NOTIC: [8] Undefined variable: say E:\fish\Runtime\Cache\Home\6c34fb0a52f2e48fe95829ca535af908.php 第 26 行.
NOTIC: [8] Undefined variable: album E:\fish\Runtime\Cache\Home\6c34fb0a52f2e48fe95829ca535af908.php 第 27 行.
NOTIC: [8] Undefined variable: board E:\fish\Runtime\Cache\Home\6c34fb0a52f2e48fe95829ca535af908.php 第 28 行.
NOTIC: [8] Undefined variable: about E:\fish\Runtime\Cache\Home\6c34fb0a52f2e48fe95829ca535af908.php 第 30 行.
NOTIC: [8] Undefined variable: albumList E:\fish\Runtime\Cache\Home\6c34fb0a52f2e48fe95829ca535af908.php 第 40 行.
INFO: Run Behavior\ParseTemplateBehavior [ RunTime:0.007013s ]
INFO: [ view_parse ] --END-- [ RunTime:0.007052s ]
INFO: [ view_filter ] --START--
INFO: Run Behavior\WriteHtmlCacheBehavior [ RunTime:0.000357s ]
INFO: [ view_filter ] --END-- [ RunTime:0.000394s ]
INFO: [ app_end ] --START--
INFO: Run Behavior\ShowPageTraceBehavior [ RunTime:0.000494s ]
INFO: [ app_end ] --END-- [ RunTime:0.000531s ]

[ 2017-11-15T17:10:07+08:00 ] 127.0.0.1 /Public/Home/css/my.css
INFO: [ app_init ] --START--
INFO: Run Behavior\BuildLiteBehavior [ RunTime:0.000012s ]
INFO: [ app_init ] --END-- [ RunTime:0.000362s ]
INFO: [ app_begin ] --START--
INFO: Run Behavior\ReadHtmlCacheBehavior [ RunTime:0.000414s ]
INFO: [ app_begin ] --END-- [ RunTime:0.000456s ]
ERR: 无法加载控制器:Public

[ 2017-11-15T17:11:36+08:00 ] 127.0.0.1 /Public/Admin/Img/gritter.png
INFO: [ app_init ] --START--
INFO: Run Behavior\BuildLiteBehavior [ RunTime:0.000010s ]
INFO: [ app_init ] --END-- [ RunTime:0.000274s ]

[ 2017-11-15T17:11:48+08:00 ] 127.0.0.1 /albuminfo-1.html
INFO: [ app_init ] --START--
INFO: Run Behavior\BuildLiteBehavior [ RunTime:0.000012s ]
INFO: [ app_init ] --END-- [ RunTime:0.000366s ]
INFO: [ app_begin ] --START--
INFO: Run Behavior\ReadHtmlCacheBehavior [ RunTime:0.000382s ]
INFO: [ app_begin ] --END-- [ RunTime:0.000425s ]
SQL: SHOW COLUMNS FROM `fh_article` [ RunTime:0.0022s ]
SQL: SHOW COLUMNS FROM `fh_cat` [ RunTime:0.0019s ]
SQL: SELECT * FROM `fh_article` WHERE `a_show` = 0  [ RunTime:0.0002s ]
SQL: SELECT * FROM `fh_cat` ORDER BY c_id desc  [ RunTime:0.0001s ]
SQL: SHOW COLUMNS FROM `fh_album` [ RunTime:0.0020s ]
SQL: SELECT * FROM `fh_album` WHERE `al_id` = 1 LIMIT 1   [ RunTime:0.0002s ]
SQL: UPDATE `fh_album` SET `al_hit`=al_hit+1 WHERE `al_id` = 1 [ RunTime:0.0098s ]
SQL: SHOW COLUMNS FROM `fh_picture` [ RunTime:0.0019s ]
SQL: SELECT * FROM `fh_picture` INNER JOIN fh_album on fh_album.al_id = fh_picture.p_id  WHERE `pid` = '1'  [ RunTime:0.0002s ]
INFO: [ view_parse ] --START--
INFO: [ template_filter ] --START--
INFO: Run Behavior\ContentReplaceBehavior [ RunTime:0.000061s ]
INFO: [ template_filter ] --END-- [ RunTime:0.000102s ]
NOTIC: [8] Undefined variable: index E:\fish\Runtime\Cache\Home\6c34fb0a52f2e48fe95829ca535af908.php 第 18 行.
NOTIC: [8] Undefined variable: article E:\fish\Runtime\Cache\Home\6c34fb0a52f2e48fe95829ca535af908.php 第 20 行.
NOTIC: [8] Undefined variable: log E:\fish\Runtime\Cache\Home\6c34fb0a52f2e48fe95829ca535af908.php 第 25 行.
NOTIC: [8] Undefined variable: say E:\fish\Runtime\Cache\Home\6c34fb0a52f2e48fe95829ca535af908.php 第 26 行.
NOTIC: [8] Undefined variable: album E:\fish\Runtime\Cache\Home\6c34fb0a52f2e48fe95829ca535af908.php 第 27 行.
NOTIC: [8] Undefined variable: board E:\fish\Runtime\Cache\Home\6c34fb0a52f2e48fe95829ca535af908.php 第 28 行.
NOTIC: [8] Undefined variable: about E:\fish\Runtime\Cache\Home\6c34fb0a52f2e48fe95829ca535af908.php 第 30 行.
NOTIC: [8] Undefined variable: albumList E:\fish\Runtime\Cache\Home\6c34fb0a52f2e48fe95829ca535af908.php 第 40 行.
INFO: Run Behavior\ParseTemplateBehavior [ RunTime:0.007078s ]
INFO: [ view_parse ] --END-- [ RunTime:0.007117s ]
INFO: [ view_filter ] --START--
INFO: Run Behavior\WriteHtmlCacheBehavior [ RunTime:0.000348s ]
INFO: [ view_filter ] --END-- [ RunTime:0.000385s ]
INFO: [ app_end ] --START--
INFO: Run Behavior\ShowPageTraceBehavior [ RunTime:0.000478s ]
INFO: [ app_end ] --END-- [ RunTime:0.000517s ]

[ 2017-11-15T17:11:48+08:00 ] 127.0.0.1 /Public/Home/css/my.css
INFO: [ app_init ] --START--
INFO: Run Behavior\BuildLiteBehavior [ RunTime:0.000011s ]
INFO: [ app_init ] --END-- [ RunTime:0.000299s ]
INFO: [ app_begin ] --START--
INFO: Run Behavior\ReadHtmlCacheBehavior [ RunTime:0.000392s ]
INFO: [ app_begin ] --END-- [ RunTime:0.000434s ]
ERR: 无法加载控制器:Public

[ 2017-11-15T17:15:35+08:00 ] 127.0.0.1 /albuminfo-1.html
INFO: [ app_init ] --START--
INFO: Run Behavior\BuildLiteBehavior [ RunTime:0.000015s ]
INFO: [ app_init ] --END-- [ RunTime:0.000365s ]
INFO: [ app_begin ] --START--
INFO: Run Behavior\ReadHtmlCacheBehavior [ RunTime:0.000430s ]
INFO: [ app_begin ] --END-- [ RunTime:0.000476s ]
SQL: SHOW COLUMNS FROM `fh_article` [ RunTime:0.0024s ]
SQL: SHOW COLUMNS FROM `fh_cat` [ RunTime:0.0022s ]
SQL: SELECT * FROM `fh_article` WHERE `a_show` = 0  [ RunTime:0.0002s ]
SQL: SELECT * FROM `fh_cat` ORDER BY c_id desc  [ RunTime:0.0001s ]
SQL: SHOW COLUMNS FROM `fh_album` [ RunTime:0.0020s ]
SQL: SELECT * FROM `fh_album` WHERE `al_id` = 1 LIMIT 1   [ RunTime:0.0002s ]
SQL: UPDATE `fh_album` SET `al_hit`=al_hit+1 WHERE `al_id` = 1 [ RunTime:0.0029s ]
SQL: SHOW COLUMNS FROM `fh_picture` [ RunTime:0.0021s ]
SQL: SELECT * FROM `fh_picture` INNER JOIN fh_album on fh_album.al_id = fh_picture.p_id  WHERE `pid` = '1'  [ RunTime:0.0003s ]
INFO: [ view_parse ] --START--
INFO: [ template_filter ] --START--
INFO: Run Behavior\ContentReplaceBehavior [ RunTime:0.000134s ]
INFO: [ template_filter ] --END-- [ RunTime:0.000244s ]
NOTIC: [8] Undefined variable: index E:\fish\Runtime\Cache\Home\6c34fb0a52f2e48fe95829ca535af908.php 第 18 行.
NOTIC: [8] Undefined variable: article E:\fish\Runtime\Cache\Home\6c34fb0a52f2e48fe95829ca535af908.php 第 20 行.
NOTIC: [8] Undefined variable: log E:\fish\Runtime\Cache\Home\6c34fb0a52f2e48fe95829ca535af908.php 第 25 行.
NOTIC: [8] Undefined variable: say E:\fish\Runtime\Cache\Home\6c34fb0a52f2e48fe95829ca535af908.php 第 26 行.
NOTIC: [8] Undefined variable: album E:\fish\Runtime\Cache\Home\6c34fb0a52f2e48fe95829ca535af908.php 第 27 行.
NOTIC: [8] Undefined variable: board E:\fish\Runtime\Cache\Home\6c34fb0a52f2e48fe95829ca535af908.php 第 28 行.
NOTIC: [8] Undefined variable: about E:\fish\Runtime\Cache\Home\6c34fb0a52f2e48fe95829ca535af908.php 第 30 行.
NOTIC: [8] Undefined variable: albumList E:\fish\Runtime\Cache\Home\6c34fb0a52f2e48fe95829ca535af908.php 第 40 行.
INFO: Run Behavior\ParseTemplateBehavior [ RunTime:0.008592s ]
INFO: [ view_parse ] --END-- [ RunTime:0.008636s ]
INFO: [ view_filter ] --START--
INFO: Run Behavior\WriteHtmlCacheBehavior [ RunTime:0.000335s ]
INFO: [ view_filter ] --END-- [ RunTime:0.000376s ]
INFO: [ app_end ] --START--
INFO: Run Behavior\ShowPageTraceBehavior [ RunTime:0.000557s ]
INFO: [ app_end ] --END-- [ RunTime:0.000597s ]

[ 2017-11-15T17:15:35+08:00 ] 127.0.0.1 /Public/Home/css/my.css
INFO: [ app_init ] --START--
INFO: Run Behavior\BuildLiteBehavior [ RunTime:0.000011s ]
INFO: [ app_init ] --END-- [ RunTime:0.000312s ]
INFO: [ app_begin ] --START--
INFO: Run Behavior\ReadHtmlCacheBehavior [ RunTime:0.000404s ]
INFO: [ app_begin ] --END-- [ RunTime:0.000446s ]
ERR: 无法加载控制器:Public

[ 2017-11-15T17:16:02+08:00 ] 127.0.0.1 /albuminfo-1.html
INFO: [ app_init ] --START--
INFO: Run Behavior\BuildLiteBehavior [ RunTime:0.000010s ]
INFO: [ app_init ] --END-- [ RunTime:0.000310s ]
INFO: [ app_begin ] --START--
INFO: Run Behavior\ReadHtmlCacheBehavior [ RunTime:0.000434s ]
INFO: [ app_begin ] --END-- [ RunTime:0.000475s ]
SQL: SHOW COLUMNS FROM `fh_article` [ RunTime:0.0022s ]
SQL: SHOW COLUMNS FROM `fh_cat` [ RunTime:0.0019s ]
SQL: SELECT * FROM `fh_article` WHERE `a_show` = 0  [ RunTime:0.0002s ]
SQL: SELECT * FROM `fh_cat` ORDER BY c_id desc  [ RunTime:0.0001s ]
SQL: SHOW COLUMNS FROM `fh_album` [ RunTime:0.0019s ]
SQL: SELECT * FROM `fh_album` WHERE `al_id` = 1 LIMIT 1   [ RunTime:0.0002s ]
SQL: UPDATE `fh_album` SET `al_hit`=al_hit+1 WHERE `al_id` = 1 [ RunTime:0.0098s ]
SQL: SHOW COLUMNS FROM `fh_picture` [ RunTime:0.0019s ]
SQL: SELECT * FROM `fh_picture` INNER JOIN fh_album on fh_album.al_id = fh_picture.p_id  WHERE `pid` = '1'  [ RunTime:0.0002s ]
INFO: [ view_parse ] --START--
INFO: [ template_filter ] --START--
INFO: Run Behavior\ContentReplaceBehavior [ RunTime:0.000061s ]
INFO: [ template_filter ] --END-- [ RunTime:0.000101s ]
NOTIC: [8] Undefined variable: index E:\fish\Runtime\Cache\Home\6c34fb0a52f2e48fe95829ca535af908.php 第 18 行.
NOTIC: [8] Undefined variable: article E:\fish\Runtime\Cache\Home\6c34fb0a52f2e48fe95829ca535af908.php 第 20 行.
NOTIC: [8] Undefined variable: log E:\fish\Runtime\Cache\Home\6c34fb0a52f2e48fe95829ca535af908.php 第 25 行.
NOTIC: [8] Undefined variable: say E:\fish\Runtime\Cache\Home\6c34fb0a52f2e48fe95829ca535af908.php 第 26 行.
NOTIC: [8] Undefined variable: album E:\fish\Runtime\Cache\Home\6c34fb0a52f2e48fe95829ca535af908.php 第 27 行.
NOTIC: [8] Undefined variable: board E:\fish\Runtime\Cache\Home\6c34fb0a52f2e48fe95829ca535af908.php 第 28 行.
NOTIC: [8] Undefined variable: about E:\fish\Runtime\Cache\Home\6c34fb0a52f2e48fe95829ca535af908.php 第 30 行.
NOTIC: [8] Undefined variable: albumList E:\fish\Runtime\Cache\Home\6c34fb0a52f2e48fe95829ca535af908.php 第 40 行.
INFO: Run Behavior\ParseTemplateBehavior [ RunTime:0.007018s ]
INFO: [ view_parse ] --END-- [ RunTime:0.007058s ]
INFO: [ view_filter ] --START--
INFO: Run Behavior\WriteHtmlCacheBehavior [ RunTime:0.000367s ]
INFO: [ view_filter ] --END-- [ RunTime:0.000405s ]
INFO: [ app_end ] --START--
INFO: Run Behavior\ShowPageTraceBehavior [ RunTime:0.000493s ]
INFO: [ app_end ] --END-- [ RunTime:0.000532s ]

[ 2017-11-15T17:16:02+08:00 ] 127.0.0.1 /Public/Home/css/my.css
INFO: [ app_init ] --START--
INFO: Run Behavior\BuildLiteBehavior [ RunTime:0.000010s ]
INFO: [ app_init ] --END-- [ RunTime:0.000295s ]
INFO: [ app_begin ] --START--
INFO: Run Behavior\ReadHtmlCacheBehavior [ RunTime:0.000390s ]
INFO: [ app_begin ] --END-- [ RunTime:0.000432s ]
ERR: 无法加载控制器:Public

[ 2017-11-15T17:21:21+08:00 ] 127.0.0.1 /albuminfo-1.html
INFO: [ app_init ] --START--
INFO: Run Behavior\BuildLiteBehavior [ RunTime:0.000012s ]
INFO: [ app_init ] --END-- [ RunTime:0.000337s ]
INFO: [ app_begin ] --START--
INFO: Run Behavior\ReadHtmlCacheBehavior [ RunTime:0.000478s ]
INFO: [ app_begin ] --END-- [ RunTime:0.000527s ]
SQL: SHOW COLUMNS FROM `fh_article` [ RunTime:0.0022s ]
SQL: SHOW COLUMNS FROM `fh_cat` [ RunTime:0.0020s ]
SQL: SELECT * FROM `fh_article` WHERE `a_show` = 0  [ RunTime:0.0002s ]
SQL: SELECT * FROM `fh_cat` ORDER BY c_id desc  [ RunTime:0.0001s ]
SQL: SHOW COLUMNS FROM `fh_album` [ RunTime:0.0021s ]
SQL: SELECT * FROM `fh_album` WHERE `al_id` = 1 LIMIT 1   [ RunTime:0.0002s ]
SQL: UPDATE `fh_album` SET `al_hit`=al_hit+1 WHERE `al_id` = 1 [ RunTime:0.0035s ]
SQL: SHOW COLUMNS FROM `fh_picture` [ RunTime:0.0019s ]
SQL: SELECT * FROM `fh_picture` INNER JOIN fh_album on fh_album.al_id = fh_picture.p_id  WHERE `pid` = '1'  [ RunTime:0.0002s ]
NOTIC: [8] Undefined index: $infoList E:\fish\Application\Home\Controller\AlbumController.class.php 第 27 行.
NOTIC: [8] Undefined index: $infoList E:\fish\Application\Home\Controller\AlbumController.class.php 第 27 行.
INFO: [ view_parse ] --START--
INFO: [ template_filter ] --START--
INFO: Run Behavior\ContentReplaceBehavior [ RunTime:0.000065s ]
INFO: [ template_filter ] --END-- [ RunTime:0.000110s ]
NOTIC: [8] Undefined variable: index E:\fish\Runtime\Cache\Home\6c34fb0a52f2e48fe95829ca535af908.php 第 18 行.
NOTIC: [8] Undefined variable: article E:\fish\Runtime\Cache\Home\6c34fb0a52f2e48fe95829ca535af908.php 第 20 行.
NOTIC: [8] Undefined variable: log E:\fish\Runtime\Cache\Home\6c34fb0a52f2e48fe95829ca535af908.php 第 25 行.
NOTIC: [8] Undefined variable: say E:\fish\Runtime\Cache\Home\6c34fb0a52f2e48fe95829ca535af908.php 第 26 行.
NOTIC: [8] Undefined variable: album E:\fish\Runtime\Cache\Home\6c34fb0a52f2e48fe95829ca535af908.php 第 27 行.
NOTIC: [8] Undefined variable: board E:\fish\Runtime\Cache\Home\6c34fb0a52f2e48fe95829ca535af908.php 第 28 行.
NOTIC: [8] Undefined variable: about E:\fish\Runtime\Cache\Home\6c34fb0a52f2e48fe95829ca535af908.php 第 30 行.
NOTIC: [8] Undefined variable: albumList E:\fish\Runtime\Cache\Home\6c34fb0a52f2e48fe95829ca535af908.php 第 40 行.
INFO: Run Behavior\ParseTemplateBehavior [ RunTime:0.007411s ]
INFO: [ view_parse ] --END-- [ RunTime:0.007455s ]
INFO: [ view_filter ] --START--
INFO: Run Behavior\WriteHtmlCacheBehavior [ RunTime:0.000289s ]
INFO: [ view_filter ] --END-- [ RunTime:0.000324s ]
INFO: [ app_end ] --START--
INFO: Run Behavior\ShowPageTraceBehavior [ RunTime:0.000466s ]
INFO: [ app_end ] --END-- [ RunTime:0.000501s ]

[ 2017-11-15T17:21:21+08:00 ] 127.0.0.1 /Public/Home/css/my.css
INFO: [ app_init ] --START--
INFO: Run Behavior\BuildLiteBehavior [ RunTime:0.000011s ]
INFO: [ app_init ] --END-- [ RunTime:0.000337s ]
INFO: [ app_begin ] --START--
INFO: Run Behavior\ReadHtmlCacheBehavior [ RunTime:0.000492s ]
INFO: [ app_begin ] --END-- [ RunTime:0.000542s ]
ERR: 无法加载控制器:Public

[ 2017-11-15T17:21:42+08:00 ] 127.0.0.1 /albuminfo-1.html
INFO: [ app_init ] --START--
INFO: Run Behavior\BuildLiteBehavior [ RunTime:0.000011s ]
INFO: [ app_init ] --END-- [ RunTime:0.000391s ]
INFO: [ app_begin ] --START--
INFO: Run Behavior\ReadHtmlCacheBehavior [ RunTime:0.000417s ]
INFO: [ app_begin ] --END-- [ RunTime:0.000459s ]
SQL: SHOW COLUMNS FROM `fh_article` [ RunTime:0.0022s ]
SQL: SHOW COLUMNS FROM `fh_cat` [ RunTime:0.0020s ]
SQL: SELECT * FROM `fh_article` WHERE `a_show` = 0  [ RunTime:0.0002s ]
SQL: SELECT * FROM `fh_cat` ORDER BY c_id desc  [ RunTime:0.0001s ]
SQL: SHOW COLUMNS FROM `fh_album` [ RunTime:0.0019s ]
SQL: SELECT * FROM `fh_album` WHERE `al_id` = 1 LIMIT 1   [ RunTime:0.0002s ]
SQL: UPDATE `fh_album` SET `al_hit`=al_hit+1 WHERE `al_id` = 1 [ RunTime:0.0115s ]
SQL: SHOW COLUMNS FROM `fh_picture` [ RunTime:0.0020s ]
SQL: SELECT * FROM `fh_picture` INNER JOIN fh_album on fh_album.al_id = fh_picture.p_id  WHERE `pid` = '1'  [ RunTime:0.0002s ]
NOTIC: [8] Undefined index: $infoList E:\fish\Application\Home\Controller\AlbumController.class.php 第 27 行.
NOTIC: [8] Undefined index: $infoList E:\fish\Application\Home\Controller\AlbumController.class.php 第 27 行.
INFO: [ view_parse ] --START--
INFO: [ template_filter ] --START--
INFO: Run Behavior\ContentReplaceBehavior [ RunTime:0.000062s ]
INFO: [ template_filter ] --END-- [ RunTime:0.000101s ]
NOTIC: [8] Undefined variable: index E:\fish\Runtime\Cache\Home\6c34fb0a52f2e48fe95829ca535af908.php 第 18 行.
NOTIC: [8] Undefined variable: article E:\fish\Runtime\Cache\Home\6c34fb0a52f2e48fe95829ca535af908.php 第 20 行.
NOTIC: [8] Undefined variable: log E:\fish\Runtime\Cache\Home\6c34fb0a52f2e48fe95829ca535af908.php 第 25 行.
NOTIC: [8] Undefined variable: say E:\fish\Runtime\Cache\Home\6c34fb0a52f2e48fe95829ca535af908.php 第 26 行.
NOTIC: [8] Undefined variable: album E:\fish\Runtime\Cache\Home\6c34fb0a52f2e48fe95829ca535af908.php 第 27 行.
NOTIC: [8] Undefined variable: board E:\fish\Runtime\Cache\Home\6c34fb0a52f2e48fe95829ca535af908.php 第 28 行.
NOTIC: [8] Undefined variable: about E:\fish\Runtime\Cache\Home\6c34fb0a52f2e48fe95829ca535af908.php 第 30 行.
INFO: Run Behavior\ParseTemplateBehavior [ RunTime:0.007094s ]
INFO: [ view_parse ] --END-- [ RunTime:0.007134s ]
INFO: [ view_filter ] --START--
INFO: Run Behavior\WriteHtmlCacheBehavior [ RunTime:0.000360s ]
INFO: [ view_filter ] --END-- [ RunTime:0.000397s ]
INFO: [ app_end ] --START--
INFO: Run Behavior\ShowPageTraceBehavior [ RunTime:0.000494s ]
INFO: [ app_end ] --END-- [ RunTime:0.000532s ]

[ 2017-11-15T17:21:42+08:00 ] 127.0.0.1 /Public/Home/css/my.css
INFO: [ app_init ] --START--
INFO: Run Behavior\BuildLiteBehavior [ RunTime:0.000011s ]
INFO: [ app_init ] --END-- [ RunTime:0.000342s ]
INFO: [ app_begin ] --START--
INFO: Run Behavior\ReadHtmlCacheBehavior [ RunTime:0.000402s ]
INFO: [ app_begin ] --END-- [ RunTime:0.000444s ]
ERR: 无法加载控制器:Public

[ 2017-11-15T17:23:22+08:00 ] 127.0.0.1 /albuminfo-1.html
INFO: [ app_init ] --START--
INFO: Run Behavior\BuildLiteBehavior [ RunTime:0.000011s ]
INFO: [ app_init ] --END-- [ RunTime:0.000283s ]
INFO: [ app_begin ] --START--
INFO: Run Behavior\ReadHtmlCacheBehavior [ RunTime:0.000356s ]
INFO: [ app_begin ] --END-- [ RunTime:0.000397s ]
SQL: SHOW COLUMNS FROM `fh_article` [ RunTime:0.0023s ]
SQL: SHOW COLUMNS FROM `fh_cat` [ RunTime:0.0020s ]
SQL: SELECT * FROM `fh_article` WHERE `a_show` = 0  [ RunTime:0.0002s ]
SQL: SELECT * FROM `fh_cat` ORDER BY c_id desc  [ RunTime:0.0001s ]
SQL: SHOW COLUMNS FROM `fh_album` [ RunTime:0.0020s ]
SQL: SELECT * FROM `fh_album` WHERE `al_id` = 1 LIMIT 1   [ RunTime:0.0002s ]
SQL: UPDATE `fh_album` SET `al_hit`=al_hit+1 WHERE `al_id` = 1 [ RunTime:0.0116s ]
SQL: SHOW COLUMNS FROM `fh_picture` [ RunTime:0.0025s ]
SQL: SELECT * FROM `fh_picture` INNER JOIN fh_album on fh_album.al_id = fh_picture.p_id  WHERE `pid` = '1'  [ RunTime:0.0003s ]
NOTIC: [8] Undefined index: $infoList E:\fish\Application\Home\Controller\AlbumController.class.php 第 27 行.
NOTIC: [8] Undefined index: $infoList E:\fish\Application\Home\Controller\AlbumController.class.php 第 27 行.
INFO: [ view_parse ] --START--
INFO: [ template_filter ] --START--
INFO: Run Behavior\ContentReplaceBehavior [ RunTime:0.000064s ]
INFO: [ template_filter ] --END-- [ RunTime:0.000104s ]
NOTIC: [8] Undefined variable: index E:\fish\Runtime\Cache\Home\6c34fb0a52f2e48fe95829ca535af908.php 第 18 行.
NOTIC: [8] Undefined variable: article E:\fish\Runtime\Cache\Home\6c34fb0a52f2e48fe95829ca535af908.php 第 20 行.
NOTIC: [8] Undefined variable: log E:\fish\Runtime\Cache\Home\6c34fb0a52f2e48fe95829ca535af908.php 第 25 行.
NOTIC: [8] Undefined variable: say E:\fish\Runtime\Cache\Home\6c34fb0a52f2e48fe95829ca535af908.php 第 26 行.
NOTIC: [8] Undefined variable: album E:\fish\Runtime\Cache\Home\6c34fb0a52f2e48fe95829ca535af908.php 第 27 行.
NOTIC: [8] Undefined variable: board E:\fish\Runtime\Cache\Home\6c34fb0a52f2e48fe95829ca535af908.php 第 28 行.
NOTIC: [8] Undefined variable: about E:\fish\Runtime\Cache\Home\6c34fb0a52f2e48fe95829ca535af908.php 第 30 行.
INFO: Run Behavior\ParseTemplateBehavior [ RunTime:0.008102s ]
INFO: [ view_parse ] --END-- [ RunTime:0.008143s ]
INFO: [ view_filter ] --START--
INFO: Run Behavior\WriteHtmlCacheBehavior [ RunTime:0.000334s ]
INFO: [ view_filter ] --END-- [ RunTime:0.000371s ]
INFO: [ app_end ] --START--
INFO: Run Behavior\ShowPageTraceBehavior [ RunTime:0.000469s ]
INFO: [ app_end ] --END-- [ RunTime:0.000507s ]

[ 2017-11-15T17:23:22+08:00 ] 127.0.0.1 /Public/Home/css/my.css
INFO: [ app_init ] --START--
INFO: Run Behavior\BuildLiteBehavior [ RunTime:0.000030s ]
INFO: [ app_init ] --END-- [ RunTime:0.000486s ]
INFO: [ app_begin ] --START--
INFO: Run Behavior\ReadHtmlCacheBehavior [ RunTime:0.000432s ]
INFO: [ app_begin ] --END-- [ RunTime:0.000474s ]
ERR: 无法加载控制器:Public

[ 2017-11-15T17:28:37+08:00 ] 127.0.0.1 /albuminfo-1.html
INFO: [ app_init ] --START--
INFO: Run Behavior\BuildLiteBehavior [ RunTime:0.000021s ]
INFO: [ app_init ] --END-- [ RunTime:0.000369s ]
INFO: [ app_begin ] --START--
INFO: Run Behavior\ReadHtmlCacheBehavior [ RunTime:0.000473s ]
INFO: [ app_begin ] --END-- [ RunTime:0.000521s ]
SQL: SHOW COLUMNS FROM `fh_article` [ RunTime:0.0050s ]
SQL: SHOW COLUMNS FROM `fh_cat` [ RunTime:0.0019s ]
SQL: SELECT * FROM `fh_article` WHERE `a_show` = 0  [ RunTime:0.0002s ]
SQL: SELECT * FROM `fh_cat` ORDER BY c_id desc  [ RunTime:0.0001s ]
SQL: SHOW COLUMNS FROM `fh_album` [ RunTime:0.0020s ]
SQL: SELECT * FROM `fh_album` WHERE `al_id` = 1 LIMIT 1   [ RunTime:0.0002s ]
SQL: UPDATE `fh_album` SET `al_hit`=al_hit+1 WHERE `al_id` = 1 [ RunTime:0.0029s ]
SQL: SHOW COLUMNS FROM `fh_picture` [ RunTime:0.0019s ]
SQL: SELECT * FROM `fh_picture` INNER JOIN fh_album on fh_album.al_id = fh_picture.p_id  WHERE `pid` = '1'  [ RunTime:0.0002s ]
NOTIC: [8] Undefined index: $infoList E:\fish\Application\Home\Controller\AlbumController.class.php 第 27 行.
NOTIC: [8] Undefined index: $infoList E:\fish\Application\Home\Controller\AlbumController.class.php 第 27 行.
INFO: [ view_parse ] --START--
INFO: [ template_filter ] --START--
INFO: Run Behavior\ContentReplaceBehavior [ RunTime:0.000064s ]
INFO: [ template_filter ] --END-- [ RunTime:0.000104s ]
NOTIC: [8] Undefined variable: index E:\fish\Runtime\Cache\Home\6c34fb0a52f2e48fe95829ca535af908.php 第 18 行.
NOTIC: [8] Undefined variable: article E:\fish\Runtime\Cache\Home\6c34fb0a52f2e48fe95829ca535af908.php 第 20 行.
NOTIC: [8] Undefined variable: log E:\fish\Runtime\Cache\Home\6c34fb0a52f2e48fe95829ca535af908.php 第 25 行.
NOTIC: [8] Undefined variable: say E:\fish\Runtime\Cache\Home\6c34fb0a52f2e48fe95829ca535af908.php 第 26 行.
NOTIC: [8] Undefined variable: album E:\fish\Runtime\Cache\Home\6c34fb0a52f2e48fe95829ca535af908.php 第 27 行.
NOTIC: [8] Undefined variable: board E:\fish\Runtime\Cache\Home\6c34fb0a52f2e48fe95829ca535af908.php 第 28 行.
NOTIC: [8] Undefined variable: about E:\fish\Runtime\Cache\Home\6c34fb0a52f2e48fe95829ca535af908.php 第 30 行.
INFO: Run Behavior\ParseTemplateBehavior [ RunTime:0.007739s ]
INFO: [ view_parse ] --END-- [ RunTime:0.007777s ]
INFO: [ view_filter ] --START--
INFO: Run Behavior\WriteHtmlCacheBehavior [ RunTime:0.000291s ]
INFO: [ view_filter ] --END-- [ RunTime:0.000326s ]
INFO: [ app_end ] --START--
INFO: Run Behavior\ShowPageTraceBehavior [ RunTime:0.000400s ]
INFO: [ app_end ] --END-- [ RunTime:0.000435s ]

[ 2017-11-15T17:28:37+08:00 ] 127.0.0.1 /Public/Home/css/my.css
INFO: [ app_init ] --START--
INFO: Run Behavior\BuildLiteBehavior [ RunTime:0.000010s ]
INFO: [ app_init ] --END-- [ RunTime:0.000333s ]
INFO: [ app_begin ] --START--
INFO: Run Behavior\ReadHtmlCacheBehavior [ RunTime:0.000406s ]
INFO: [ app_begin ] --END-- [ RunTime:0.000447s ]
ERR: 无法加载控制器:Public

[ 2017-11-15T17:29:19+08:00 ] 127.0.0.1 /albuminfo-1.html
INFO: [ app_init ] --START--
INFO: Run Behavior\BuildLiteBehavior [ RunTime:0.000011s ]
INFO: [ app_init ] --END-- [ RunTime:0.000362s ]
INFO: [ app_begin ] --START--
INFO: Run Behavior\ReadHtmlCacheBehavior [ RunTime:0.000455s ]
INFO: [ app_begin ] --END-- [ RunTime:0.000502s ]
SQL: SHOW COLUMNS FROM `fh_article` [ RunTime:0.0023s ]
SQL: SHOW COLUMNS FROM `fh_cat` [ RunTime:0.0020s ]
SQL: SELECT * FROM `fh_article` WHERE `a_show` = 0  [ RunTime:0.0002s ]
SQL: SELECT * FROM `fh_cat` ORDER BY c_id desc  [ RunTime:0.0001s ]
SQL: SHOW COLUMNS FROM `fh_album` [ RunTime:0.0019s ]
SQL: SELECT * FROM `fh_album` WHERE `al_id` = 1 LIMIT 1   [ RunTime:0.0002s ]
SQL: UPDATE `fh_album` SET `al_hit`=al_hit+1 WHERE `al_id` = 1 [ RunTime:0.0113s ]
SQL: SHOW COLUMNS FROM `fh_picture` [ RunTime:0.0021s ]
SQL: SELECT * FROM `fh_picture` INNER JOIN fh_album on fh_album.al_id = fh_picture.p_id  WHERE `pid` = '1'  [ RunTime:0.0002s ]
INFO: [ view_parse ] --START--
INFO: [ template_filter ] --START--
INFO: Run Behavior\ContentReplaceBehavior [ RunTime:0.000065s ]
INFO: [ template_filter ] --END-- [ RunTime:0.000110s ]
NOTIC: [8] Undefined variable: index E:\fish\Runtime\Cache\Home\6c34fb0a52f2e48fe95829ca535af908.php 第 18 行.
NOTIC: [8] Undefined variable: article E:\fish\Runtime\Cache\Home\6c34fb0a52f2e48fe95829ca535af908.php 第 20 行.
NOTIC: [8] Undefined variable: log E:\fish\Runtime\Cache\Home\6c34fb0a52f2e48fe95829ca535af908.php 第 25 行.
NOTIC: [8] Undefined variable: say E:\fish\Runtime\Cache\Home\6c34fb0a52f2e48fe95829ca535af908.php 第 26 行.
NOTIC: [8] Undefined variable: album E:\fish\Runtime\Cache\Home\6c34fb0a52f2e48fe95829ca535af908.php 第 27 行.
NOTIC: [8] Undefined variable: board E:\fish\Runtime\Cache\Home\6c34fb0a52f2e48fe95829ca535af908.php 第 28 行.
NOTIC: [8] Undefined variable: about E:\fish\Runtime\Cache\Home\6c34fb0a52f2e48fe95829ca535af908.php 第 30 行.
INFO: Run Behavior\ParseTemplateBehavior [ RunTime:0.007608s ]
INFO: [ view_parse ] --END-- [ RunTime:0.007645s ]
INFO: [ view_filter ] --START--
INFO: Run Behavior\WriteHtmlCacheBehavior [ RunTime:0.000352s ]
INFO: [ view_filter ] --END-- [ RunTime:0.000388s ]
INFO: [ app_end ] --START--
INFO: Run Behavior\ShowPageTraceBehavior [ RunTime:0.000471s ]
INFO: [ app_end ] --END-- [ RunTime:0.000509s ]

[ 2017-11-15T17:29:19+08:00 ] 127.0.0.1 /Public/Home/css/my.css
INFO: [ app_init ] --START--
INFO: Run Behavior\BuildLiteBehavior [ RunTime:0.000012s ]
INFO: [ app_init ] --END-- [ RunTime:0.000322s ]
INFO: [ app_begin ] --START--
INFO: Run Behavior\ReadHtmlCacheBehavior [ RunTime:0.000396s ]
INFO: [ app_begin ] --END-- [ RunTime:0.000439s ]
ERR: 无法加载控制器:Public

[ 2017-11-15T17:29:48+08:00 ] 127.0.0.1 /albuminfo-1.html
INFO: [ app_init ] --START--
INFO: Run Behavior\BuildLiteBehavior [ RunTime:0.000010s ]
INFO: [ app_init ] --END-- [ RunTime:0.000287s ]
INFO: [ app_begin ] --START--
INFO: Run Behavior\ReadHtmlCacheBehavior [ RunTime:0.000348s ]
INFO: [ app_begin ] --END-- [ RunTime:0.000392s ]
SQL: SHOW COLUMNS FROM `fh_article` [ RunTime:0.0023s ]
SQL: SHOW COLUMNS FROM `fh_cat` [ RunTime:0.0020s ]
SQL: SELECT * FROM `fh_article` WHERE `a_show` = 0  [ RunTime:0.0002s ]
SQL: SELECT * FROM `fh_cat` ORDER BY c_id desc  [ RunTime:0.0001s ]
SQL: SHOW COLUMNS FROM `fh_album` [ RunTime:0.0019s ]
SQL: SELECT * FROM `fh_album` WHERE `al_id` = 1 LIMIT 1   [ RunTime:0.0002s ]
SQL: UPDATE `fh_album` SET `al_hit`=al_hit+1 WHERE `al_id` = 1 [ RunTime:0.0113s ]
SQL: SHOW COLUMNS FROM `fh_picture` [ RunTime:0.0019s ]
SQL: SELECT * FROM `fh_picture` INNER JOIN fh_album on fh_album.al_id = fh_picture.p_id  WHERE `pid` = '1'  [ RunTime:0.0002s ]
INFO: [ view_parse ] --START--
INFO: [ template_filter ] --START--
INFO: Run Behavior\ContentReplaceBehavior [ RunTime:0.000064s ]
INFO: [ template_filter ] --END-- [ RunTime:0.000104s ]
NOTIC: [8] Undefined variable: index E:\fish\Runtime\Cache\Home\6c34fb0a52f2e48fe95829ca535af908.php 第 18 行.
NOTIC: [8] Undefined variable: article E:\fish\Runtime\Cache\Home\6c34fb0a52f2e48fe95829ca535af908.php 第 20 行.
NOTIC: [8] Undefined variable: log E:\fish\Runtime\Cache\Home\6c34fb0a52f2e48fe95829ca535af908.php 第 25 行.
NOTIC: [8] Undefined variable: say E:\fish\Runtime\Cache\Home\6c34fb0a52f2e48fe95829ca535af908.php 第 26 行.
NOTIC: [8] Undefined variable: album E:\fish\Runtime\Cache\Home\6c34fb0a52f2e48fe95829ca535af908.php 第 27 行.
NOTIC: [8] Undefined variable: board E:\fish\Runtime\Cache\Home\6c34fb0a52f2e48fe95829ca535af908.php 第 28 行.
NOTIC: [8] Undefined variable: about E:\fish\Runtime\Cache\Home\6c34fb0a52f2e48fe95829ca535af908.php 第 30 行.
INFO: Run Behavior\ParseTemplateBehavior [ RunTime:0.007626s ]
INFO: [ view_parse ] --END-- [ RunTime:0.007668s ]
INFO: [ view_filter ] --START--
INFO: Run Behavior\WriteHtmlCacheBehavior [ RunTime:0.000297s ]
INFO: [ view_filter ] --END-- [ RunTime:0.000333s ]
INFO: [ app_end ] --START--
INFO: Run Behavior\ShowPageTraceBehavior [ RunTime:0.000403s ]
INFO: [ app_end ] --END-- [ RunTime:0.000440s ]

[ 2017-11-15T17:29:48+08:00 ] 127.0.0.1 /Public/Home/css/my.css
INFO: [ app_init ] --START--
INFO: Run Behavior\BuildLiteBehavior [ RunTime:0.000011s ]
INFO: [ app_init ] --END-- [ RunTime:0.000357s ]
INFO: [ app_begin ] --START--
INFO: Run Behavior\ReadHtmlCacheBehavior [ RunTime:0.000466s ]
INFO: [ app_begin ] --END-- [ RunTime:0.000509s ]
ERR: 无法加载控制器:Public

[ 2017-11-15T17:30:01+08:00 ] 127.0.0.1 /albuminfo-1.html
INFO: [ app_init ] --START--
INFO: Run Behavior\BuildLiteBehavior [ RunTime:0.000009s ]
INFO: [ app_init ] --END-- [ RunTime:0.000269s ]
INFO: [ app_begin ] --START--
INFO: Run Behavior\ReadHtmlCacheBehavior [ RunTime:0.000348s ]
INFO: [ app_begin ] --END-- [ RunTime:0.000389s ]
SQL: SHOW COLUMNS FROM `fh_article` [ RunTime:0.0023s ]
SQL: SHOW COLUMNS FROM `fh_cat` [ RunTime:0.0019s ]
SQL: SELECT * FROM `fh_article` WHERE `a_show` = 0  [ RunTime:0.0002s ]
SQL: SELECT * FROM `fh_cat` ORDER BY c_id desc  [ RunTime:0.0001s ]
SQL: SHOW COLUMNS FROM `fh_album` [ RunTime:0.0019s ]
SQL: SELECT * FROM `fh_album` WHERE `al_id` = 1 LIMIT 1   [ RunTime:0.0002s ]
SQL: UPDATE `fh_album` SET `al_hit`=al_hit+1 WHERE `al_id` = 1 [ RunTime:0.0096s ]
SQL: SHOW COLUMNS FROM `fh_picture` [ RunTime:0.0021s ]
SQL: SELECT * FROM `fh_picture` INNER JOIN fh_album on fh_album.al_id = fh_picture.p_id  WHERE `pid` = '1'  [ RunTime:0.0002s ]
INFO: [ view_parse ] --START--
INFO: [ template_filter ] --START--
INFO: Run Behavior\ContentReplaceBehavior [ RunTime:0.000066s ]
INFO: [ template_filter ] --END-- [ RunTime:0.000107s ]
NOTIC: [8] Undefined variable: index E:\fish\Runtime\Cache\Home\6c34fb0a52f2e48fe95829ca535af908.php 第 18 行.
NOTIC: [8] Undefined variable: article E:\fish\Runtime\Cache\Home\6c34fb0a52f2e48fe95829ca535af908.php 第 20 行.
NOTIC: [8] Undefined variable: log E:\fish\Runtime\Cache\Home\6c34fb0a52f2e48fe95829ca535af908.php 第 25 行.
NOTIC: [8] Undefined variable: say E:\fish\Runtime\Cache\Home\6c34fb0a52f2e48fe95829ca535af908.php 第 26 行.
NOTIC: [8] Undefined variable: album E:\fish\Runtime\Cache\Home\6c34fb0a52f2e48fe95829ca535af908.php 第 27 行.
NOTIC: [8] Undefined variable: board E:\fish\Runtime\Cache\Home\6c34fb0a52f2e48fe95829ca535af908.php 第 28 行.
NOTIC: [8] Undefined variable: about E:\fish\Runtime\Cache\Home\6c34fb0a52f2e48fe95829ca535af908.php 第 30 行.
INFO: Run Behavior\ParseTemplateBehavior [ RunTime:0.007567s ]
INFO: [ view_parse ] --END-- [ RunTime:0.007607s ]
INFO: [ view_filter ] --START--
INFO: Run Behavior\WriteHtmlCacheBehavior [ RunTime:0.000326s ]
INFO: [ view_filter ] --END-- [ RunTime:0.000363s ]
INFO: [ app_end ] --START--
INFO: Run Behavior\ShowPageTraceBehavior [ RunTime:0.000470s ]
INFO: [ app_end ] --END-- [ RunTime:0.000511s ]

[ 2017-11-15T17:30:01+08:00 ] 127.0.0.1 /Public/Home/css/my.css
INFO: [ app_init ] --START--
INFO: Run Behavior\BuildLiteBehavior [ RunTime:0.000029s ]
INFO: [ app_init ] --END-- [ RunTime:0.000417s ]
INFO: [ app_begin ] --START--
INFO: Run Behavior\ReadHtmlCacheBehavior [ RunTime:0.000449s ]
INFO: [ app_begin ] --END-- [ RunTime:0.000491s ]
ERR: 无法加载控制器:Public

[ 2017-11-15T17:30:36+08:00 ] 127.0.0.1 /albuminfo-1.html
INFO: [ app_init ] --START--
INFO: Run Behavior\BuildLiteBehavior [ RunTime:0.000011s ]
INFO: [ app_init ] --END-- [ RunTime:0.000308s ]
INFO: [ app_begin ] --START--
INFO: Run Behavior\ReadHtmlCacheBehavior [ RunTime:0.000390s ]
INFO: [ app_begin ] --END-- [ RunTime:0.000430s ]
SQL: SHOW COLUMNS FROM `fh_article` [ RunTime:0.0023s ]
SQL: SHOW COLUMNS FROM `fh_cat` [ RunTime:0.0019s ]
SQL: SELECT * FROM `fh_article` WHERE `a_show` = 0  [ RunTime:0.0002s ]
SQL: SELECT * FROM `fh_cat` ORDER BY c_id desc  [ RunTime:0.0001s ]
SQL: SHOW COLUMNS FROM `fh_album` [ RunTime:0.0019s ]
SQL: SELECT * FROM `fh_album` WHERE `al_id` = 1 LIMIT 1   [ RunTime:0.0002s ]
SQL: UPDATE `fh_album` SET `al_hit`=al_hit+1 WHERE `al_id` = 1 [ RunTime:0.0113s ]
SQL: SHOW COLUMNS FROM `fh_picture` [ RunTime:0.0019s ]
SQL: SELECT * FROM `fh_picture` INNER JOIN fh_album on fh_album.al_id = fh_picture.p_id  WHERE `pid` = '1'  [ RunTime:0.0002s ]
INFO: [ view_parse ] --START--
INFO: [ template_filter ] --START--
INFO: Run Behavior\ContentReplaceBehavior [ RunTime:0.000064s ]
INFO: [ template_filter ] --END-- [ RunTime:0.000106s ]
NOTIC: [8] Undefined variable: index E:\fish\Runtime\Cache\Home\6c34fb0a52f2e48fe95829ca535af908.php 第 18 行.
NOTIC: [8] Undefined variable: article E:\fish\Runtime\Cache\Home\6c34fb0a52f2e48fe95829ca535af908.php 第 20 行.
NOTIC: [8] Undefined variable: log E:\fish\Runtime\Cache\Home\6c34fb0a52f2e48fe95829ca535af908.php 第 25 行.
NOTIC: [8] Undefined variable: say E:\fish\Runtime\Cache\Home\6c34fb0a52f2e48fe95829ca535af908.php 第 26 行.
NOTIC: [8] Undefined variable: album E:\fish\Runtime\Cache\Home\6c34fb0a52f2e48fe95829ca535af908.php 第 27 行.
NOTIC: [8] Undefined variable: board E:\fish\Runtime\Cache\Home\6c34fb0a52f2e48fe95829ca535af908.php 第 28 行.
NOTIC: [8] Undefined variable: about E:\fish\Runtime\Cache\Home\6c34fb0a52f2e48fe95829ca535af908.php 第 30 行.
INFO: Run Behavior\ParseTemplateBehavior [ RunTime:0.007681s ]
INFO: [ view_parse ] --END-- [ RunTime:0.007722s ]
INFO: [ view_filter ] --START--
INFO: Run Behavior\WriteHtmlCacheBehavior [ RunTime:0.000364s ]
INFO: [ view_filter ] --END-- [ RunTime:0.000401s ]
INFO: [ app_end ] --START--
INFO: Run Behavior\ShowPageTraceBehavior [ RunTime:0.000457s ]
INFO: [ app_end ] --END-- [ RunTime:0.000498s ]

[ 2017-11-15T17:30:36+08:00 ] 127.0.0.1 /Public/Home/css/my.css
INFO: [ app_init ] --START--
INFO: Run Behavior\BuildLiteBehavior [ RunTime:0.000012s ]
INFO: [ app_init ] --END-- [ RunTime:0.000359s ]
INFO: [ app_begin ] --START--
INFO: Run Behavior\ReadHtmlCacheBehavior [ RunTime:0.000457s ]
INFO: [ app_begin ] --END-- [ RunTime:0.000500s ]
ERR: 无法加载控制器:Public

[ 2017-11-15T17:34:05+08:00 ] 127.0.0.1 /albuminfo-1.html
INFO: [ app_init ] --START--
INFO: Run Behavior\BuildLiteBehavior [ RunTime:0.000010s ]
INFO: [ app_init ] --END-- [ RunTime:0.000323s ]
INFO: [ app_begin ] --START--
INFO: Run Behavior\ReadHtmlCacheBehavior [ RunTime:0.000434s ]
INFO: [ app_begin ] --END-- [ RunTime:0.000477s ]
SQL: SHOW COLUMNS FROM `fh_article` [ RunTime:0.0022s ]
SQL: SHOW COLUMNS FROM `fh_cat` [ RunTime:0.0019s ]
SQL: SELECT * FROM `fh_article` WHERE `a_show` = 0  [ RunTime:0.0002s ]
SQL: SELECT * FROM `fh_cat` ORDER BY c_id desc  [ RunTime:0.0001s ]
SQL: SHOW COLUMNS FROM `fh_album` [ RunTime:0.0019s ]
SQL: SELECT * FROM `fh_album` WHERE `al_id` = 1 LIMIT 1   [ RunTime:0.0002s ]
SQL: UPDATE `fh_album` SET `al_hit`=al_hit+1 WHERE `al_id` = 1 [ RunTime:0.0114s ]
SQL: SHOW COLUMNS FROM `fh_picture` [ RunTime:0.0020s ]
SQL: SELECT * FROM `fh_picture` INNER JOIN fh_album on fh_album.al_id = fh_picture.p_id  WHERE `pid` = '1'  [ RunTime:0.0002s ]
INFO: [ view_parse ] --START--
INFO: [ template_filter ] --START--
INFO: Run Behavior\ContentReplaceBehavior [ RunTime:0.000065s ]
INFO: [ template_filter ] --END-- [ RunTime:0.000105s ]
NOTIC: [8] Undefined variable: index E:\fish\Runtime\Cache\Home\6c34fb0a52f2e48fe95829ca535af908.php 第 18 行.
NOTIC: [8] Undefined variable: article E:\fish\Runtime\Cache\Home\6c34fb0a52f2e48fe95829ca535af908.php 第 20 行.
NOTIC: [8] Undefined variable: log E:\fish\Runtime\Cache\Home\6c34fb0a52f2e48fe95829ca535af908.php 第 25 行.
NOTIC: [8] Undefined variable: say E:\fish\Runtime\Cache\Home\6c34fb0a52f2e48fe95829ca535af908.php 第 26 行.
NOTIC: [8] Undefined variable: album E:\fish\Runtime\Cache\Home\6c34fb0a52f2e48fe95829ca535af908.php 第 27 行.
NOTIC: [8] Undefined variable: board E:\fish\Runtime\Cache\Home\6c34fb0a52f2e48fe95829ca535af908.php 第 28 行.
NOTIC: [8] Undefined variable: about E:\fish\Runtime\Cache\Home\6c34fb0a52f2e48fe95829ca535af908.php 第 30 行.
INFO: Run Behavior\ParseTemplateBehavior [ RunTime:0.007521s ]
INFO: [ view_parse ] --END-- [ RunTime:0.007559s ]
INFO: [ view_filter ] --START--
INFO: Run Behavior\WriteHtmlCacheBehavior [ RunTime:0.000362s ]
INFO: [ view_filter ] --END-- [ RunTime:0.000398s ]
INFO: [ app_end ] --START--
INFO: Run Behavior\ShowPageTraceBehavior [ RunTime:0.000485s ]
INFO: [ app_end ] --END-- [ RunTime:0.000523s ]

[ 2017-11-15T17:34:05+08:00 ] 127.0.0.1 /Public/Home/css/my.css
INFO: [ app_init ] --START--
INFO: Run Behavior\BuildLiteBehavior [ RunTime:0.000010s ]
INFO: [ app_init ] --END-- [ RunTime:0.000336s ]
INFO: [ app_begin ] --START--
INFO: Run Behavior\ReadHtmlCacheBehavior [ RunTime:0.000443s ]
INFO: [ app_begin ] --END-- [ RunTime:0.000485s ]
ERR: 无法加载控制器:Public

[ 2017-11-15T17:34:28+08:00 ] 127.0.0.1 /albuminfo-1.html
INFO: [ app_init ] --START--
INFO: Run Behavior\BuildLiteBehavior [ RunTime:0.000010s ]
INFO: [ app_init ] --END-- [ RunTime:0.000287s ]
INFO: [ app_begin ] --START--
INFO: Run Behavior\ReadHtmlCacheBehavior [ RunTime:0.000388s ]
INFO: [ app_begin ] --END-- [ RunTime:0.000431s ]
SQL: SHOW COLUMNS FROM `fh_article` [ RunTime:0.0023s ]
SQL: SHOW COLUMNS FROM `fh_cat` [ RunTime:0.0019s ]
SQL: SELECT * FROM `fh_article` WHERE `a_show` = 0  [ RunTime:0.0002s ]
SQL: SELECT * FROM `fh_cat` ORDER BY c_id desc  [ RunTime:0.0001s ]
SQL: SHOW COLUMNS FROM `fh_album` [ RunTime:0.0020s ]
SQL: SELECT * FROM `fh_album` WHERE `al_id` = 1 LIMIT 1   [ RunTime:0.0002s ]
SQL: UPDATE `fh_album` SET `al_hit`=al_hit+1 WHERE `al_id` = 1 [ RunTime:0.0110s ]
SQL: SHOW COLUMNS FROM `fh_picture` [ RunTime:0.0021s ]
SQL: SELECT * FROM `fh_picture` INNER JOIN fh_album on fh_album.al_id = fh_picture.p_id  WHERE `pid` = '1'  [ RunTime:0.0003s ]
INFO: [ view_parse ] --START--
INFO: [ template_filter ] --START--
INFO: Run Behavior\ContentReplaceBehavior [ RunTime:0.000063s ]
INFO: [ template_filter ] --END-- [ RunTime:0.000102s ]
NOTIC: [8] Undefined variable: index E:\fish\Runtime\Cache\Home\6c34fb0a52f2e48fe95829ca535af908.php 第 18 行.
NOTIC: [8] Undefined variable: article E:\fish\Runtime\Cache\Home\6c34fb0a52f2e48fe95829ca535af908.php 第 20 行.
NOTIC: [8] Undefined variable: log E:\fish\Runtime\Cache\Home\6c34fb0a52f2e48fe95829ca535af908.php 第 25 行.
NOTIC: [8] Undefined variable: say E:\fish\Runtime\Cache\Home\6c34fb0a52f2e48fe95829ca535af908.php 第 26 行.
NOTIC: [8] Undefined variable: album E:\fish\Runtime\Cache\Home\6c34fb0a52f2e48fe95829ca535af908.php 第 27 行.
NOTIC: [8] Undefined variable: board E:\fish\Runtime\Cache\Home\6c34fb0a52f2e48fe95829ca535af908.php 第 28 行.
NOTIC: [8] Undefined variable: about E:\fish\Runtime\Cache\Home\6c34fb0a52f2e48fe95829ca535af908.php 第 30 行.
INFO: Run Behavior\ParseTemplateBehavior [ RunTime:0.007775s ]
INFO: [ view_parse ] --END-- [ RunTime:0.007815s ]
INFO: [ view_filter ] --START--
INFO: Run Behavior\WriteHtmlCacheBehavior [ RunTime:0.000345s ]
INFO: [ view_filter ] --END-- [ RunTime:0.000380s ]
INFO: [ app_end ] --START--
INFO: Run Behavior\ShowPageTraceBehavior [ RunTime:0.000526s ]
INFO: [ app_end ] --END-- [ RunTime:0.000564s ]

[ 2017-11-15T17:34:28+08:00 ] 127.0.0.1 /Public/Home/css/my.css
INFO: [ app_init ] --START--
INFO: Run Behavior\BuildLiteBehavior [ RunTime:0.000016s ]
INFO: [ app_init ] --END-- [ RunTime:0.000526s ]
INFO: [ app_begin ] --START--
INFO: Run Behavior\ReadHtmlCacheBehavior [ RunTime:0.000457s ]
INFO: [ app_begin ] --END-- [ RunTime:0.000503s ]
ERR: 无法加载控制器:Public

[ 2017-11-15T17:34:43+08:00 ] 127.0.0.1 /albuminfo-1.html
INFO: [ app_init ] --START--
INFO: Run Behavior\BuildLiteBehavior [ RunTime:0.000009s ]
INFO: [ app_init ] --END-- [ RunTime:0.000264s ]
INFO: [ app_begin ] --START--
INFO: Run Behavior\ReadHtmlCacheBehavior [ RunTime:0.000345s ]
INFO: [ app_begin ] --END-- [ RunTime:0.000385s ]
SQL: SHOW COLUMNS FROM `fh_article` [ RunTime:0.0024s ]
SQL: SHOW COLUMNS FROM `fh_cat` [ RunTime:0.0019s ]
SQL: SELECT * FROM `fh_article` WHERE `a_show` = 0  [ RunTime:0.0002s ]
SQL: SELECT * FROM `fh_cat` ORDER BY c_id desc  [ RunTime:0.0001s ]
SQL: SHOW COLUMNS FROM `fh_album` [ RunTime:0.0020s ]
SQL: SELECT * FROM `fh_album` WHERE `al_id` = 1 LIMIT 1   [ RunTime:0.0002s ]
SQL: UPDATE `fh_album` SET `al_hit`=al_hit+1 WHERE `al_id` = 1 [ RunTime:0.0111s ]
SQL: SHOW COLUMNS FROM `fh_picture` [ RunTime:0.0020s ]
SQL: SELECT * FROM `fh_picture` INNER JOIN fh_album on fh_album.al_id = fh_picture.p_id  WHERE `pid` = '1'  [ RunTime:0.0002s ]
INFO: [ view_parse ] --START--
INFO: [ template_filter ] --START--
INFO: Run Behavior\ContentReplaceBehavior [ RunTime:0.000065s ]
INFO: [ template_filter ] --END-- [ RunTime:0.000110s ]
NOTIC: [8] Undefined variable: index E:\fish\Runtime\Cache\Home\6c34fb0a52f2e48fe95829ca535af908.php 第 18 行.
NOTIC: [8] Undefined variable: article E:\fish\Runtime\Cache\Home\6c34fb0a52f2e48fe95829ca535af908.php 第 20 行.
NOTIC: [8] Undefined variable: log E:\fish\Runtime\Cache\Home\6c34fb0a52f2e48fe95829ca535af908.php 第 25 行.
NOTIC: [8] Undefined variable: say E:\fish\Runtime\Cache\Home\6c34fb0a52f2e48fe95829ca535af908.php 第 26 行.
NOTIC: [8] Undefined variable: album E:\fish\Runtime\Cache\Home\6c34fb0a52f2e48fe95829ca535af908.php 第 27 行.
NOTIC: [8] Undefined variable: board E:\fish\Runtime\Cache\Home\6c34fb0a52f2e48fe95829ca535af908.php 第 28 行.
NOTIC: [8] Undefined variable: about E:\fish\Runtime\Cache\Home\6c34fb0a52f2e48fe95829ca535af908.php 第 30 行.
INFO: Run Behavior\ParseTemplateBehavior [ RunTime:0.007695s ]
INFO: [ view_parse ] --END-- [ RunTime:0.007737s ]
INFO: [ view_filter ] --START--
INFO: Run Behavior\WriteHtmlCacheBehavior [ RunTime:0.000297s ]
INFO: [ view_filter ] --END-- [ RunTime:0.000330s ]
INFO: [ app_end ] --START--
INFO: Run Behavior\ShowPageTraceBehavior [ RunTime:0.000405s ]
INFO: [ app_end ] --END-- [ RunTime:0.000441s ]

[ 2017-11-15T17:34:43+08:00 ] 127.0.0.1 /Public/Home/css/my.css
INFO: [ app_init ] --START--
INFO: Run Behavior\BuildLiteBehavior [ RunTime:0.000010s ]
INFO: [ app_init ] --END-- [ RunTime:0.000299s ]
INFO: [ app_begin ] --START--
INFO: Run Behavior\ReadHtmlCacheBehavior [ RunTime:0.000396s ]
INFO: [ app_begin ] --END-- [ RunTime:0.000438s ]
ERR: 无法加载控制器:Public

[ 2017-11-15T17:34:55+08:00 ] 127.0.0.1 /albuminfo-1.html
INFO: [ app_init ] --START--
INFO: Run Behavior\BuildLiteBehavior [ RunTime:0.000010s ]
INFO: [ app_init ] --END-- [ RunTime:0.000309s ]
INFO: [ app_begin ] --START--
INFO: Run Behavior\ReadHtmlCacheBehavior [ RunTime:0.000365s ]
INFO: [ app_begin ] --END-- [ RunTime:0.000407s ]
SQL: SHOW COLUMNS FROM `fh_article` [ RunTime:0.0022s ]
SQL: SHOW COLUMNS FROM `fh_cat` [ RunTime:0.0019s ]
SQL: SELECT * FROM `fh_article` WHERE `a_show` = 0  [ RunTime:0.0002s ]
SQL: SELECT * FROM `fh_cat` ORDER BY c_id desc  [ RunTime:0.0001s ]
SQL: SHOW COLUMNS FROM `fh_album` [ RunTime:0.0019s ]
SQL: SELECT * FROM `fh_album` WHERE `al_id` = 1 LIMIT 1   [ RunTime:0.0002s ]
SQL: UPDATE `fh_album` SET `al_hit`=al_hit+1 WHERE `al_id` = 1 [ RunTime:0.0096s ]
SQL: SHOW COLUMNS FROM `fh_picture` [ RunTime:0.0021s ]
SQL: SELECT * FROM `fh_picture` INNER JOIN fh_album on fh_album.al_id = fh_picture.p_id  WHERE `pid` = '1'  [ RunTime:0.0003s ]
INFO: [ view_parse ] --START--
INFO: [ template_filter ] --START--
INFO: Run Behavior\ContentReplaceBehavior [ RunTime:0.000064s ]
INFO: [ template_filter ] --END-- [ RunTime:0.000105s ]
NOTIC: [8] Undefined variable: index E:\fish\Runtime\Cache\Home\6c34fb0a52f2e48fe95829ca535af908.php 第 18 行.
NOTIC: [8] Undefined variable: article E:\fish\Runtime\Cache\Home\6c34fb0a52f2e48fe95829ca535af908.php 第 20 行.
NOTIC: [8] Undefined variable: log E:\fish\Runtime\Cache\Home\6c34fb0a52f2e48fe95829ca535af908.php 第 25 行.
NOTIC: [8] Undefined variable: say E:\fish\Runtime\Cache\Home\6c34fb0a52f2e48fe95829ca535af908.php 第 26 行.
NOTIC: [8] Undefined variable: album E:\fish\Runtime\Cache\Home\6c34fb0a52f2e48fe95829ca535af908.php 第 27 行.
NOTIC: [8] Undefined variable: board E:\fish\Runtime\Cache\Home\6c34fb0a52f2e48fe95829ca535af908.php 第 28 行.
NOTIC: [8] Undefined variable: about E:\fish\Runtime\Cache\Home\6c34fb0a52f2e48fe95829ca535af908.php 第 30 行.
INFO: Run Behavior\ParseTemplateBehavior [ RunTime:0.007745s ]
INFO: [ view_parse ] --END-- [ RunTime:0.007786s ]
INFO: [ view_filter ] --START--
INFO: Run Behavior\WriteHtmlCacheBehavior [ RunTime:0.000361s ]
INFO: [ view_filter ] --END-- [ RunTime:0.000397s ]
INFO: [ app_end ] --START--
INFO: Run Behavior\ShowPageTraceBehavior [ RunTime:0.000483s ]
INFO: [ app_end ] --END-- [ RunTime:0.000520s ]

[ 2017-11-15T17:34:55+08:00 ] 127.0.0.1 /Public/Home/css/my.css
INFO: [ app_init ] --START--
INFO: Run Behavior\BuildLiteBehavior [ RunTime:0.000010s ]
INFO: [ app_init ] --END-- [ RunTime:0.000382s ]
INFO: [ app_begin ] --START--
INFO: Run Behavior\ReadHtmlCacheBehavior [ RunTime:0.000472s ]
INFO: [ app_begin ] --END-- [ RunTime:0.000516s ]
ERR: 无法加载控制器:Public

[ 2017-11-15T17:35:16+08:00 ] 127.0.0.1 /albuminfo-1.html
INFO: [ app_init ] --START--
INFO: Run Behavior\BuildLiteBehavior [ RunTime:0.000010s ]
INFO: [ app_init ] --END-- [ RunTime:0.000266s ]
INFO: [ app_begin ] --START--
INFO: Run Behavior\ReadHtmlCacheBehavior [ RunTime:0.000389s ]
INFO: [ app_begin ] --END-- [ RunTime:0.000432s ]
SQL: SHOW COLUMNS FROM `fh_article` [ RunTime:0.0022s ]
SQL: SHOW COLUMNS FROM `fh_cat` [ RunTime:0.0020s ]
SQL: SELECT * FROM `fh_article` WHERE `a_show` = 0  [ RunTime:0.0002s ]
SQL: SELECT * FROM `fh_cat` ORDER BY c_id desc  [ RunTime:0.0001s ]
SQL: SHOW COLUMNS FROM `fh_album` [ RunTime:0.0019s ]
SQL: SELECT * FROM `fh_album` WHERE `al_id` = 1 LIMIT 1   [ RunTime:0.0002s ]
SQL: UPDATE `fh_album` SET `al_hit`=al_hit+1 WHERE `al_id` = 1 [ RunTime:0.0116s ]
SQL: SHOW COLUMNS FROM `fh_picture` [ RunTime:0.0019s ]
SQL: SELECT * FROM `fh_picture` INNER JOIN fh_album on fh_album.al_id = fh_picture.p_id  WHERE `pid` = '1'  [ RunTime:0.0002s ]
INFO: [ view_parse ] --START--
INFO: [ template_filter ] --START--
INFO: Run Behavior\ContentReplaceBehavior [ RunTime:0.000065s ]
INFO: [ template_filter ] --END-- [ RunTime:0.000106s ]
NOTIC: [8] Undefined variable: index E:\fish\Runtime\Cache\Home\6c34fb0a52f2e48fe95829ca535af908.php 第 18 行.
NOTIC: [8] Undefined variable: article E:\fish\Runtime\Cache\Home\6c34fb0a52f2e48fe95829ca535af908.php 第 20 行.
NOTIC: [8] Undefined variable: log E:\fish\Runtime\Cache\Home\6c34fb0a52f2e48fe95829ca535af908.php 第 25 行.
NOTIC: [8] Undefined variable: say E:\fish\Runtime\Cache\Home\6c34fb0a52f2e48fe95829ca535af908.php 第 26 行.
NOTIC: [8] Undefined variable: album E:\fish\Runtime\Cache\Home\6c34fb0a52f2e48fe95829ca535af908.php 第 27 行.
NOTIC: [8] Undefined variable: board E:\fish\Runtime\Cache\Home\6c34fb0a52f2e48fe95829ca535af908.php 第 28 行.
NOTIC: [8] Undefined variable: about E:\fish\Runtime\Cache\Home\6c34fb0a52f2e48fe95829ca535af908.php 第 30 行.
INFO: Run Behavior\ParseTemplateBehavior [ RunTime:0.007602s ]
INFO: [ view_parse ] --END-- [ RunTime:0.007642s ]
INFO: [ view_filter ] --START--
INFO: Run Behavior\WriteHtmlCacheBehavior [ RunTime:0.000361s ]
INFO: [ view_filter ] --END-- [ RunTime:0.000396s ]
INFO: [ app_end ] --START--
INFO: Run Behavior\ShowPageTraceBehavior [ RunTime:0.000482s ]
INFO: [ app_end ] --END-- [ RunTime:0.000520s ]

[ 2017-11-15T17:35:16+08:00 ] 127.0.0.1 /Public/Home/css/my.css
INFO: [ app_init ] --START--
INFO: Run Behavior\BuildLiteBehavior [ RunTime:0.000010s ]
INFO: [ app_init ] --END-- [ RunTime:0.000378s ]
INFO: [ app_begin ] --START--
INFO: Run Behavior\ReadHtmlCacheBehavior [ RunTime:0.000469s ]
INFO: [ app_begin ] --END-- [ RunTime:0.000516s ]
ERR: 无法加载控制器:Public

