[ 2017-11-11T10:27:08+08:00 ] 127.0.0.1 /
INFO: [ app_init ] --START--
INFO: Run Behavior\BuildLiteBehavior [ RunTime:0.000009s ]
INFO: [ app_init ] --END-- [ RunTime:0.001651s ]
INFO: [ app_begin ] --START--
INFO: Run Behavior\ReadHtmlCacheBehavior [ RunTime:0.000877s ]
INFO: [ app_begin ] --END-- [ RunTime:0.000922s ]
SQL: SHOW COLUMNS FROM `fh_article` [ RunTime:0.0050s ]
SQL: SHOW COLUMNS FROM `fh_cat` [ RunTime:0.0027s ]
SQL: SELECT * FROM `fh_article` WHERE `a_show` = 0  [ RunTime:0.0010s ]
SQL: SELECT * FROM `fh_cat` ORDER BY c_id desc  [ RunTime:0.0002s ]
INFO: [ view_parse ] --START--
INFO: [ template_filter ] --START--
INFO: Run Behavior\ContentReplaceBehavior [ RunTime:0.000070s ]
INFO: [ template_filter ] --END-- [ RunTime:0.000117s ]
NOTIC: [8] Undefined variable: article E:\fish\Runtime\Cache\Home\ccc714bf1ad7378d61a4beb8be3a2914.php 第 19 行.
NOTIC: [8] Undefined variable: log E:\fish\Runtime\Cache\Home\ccc714bf1ad7378d61a4beb8be3a2914.php 第 24 行.
NOTIC: [8] Undefined variable: say E:\fish\Runtime\Cache\Home\ccc714bf1ad7378d61a4beb8be3a2914.php 第 25 行.
NOTIC: [8] Undefined variable: album E:\fish\Runtime\Cache\Home\ccc714bf1ad7378d61a4beb8be3a2914.php 第 26 行.
NOTIC: [8] Undefined variable: board E:\fish\Runtime\Cache\Home\ccc714bf1ad7378d61a4beb8be3a2914.php 第 27 行.
NOTIC: [8] Undefined variable: about E:\fish\Runtime\Cache\Home\ccc714bf1ad7378d61a4beb8be3a2914.php 第 29 行.
INFO: Run Behavior\ParseTemplateBehavior [ RunTime:0.013707s ]
INFO: [ view_parse ] --END-- [ RunTime:0.013752s ]
INFO: [ view_filter ] --START--
INFO: Run Behavior\WriteHtmlCacheBehavior [ RunTime:0.000877s ]
INFO: [ view_filter ] --END-- [ RunTime:0.000914s ]
INFO: [ app_end ] --START--
INFO: Run Behavior\ShowPageTraceBehavior [ RunTime:0.000813s ]
INFO: [ app_end ] --END-- [ RunTime:0.000851s ]

[ 2017-11-11T10:27:08+08:00 ] 127.0.0.1 /Public/Home/img/icon/favicon.ico
INFO: [ app_init ] --START--
INFO: Run Behavior\BuildLiteBehavior [ RunTime:0.000012s ]
INFO: [ app_init ] --END-- [ RunTime:0.000331s ]

[ 2017-11-11T10:27:19+08:00 ] 127.0.0.1 /board.html
INFO: [ app_init ] --START--
INFO: Run Behavior\BuildLiteBehavior [ RunTime:0.000010s ]
INFO: [ app_init ] --END-- [ RunTime:0.000304s ]
INFO: [ app_begin ] --START--
INFO: Run Behavior\ReadHtmlCacheBehavior [ RunTime:0.000416s ]
INFO: [ app_begin ] --END-- [ RunTime:0.000460s ]
SQL: SHOW COLUMNS FROM `fh_article` [ RunTime:0.0024s ]
SQL: SHOW COLUMNS FROM `fh_cat` [ RunTime:0.0019s ]
SQL: SELECT * FROM `fh_article` WHERE `a_show` = 0  [ RunTime:0.0002s ]
SQL: SELECT * FROM `fh_cat` ORDER BY c_id desc  [ RunTime:0.0001s ]
SQL: SHOW COLUMNS FROM `fh_board` [ RunTime:0.0099s ]
SQL: SELECT * FROM `fh_board`  [ RunTime:0.0002s ]
INFO: [ view_parse ] --START--
INFO: [ template_filter ] --START--
INFO: Run Behavior\ContentReplaceBehavior [ RunTime:0.000088s ]
INFO: [ template_filter ] --END-- [ RunTime:0.000138s ]
NOTIC: [8] Undefined variable: index E:\fish\Runtime\Cache\Home\2f1da06ed2416c9be755be1237f8b30c.php 第 18 行.
NOTIC: [8] Undefined variable: article E:\fish\Runtime\Cache\Home\2f1da06ed2416c9be755be1237f8b30c.php 第 20 行.
NOTIC: [8] Undefined variable: log E:\fish\Runtime\Cache\Home\2f1da06ed2416c9be755be1237f8b30c.php 第 25 行.
NOTIC: [8] Undefined variable: say E:\fish\Runtime\Cache\Home\2f1da06ed2416c9be755be1237f8b30c.php 第 26 行.
NOTIC: [8] Undefined variable: album E:\fish\Runtime\Cache\Home\2f1da06ed2416c9be755be1237f8b30c.php 第 27 行.
NOTIC: [8] Undefined variable: about E:\fish\Runtime\Cache\Home\2f1da06ed2416c9be755be1237f8b30c.php 第 30 行.
NOTIC: [8] Undefined variable: info E:\fish\Runtime\Cache\Home\2f1da06ed2416c9be755be1237f8b30c.php 第 38 行.
INFO: Run Behavior\ParseTemplateBehavior [ RunTime:0.010368s ]
INFO: [ view_parse ] --END-- [ RunTime:0.010413s ]
INFO: [ view_filter ] --START--
INFO: Run Behavior\WriteHtmlCacheBehavior [ RunTime:0.000292s ]
INFO: [ view_filter ] --END-- [ RunTime:0.000326s ]
INFO: [ app_end ] --START--
INFO: Run Behavior\ShowPageTraceBehavior [ RunTime:0.000411s ]
INFO: [ app_end ] --END-- [ RunTime:0.000446s ]

[ 2017-11-11T10:27:19+08:00 ] 127.0.0.1 /Public/Home/css/my.css
INFO: [ app_init ] --START--
INFO: Run Behavior\BuildLiteBehavior [ RunTime:0.000010s ]
INFO: [ app_init ] --END-- [ RunTime:0.000310s ]
INFO: [ app_begin ] --START--
INFO: Run Behavior\ReadHtmlCacheBehavior [ RunTime:0.000403s ]
INFO: [ app_begin ] --END-- [ RunTime:0.000447s ]
ERR: 无法加载控制器:Public

[ 2017-11-11T10:27:33+08:00 ] 127.0.0.1 /board.html
INFO: [ app_init ] --START--
INFO: Run Behavior\BuildLiteBehavior [ RunTime:0.000009s ]
INFO: [ app_init ] --END-- [ RunTime:0.000380s ]
INFO: [ app_begin ] --START--
INFO: Run Behavior\ReadHtmlCacheBehavior [ RunTime:0.000387s ]
INFO: [ app_begin ] --END-- [ RunTime:0.000431s ]
SQL: SHOW COLUMNS FROM `fh_article` [ RunTime:0.0023s ]
SQL: SHOW COLUMNS FROM `fh_cat` [ RunTime:0.0019s ]
SQL: SELECT * FROM `fh_article` WHERE `a_show` = 0  [ RunTime:0.0002s ]
SQL: SELECT * FROM `fh_cat` ORDER BY c_id desc  [ RunTime:0.0001s ]
SQL: SHOW COLUMNS FROM `fh_board` [ RunTime:0.0021s ]
SQL: SELECT * FROM `fh_board`  [ RunTime:0.0001s ]
INFO: [ view_parse ] --START--
INFO: [ template_filter ] --START--
INFO: Run Behavior\ContentReplaceBehavior [ RunTime:0.000103s ]
INFO: [ template_filter ] --END-- [ RunTime:0.000166s ]
NOTIC: [8] Undefined variable: index E:\fish\Runtime\Cache\Home\2f1da06ed2416c9be755be1237f8b30c.php 第 18 行.
NOTIC: [8] Undefined variable: article E:\fish\Runtime\Cache\Home\2f1da06ed2416c9be755be1237f8b30c.php 第 20 行.
NOTIC: [8] Undefined variable: log E:\fish\Runtime\Cache\Home\2f1da06ed2416c9be755be1237f8b30c.php 第 25 行.
NOTIC: [8] Undefined variable: say E:\fish\Runtime\Cache\Home\2f1da06ed2416c9be755be1237f8b30c.php 第 26 行.
NOTIC: [8] Undefined variable: album E:\fish\Runtime\Cache\Home\2f1da06ed2416c9be755be1237f8b30c.php 第 27 行.
NOTIC: [8] Undefined variable: about E:\fish\Runtime\Cache\Home\2f1da06ed2416c9be755be1237f8b30c.php 第 30 行.
NOTIC: [8] Undefined variable: info E:\fish\Runtime\Cache\Home\2f1da06ed2416c9be755be1237f8b30c.php 第 38 行.
INFO: Run Behavior\ParseTemplateBehavior [ RunTime:0.009655s ]
INFO: [ view_parse ] --END-- [ RunTime:0.009695s ]
INFO: [ view_filter ] --START--
INFO: Run Behavior\WriteHtmlCacheBehavior [ RunTime:0.000277s ]
INFO: [ view_filter ] --END-- [ RunTime:0.000311s ]
INFO: [ app_end ] --START--
INFO: Run Behavior\ShowPageTraceBehavior [ RunTime:0.000390s ]
INFO: [ app_end ] --END-- [ RunTime:0.000425s ]

[ 2017-11-11T10:27:33+08:00 ] 127.0.0.1 /Public/Home/css/my.css
INFO: [ app_init ] --START--
INFO: Run Behavior\BuildLiteBehavior [ RunTime:0.000010s ]
INFO: [ app_init ] --END-- [ RunTime:0.000362s ]
INFO: [ app_begin ] --START--
INFO: Run Behavior\ReadHtmlCacheBehavior [ RunTime:0.000444s ]
INFO: [ app_begin ] --END-- [ RunTime:0.000488s ]
ERR: 无法加载控制器:Public

[ 2017-11-11T10:28:40+08:00 ] 127.0.0.1 /Public/Admin/Img/gritter.png
INFO: [ app_init ] --START--
INFO: Run Behavior\BuildLiteBehavior [ RunTime:0.000010s ]
INFO: [ app_init ] --END-- [ RunTime:0.000273s ]

[ 2017-11-11T10:28:56+08:00 ] 127.0.0.1 /favicon.ico
INFO: [ app_init ] --START--
INFO: Run Behavior\BuildLiteBehavior [ RunTime:0.000017s ]
INFO: [ app_init ] --END-- [ RunTime:0.000482s ]

[ 2017-11-11T14:35:17+08:00 ] 127.0.0.1 /
INFO: [ app_init ] --START--
INFO: Run Behavior\BuildLiteBehavior [ RunTime:0.000010s ]
INFO: [ app_init ] --END-- [ RunTime:0.000346s ]
INFO: [ app_begin ] --START--
INFO: Run Behavior\ReadHtmlCacheBehavior [ RunTime:0.000453s ]
INFO: [ app_begin ] --END-- [ RunTime:0.000498s ]
SQL: SHOW COLUMNS FROM `fh_article` [ RunTime:0.0031s ]
SQL: SHOW COLUMNS FROM `fh_cat` [ RunTime:0.0026s ]
SQL: SELECT * FROM `fh_article` WHERE `a_show` = 0  [ RunTime:0.0002s ]
SQL: SELECT * FROM `fh_cat` ORDER BY c_id desc  [ RunTime:0.0001s ]
INFO: [ view_parse ] --START--
INFO: [ template_filter ] --START--
INFO: Run Behavior\ContentReplaceBehavior [ RunTime:0.000087s ]
INFO: [ template_filter ] --END-- [ RunTime:0.000143s ]
NOTIC: [8] Undefined variable: article E:\fish\Runtime\Cache\Home\ccc714bf1ad7378d61a4beb8be3a2914.php 第 19 行.
NOTIC: [8] Undefined variable: log E:\fish\Runtime\Cache\Home\ccc714bf1ad7378d61a4beb8be3a2914.php 第 24 行.
NOTIC: [8] Undefined variable: say E:\fish\Runtime\Cache\Home\ccc714bf1ad7378d61a4beb8be3a2914.php 第 25 行.
NOTIC: [8] Undefined variable: album E:\fish\Runtime\Cache\Home\ccc714bf1ad7378d61a4beb8be3a2914.php 第 26 行.
NOTIC: [8] Undefined variable: board E:\fish\Runtime\Cache\Home\ccc714bf1ad7378d61a4beb8be3a2914.php 第 27 行.
NOTIC: [8] Undefined variable: about E:\fish\Runtime\Cache\Home\ccc714bf1ad7378d61a4beb8be3a2914.php 第 29 行.
INFO: Run Behavior\ParseTemplateBehavior [ RunTime:0.008041s ]
INFO: [ view_parse ] --END-- [ RunTime:0.008101s ]
INFO: [ view_filter ] --START--
INFO: Run Behavior\WriteHtmlCacheBehavior [ RunTime:0.000323s ]
INFO: [ view_filter ] --END-- [ RunTime:0.000359s ]
INFO: [ app_end ] --START--
INFO: Run Behavior\ShowPageTraceBehavior [ RunTime:0.000420s ]
INFO: [ app_end ] --END-- [ RunTime:0.000456s ]

[ 2017-11-11T14:35:17+08:00 ] 127.0.0.1 /Public/Home/img/icon/favicon.ico
INFO: [ app_init ] --START--
INFO: Run Behavior\BuildLiteBehavior [ RunTime:0.000010s ]
INFO: [ app_init ] --END-- [ RunTime:0.000299s ]

[ 2017-11-11T14:36:00+08:00 ] 127.0.0.1 /Public/Admin/Img/gritter.png
INFO: [ app_init ] --START--
INFO: Run Behavior\BuildLiteBehavior [ RunTime:0.000010s ]
INFO: [ app_init ] --END-- [ RunTime:0.000278s ]

[ 2017-11-11T17:35:18+08:00 ] 127.0.0.1 /Public/Admin/Img/gritter.png
INFO: [ app_init ] --START--
INFO: Run Behavior\BuildLiteBehavior [ RunTime:0.000012s ]
INFO: [ app_init ] --END-- [ RunTime:0.000326s ]

[ 2017-11-11T17:55:39+08:00 ] 127.0.0.1 /favicon.ico
INFO: [ app_init ] --START--
INFO: Run Behavior\BuildLiteBehavior [ RunTime:0.000013s ]
INFO: [ app_init ] --END-- [ RunTime:0.000423s ]

[ 2017-11-11T17:57:02+08:00 ] 127.0.0.1 /Public/Admin/Img/gritter.png
INFO: [ app_init ] --START--
INFO: Run Behavior\BuildLiteBehavior [ RunTime:0.000009s ]
INFO: [ app_init ] --END-- [ RunTime:0.000291s ]

