[ 2017-12-06T00:24:38+08:00 ] 69.58.178.57 /robots.txt
INFO: [ app_init ] --START--
INFO: Run Behavior\BuildLiteBehavior [ RunTime:0.000000s ]
INFO: [ app_init ] --END-- [ RunTime:0.000000s ]
INFO: [ app_begin ] --START--
INFO: Run Behavior\ReadHtmlCacheBehavior [ RunTime:0.000000s ]
INFO: [ app_begin ] --END-- [ RunTime:0.000000s ]
NOTIC: [2] ini_set() has been disabled for security reasons E:\web\lykl812j\WwwRoot\ThinkPHP\Common\functions.php 第 1236 行.
ERR: 无法加载控制器:Robots.txt

[ 2017-12-06T00:24:41+08:00 ] 69.58.178.57 /
INFO: [ app_init ] --START--
INFO: Run Behavior\BuildLiteBehavior [ RunTime:0.000000s ]
INFO: [ app_init ] --END-- [ RunTime:0.000000s ]
INFO: [ app_begin ] --START--
INFO: Run Behavior\ReadHtmlCacheBehavior [ RunTime:0.000000s ]
INFO: [ app_begin ] --END-- [ RunTime:0.000000s ]
NOTIC: [2] ini_set() has been disabled for security reasons E:\web\lykl812j\WwwRoot\ThinkPHP\Common\functions.php 第 1236 行.
SQL: SHOW COLUMNS FROM `fh_article` [ RunTime:0.0000s ]
SQL: SHOW COLUMNS FROM `fh_cat` [ RunTime:0.0000s ]
SQL: SHOW COLUMNS FROM `fh_log` [ RunTime:0.0156s ]
SQL: SHOW COLUMNS FROM `fh_say` [ RunTime:0.0000s ]
SQL: SHOW COLUMNS FROM `fh_system` [ RunTime:0.0000s ]
SQL: SELECT * FROM `fh_article` WHERE `a_show` = 0 LIMIT 7   [ RunTime:0.0000s ]
SQL: SELECT * FROM `fh_cat` ORDER BY c_id desc  [ RunTime:0.0000s ]
SQL: SELECT * FROM `fh_article` ORDER BY a_time desc LIMIT 6   [ RunTime:0.0000s ]
SQL: SELECT * FROM `fh_log` ORDER BY l_time desc LIMIT 6   [ RunTime:0.0000s ]
SQL: SELECT * FROM `fh_say` ORDER BY s_time desc LIMIT 6   [ RunTime:0.0000s ]
SQL: SELECT `c_id`,`c_name` FROM `fh_cat` WHERE `c_show` = 0 ORDER BY c_id desc  [ RunTime:0.0000s ]
SQL: SELECT `a_id`,`a_name`,`a_img`,`a_time`,`a_hit`,`c_name` FROM `fh_article` INNER JOIN fh_cat on fh_article.pid = fh_cat.c_id  ORDER BY a_hit desc LIMIT 5   [ RunTime:0.0000s ]
SQL: SELECT * FROM `fh_system` WHERE `id` = 1 LIMIT 1   [ RunTime:0.0000s ]
INFO: [ view_parse ] --START--
INFO: [ template_filter ] --START--
INFO: Run Behavior\ContentReplaceBehavior [ RunTime:0.000000s ]
INFO: [ template_filter ] --END-- [ RunTime:0.000000s ]
NOTIC: [8] Undefined variable: about E:\web\lykl812j\WwwRoot\Runtime\Cache\Home\ccc714bf1ad7378d61a4beb8be3a2914.php 第 24 行.
NOTIC: [8] Undefined variable: article E:\web\lykl812j\WwwRoot\Runtime\Cache\Home\ccc714bf1ad7378d61a4beb8be3a2914.php 第 25 行.
NOTIC: [8] Undefined variable: log E:\web\lykl812j\WwwRoot\Runtime\Cache\Home\ccc714bf1ad7378d61a4beb8be3a2914.php 第 26 行.
NOTIC: [8] Undefined variable: say E:\web\lykl812j\WwwRoot\Runtime\Cache\Home\ccc714bf1ad7378d61a4beb8be3a2914.php 第 27 行.
NOTIC: [8] Undefined variable: board E:\web\lykl812j\WwwRoot\Runtime\Cache\Home\ccc714bf1ad7378d61a4beb8be3a2914.php 第 28 行.
NOTIC: [8] Undefined index: c_id E:\web\lykl812j\WwwRoot\Runtime\Cache\Home\ccc714bf1ad7378d61a4beb8be3a2914.php 第 180 行.
NOTIC: [8] Undefined index: c_id E:\web\lykl812j\WwwRoot\Runtime\Cache\Home\ccc714bf1ad7378d61a4beb8be3a2914.php 第 180 行.
NOTIC: [8] Undefined index: c_id E:\web\lykl812j\WwwRoot\Runtime\Cache\Home\ccc714bf1ad7378d61a4beb8be3a2914.php 第 180 行.
NOTIC: [8] Undefined index: c_id E:\web\lykl812j\WwwRoot\Runtime\Cache\Home\ccc714bf1ad7378d61a4beb8be3a2914.php 第 180 行.
NOTIC: [8] Undefined index: c_id E:\web\lykl812j\WwwRoot\Runtime\Cache\Home\ccc714bf1ad7378d61a4beb8be3a2914.php 第 180 行.
INFO: Run Behavior\ParseTemplateBehavior [ RunTime:0.062500s ]
INFO: [ view_parse ] --END-- [ RunTime:0.062500s ]
INFO: [ view_filter ] --START--
INFO: Run Behavior\WriteHtmlCacheBehavior [ RunTime:0.000000s ]
INFO: [ view_filter ] --END-- [ RunTime:0.000000s ]
INFO: [ app_end ] --START--
INFO: Run Behavior\ShowPageTraceBehavior [ RunTime:0.000000s ]
INFO: [ app_end ] --END-- [ RunTime:0.000000s ]

[ 2017-12-06T00:24:44+08:00 ] 69.58.178.57 /abouts.html
INFO: [ app_init ] --START--
INFO: Run Behavior\BuildLiteBehavior [ RunTime:0.000000s ]
INFO: [ app_init ] --END-- [ RunTime:0.000000s ]
INFO: [ app_begin ] --START--
INFO: Run Behavior\ReadHtmlCacheBehavior [ RunTime:0.000000s ]
INFO: [ app_begin ] --END-- [ RunTime:0.000000s ]
NOTIC: [2] ini_set() has been disabled for security reasons E:\web\lykl812j\WwwRoot\ThinkPHP\Common\functions.php 第 1236 行.
SQL: SHOW COLUMNS FROM `fh_article` [ RunTime:0.0000s ]
SQL: SHOW COLUMNS FROM `fh_cat` [ RunTime:0.0000s ]
SQL: SHOW COLUMNS FROM `fh_log` [ RunTime:0.0000s ]
SQL: SHOW COLUMNS FROM `fh_say` [ RunTime:0.0156s ]
SQL: SHOW COLUMNS FROM `fh_system` [ RunTime:0.0000s ]
SQL: SELECT * FROM `fh_system` WHERE `id` = 1 LIMIT 1   [ RunTime:0.0000s ]
SQL: UPDATE `fh_system` SET `hit`=hit+1 WHERE `id` = 1 [ RunTime:0.3281s ]
SQL: SELECT `a_id`,`a_img` FROM `fh_article` WHERE `a_show` = 0 ORDER BY a_time desc LIMIT 8   [ RunTime:0.0000s ]
INFO: [ view_parse ] --START--
INFO: [ template_filter ] --START--
INFO: Run Behavior\ContentReplaceBehavior [ RunTime:0.000000s ]
INFO: [ template_filter ] --END-- [ RunTime:0.000000s ]
NOTIC: [8] Undefined variable: index E:\web\lykl812j\WwwRoot\Runtime\Cache\Home\51c20629d021b509ad96608acdd454fb.php 第 23 行.
NOTIC: [8] Undefined variable: article E:\web\lykl812j\WwwRoot\Runtime\Cache\Home\51c20629d021b509ad96608acdd454fb.php 第 25 行.
NOTIC: [8] Undefined variable: log E:\web\lykl812j\WwwRoot\Runtime\Cache\Home\51c20629d021b509ad96608acdd454fb.php 第 26 行.
NOTIC: [8] Undefined variable: say E:\web\lykl812j\WwwRoot\Runtime\Cache\Home\51c20629d021b509ad96608acdd454fb.php 第 27 行.
NOTIC: [8] Undefined variable: board E:\web\lykl812j\WwwRoot\Runtime\Cache\Home\51c20629d021b509ad96608acdd454fb.php 第 28 行.
INFO: Run Behavior\ParseTemplateBehavior [ RunTime:0.031250s ]
INFO: [ view_parse ] --END-- [ RunTime:0.031250s ]
INFO: [ view_filter ] --START--
INFO: Run Behavior\WriteHtmlCacheBehavior [ RunTime:0.000000s ]
INFO: [ view_filter ] --END-- [ RunTime:0.000000s ]
INFO: [ app_end ] --START--
INFO: Run Behavior\ShowPageTraceBehavior [ RunTime:0.000000s ]
INFO: [ app_end ] --END-- [ RunTime:0.000000s ]

[ 2017-12-06T00:24:48+08:00 ] 69.58.178.57 /artinfo-8.html
INFO: [ app_init ] --START--
INFO: Run Behavior\BuildLiteBehavior [ RunTime:0.000000s ]
INFO: [ app_init ] --END-- [ RunTime:0.000000s ]
INFO: [ app_begin ] --START--
INFO: Run Behavior\ReadHtmlCacheBehavior [ RunTime:0.000000s ]
INFO: [ app_begin ] --END-- [ RunTime:0.000000s ]
NOTIC: [2] ini_set() has been disabled for security reasons E:\web\lykl812j\WwwRoot\ThinkPHP\Common\functions.php 第 1236 行.
SQL: SHOW COLUMNS FROM `fh_article` [ RunTime:0.0000s ]
SQL: SHOW COLUMNS FROM `fh_cat` [ RunTime:0.0000s ]
SQL: SHOW COLUMNS FROM `fh_log` [ RunTime:0.0156s ]
SQL: SHOW COLUMNS FROM `fh_say` [ RunTime:0.0000s ]
SQL: SHOW COLUMNS FROM `fh_system` [ RunTime:0.0000s ]
SQL: SELECT * FROM `fh_article` WHERE `a_id` = 8 LIMIT 1   [ RunTime:0.0000s ]
SQL: SHOW COLUMNS FROM `fh_article_c` [ RunTime:0.0000s ]
SQL: UPDATE `fh_article` SET `a_hit`=a_hit+1 WHERE `a_id` = 8 [ RunTime:0.0000s ]
SQL: SELECT * FROM `fh_article` WHERE `a_id` = 8 LIMIT 1   [ RunTime:0.0000s ]
SQL: SELECT * FROM `fh_article` WHERE ( a_id < 8 ) ORDER BY a_id desc LIMIT 1   [ RunTime:0.0000s ]
SQL: SELECT * FROM `fh_article` WHERE ( a_id > 8 ) LIMIT 1   [ RunTime:0.0000s ]
SQL: SELECT COUNT(*) AS tp_count FROM `fh_article_c` WHERE `ac_pid` = 8 LIMIT 1   [ RunTime:0.0000s ]
SQL: SELECT * FROM `fh_article_c` WHERE `ac_pid` = 8 ORDER BY ac_time desc  [ RunTime:0.0000s ]
INFO: [ view_parse ] --START--
INFO: [ template_filter ] --START--
INFO: Run Behavior\ContentReplaceBehavior [ RunTime:0.000000s ]
INFO: [ template_filter ] --END-- [ RunTime:0.000000s ]
NOTIC: [8] Undefined variable: index E:\web\lykl812j\WwwRoot\Runtime\Cache\Home\7f11d8fd48ca18f0fc1c2c81c774938b.php 第 24 行.
NOTIC: [8] Undefined variable: about E:\web\lykl812j\WwwRoot\Runtime\Cache\Home\7f11d8fd48ca18f0fc1c2c81c774938b.php 第 25 行.
NOTIC: [8] Undefined variable: log E:\web\lykl812j\WwwRoot\Runtime\Cache\Home\7f11d8fd48ca18f0fc1c2c81c774938b.php 第 27 行.
NOTIC: [8] Undefined variable: say E:\web\lykl812j\WwwRoot\Runtime\Cache\Home\7f11d8fd48ca18f0fc1c2c81c774938b.php 第 28 行.
NOTIC: [8] Undefined variable: board E:\web\lykl812j\WwwRoot\Runtime\Cache\Home\7f11d8fd48ca18f0fc1c2c81c774938b.php 第 29 行.
NOTIC: [8] Undefined index: c_id E:\web\lykl812j\WwwRoot\Runtime\Cache\Home\7f11d8fd48ca18f0fc1c2c81c774938b.php 第 200 行.
NOTIC: [8] Undefined index: c_id E:\web\lykl812j\WwwRoot\Runtime\Cache\Home\7f11d8fd48ca18f0fc1c2c81c774938b.php 第 200 行.
NOTIC: [8] Undefined index: c_id E:\web\lykl812j\WwwRoot\Runtime\Cache\Home\7f11d8fd48ca18f0fc1c2c81c774938b.php 第 200 行.
NOTIC: [8] Undefined index: c_id E:\web\lykl812j\WwwRoot\Runtime\Cache\Home\7f11d8fd48ca18f0fc1c2c81c774938b.php 第 200 行.
NOTIC: [8] Undefined index: c_id E:\web\lykl812j\WwwRoot\Runtime\Cache\Home\7f11d8fd48ca18f0fc1c2c81c774938b.php 第 200 行.
INFO: Run Behavior\ParseTemplateBehavior [ RunTime:0.062500s ]
INFO: [ view_parse ] --END-- [ RunTime:0.062500s ]
INFO: [ view_filter ] --START--
INFO: Run Behavior\WriteHtmlCacheBehavior [ RunTime:0.000000s ]
INFO: [ view_filter ] --END-- [ RunTime:0.000000s ]
INFO: [ app_end ] --START--
INFO: Run Behavior\ShowPageTraceBehavior [ RunTime:0.000000s ]
INFO: [ app_end ] --END-- [ RunTime:0.000000s ]

[ 2017-12-06T00:24:53+08:00 ] 69.58.178.57 /index.html
INFO: [ app_init ] --START--
INFO: Run Behavior\BuildLiteBehavior [ RunTime:0.000000s ]
INFO: [ app_init ] --END-- [ RunTime:0.000000s ]
INFO: [ app_begin ] --START--
INFO: Run Behavior\ReadHtmlCacheBehavior [ RunTime:0.000000s ]
INFO: [ app_begin ] --END-- [ RunTime:0.000000s ]
NOTIC: [2] ini_set() has been disabled for security reasons E:\web\lykl812j\WwwRoot\ThinkPHP\Common\functions.php 第 1236 行.
SQL: SHOW COLUMNS FROM `fh_article` [ RunTime:0.0000s ]
SQL: SHOW COLUMNS FROM `fh_cat` [ RunTime:0.0000s ]
SQL: SHOW COLUMNS FROM `fh_log` [ RunTime:0.0000s ]
SQL: SHOW COLUMNS FROM `fh_say` [ RunTime:0.0156s ]
SQL: SHOW COLUMNS FROM `fh_system` [ RunTime:0.0000s ]
SQL: SELECT * FROM `fh_article` WHERE `a_show` = 0 LIMIT 7   [ RunTime:0.0000s ]
SQL: SELECT * FROM `fh_cat` ORDER BY c_id desc  [ RunTime:0.0000s ]
SQL: SELECT * FROM `fh_article` ORDER BY a_time desc LIMIT 6   [ RunTime:0.0000s ]
SQL: SELECT * FROM `fh_log` ORDER BY l_time desc LIMIT 6   [ RunTime:0.0000s ]
SQL: SELECT * FROM `fh_say` ORDER BY s_time desc LIMIT 6   [ RunTime:0.0000s ]
SQL: SELECT `c_id`,`c_name` FROM `fh_cat` WHERE `c_show` = 0 ORDER BY c_id desc  [ RunTime:0.0000s ]
SQL: SELECT `a_id`,`a_name`,`a_img`,`a_time`,`a_hit`,`c_name` FROM `fh_article` INNER JOIN fh_cat on fh_article.pid = fh_cat.c_id  ORDER BY a_hit desc LIMIT 5   [ RunTime:0.0000s ]
SQL: SELECT * FROM `fh_system` WHERE `id` = 1 LIMIT 1   [ RunTime:0.0000s ]
INFO: [ view_parse ] --START--
INFO: [ template_filter ] --START--
INFO: Run Behavior\ContentReplaceBehavior [ RunTime:0.000000s ]
INFO: [ template_filter ] --END-- [ RunTime:0.015625s ]
NOTIC: [8] Undefined variable: about E:\web\lykl812j\WwwRoot\Runtime\Cache\Home\ccc714bf1ad7378d61a4beb8be3a2914.php 第 24 行.
NOTIC: [8] Undefined variable: article E:\web\lykl812j\WwwRoot\Runtime\Cache\Home\ccc714bf1ad7378d61a4beb8be3a2914.php 第 25 行.
NOTIC: [8] Undefined variable: log E:\web\lykl812j\WwwRoot\Runtime\Cache\Home\ccc714bf1ad7378d61a4beb8be3a2914.php 第 26 行.
NOTIC: [8] Undefined variable: say E:\web\lykl812j\WwwRoot\Runtime\Cache\Home\ccc714bf1ad7378d61a4beb8be3a2914.php 第 27 行.
NOTIC: [8] Undefined variable: board E:\web\lykl812j\WwwRoot\Runtime\Cache\Home\ccc714bf1ad7378d61a4beb8be3a2914.php 第 28 行.
NOTIC: [8] Undefined index: c_id E:\web\lykl812j\WwwRoot\Runtime\Cache\Home\ccc714bf1ad7378d61a4beb8be3a2914.php 第 180 行.
NOTIC: [8] Undefined index: c_id E:\web\lykl812j\WwwRoot\Runtime\Cache\Home\ccc714bf1ad7378d61a4beb8be3a2914.php 第 180 行.
NOTIC: [8] Undefined index: c_id E:\web\lykl812j\WwwRoot\Runtime\Cache\Home\ccc714bf1ad7378d61a4beb8be3a2914.php 第 180 行.
NOTIC: [8] Undefined index: c_id E:\web\lykl812j\WwwRoot\Runtime\Cache\Home\ccc714bf1ad7378d61a4beb8be3a2914.php 第 180 行.
NOTIC: [8] Undefined index: c_id E:\web\lykl812j\WwwRoot\Runtime\Cache\Home\ccc714bf1ad7378d61a4beb8be3a2914.php 第 180 行.
INFO: Run Behavior\ParseTemplateBehavior [ RunTime:0.031250s ]
INFO: [ view_parse ] --END-- [ RunTime:0.031250s ]
INFO: [ view_filter ] --START--
INFO: Run Behavior\WriteHtmlCacheBehavior [ RunTime:0.000000s ]
INFO: [ view_filter ] --END-- [ RunTime:0.000000s ]
INFO: [ app_end ] --START--
INFO: Run Behavior\ShowPageTraceBehavior [ RunTime:0.000000s ]
INFO: [ app_end ] --END-- [ RunTime:0.000000s ]

[ 2017-12-06T00:24:57+08:00 ] 69.58.178.57 /article.html
INFO: [ app_init ] --START--
INFO: Run Behavior\BuildLiteBehavior [ RunTime:0.000000s ]
INFO: [ app_init ] --END-- [ RunTime:0.000000s ]
INFO: [ app_begin ] --START--
INFO: Run Behavior\ReadHtmlCacheBehavior [ RunTime:0.000000s ]
INFO: [ app_begin ] --END-- [ RunTime:0.000000s ]
NOTIC: [2] ini_set() has been disabled for security reasons E:\web\lykl812j\WwwRoot\ThinkPHP\Common\functions.php 第 1236 行.
SQL: SHOW COLUMNS FROM `fh_article` [ RunTime:0.0000s ]
SQL: SHOW COLUMNS FROM `fh_cat` [ RunTime:0.0000s ]
SQL: SHOW COLUMNS FROM `fh_log` [ RunTime:0.0000s ]
SQL: SHOW COLUMNS FROM `fh_say` [ RunTime:0.0156s ]
SQL: SHOW COLUMNS FROM `fh_system` [ RunTime:0.0000s ]
SQL: SELECT * FROM `fh_cat` WHERE `c_show` = 0 ORDER BY c_id desc  [ RunTime:0.0000s ]
SQL: SELECT * FROM `fh_article` INNER JOIN fh_cat on fh_article.pid = fh_cat.c_id  ORDER BY a_id desc LIMIT 5   [ RunTime:0.0000s ]
INFO: [ view_parse ] --START--
INFO: [ template_filter ] --START--
INFO: Run Behavior\ContentReplaceBehavior [ RunTime:0.000000s ]
INFO: [ template_filter ] --END-- [ RunTime:0.000000s ]
NOTIC: [8] Undefined variable: index E:\web\lykl812j\WwwRoot\Runtime\Cache\Home\6b2c666fea9c5f7a6ebc0fb27b266a7f.php 第 23 行.
NOTIC: [8] Undefined variable: about E:\web\lykl812j\WwwRoot\Runtime\Cache\Home\6b2c666fea9c5f7a6ebc0fb27b266a7f.php 第 24 行.
NOTIC: [8] Undefined variable: log E:\web\lykl812j\WwwRoot\Runtime\Cache\Home\6b2c666fea9c5f7a6ebc0fb27b266a7f.php 第 26 行.
NOTIC: [8] Undefined variable: say E:\web\lykl812j\WwwRoot\Runtime\Cache\Home\6b2c666fea9c5f7a6ebc0fb27b266a7f.php 第 27 行.
NOTIC: [8] Undefined variable: board E:\web\lykl812j\WwwRoot\Runtime\Cache\Home\6b2c666fea9c5f7a6ebc0fb27b266a7f.php 第 28 行.
NOTIC: [8] Undefined index: c_id E:\web\lykl812j\WwwRoot\Runtime\Cache\Home\6b2c666fea9c5f7a6ebc0fb27b266a7f.php 第 135 行.
NOTIC: [8] Undefined index: c_id E:\web\lykl812j\WwwRoot\Runtime\Cache\Home\6b2c666fea9c5f7a6ebc0fb27b266a7f.php 第 135 行.
NOTIC: [8] Undefined index: c_id E:\web\lykl812j\WwwRoot\Runtime\Cache\Home\6b2c666fea9c5f7a6ebc0fb27b266a7f.php 第 135 行.
NOTIC: [8] Undefined index: c_id E:\web\lykl812j\WwwRoot\Runtime\Cache\Home\6b2c666fea9c5f7a6ebc0fb27b266a7f.php 第 135 行.
NOTIC: [8] Undefined index: c_id E:\web\lykl812j\WwwRoot\Runtime\Cache\Home\6b2c666fea9c5f7a6ebc0fb27b266a7f.php 第 135 行.
INFO: Run Behavior\ParseTemplateBehavior [ RunTime:0.046875s ]
INFO: [ view_parse ] --END-- [ RunTime:0.046875s ]
INFO: [ view_filter ] --START--
INFO: Run Behavior\WriteHtmlCacheBehavior [ RunTime:0.000000s ]
INFO: [ view_filter ] --END-- [ RunTime:0.000000s ]
INFO: [ app_end ] --START--
INFO: Run Behavior\ShowPageTraceBehavior [ RunTime:0.000000s ]
INFO: [ app_end ] --END-- [ RunTime:0.000000s ]

[ 2017-12-06T00:25:01+08:00 ] 69.58.178.57 /journal.html
INFO: [ app_init ] --START--
INFO: Run Behavior\BuildLiteBehavior [ RunTime:0.000000s ]
INFO: [ app_init ] --END-- [ RunTime:0.015625s ]
INFO: [ app_begin ] --START--
INFO: Run Behavior\ReadHtmlCacheBehavior [ RunTime:0.000000s ]
INFO: [ app_begin ] --END-- [ RunTime:0.000000s ]
NOTIC: [2] ini_set() has been disabled for security reasons E:\web\lykl812j\WwwRoot\ThinkPHP\Common\functions.php 第 1236 行.
SQL: SHOW COLUMNS FROM `fh_article` [ RunTime:0.0000s ]
SQL: SHOW COLUMNS FROM `fh_cat` [ RunTime:0.0000s ]
SQL: SHOW COLUMNS FROM `fh_log` [ RunTime:0.0156s ]
SQL: SHOW COLUMNS FROM `fh_say` [ RunTime:0.0000s ]
SQL: SHOW COLUMNS FROM `fh_system` [ RunTime:0.0000s ]
SQL: SELECT * FROM `fh_log` WHERE `l_show` = 0 ORDER BY l_id desc LIMIT 5   [ RunTime:0.0000s ]
INFO: [ view_parse ] --START--
INFO: [ template_filter ] --START--
INFO: Run Behavior\ContentReplaceBehavior [ RunTime:0.000000s ]
INFO: [ template_filter ] --END-- [ RunTime:0.000000s ]
NOTIC: [8] Undefined variable: index E:\web\lykl812j\WwwRoot\Runtime\Cache\Home\d37a08a0f58d5adb8182cbdfb75c382e.php 第 24 行.
NOTIC: [8] Undefined variable: about E:\web\lykl812j\WwwRoot\Runtime\Cache\Home\d37a08a0f58d5adb8182cbdfb75c382e.php 第 25 行.
NOTIC: [8] Undefined variable: article E:\web\lykl812j\WwwRoot\Runtime\Cache\Home\d37a08a0f58d5adb8182cbdfb75c382e.php 第 26 行.
NOTIC: [8] Undefined variable: say E:\web\lykl812j\WwwRoot\Runtime\Cache\Home\d37a08a0f58d5adb8182cbdfb75c382e.php 第 28 行.
NOTIC: [8] Undefined variable: board E:\web\lykl812j\WwwRoot\Runtime\Cache\Home\d37a08a0f58d5adb8182cbdfb75c382e.php 第 29 行.
NOTIC: [8] Undefined index: a_id E:\web\lykl812j\WwwRoot\Runtime\Cache\Home\d37a08a0f58d5adb8182cbdfb75c382e.php 第 55 行.
NOTIC: [8] Undefined index: a_id E:\web\lykl812j\WwwRoot\Runtime\Cache\Home\d37a08a0f58d5adb8182cbdfb75c382e.php 第 58 行.
NOTIC: [8] Undefined index: a_id E:\web\lykl812j\WwwRoot\Runtime\Cache\Home\d37a08a0f58d5adb8182cbdfb75c382e.php 第 55 行.
NOTIC: [8] Undefined index: a_id E:\web\lykl812j\WwwRoot\Runtime\Cache\Home\d37a08a0f58d5adb8182cbdfb75c382e.php 第 58 行.
NOTIC: [8] Undefined index: a_id E:\web\lykl812j\WwwRoot\Runtime\Cache\Home\d37a08a0f58d5adb8182cbdfb75c382e.php 第 55 行.
NOTIC: [8] Undefined index: a_id E:\web\lykl812j\WwwRoot\Runtime\Cache\Home\d37a08a0f58d5adb8182cbdfb75c382e.php 第 58 行.
NOTIC: [8] Undefined index: c_id E:\web\lykl812j\WwwRoot\Runtime\Cache\Home\d37a08a0f58d5adb8182cbdfb75c382e.php 第 133 行.
NOTIC: [8] Undefined index: c_id E:\web\lykl812j\WwwRoot\Runtime\Cache\Home\d37a08a0f58d5adb8182cbdfb75c382e.php 第 133 行.
NOTIC: [8] Undefined index: c_id E:\web\lykl812j\WwwRoot\Runtime\Cache\Home\d37a08a0f58d5adb8182cbdfb75c382e.php 第 133 行.
NOTIC: [8] Undefined index: c_id E:\web\lykl812j\WwwRoot\Runtime\Cache\Home\d37a08a0f58d5adb8182cbdfb75c382e.php 第 133 行.
NOTIC: [8] Undefined index: c_id E:\web\lykl812j\WwwRoot\Runtime\Cache\Home\d37a08a0f58d5adb8182cbdfb75c382e.php 第 133 行.
INFO: Run Behavior\ParseTemplateBehavior [ RunTime:0.031250s ]
INFO: [ view_parse ] --END-- [ RunTime:0.031250s ]
INFO: [ view_filter ] --START--
INFO: Run Behavior\WriteHtmlCacheBehavior [ RunTime:0.015625s ]
INFO: [ view_filter ] --END-- [ RunTime:0.015625s ]
INFO: [ app_end ] --START--
INFO: Run Behavior\ShowPageTraceBehavior [ RunTime:0.000000s ]
INFO: [ app_end ] --END-- [ RunTime:0.000000s ]

[ 2017-12-06T00:25:04+08:00 ] 69.58.178.57 /say.html
INFO: [ app_init ] --START--
INFO: Run Behavior\BuildLiteBehavior [ RunTime:0.000000s ]
INFO: [ app_init ] --END-- [ RunTime:0.000000s ]
INFO: [ app_begin ] --START--
INFO: Run Behavior\ReadHtmlCacheBehavior [ RunTime:0.000000s ]
INFO: [ app_begin ] --END-- [ RunTime:0.000000s ]
NOTIC: [2] ini_set() has been disabled for security reasons E:\web\lykl812j\WwwRoot\ThinkPHP\Common\functions.php 第 1236 行.
SQL: SHOW COLUMNS FROM `fh_article` [ RunTime:0.0000s ]
SQL: SHOW COLUMNS FROM `fh_cat` [ RunTime:0.0000s ]
SQL: SHOW COLUMNS FROM `fh_log` [ RunTime:0.0156s ]
SQL: SHOW COLUMNS FROM `fh_say` [ RunTime:0.0000s ]
SQL: SHOW COLUMNS FROM `fh_system` [ RunTime:0.0000s ]
SQL: SELECT * FROM `fh_article` WHERE `a_show` = 0 LIMIT 7   [ RunTime:0.0156s ]
SQL: SELECT * FROM `fh_cat` ORDER BY c_id desc  [ RunTime:0.0000s ]
SQL: SELECT * FROM `fh_article` ORDER BY a_time desc LIMIT 6   [ RunTime:0.0000s ]
SQL: SELECT * FROM `fh_log` ORDER BY l_time desc LIMIT 6   [ RunTime:0.0000s ]
SQL: SELECT * FROM `fh_say` ORDER BY s_time desc LIMIT 6   [ RunTime:0.0000s ]
SQL: SELECT `c_id`,`c_name` FROM `fh_cat` WHERE `c_show` = 0 ORDER BY c_id desc  [ RunTime:0.0000s ]
SQL: SELECT `a_id`,`a_name`,`a_img`,`a_time`,`a_hit`,`c_name` FROM `fh_article` INNER JOIN fh_cat on fh_article.pid = fh_cat.c_id  ORDER BY a_hit desc LIMIT 5   [ RunTime:0.0000s ]
SQL: SELECT * FROM `fh_system` WHERE `id` = 1 LIMIT 1   [ RunTime:0.0000s ]
SQL: SELECT * FROM `fh_say` WHERE `s_show` = 0 ORDER BY s_time desc LIMIT 5   [ RunTime:0.0000s ]
INFO: [ view_parse ] --START--
INFO: [ template_filter ] --START--
INFO: Run Behavior\ContentReplaceBehavior [ RunTime:0.000000s ]
INFO: [ template_filter ] --END-- [ RunTime:0.000000s ]
NOTIC: [8] Undefined variable: index E:\web\lykl812j\WwwRoot\Runtime\Cache\Home\63beaf5571d1423e103f5cfd7a9f769a.php 第 24 行.
NOTIC: [8] Undefined variable: about E:\web\lykl812j\WwwRoot\Runtime\Cache\Home\63beaf5571d1423e103f5cfd7a9f769a.php 第 25 行.
NOTIC: [8] Undefined variable: article E:\web\lykl812j\WwwRoot\Runtime\Cache\Home\63beaf5571d1423e103f5cfd7a9f769a.php 第 26 行.
NOTIC: [8] Undefined variable: log E:\web\lykl812j\WwwRoot\Runtime\Cache\Home\63beaf5571d1423e103f5cfd7a9f769a.php 第 27 行.
NOTIC: [8] Undefined variable: board E:\web\lykl812j\WwwRoot\Runtime\Cache\Home\63beaf5571d1423e103f5cfd7a9f769a.php 第 29 行.
NOTIC: [8] Undefined index: c_id E:\web\lykl812j\WwwRoot\Runtime\Cache\Home\63beaf5571d1423e103f5cfd7a9f769a.php 第 117 行.
NOTIC: [8] Undefined index: c_id E:\web\lykl812j\WwwRoot\Runtime\Cache\Home\63beaf5571d1423e103f5cfd7a9f769a.php 第 117 行.
NOTIC: [8] Undefined index: c_id E:\web\lykl812j\WwwRoot\Runtime\Cache\Home\63beaf5571d1423e103f5cfd7a9f769a.php 第 117 行.
NOTIC: [8] Undefined index: c_id E:\web\lykl812j\WwwRoot\Runtime\Cache\Home\63beaf5571d1423e103f5cfd7a9f769a.php 第 117 行.
NOTIC: [8] Undefined index: c_id E:\web\lykl812j\WwwRoot\Runtime\Cache\Home\63beaf5571d1423e103f5cfd7a9f769a.php 第 117 行.
INFO: Run Behavior\ParseTemplateBehavior [ RunTime:0.031250s ]
INFO: [ view_parse ] --END-- [ RunTime:0.031250s ]
INFO: [ view_filter ] --START--
INFO: Run Behavior\WriteHtmlCacheBehavior [ RunTime:0.000000s ]
INFO: [ view_filter ] --END-- [ RunTime:0.000000s ]
INFO: [ app_end ] --START--
INFO: Run Behavior\ShowPageTraceBehavior [ RunTime:0.000000s ]
INFO: [ app_end ] --END-- [ RunTime:0.000000s ]

[ 2017-12-06T00:25:06+08:00 ] 69.58.178.57 /board.html
INFO: [ app_init ] --START--
INFO: Run Behavior\BuildLiteBehavior [ RunTime:0.000000s ]
INFO: [ app_init ] --END-- [ RunTime:0.000000s ]
INFO: [ app_begin ] --START--
INFO: Run Behavior\ReadHtmlCacheBehavior [ RunTime:0.000000s ]
INFO: [ app_begin ] --END-- [ RunTime:0.000000s ]
NOTIC: [2] ini_set() has been disabled for security reasons E:\web\lykl812j\WwwRoot\ThinkPHP\Common\functions.php 第 1236 行.
SQL: SHOW COLUMNS FROM `fh_article` [ RunTime:0.0000s ]
SQL: SHOW COLUMNS FROM `fh_cat` [ RunTime:0.0156s ]
SQL: SHOW COLUMNS FROM `fh_log` [ RunTime:0.0000s ]
SQL: SHOW COLUMNS FROM `fh_say` [ RunTime:0.0000s ]
SQL: SHOW COLUMNS FROM `fh_system` [ RunTime:0.0000s ]
SQL: SHOW COLUMNS FROM `fh_board` [ RunTime:0.0000s ]
SQL: SELECT COUNT(*) AS tp_count FROM `fh_board` LIMIT 1   [ RunTime:0.0000s ]
SQL: SELECT * FROM `fh_board` ORDER BY b_time desc  [ RunTime:0.0000s ]
INFO: [ view_parse ] --START--
INFO: [ template_filter ] --START--
INFO: Run Behavior\ContentReplaceBehavior [ RunTime:0.000000s ]
INFO: [ template_filter ] --END-- [ RunTime:0.000000s ]
NOTIC: [8] Undefined variable: index E:\web\lykl812j\WwwRoot\Runtime\Cache\Home\2f1da06ed2416c9be755be1237f8b30c.php 第 24 行.
NOTIC: [8] Undefined variable: about E:\web\lykl812j\WwwRoot\Runtime\Cache\Home\2f1da06ed2416c9be755be1237f8b30c.php 第 25 行.
NOTIC: [8] Undefined variable: article E:\web\lykl812j\WwwRoot\Runtime\Cache\Home\2f1da06ed2416c9be755be1237f8b30c.php 第 26 行.
NOTIC: [8] Undefined variable: log E:\web\lykl812j\WwwRoot\Runtime\Cache\Home\2f1da06ed2416c9be755be1237f8b30c.php 第 27 行.
NOTIC: [8] Undefined variable: say E:\web\lykl812j\WwwRoot\Runtime\Cache\Home\2f1da06ed2416c9be755be1237f8b30c.php 第 28 行.
NOTIC: [8] Undefined index: c_id E:\web\lykl812j\WwwRoot\Runtime\Cache\Home\2f1da06ed2416c9be755be1237f8b30c.php 第 146 行.
NOTIC: [8] Undefined index: c_id E:\web\lykl812j\WwwRoot\Runtime\Cache\Home\2f1da06ed2416c9be755be1237f8b30c.php 第 146 行.
NOTIC: [8] Undefined index: c_id E:\web\lykl812j\WwwRoot\Runtime\Cache\Home\2f1da06ed2416c9be755be1237f8b30c.php 第 146 行.
NOTIC: [8] Undefined index: c_id E:\web\lykl812j\WwwRoot\Runtime\Cache\Home\2f1da06ed2416c9be755be1237f8b30c.php 第 146 行.
NOTIC: [8] Undefined index: c_id E:\web\lykl812j\WwwRoot\Runtime\Cache\Home\2f1da06ed2416c9be755be1237f8b30c.php 第 146 行.
INFO: Run Behavior\ParseTemplateBehavior [ RunTime:0.046875s ]
INFO: [ view_parse ] --END-- [ RunTime:0.046875s ]
INFO: [ view_filter ] --START--
INFO: Run Behavior\WriteHtmlCacheBehavior [ RunTime:0.000000s ]
INFO: [ view_filter ] --END-- [ RunTime:0.000000s ]
INFO: [ app_end ] --START--
INFO: Run Behavior\ShowPageTraceBehavior [ RunTime:0.000000s ]
INFO: [ app_end ] --END-- [ RunTime:0.000000s ]

[ 2017-12-06T00:25:09+08:00 ] 69.58.178.57 /artinfo-11.html
INFO: [ app_init ] --START--
INFO: Run Behavior\BuildLiteBehavior [ RunTime:0.000000s ]
INFO: [ app_init ] --END-- [ RunTime:0.000000s ]
INFO: [ app_begin ] --START--
INFO: Run Behavior\ReadHtmlCacheBehavior [ RunTime:0.000000s ]
INFO: [ app_begin ] --END-- [ RunTime:0.000000s ]
NOTIC: [2] ini_set() has been disabled for security reasons E:\web\lykl812j\WwwRoot\ThinkPHP\Common\functions.php 第 1236 行.
SQL: SHOW COLUMNS FROM `fh_article` [ RunTime:0.0000s ]
SQL: SHOW COLUMNS FROM `fh_cat` [ RunTime:0.0000s ]
SQL: SHOW COLUMNS FROM `fh_log` [ RunTime:0.0000s ]
SQL: SHOW COLUMNS FROM `fh_say` [ RunTime:0.0156s ]
SQL: SHOW COLUMNS FROM `fh_system` [ RunTime:0.0000s ]
SQL: SELECT * FROM `fh_article` WHERE `a_id` = 11 LIMIT 1   [ RunTime:0.0000s ]
SQL: SHOW COLUMNS FROM `fh_article_c` [ RunTime:0.0000s ]
SQL: UPDATE `fh_article` SET `a_hit`=a_hit+1 WHERE `a_id` = 11 [ RunTime:0.4531s ]
SQL: SELECT * FROM `fh_article` WHERE `a_id` = 11 LIMIT 1   [ RunTime:0.0000s ]
SQL: SELECT * FROM `fh_article` WHERE ( a_id < 11 ) ORDER BY a_id desc LIMIT 1   [ RunTime:0.0000s ]
SQL: SELECT * FROM `fh_article` WHERE ( a_id > 11 ) LIMIT 1   [ RunTime:0.0000s ]
SQL: SELECT COUNT(*) AS tp_count FROM `fh_article_c` WHERE `ac_pid` = 11 LIMIT 1   [ RunTime:0.0000s ]
SQL: SELECT * FROM `fh_article_c` WHERE `ac_pid` = 11 ORDER BY ac_time desc  [ RunTime:0.0000s ]
INFO: [ view_parse ] --START--
INFO: [ template_filter ] --START--
INFO: Run Behavior\ContentReplaceBehavior [ RunTime:0.000000s ]
INFO: [ template_filter ] --END-- [ RunTime:0.000000s ]
NOTIC: [8] Undefined variable: index E:\web\lykl812j\WwwRoot\Runtime\Cache\Home\7f11d8fd48ca18f0fc1c2c81c774938b.php 第 24 行.
NOTIC: [8] Undefined variable: about E:\web\lykl812j\WwwRoot\Runtime\Cache\Home\7f11d8fd48ca18f0fc1c2c81c774938b.php 第 25 行.
NOTIC: [8] Undefined variable: log E:\web\lykl812j\WwwRoot\Runtime\Cache\Home\7f11d8fd48ca18f0fc1c2c81c774938b.php 第 27 行.
NOTIC: [8] Undefined variable: say E:\web\lykl812j\WwwRoot\Runtime\Cache\Home\7f11d8fd48ca18f0fc1c2c81c774938b.php 第 28 行.
NOTIC: [8] Undefined variable: board E:\web\lykl812j\WwwRoot\Runtime\Cache\Home\7f11d8fd48ca18f0fc1c2c81c774938b.php 第 29 行.
NOTIC: [8] Undefined index: c_id E:\web\lykl812j\WwwRoot\Runtime\Cache\Home\7f11d8fd48ca18f0fc1c2c81c774938b.php 第 200 行.
NOTIC: [8] Undefined index: c_id E:\web\lykl812j\WwwRoot\Runtime\Cache\Home\7f11d8fd48ca18f0fc1c2c81c774938b.php 第 200 行.
NOTIC: [8] Undefined index: c_id E:\web\lykl812j\WwwRoot\Runtime\Cache\Home\7f11d8fd48ca18f0fc1c2c81c774938b.php 第 200 行.
NOTIC: [8] Undefined index: c_id E:\web\lykl812j\WwwRoot\Runtime\Cache\Home\7f11d8fd48ca18f0fc1c2c81c774938b.php 第 200 行.
NOTIC: [8] Undefined index: c_id E:\web\lykl812j\WwwRoot\Runtime\Cache\Home\7f11d8fd48ca18f0fc1c2c81c774938b.php 第 200 行.
INFO: Run Behavior\ParseTemplateBehavior [ RunTime:0.031250s ]
INFO: [ view_parse ] --END-- [ RunTime:0.031250s ]
INFO: [ view_filter ] --START--
INFO: Run Behavior\WriteHtmlCacheBehavior [ RunTime:0.000000s ]
INFO: [ view_filter ] --END-- [ RunTime:0.000000s ]
INFO: [ app_end ] --START--
INFO: Run Behavior\ShowPageTraceBehavior [ RunTime:0.000000s ]
INFO: [ app_end ] --END-- [ RunTime:0.000000s ]

[ 2017-12-06T00:25:11+08:00 ] 69.58.178.57 /artinfo-12.html
INFO: [ app_init ] --START--
INFO: Run Behavior\BuildLiteBehavior [ RunTime:0.000000s ]
INFO: [ app_init ] --END-- [ RunTime:0.000000s ]
INFO: [ app_begin ] --START--
INFO: Run Behavior\ReadHtmlCacheBehavior [ RunTime:0.000000s ]
INFO: [ app_begin ] --END-- [ RunTime:0.000000s ]
NOTIC: [2] ini_set() has been disabled for security reasons E:\web\lykl812j\WwwRoot\ThinkPHP\Common\functions.php 第 1236 行.
SQL: SHOW COLUMNS FROM `fh_article` [ RunTime:0.0000s ]
SQL: SHOW COLUMNS FROM `fh_cat` [ RunTime:0.0000s ]
SQL: SHOW COLUMNS FROM `fh_log` [ RunTime:0.0000s ]
SQL: SHOW COLUMNS FROM `fh_say` [ RunTime:0.0000s ]
SQL: SHOW COLUMNS FROM `fh_system` [ RunTime:0.0156s ]
SQL: SELECT * FROM `fh_article` WHERE `a_id` = 12 LIMIT 1   [ RunTime:0.0000s ]
SQL: SHOW COLUMNS FROM `fh_article_c` [ RunTime:0.0000s ]
SQL: UPDATE `fh_article` SET `a_hit`=a_hit+1 WHERE `a_id` = 12 [ RunTime:0.0156s ]
SQL: SELECT * FROM `fh_article` WHERE `a_id` = 12 LIMIT 1   [ RunTime:0.0000s ]
SQL: SELECT * FROM `fh_article` WHERE ( a_id < 12 ) ORDER BY a_id desc LIMIT 1   [ RunTime:0.0000s ]
SQL: SELECT * FROM `fh_article` WHERE ( a_id > 12 ) LIMIT 1   [ RunTime:0.0000s ]
SQL: SELECT COUNT(*) AS tp_count FROM `fh_article_c` WHERE `ac_pid` = 12 LIMIT 1   [ RunTime:0.0000s ]
SQL: SELECT * FROM `fh_article_c` WHERE `ac_pid` = 12 ORDER BY ac_time desc  [ RunTime:0.0000s ]
INFO: [ view_parse ] --START--
INFO: [ template_filter ] --START--
INFO: Run Behavior\ContentReplaceBehavior [ RunTime:0.000000s ]
INFO: [ template_filter ] --END-- [ RunTime:0.000000s ]
NOTIC: [8] Undefined variable: index E:\web\lykl812j\WwwRoot\Runtime\Cache\Home\7f11d8fd48ca18f0fc1c2c81c774938b.php 第 24 行.
NOTIC: [8] Undefined variable: about E:\web\lykl812j\WwwRoot\Runtime\Cache\Home\7f11d8fd48ca18f0fc1c2c81c774938b.php 第 25 行.
NOTIC: [8] Undefined variable: log E:\web\lykl812j\WwwRoot\Runtime\Cache\Home\7f11d8fd48ca18f0fc1c2c81c774938b.php 第 27 行.
NOTIC: [8] Undefined variable: say E:\web\lykl812j\WwwRoot\Runtime\Cache\Home\7f11d8fd48ca18f0fc1c2c81c774938b.php 第 28 行.
NOTIC: [8] Undefined variable: board E:\web\lykl812j\WwwRoot\Runtime\Cache\Home\7f11d8fd48ca18f0fc1c2c81c774938b.php 第 29 行.
NOTIC: [8] Undefined index: c_id E:\web\lykl812j\WwwRoot\Runtime\Cache\Home\7f11d8fd48ca18f0fc1c2c81c774938b.php 第 200 行.
NOTIC: [8] Undefined index: c_id E:\web\lykl812j\WwwRoot\Runtime\Cache\Home\7f11d8fd48ca18f0fc1c2c81c774938b.php 第 200 行.
NOTIC: [8] Undefined index: c_id E:\web\lykl812j\WwwRoot\Runtime\Cache\Home\7f11d8fd48ca18f0fc1c2c81c774938b.php 第 200 行.
NOTIC: [8] Undefined index: c_id E:\web\lykl812j\WwwRoot\Runtime\Cache\Home\7f11d8fd48ca18f0fc1c2c81c774938b.php 第 200 行.
NOTIC: [8] Undefined index: c_id E:\web\lykl812j\WwwRoot\Runtime\Cache\Home\7f11d8fd48ca18f0fc1c2c81c774938b.php 第 200 行.
INFO: Run Behavior\ParseTemplateBehavior [ RunTime:0.031250s ]
INFO: [ view_parse ] --END-- [ RunTime:0.031250s ]
INFO: [ view_filter ] --START--
INFO: Run Behavior\WriteHtmlCacheBehavior [ RunTime:0.000000s ]
INFO: [ view_filter ] --END-- [ RunTime:0.000000s ]
INFO: [ app_end ] --START--
INFO: Run Behavior\ShowPageTraceBehavior [ RunTime:0.000000s ]
INFO: [ app_end ] --END-- [ RunTime:0.000000s ]

[ 2017-12-06T17:53:47+08:00 ] 61.140.27.163 /
INFO: [ app_init ] --START--
INFO: Run Behavior\BuildLiteBehavior [ RunTime:0.000000s ]
INFO: [ app_init ] --END-- [ RunTime:0.000000s ]
INFO: [ app_begin ] --START--
INFO: Run Behavior\ReadHtmlCacheBehavior [ RunTime:0.000000s ]
INFO: [ app_begin ] --END-- [ RunTime:0.000000s ]
NOTIC: [2] ini_set() has been disabled for security reasons E:\web\lykl812j\WwwRoot\ThinkPHP\Common\functions.php 第 1236 行.
SQL: SHOW COLUMNS FROM `fh_article` [ RunTime:0.0000s ]
SQL: SHOW COLUMNS FROM `fh_cat` [ RunTime:0.0000s ]
SQL: SHOW COLUMNS FROM `fh_log` [ RunTime:0.0156s ]
SQL: SHOW COLUMNS FROM `fh_say` [ RunTime:0.0000s ]
SQL: SHOW COLUMNS FROM `fh_system` [ RunTime:0.0000s ]
SQL: SELECT * FROM `fh_article` WHERE `a_show` = 0 LIMIT 7   [ RunTime:0.0156s ]
SQL: SELECT * FROM `fh_cat` ORDER BY c_id desc  [ RunTime:0.0000s ]
SQL: SELECT * FROM `fh_article` ORDER BY a_time desc LIMIT 6   [ RunTime:0.0000s ]
SQL: SELECT * FROM `fh_log` ORDER BY l_time desc LIMIT 6   [ RunTime:0.0000s ]
SQL: SELECT * FROM `fh_say` ORDER BY s_time desc LIMIT 6   [ RunTime:0.0000s ]
SQL: SELECT `c_id`,`c_name` FROM `fh_cat` WHERE `c_show` = 0 ORDER BY c_id desc  [ RunTime:0.0000s ]
SQL: SELECT `a_id`,`a_name`,`a_img`,`a_time`,`a_hit`,`c_name` FROM `fh_article` INNER JOIN fh_cat on fh_article.pid = fh_cat.c_id  ORDER BY a_hit desc LIMIT 5   [ RunTime:0.0000s ]
SQL: SELECT * FROM `fh_system` WHERE `id` = 1 LIMIT 1   [ RunTime:0.0000s ]
INFO: [ view_parse ] --START--
INFO: [ template_filter ] --START--
INFO: Run Behavior\ContentReplaceBehavior [ RunTime:0.000000s ]
INFO: [ template_filter ] --END-- [ RunTime:0.000000s ]
NOTIC: [8] Undefined variable: about E:\web\lykl812j\WwwRoot\Runtime\Cache\Home\ccc714bf1ad7378d61a4beb8be3a2914.php 第 24 行.
NOTIC: [8] Undefined variable: article E:\web\lykl812j\WwwRoot\Runtime\Cache\Home\ccc714bf1ad7378d61a4beb8be3a2914.php 第 25 行.
NOTIC: [8] Undefined variable: log E:\web\lykl812j\WwwRoot\Runtime\Cache\Home\ccc714bf1ad7378d61a4beb8be3a2914.php 第 26 行.
NOTIC: [8] Undefined variable: say E:\web\lykl812j\WwwRoot\Runtime\Cache\Home\ccc714bf1ad7378d61a4beb8be3a2914.php 第 27 行.
NOTIC: [8] Undefined variable: board E:\web\lykl812j\WwwRoot\Runtime\Cache\Home\ccc714bf1ad7378d61a4beb8be3a2914.php 第 28 行.
NOTIC: [8] Undefined index: c_id E:\web\lykl812j\WwwRoot\Runtime\Cache\Home\ccc714bf1ad7378d61a4beb8be3a2914.php 第 180 行.
NOTIC: [8] Undefined index: c_id E:\web\lykl812j\WwwRoot\Runtime\Cache\Home\ccc714bf1ad7378d61a4beb8be3a2914.php 第 180 行.
NOTIC: [8] Undefined index: c_id E:\web\lykl812j\WwwRoot\Runtime\Cache\Home\ccc714bf1ad7378d61a4beb8be3a2914.php 第 180 行.
NOTIC: [8] Undefined index: c_id E:\web\lykl812j\WwwRoot\Runtime\Cache\Home\ccc714bf1ad7378d61a4beb8be3a2914.php 第 180 行.
NOTIC: [8] Undefined index: c_id E:\web\lykl812j\WwwRoot\Runtime\Cache\Home\ccc714bf1ad7378d61a4beb8be3a2914.php 第 180 行.
INFO: Run Behavior\ParseTemplateBehavior [ RunTime:0.062500s ]
INFO: [ view_parse ] --END-- [ RunTime:0.062500s ]
INFO: [ view_filter ] --START--
INFO: Run Behavior\WriteHtmlCacheBehavior [ RunTime:0.000000s ]
INFO: [ view_filter ] --END-- [ RunTime:0.000000s ]
INFO: [ app_end ] --START--
INFO: Run Behavior\ShowPageTraceBehavior [ RunTime:0.000000s ]
INFO: [ app_end ] --END-- [ RunTime:0.000000s ]

[ 2017-12-06T17:53:47+08:00 ] 61.140.27.163 /favicon.ico
INFO: [ app_init ] --START--
INFO: Run Behavior\BuildLiteBehavior [ RunTime:0.000000s ]
INFO: [ app_init ] --END-- [ RunTime:0.000000s ]

