[ 2017-11-13T10:27:41+08:00 ] 127.0.0.1 /
INFO: [ app_init ] --START--
INFO: Run Behavior\BuildLiteBehavior [ RunTime:0.000010s ]
INFO: [ app_init ] --END-- [ RunTime:0.001467s ]
INFO: [ app_begin ] --START--
INFO: Run Behavior\ReadHtmlCacheBehavior [ RunTime:0.000871s ]
INFO: [ app_begin ] --END-- [ RunTime:0.000914s ]
SQL: SHOW COLUMNS FROM `fh_article` [ RunTime:0.0041s ]
SQL: SHOW COLUMNS FROM `fh_cat` [ RunTime:0.0026s ]
SQL: SELECT * FROM `fh_article` WHERE `a_show` = 0  [ RunTime:0.0009s ]
SQL: SELECT * FROM `fh_cat` ORDER BY c_id desc  [ RunTime:0.0002s ]
INFO: [ view_parse ] --START--
INFO: [ template_filter ] --START--
INFO: Run Behavior\ContentReplaceBehavior [ RunTime:0.000070s ]
INFO: [ template_filter ] --END-- [ RunTime:0.000111s ]
NOTIC: [8] Undefined variable: article E:\fish\Runtime\Cache\Home\ccc714bf1ad7378d61a4beb8be3a2914.php 第 19 行.
NOTIC: [8] Undefined variable: log E:\fish\Runtime\Cache\Home\ccc714bf1ad7378d61a4beb8be3a2914.php 第 24 行.
NOTIC: [8] Undefined variable: say E:\fish\Runtime\Cache\Home\ccc714bf1ad7378d61a4beb8be3a2914.php 第 25 行.
NOTIC: [8] Undefined variable: album E:\fish\Runtime\Cache\Home\ccc714bf1ad7378d61a4beb8be3a2914.php 第 26 行.
NOTIC: [8] Undefined variable: board E:\fish\Runtime\Cache\Home\ccc714bf1ad7378d61a4beb8be3a2914.php 第 27 行.
NOTIC: [8] Undefined variable: about E:\fish\Runtime\Cache\Home\ccc714bf1ad7378d61a4beb8be3a2914.php 第 29 行.
INFO: Run Behavior\ParseTemplateBehavior [ RunTime:0.013298s ]
INFO: [ view_parse ] --END-- [ RunTime:0.013348s ]
INFO: [ view_filter ] --START--
INFO: Run Behavior\WriteHtmlCacheBehavior [ RunTime:0.000855s ]
INFO: [ view_filter ] --END-- [ RunTime:0.000893s ]
INFO: [ app_end ] --START--
INFO: Run Behavior\ShowPageTraceBehavior [ RunTime:0.000825s ]
INFO: [ app_end ] --END-- [ RunTime:0.000863s ]

[ 2017-11-13T10:27:41+08:00 ] 127.0.0.1 /Public/Home/img/icon/favicon.ico
INFO: [ app_init ] --START--
INFO: Run Behavior\BuildLiteBehavior [ RunTime:0.000012s ]
INFO: [ app_init ] --END-- [ RunTime:0.000341s ]

[ 2017-11-13T10:35:20+08:00 ] 127.0.0.1 /Public/Admin/Img/gritter.png
INFO: [ app_init ] --START--
INFO: Run Behavior\BuildLiteBehavior [ RunTime:0.000010s ]
INFO: [ app_init ] --END-- [ RunTime:0.000279s ]

[ 2017-11-13T10:52:18+08:00 ] 127.0.0.1 /Public/Admin/Img/gritter.png
INFO: [ app_init ] --START--
INFO: Run Behavior\BuildLiteBehavior [ RunTime:0.000010s ]
INFO: [ app_init ] --END-- [ RunTime:0.000308s ]

[ 2017-11-13T11:06:27+08:00 ] 127.0.0.1 /favicon.ico
INFO: [ app_init ] --START--
INFO: Run Behavior\BuildLiteBehavior [ RunTime:0.000011s ]
INFO: [ app_init ] --END-- [ RunTime:0.000301s ]

[ 2017-11-13T11:57:33+08:00 ] 127.0.0.1 /Public/Admin/Img/gritter.png
INFO: [ app_init ] --START--
INFO: Run Behavior\BuildLiteBehavior [ RunTime:0.000010s ]
INFO: [ app_init ] --END-- [ RunTime:0.000276s ]

