[ 2017-12-22T10:32:11+08:00 ] 61.140.26.189 /
INFO: [ app_init ] --START--
INFO: Run Behavior\BuildLiteBehavior [ RunTime:0.000000s ]
INFO: [ app_init ] --END-- [ RunTime:0.000000s ]
INFO: [ app_begin ] --START--
INFO: Run Behavior\ReadHtmlCacheBehavior [ RunTime:0.000000s ]
INFO: [ app_begin ] --END-- [ RunTime:0.000000s ]
NOTIC: [2] ini_set() has been disabled for security reasons E:\web\lykl812j\WwwRoot\ThinkPHP\Common\functions.php 第 1236 行.
SQL: SHOW COLUMNS FROM `fh_article` [ RunTime:0.0000s ]
SQL: SHOW COLUMNS FROM `fh_cat` [ RunTime:0.0000s ]
SQL: SHOW COLUMNS FROM `fh_log` [ RunTime:0.0156s ]
SQL: SHOW COLUMNS FROM `fh_say` [ RunTime:0.0000s ]
SQL: SHOW COLUMNS FROM `fh_system` [ RunTime:0.0000s ]
SQL: SELECT * FROM `fh_article` WHERE `a_show` = 0 LIMIT 7   [ RunTime:0.0156s ]
SQL: SELECT * FROM `fh_cat` ORDER BY c_id desc  [ RunTime:0.0000s ]
SQL: SELECT * FROM `fh_article` ORDER BY a_time desc LIMIT 6   [ RunTime:0.0000s ]
SQL: SELECT * FROM `fh_log` ORDER BY l_time desc LIMIT 6   [ RunTime:0.0156s ]
SQL: SELECT * FROM `fh_say` ORDER BY s_time desc LIMIT 6   [ RunTime:0.0000s ]
SQL: SELECT `c_id`,`c_name` FROM `fh_cat` WHERE `c_show` = 0 ORDER BY c_id desc  [ RunTime:0.0000s ]
SQL: SELECT `a_id`,`a_name`,`a_img`,`a_time`,`a_hit`,`c_name` FROM `fh_article` INNER JOIN fh_cat on fh_article.pid = fh_cat.c_id  ORDER BY a_hit desc LIMIT 5   [ RunTime:0.0000s ]
SQL: SELECT * FROM `fh_system` WHERE `id` = 1 LIMIT 1   [ RunTime:0.0000s ]
INFO: [ view_parse ] --START--
INFO: [ template_filter ] --START--
INFO: Run Behavior\ContentReplaceBehavior [ RunTime:0.000000s ]
INFO: [ template_filter ] --END-- [ RunTime:0.000000s ]
NOTIC: [8] Undefined variable: about E:\web\lykl812j\WwwRoot\Runtime\Cache\Home\ccc714bf1ad7378d61a4beb8be3a2914.php 第 24 行.
NOTIC: [8] Undefined variable: article E:\web\lykl812j\WwwRoot\Runtime\Cache\Home\ccc714bf1ad7378d61a4beb8be3a2914.php 第 25 行.
NOTIC: [8] Undefined variable: log E:\web\lykl812j\WwwRoot\Runtime\Cache\Home\ccc714bf1ad7378d61a4beb8be3a2914.php 第 26 行.
NOTIC: [8] Undefined variable: say E:\web\lykl812j\WwwRoot\Runtime\Cache\Home\ccc714bf1ad7378d61a4beb8be3a2914.php 第 27 行.
NOTIC: [8] Undefined variable: board E:\web\lykl812j\WwwRoot\Runtime\Cache\Home\ccc714bf1ad7378d61a4beb8be3a2914.php 第 28 行.
NOTIC: [8] Undefined index: c_id E:\web\lykl812j\WwwRoot\Runtime\Cache\Home\ccc714bf1ad7378d61a4beb8be3a2914.php 第 180 行.
NOTIC: [8] Undefined index: c_id E:\web\lykl812j\WwwRoot\Runtime\Cache\Home\ccc714bf1ad7378d61a4beb8be3a2914.php 第 180 行.
NOTIC: [8] Undefined index: c_id E:\web\lykl812j\WwwRoot\Runtime\Cache\Home\ccc714bf1ad7378d61a4beb8be3a2914.php 第 180 行.
NOTIC: [8] Undefined index: c_id E:\web\lykl812j\WwwRoot\Runtime\Cache\Home\ccc714bf1ad7378d61a4beb8be3a2914.php 第 180 行.
NOTIC: [8] Undefined index: c_id E:\web\lykl812j\WwwRoot\Runtime\Cache\Home\ccc714bf1ad7378d61a4beb8be3a2914.php 第 180 行.
INFO: Run Behavior\ParseTemplateBehavior [ RunTime:0.062500s ]
INFO: [ view_parse ] --END-- [ RunTime:0.062500s ]
INFO: [ view_filter ] --START--
INFO: Run Behavior\WriteHtmlCacheBehavior [ RunTime:0.000000s ]
INFO: [ view_filter ] --END-- [ RunTime:0.000000s ]
INFO: [ app_end ] --START--
INFO: Run Behavior\ShowPageTraceBehavior [ RunTime:0.000000s ]
INFO: [ app_end ] --END-- [ RunTime:0.000000s ]

[ 2017-12-22T10:32:15+08:00 ] 61.140.26.189 /say.html
INFO: [ app_init ] --START--
INFO: Run Behavior\BuildLiteBehavior [ RunTime:0.000000s ]
INFO: [ app_init ] --END-- [ RunTime:0.000000s ]
INFO: [ app_begin ] --START--
INFO: Run Behavior\ReadHtmlCacheBehavior [ RunTime:0.000000s ]
INFO: [ app_begin ] --END-- [ RunTime:0.000000s ]
NOTIC: [2] ini_set() has been disabled for security reasons E:\web\lykl812j\WwwRoot\ThinkPHP\Common\functions.php 第 1236 行.
SQL: SHOW COLUMNS FROM `fh_article` [ RunTime:0.0000s ]
SQL: SHOW COLUMNS FROM `fh_cat` [ RunTime:0.0000s ]
SQL: SHOW COLUMNS FROM `fh_log` [ RunTime:0.0000s ]
SQL: SHOW COLUMNS FROM `fh_say` [ RunTime:0.0156s ]
SQL: SHOW COLUMNS FROM `fh_system` [ RunTime:0.0000s ]
SQL: SELECT * FROM `fh_say` WHERE `s_show` = 0 ORDER BY s_time desc LIMIT 5   [ RunTime:0.0000s ]
INFO: [ view_parse ] --START--
INFO: [ template_filter ] --START--
INFO: Run Behavior\ContentReplaceBehavior [ RunTime:0.000000s ]
INFO: [ template_filter ] --END-- [ RunTime:0.000000s ]
NOTIC: [8] Undefined variable: index E:\web\lykl812j\WwwRoot\Runtime\Cache\Home\63beaf5571d1423e103f5cfd7a9f769a.php 第 24 行.
NOTIC: [8] Undefined variable: about E:\web\lykl812j\WwwRoot\Runtime\Cache\Home\63beaf5571d1423e103f5cfd7a9f769a.php 第 25 行.
NOTIC: [8] Undefined variable: article E:\web\lykl812j\WwwRoot\Runtime\Cache\Home\63beaf5571d1423e103f5cfd7a9f769a.php 第 26 行.
NOTIC: [8] Undefined variable: log E:\web\lykl812j\WwwRoot\Runtime\Cache\Home\63beaf5571d1423e103f5cfd7a9f769a.php 第 27 行.
NOTIC: [8] Undefined variable: board E:\web\lykl812j\WwwRoot\Runtime\Cache\Home\63beaf5571d1423e103f5cfd7a9f769a.php 第 29 行.
NOTIC: [8] Undefined index: c_id E:\web\lykl812j\WwwRoot\Runtime\Cache\Home\63beaf5571d1423e103f5cfd7a9f769a.php 第 117 行.
NOTIC: [8] Undefined index: c_id E:\web\lykl812j\WwwRoot\Runtime\Cache\Home\63beaf5571d1423e103f5cfd7a9f769a.php 第 117 行.
NOTIC: [8] Undefined index: c_id E:\web\lykl812j\WwwRoot\Runtime\Cache\Home\63beaf5571d1423e103f5cfd7a9f769a.php 第 117 行.
NOTIC: [8] Undefined index: c_id E:\web\lykl812j\WwwRoot\Runtime\Cache\Home\63beaf5571d1423e103f5cfd7a9f769a.php 第 117 行.
NOTIC: [8] Undefined index: c_id E:\web\lykl812j\WwwRoot\Runtime\Cache\Home\63beaf5571d1423e103f5cfd7a9f769a.php 第 117 行.
INFO: Run Behavior\ParseTemplateBehavior [ RunTime:0.031250s ]
INFO: [ view_parse ] --END-- [ RunTime:0.031250s ]
INFO: [ view_filter ] --START--
INFO: Run Behavior\WriteHtmlCacheBehavior [ RunTime:0.000000s ]
INFO: [ view_filter ] --END-- [ RunTime:0.000000s ]
INFO: [ app_end ] --START--
INFO: Run Behavior\ShowPageTraceBehavior [ RunTime:0.000000s ]
INFO: [ app_end ] --END-- [ RunTime:0.000000s ]

[ 2017-12-22T10:32:18+08:00 ] 61.140.26.189 /favicon.ico
INFO: [ app_init ] --START--
INFO: Run Behavior\BuildLiteBehavior [ RunTime:0.000000s ]
INFO: [ app_init ] --END-- [ RunTime:0.000000s ]

[ 2017-12-22T10:32:21+08:00 ] 61.140.26.189 /board.html
INFO: [ app_init ] --START--
INFO: Run Behavior\BuildLiteBehavior [ RunTime:0.000000s ]
INFO: [ app_init ] --END-- [ RunTime:0.000000s ]
INFO: [ app_begin ] --START--
INFO: Run Behavior\ReadHtmlCacheBehavior [ RunTime:0.000000s ]
INFO: [ app_begin ] --END-- [ RunTime:0.000000s ]
NOTIC: [2] ini_set() has been disabled for security reasons E:\web\lykl812j\WwwRoot\ThinkPHP\Common\functions.php 第 1236 行.
SQL: SHOW COLUMNS FROM `fh_article` [ RunTime:0.0000s ]
SQL: SHOW COLUMNS FROM `fh_cat` [ RunTime:0.0000s ]
SQL: SHOW COLUMNS FROM `fh_log` [ RunTime:0.0000s ]
SQL: SHOW COLUMNS FROM `fh_say` [ RunTime:0.0156s ]
SQL: SHOW COLUMNS FROM `fh_system` [ RunTime:0.0000s ]
SQL: SHOW COLUMNS FROM `fh_board` [ RunTime:0.0000s ]
SQL: SELECT COUNT(*) AS tp_count FROM `fh_board` LIMIT 1   [ RunTime:0.0156s ]
SQL: SELECT * FROM `fh_board` ORDER BY b_time desc  [ RunTime:0.0000s ]
INFO: [ view_parse ] --START--
INFO: [ template_filter ] --START--
INFO: Run Behavior\ContentReplaceBehavior [ RunTime:0.000000s ]
INFO: [ template_filter ] --END-- [ RunTime:0.000000s ]
NOTIC: [8] Undefined variable: index E:\web\lykl812j\WwwRoot\Runtime\Cache\Home\2f1da06ed2416c9be755be1237f8b30c.php 第 24 行.
NOTIC: [8] Undefined variable: about E:\web\lykl812j\WwwRoot\Runtime\Cache\Home\2f1da06ed2416c9be755be1237f8b30c.php 第 25 行.
NOTIC: [8] Undefined variable: article E:\web\lykl812j\WwwRoot\Runtime\Cache\Home\2f1da06ed2416c9be755be1237f8b30c.php 第 26 行.
NOTIC: [8] Undefined variable: log E:\web\lykl812j\WwwRoot\Runtime\Cache\Home\2f1da06ed2416c9be755be1237f8b30c.php 第 27 行.
NOTIC: [8] Undefined variable: say E:\web\lykl812j\WwwRoot\Runtime\Cache\Home\2f1da06ed2416c9be755be1237f8b30c.php 第 28 行.
NOTIC: [8] Undefined index: c_id E:\web\lykl812j\WwwRoot\Runtime\Cache\Home\2f1da06ed2416c9be755be1237f8b30c.php 第 146 行.
NOTIC: [8] Undefined index: c_id E:\web\lykl812j\WwwRoot\Runtime\Cache\Home\2f1da06ed2416c9be755be1237f8b30c.php 第 146 行.
NOTIC: [8] Undefined index: c_id E:\web\lykl812j\WwwRoot\Runtime\Cache\Home\2f1da06ed2416c9be755be1237f8b30c.php 第 146 行.
NOTIC: [8] Undefined index: c_id E:\web\lykl812j\WwwRoot\Runtime\Cache\Home\2f1da06ed2416c9be755be1237f8b30c.php 第 146 行.
NOTIC: [8] Undefined index: c_id E:\web\lykl812j\WwwRoot\Runtime\Cache\Home\2f1da06ed2416c9be755be1237f8b30c.php 第 146 行.
INFO: Run Behavior\ParseTemplateBehavior [ RunTime:0.031250s ]
INFO: [ view_parse ] --END-- [ RunTime:0.031250s ]
INFO: [ view_filter ] --START--
INFO: Run Behavior\WriteHtmlCacheBehavior [ RunTime:0.000000s ]
INFO: [ view_filter ] --END-- [ RunTime:0.000000s ]
INFO: [ app_end ] --START--
INFO: Run Behavior\ShowPageTraceBehavior [ RunTime:0.000000s ]
INFO: [ app_end ] --END-- [ RunTime:0.000000s ]

[ 2017-12-22T10:32:22+08:00 ] 61.140.26.189 /favicon.ico
INFO: [ app_init ] --START--
INFO: Run Behavior\BuildLiteBehavior [ RunTime:0.000000s ]
INFO: [ app_init ] --END-- [ RunTime:0.000000s ]

[ 2017-12-22T10:39:35+08:00 ] 61.140.26.189 /journal.html
INFO: [ app_init ] --START--
INFO: Run Behavior\BuildLiteBehavior [ RunTime:0.000000s ]
INFO: [ app_init ] --END-- [ RunTime:0.000000s ]
INFO: [ app_begin ] --START--
INFO: Run Behavior\ReadHtmlCacheBehavior [ RunTime:0.000000s ]
INFO: [ app_begin ] --END-- [ RunTime:0.000000s ]
NOTIC: [2] ini_set() has been disabled for security reasons E:\web\lykl812j\WwwRoot\ThinkPHP\Common\functions.php 第 1236 行.
SQL: SHOW COLUMNS FROM `fh_article` [ RunTime:0.0000s ]
SQL: SHOW COLUMNS FROM `fh_cat` [ RunTime:0.0000s ]
SQL: SHOW COLUMNS FROM `fh_log` [ RunTime:0.0000s ]
SQL: SHOW COLUMNS FROM `fh_say` [ RunTime:0.0000s ]
SQL: SHOW COLUMNS FROM `fh_system` [ RunTime:0.0000s ]
SQL: SELECT * FROM `fh_article` WHERE `a_show` = 0 LIMIT 7   [ RunTime:0.0156s ]
SQL: SELECT * FROM `fh_cat` ORDER BY c_id desc  [ RunTime:0.0000s ]
SQL: SELECT * FROM `fh_article` ORDER BY a_time desc LIMIT 6   [ RunTime:0.0156s ]
SQL: SELECT * FROM `fh_log` ORDER BY l_time desc LIMIT 6   [ RunTime:0.0000s ]
SQL: SELECT * FROM `fh_say` ORDER BY s_time desc LIMIT 6   [ RunTime:0.0000s ]
SQL: SELECT `c_id`,`c_name` FROM `fh_cat` WHERE `c_show` = 0 ORDER BY c_id desc  [ RunTime:0.0000s ]
SQL: SELECT `a_id`,`a_name`,`a_img`,`a_time`,`a_hit`,`c_name` FROM `fh_article` INNER JOIN fh_cat on fh_article.pid = fh_cat.c_id  ORDER BY a_hit desc LIMIT 5   [ RunTime:0.0000s ]
SQL: SELECT * FROM `fh_system` WHERE `id` = 1 LIMIT 1   [ RunTime:0.0000s ]
SQL: SELECT * FROM `fh_log` WHERE `l_show` = 0 ORDER BY l_id desc LIMIT 5   [ RunTime:0.0000s ]
INFO: [ view_parse ] --START--
INFO: [ template_filter ] --START--
INFO: Run Behavior\ContentReplaceBehavior [ RunTime:0.000000s ]
INFO: [ template_filter ] --END-- [ RunTime:0.000000s ]
NOTIC: [8] Undefined variable: index E:\web\lykl812j\WwwRoot\Runtime\Cache\Home\d37a08a0f58d5adb8182cbdfb75c382e.php 第 24 行.
NOTIC: [8] Undefined variable: about E:\web\lykl812j\WwwRoot\Runtime\Cache\Home\d37a08a0f58d5adb8182cbdfb75c382e.php 第 25 行.
NOTIC: [8] Undefined variable: article E:\web\lykl812j\WwwRoot\Runtime\Cache\Home\d37a08a0f58d5adb8182cbdfb75c382e.php 第 26 行.
NOTIC: [8] Undefined variable: say E:\web\lykl812j\WwwRoot\Runtime\Cache\Home\d37a08a0f58d5adb8182cbdfb75c382e.php 第 28 行.
NOTIC: [8] Undefined variable: board E:\web\lykl812j\WwwRoot\Runtime\Cache\Home\d37a08a0f58d5adb8182cbdfb75c382e.php 第 29 行.
NOTIC: [8] Undefined index: a_id E:\web\lykl812j\WwwRoot\Runtime\Cache\Home\d37a08a0f58d5adb8182cbdfb75c382e.php 第 55 行.
NOTIC: [8] Undefined index: a_id E:\web\lykl812j\WwwRoot\Runtime\Cache\Home\d37a08a0f58d5adb8182cbdfb75c382e.php 第 58 行.
NOTIC: [8] Undefined index: a_id E:\web\lykl812j\WwwRoot\Runtime\Cache\Home\d37a08a0f58d5adb8182cbdfb75c382e.php 第 55 行.
NOTIC: [8] Undefined index: a_id E:\web\lykl812j\WwwRoot\Runtime\Cache\Home\d37a08a0f58d5adb8182cbdfb75c382e.php 第 58 行.
NOTIC: [8] Undefined index: a_id E:\web\lykl812j\WwwRoot\Runtime\Cache\Home\d37a08a0f58d5adb8182cbdfb75c382e.php 第 55 行.
NOTIC: [8] Undefined index: a_id E:\web\lykl812j\WwwRoot\Runtime\Cache\Home\d37a08a0f58d5adb8182cbdfb75c382e.php 第 58 行.
NOTIC: [8] Undefined index: c_id E:\web\lykl812j\WwwRoot\Runtime\Cache\Home\d37a08a0f58d5adb8182cbdfb75c382e.php 第 133 行.
NOTIC: [8] Undefined index: c_id E:\web\lykl812j\WwwRoot\Runtime\Cache\Home\d37a08a0f58d5adb8182cbdfb75c382e.php 第 133 行.
NOTIC: [8] Undefined index: c_id E:\web\lykl812j\WwwRoot\Runtime\Cache\Home\d37a08a0f58d5adb8182cbdfb75c382e.php 第 133 行.
NOTIC: [8] Undefined index: c_id E:\web\lykl812j\WwwRoot\Runtime\Cache\Home\d37a08a0f58d5adb8182cbdfb75c382e.php 第 133 行.
NOTIC: [8] Undefined index: c_id E:\web\lykl812j\WwwRoot\Runtime\Cache\Home\d37a08a0f58d5adb8182cbdfb75c382e.php 第 133 行.
INFO: Run Behavior\ParseTemplateBehavior [ RunTime:0.078125s ]
INFO: [ view_parse ] --END-- [ RunTime:0.078125s ]
INFO: [ view_filter ] --START--
INFO: Run Behavior\WriteHtmlCacheBehavior [ RunTime:0.000000s ]
INFO: [ view_filter ] --END-- [ RunTime:0.000000s ]
INFO: [ app_end ] --START--
INFO: Run Behavior\ShowPageTraceBehavior [ RunTime:0.000000s ]
INFO: [ app_end ] --END-- [ RunTime:0.000000s ]

[ 2017-12-22T10:39:37+08:00 ] 61.140.26.189 /journal.html
INFO: [ app_init ] --START--
INFO: Run Behavior\BuildLiteBehavior [ RunTime:0.000000s ]
INFO: [ app_init ] --END-- [ RunTime:0.000000s ]
INFO: [ app_begin ] --START--
INFO: Run Behavior\ReadHtmlCacheBehavior [ RunTime:0.000000s ]
INFO: [ app_begin ] --END-- [ RunTime:0.000000s ]
NOTIC: [2] ini_set() has been disabled for security reasons E:\web\lykl812j\WwwRoot\ThinkPHP\Common\functions.php 第 1236 行.
SQL: SHOW COLUMNS FROM `fh_article` [ RunTime:0.0000s ]
SQL: SHOW COLUMNS FROM `fh_cat` [ RunTime:0.0000s ]
SQL: SHOW COLUMNS FROM `fh_log` [ RunTime:0.0000s ]
SQL: SHOW COLUMNS FROM `fh_say` [ RunTime:0.0156s ]
SQL: SHOW COLUMNS FROM `fh_system` [ RunTime:0.0000s ]
SQL: SELECT * FROM `fh_log` WHERE `l_show` = 0 ORDER BY l_id desc LIMIT 5   [ RunTime:0.0156s ]
INFO: [ view_parse ] --START--
INFO: [ template_filter ] --START--
INFO: Run Behavior\ContentReplaceBehavior [ RunTime:0.000000s ]
INFO: [ template_filter ] --END-- [ RunTime:0.000000s ]
NOTIC: [8] Undefined variable: index E:\web\lykl812j\WwwRoot\Runtime\Cache\Home\d37a08a0f58d5adb8182cbdfb75c382e.php 第 24 行.
NOTIC: [8] Undefined variable: about E:\web\lykl812j\WwwRoot\Runtime\Cache\Home\d37a08a0f58d5adb8182cbdfb75c382e.php 第 25 行.
NOTIC: [8] Undefined variable: article E:\web\lykl812j\WwwRoot\Runtime\Cache\Home\d37a08a0f58d5adb8182cbdfb75c382e.php 第 26 行.
NOTIC: [8] Undefined variable: say E:\web\lykl812j\WwwRoot\Runtime\Cache\Home\d37a08a0f58d5adb8182cbdfb75c382e.php 第 28 行.
NOTIC: [8] Undefined variable: board E:\web\lykl812j\WwwRoot\Runtime\Cache\Home\d37a08a0f58d5adb8182cbdfb75c382e.php 第 29 行.
NOTIC: [8] Undefined index: a_id E:\web\lykl812j\WwwRoot\Runtime\Cache\Home\d37a08a0f58d5adb8182cbdfb75c382e.php 第 55 行.
NOTIC: [8] Undefined index: a_id E:\web\lykl812j\WwwRoot\Runtime\Cache\Home\d37a08a0f58d5adb8182cbdfb75c382e.php 第 58 行.
NOTIC: [8] Undefined index: a_id E:\web\lykl812j\WwwRoot\Runtime\Cache\Home\d37a08a0f58d5adb8182cbdfb75c382e.php 第 55 行.
NOTIC: [8] Undefined index: a_id E:\web\lykl812j\WwwRoot\Runtime\Cache\Home\d37a08a0f58d5adb8182cbdfb75c382e.php 第 58 行.
NOTIC: [8] Undefined index: a_id E:\web\lykl812j\WwwRoot\Runtime\Cache\Home\d37a08a0f58d5adb8182cbdfb75c382e.php 第 55 行.
NOTIC: [8] Undefined index: a_id E:\web\lykl812j\WwwRoot\Runtime\Cache\Home\d37a08a0f58d5adb8182cbdfb75c382e.php 第 58 行.
NOTIC: [8] Undefined index: c_id E:\web\lykl812j\WwwRoot\Runtime\Cache\Home\d37a08a0f58d5adb8182cbdfb75c382e.php 第 133 行.
NOTIC: [8] Undefined index: c_id E:\web\lykl812j\WwwRoot\Runtime\Cache\Home\d37a08a0f58d5adb8182cbdfb75c382e.php 第 133 行.
NOTIC: [8] Undefined index: c_id E:\web\lykl812j\WwwRoot\Runtime\Cache\Home\d37a08a0f58d5adb8182cbdfb75c382e.php 第 133 行.
NOTIC: [8] Undefined index: c_id E:\web\lykl812j\WwwRoot\Runtime\Cache\Home\d37a08a0f58d5adb8182cbdfb75c382e.php 第 133 行.
NOTIC: [8] Undefined index: c_id E:\web\lykl812j\WwwRoot\Runtime\Cache\Home\d37a08a0f58d5adb8182cbdfb75c382e.php 第 133 行.
INFO: Run Behavior\ParseTemplateBehavior [ RunTime:0.046875s ]
INFO: [ view_parse ] --END-- [ RunTime:0.046875s ]
INFO: [ view_filter ] --START--
INFO: Run Behavior\WriteHtmlCacheBehavior [ RunTime:0.000000s ]
INFO: [ view_filter ] --END-- [ RunTime:0.000000s ]
INFO: [ app_end ] --START--
INFO: Run Behavior\ShowPageTraceBehavior [ RunTime:0.000000s ]
INFO: [ app_end ] --END-- [ RunTime:0.000000s ]

[ 2017-12-22T10:39:37+08:00 ] 61.140.26.189 /favicon.ico
INFO: [ app_init ] --START--
INFO: Run Behavior\BuildLiteBehavior [ RunTime:0.000000s ]
INFO: [ app_init ] --END-- [ RunTime:0.000000s ]

[ 2017-12-22T10:39:39+08:00 ] 61.140.26.189 /say.html
INFO: [ app_init ] --START--
INFO: Run Behavior\BuildLiteBehavior [ RunTime:0.000000s ]
INFO: [ app_init ] --END-- [ RunTime:0.000000s ]
INFO: [ app_begin ] --START--
INFO: Run Behavior\ReadHtmlCacheBehavior [ RunTime:0.000000s ]
INFO: [ app_begin ] --END-- [ RunTime:0.000000s ]
NOTIC: [2] ini_set() has been disabled for security reasons E:\web\lykl812j\WwwRoot\ThinkPHP\Common\functions.php 第 1236 行.
SQL: SHOW COLUMNS FROM `fh_article` [ RunTime:0.0000s ]
SQL: SHOW COLUMNS FROM `fh_cat` [ RunTime:0.0000s ]
SQL: SHOW COLUMNS FROM `fh_log` [ RunTime:0.0000s ]
SQL: SHOW COLUMNS FROM `fh_say` [ RunTime:0.0156s ]
SQL: SHOW COLUMNS FROM `fh_system` [ RunTime:0.0000s ]
SQL: SELECT * FROM `fh_say` WHERE `s_show` = 0 ORDER BY s_time desc LIMIT 5   [ RunTime:0.0000s ]
INFO: [ view_parse ] --START--
INFO: [ template_filter ] --START--
INFO: Run Behavior\ContentReplaceBehavior [ RunTime:0.000000s ]
INFO: [ template_filter ] --END-- [ RunTime:0.000000s ]
NOTIC: [8] Undefined variable: index E:\web\lykl812j\WwwRoot\Runtime\Cache\Home\63beaf5571d1423e103f5cfd7a9f769a.php 第 24 行.
NOTIC: [8] Undefined variable: about E:\web\lykl812j\WwwRoot\Runtime\Cache\Home\63beaf5571d1423e103f5cfd7a9f769a.php 第 25 行.
NOTIC: [8] Undefined variable: article E:\web\lykl812j\WwwRoot\Runtime\Cache\Home\63beaf5571d1423e103f5cfd7a9f769a.php 第 26 行.
NOTIC: [8] Undefined variable: log E:\web\lykl812j\WwwRoot\Runtime\Cache\Home\63beaf5571d1423e103f5cfd7a9f769a.php 第 27 行.
NOTIC: [8] Undefined variable: board E:\web\lykl812j\WwwRoot\Runtime\Cache\Home\63beaf5571d1423e103f5cfd7a9f769a.php 第 29 行.
NOTIC: [8] Undefined index: c_id E:\web\lykl812j\WwwRoot\Runtime\Cache\Home\63beaf5571d1423e103f5cfd7a9f769a.php 第 117 行.
NOTIC: [8] Undefined index: c_id E:\web\lykl812j\WwwRoot\Runtime\Cache\Home\63beaf5571d1423e103f5cfd7a9f769a.php 第 117 行.
NOTIC: [8] Undefined index: c_id E:\web\lykl812j\WwwRoot\Runtime\Cache\Home\63beaf5571d1423e103f5cfd7a9f769a.php 第 117 行.
NOTIC: [8] Undefined index: c_id E:\web\lykl812j\WwwRoot\Runtime\Cache\Home\63beaf5571d1423e103f5cfd7a9f769a.php 第 117 行.
NOTIC: [8] Undefined index: c_id E:\web\lykl812j\WwwRoot\Runtime\Cache\Home\63beaf5571d1423e103f5cfd7a9f769a.php 第 117 行.
INFO: Run Behavior\ParseTemplateBehavior [ RunTime:0.015625s ]
INFO: [ view_parse ] --END-- [ RunTime:0.015625s ]
INFO: [ view_filter ] --START--
INFO: Run Behavior\WriteHtmlCacheBehavior [ RunTime:0.000000s ]
INFO: [ view_filter ] --END-- [ RunTime:0.000000s ]
INFO: [ app_end ] --START--
INFO: Run Behavior\ShowPageTraceBehavior [ RunTime:0.015625s ]
INFO: [ app_end ] --END-- [ RunTime:0.015625s ]

[ 2017-12-22T10:39:39+08:00 ] 61.140.26.189 /favicon.ico
INFO: [ app_init ] --START--
INFO: Run Behavior\BuildLiteBehavior [ RunTime:0.000000s ]
INFO: [ app_init ] --END-- [ RunTime:0.000000s ]

[ 2017-12-22T10:40:28+08:00 ] 61.140.26.189 /sayinfo-6.html
INFO: [ app_init ] --START--
INFO: Run Behavior\BuildLiteBehavior [ RunTime:0.000000s ]
INFO: [ app_init ] --END-- [ RunTime:0.000000s ]
INFO: [ app_begin ] --START--
INFO: Run Behavior\ReadHtmlCacheBehavior [ RunTime:0.000000s ]
INFO: [ app_begin ] --END-- [ RunTime:0.000000s ]
NOTIC: [2] ini_set() has been disabled for security reasons E:\web\lykl812j\WwwRoot\ThinkPHP\Common\functions.php 第 1236 行.
SQL: SHOW COLUMNS FROM `fh_article` [ RunTime:0.0000s ]
SQL: SHOW COLUMNS FROM `fh_cat` [ RunTime:0.0000s ]
SQL: SHOW COLUMNS FROM `fh_log` [ RunTime:0.0156s ]
SQL: SHOW COLUMNS FROM `fh_say` [ RunTime:0.0000s ]
SQL: SHOW COLUMNS FROM `fh_system` [ RunTime:0.0000s ]
SQL: SELECT * FROM `fh_article` WHERE `a_show` = 0 LIMIT 7   [ RunTime:0.0156s ]
SQL: SELECT * FROM `fh_cat` ORDER BY c_id desc  [ RunTime:0.0000s ]
SQL: SELECT * FROM `fh_article` ORDER BY a_time desc LIMIT 6   [ RunTime:0.0000s ]
SQL: SELECT * FROM `fh_log` ORDER BY l_time desc LIMIT 6   [ RunTime:0.0156s ]
SQL: SELECT * FROM `fh_say` ORDER BY s_time desc LIMIT 6   [ RunTime:0.0000s ]
SQL: SELECT `c_id`,`c_name` FROM `fh_cat` WHERE `c_show` = 0 ORDER BY c_id desc  [ RunTime:0.0000s ]
SQL: SELECT `a_id`,`a_name`,`a_img`,`a_time`,`a_hit`,`c_name` FROM `fh_article` INNER JOIN fh_cat on fh_article.pid = fh_cat.c_id  ORDER BY a_hit desc LIMIT 5   [ RunTime:0.0000s ]
SQL: SELECT * FROM `fh_system` WHERE `id` = 1 LIMIT 1   [ RunTime:0.0000s ]
SQL: SELECT * FROM `fh_say` WHERE `s_id` = 6 LIMIT 1   [ RunTime:0.0000s ]
SQL: SHOW COLUMNS FROM `fh_say_c` [ RunTime:0.0000s ]
SQL: UPDATE `fh_say` SET `s_hit`=s_hit+1 WHERE `s_id` = 6 [ RunTime:0.0000s ]
SQL: SELECT * FROM `fh_say` WHERE `s_id` = 6 LIMIT 1   [ RunTime:0.0000s ]
SQL: SELECT * FROM `fh_say` WHERE ( s_id <6 ) ORDER BY s_id desc LIMIT 1   [ RunTime:0.0000s ]
SQL: SELECT * FROM `fh_say` WHERE ( s_id >6 ) LIMIT 1   [ RunTime:0.0000s ]
SQL: SELECT COUNT(*) AS tp_count FROM `fh_say_c` WHERE `sc_pid` = 6 LIMIT 1   [ RunTime:0.0000s ]
SQL: SELECT * FROM `fh_say_c` WHERE `sc_pid` = 6 ORDER BY sc_time desc  [ RunTime:0.0000s ]
INFO: [ view_parse ] --START--
INFO: [ template_filter ] --START--
INFO: Run Behavior\ContentReplaceBehavior [ RunTime:0.000000s ]
INFO: [ template_filter ] --END-- [ RunTime:0.000000s ]
NOTIC: [8] Undefined variable: index E:\web\lykl812j\WwwRoot\Runtime\Cache\Home\dc59850950b4e700075347f9c551ac2c.php 第 24 行.
NOTIC: [8] Undefined variable: about E:\web\lykl812j\WwwRoot\Runtime\Cache\Home\dc59850950b4e700075347f9c551ac2c.php 第 25 行.
NOTIC: [8] Undefined variable: article E:\web\lykl812j\WwwRoot\Runtime\Cache\Home\dc59850950b4e700075347f9c551ac2c.php 第 26 行.
NOTIC: [8] Undefined variable: log E:\web\lykl812j\WwwRoot\Runtime\Cache\Home\dc59850950b4e700075347f9c551ac2c.php 第 27 行.
NOTIC: [8] Undefined variable: board E:\web\lykl812j\WwwRoot\Runtime\Cache\Home\dc59850950b4e700075347f9c551ac2c.php 第 29 行.
NOTIC: [8] Undefined index: c_id E:\web\lykl812j\WwwRoot\Runtime\Cache\Home\dc59850950b4e700075347f9c551ac2c.php 第 181 行.
NOTIC: [8] Undefined index: c_id E:\web\lykl812j\WwwRoot\Runtime\Cache\Home\dc59850950b4e700075347f9c551ac2c.php 第 181 行.
NOTIC: [8] Undefined index: c_id E:\web\lykl812j\WwwRoot\Runtime\Cache\Home\dc59850950b4e700075347f9c551ac2c.php 第 181 行.
NOTIC: [8] Undefined index: c_id E:\web\lykl812j\WwwRoot\Runtime\Cache\Home\dc59850950b4e700075347f9c551ac2c.php 第 181 行.
NOTIC: [8] Undefined index: c_id E:\web\lykl812j\WwwRoot\Runtime\Cache\Home\dc59850950b4e700075347f9c551ac2c.php 第 181 行.
INFO: Run Behavior\ParseTemplateBehavior [ RunTime:0.062500s ]
INFO: [ view_parse ] --END-- [ RunTime:0.062500s ]
INFO: [ view_filter ] --START--
INFO: Run Behavior\WriteHtmlCacheBehavior [ RunTime:0.000000s ]
INFO: [ view_filter ] --END-- [ RunTime:0.000000s ]
INFO: [ app_end ] --START--
INFO: Run Behavior\ShowPageTraceBehavior [ RunTime:0.000000s ]
INFO: [ app_end ] --END-- [ RunTime:0.000000s ]

[ 2017-12-22T10:40:28+08:00 ] 61.140.26.189 /Uploads/comment/1512128057.png
INFO: [ app_init ] --START--
INFO: Run Behavior\BuildLiteBehavior [ RunTime:0.000000s ]
INFO: [ app_init ] --END-- [ RunTime:0.000000s ]

[ 2017-12-22T10:40:28+08:00 ] 61.140.26.189 /favicon.ico
INFO: [ app_init ] --START--
INFO: Run Behavior\BuildLiteBehavior [ RunTime:0.000000s ]
INFO: [ app_init ] --END-- [ RunTime:0.000000s ]

[ 2017-12-22T11:07:42+08:00 ] 220.250.63.77 /
INFO: [ app_init ] --START--
INFO: Run Behavior\BuildLiteBehavior [ RunTime:0.000000s ]
INFO: [ app_init ] --END-- [ RunTime:0.000000s ]
INFO: [ app_begin ] --START--
INFO: Run Behavior\ReadHtmlCacheBehavior [ RunTime:0.000000s ]
INFO: [ app_begin ] --END-- [ RunTime:0.000000s ]
NOTIC: [2] ini_set() has been disabled for security reasons E:\web\lykl812j\WwwRoot\ThinkPHP\Common\functions.php 第 1236 行.
SQL: SHOW COLUMNS FROM `fh_article` [ RunTime:0.0000s ]
SQL: SHOW COLUMNS FROM `fh_cat` [ RunTime:0.0000s ]
SQL: SHOW COLUMNS FROM `fh_log` [ RunTime:0.0000s ]
SQL: SHOW COLUMNS FROM `fh_say` [ RunTime:0.0156s ]
SQL: SHOW COLUMNS FROM `fh_system` [ RunTime:0.0000s ]
SQL: SELECT * FROM `fh_article` WHERE `a_show` = 0 LIMIT 7   [ RunTime:0.0000s ]
SQL: SELECT * FROM `fh_cat` ORDER BY c_id desc  [ RunTime:0.0156s ]
SQL: SELECT * FROM `fh_article` ORDER BY a_time desc LIMIT 6   [ RunTime:0.0000s ]
SQL: SELECT * FROM `fh_log` ORDER BY l_time desc LIMIT 6   [ RunTime:0.0000s ]
SQL: SELECT * FROM `fh_say` ORDER BY s_time desc LIMIT 6   [ RunTime:0.0000s ]
SQL: SELECT `c_id`,`c_name` FROM `fh_cat` WHERE `c_show` = 0 ORDER BY c_id desc  [ RunTime:0.0000s ]
SQL: SELECT `a_id`,`a_name`,`a_img`,`a_time`,`a_hit`,`c_name` FROM `fh_article` INNER JOIN fh_cat on fh_article.pid = fh_cat.c_id  ORDER BY a_hit desc LIMIT 5   [ RunTime:0.0000s ]
SQL: SELECT * FROM `fh_system` WHERE `id` = 1 LIMIT 1   [ RunTime:0.0000s ]
INFO: [ view_parse ] --START--
INFO: [ template_filter ] --START--
INFO: Run Behavior\ContentReplaceBehavior [ RunTime:0.000000s ]
INFO: [ template_filter ] --END-- [ RunTime:0.000000s ]
NOTIC: [8] Undefined variable: about E:\web\lykl812j\WwwRoot\Runtime\Cache\Home\ccc714bf1ad7378d61a4beb8be3a2914.php 第 24 行.
NOTIC: [8] Undefined variable: article E:\web\lykl812j\WwwRoot\Runtime\Cache\Home\ccc714bf1ad7378d61a4beb8be3a2914.php 第 25 行.
NOTIC: [8] Undefined variable: log E:\web\lykl812j\WwwRoot\Runtime\Cache\Home\ccc714bf1ad7378d61a4beb8be3a2914.php 第 26 行.
NOTIC: [8] Undefined variable: say E:\web\lykl812j\WwwRoot\Runtime\Cache\Home\ccc714bf1ad7378d61a4beb8be3a2914.php 第 27 行.
NOTIC: [8] Undefined variable: board E:\web\lykl812j\WwwRoot\Runtime\Cache\Home\ccc714bf1ad7378d61a4beb8be3a2914.php 第 28 行.
NOTIC: [8] Undefined index: c_id E:\web\lykl812j\WwwRoot\Runtime\Cache\Home\ccc714bf1ad7378d61a4beb8be3a2914.php 第 180 行.
NOTIC: [8] Undefined index: c_id E:\web\lykl812j\WwwRoot\Runtime\Cache\Home\ccc714bf1ad7378d61a4beb8be3a2914.php 第 180 行.
NOTIC: [8] Undefined index: c_id E:\web\lykl812j\WwwRoot\Runtime\Cache\Home\ccc714bf1ad7378d61a4beb8be3a2914.php 第 180 行.
NOTIC: [8] Undefined index: c_id E:\web\lykl812j\WwwRoot\Runtime\Cache\Home\ccc714bf1ad7378d61a4beb8be3a2914.php 第 180 行.
NOTIC: [8] Undefined index: c_id E:\web\lykl812j\WwwRoot\Runtime\Cache\Home\ccc714bf1ad7378d61a4beb8be3a2914.php 第 180 行.
INFO: Run Behavior\ParseTemplateBehavior [ RunTime:0.046875s ]
INFO: [ view_parse ] --END-- [ RunTime:0.046875s ]
INFO: [ view_filter ] --START--
INFO: Run Behavior\WriteHtmlCacheBehavior [ RunTime:0.000000s ]
INFO: [ view_filter ] --END-- [ RunTime:0.000000s ]
INFO: [ app_end ] --START--
INFO: Run Behavior\ShowPageTraceBehavior [ RunTime:0.000000s ]
INFO: [ app_end ] --END-- [ RunTime:0.000000s ]

[ 2017-12-22T11:19:43+08:00 ] 127.0.0.1 /
INFO: [ app_init ] --START--
INFO: Run Behavior\BuildLiteBehavior [ RunTime:0.000000s ]
INFO: [ app_init ] --END-- [ RunTime:0.001000s ]
INFO: [ app_begin ] --START--
INFO: Run Behavior\ReadHtmlCacheBehavior [ RunTime:0.001000s ]
INFO: [ app_begin ] --END-- [ RunTime:0.001000s ]
ERR: SQLSTATE[HY000] [1045] Access denied for user 'fish'@'localhost' (using password: YES)

[ 2017-12-22T11:24:23+08:00 ] 127.0.0.1 /
INFO: [ app_init ] --START--
INFO: Run Behavior\BuildLiteBehavior [ RunTime:0.000000s ]
INFO: [ app_init ] --END-- [ RunTime:0.000000s ]
INFO: [ app_begin ] --START--
INFO: Run Behavior\ReadHtmlCacheBehavior [ RunTime:0.000000s ]
INFO: [ app_begin ] --END-- [ RunTime:0.000000s ]
SQL: SHOW COLUMNS FROM `fh_article` [ RunTime:0.0030s ]
SQL: SHOW COLUMNS FROM `fh_cat` [ RunTime:0.0020s ]
SQL: SHOW COLUMNS FROM `fh_log` [ RunTime:0.0020s ]
SQL: SHOW COLUMNS FROM `fh_say` [ RunTime:0.0020s ]
SQL: SHOW COLUMNS FROM `fh_system` [ RunTime:0.0030s ]
SQL: SELECT * FROM `fh_article` WHERE `a_show` = 0 LIMIT 7   [ RunTime:0.0010s ]
SQL: SELECT * FROM `fh_cat` ORDER BY c_id desc  [ RunTime:0.0010s ]
SQL: SELECT * FROM `fh_article` ORDER BY a_time desc LIMIT 6   [ RunTime:0.0010s ]
SQL: SELECT * FROM `fh_log` ORDER BY l_time desc LIMIT 6   [ RunTime:0.0010s ]
SQL: SELECT * FROM `fh_say` ORDER BY s_time desc LIMIT 6   [ RunTime:0.0010s ]
SQL: SELECT `c_id`,`c_name` FROM `fh_cat` WHERE `c_show` = 0 ORDER BY c_id desc  [ RunTime:0.0000s ]
SQL: SELECT `a_id`,`a_name`,`a_img`,`a_time`,`a_hit`,`c_name` FROM `fh_article` INNER JOIN fh_cat on fh_article.pid = fh_cat.c_id  ORDER BY a_hit desc LIMIT 5   [ RunTime:0.0000s ]
SQL: SELECT * FROM `fh_system` WHERE `id` = 1 LIMIT 1   [ RunTime:0.0000s ]
INFO: [ view_parse ] --START--
INFO: [ template_filter ] --START--
INFO: Run Behavior\ContentReplaceBehavior [ RunTime:0.000000s ]
INFO: [ template_filter ] --END-- [ RunTime:0.000000s ]
NOTIC: [8] Undefined variable: about D:\fish\Runtime\Cache\Home\ccc714bf1ad7378d61a4beb8be3a2914.php 第 24 行.
NOTIC: [8] Undefined variable: article D:\fish\Runtime\Cache\Home\ccc714bf1ad7378d61a4beb8be3a2914.php 第 25 行.
NOTIC: [8] Undefined variable: log D:\fish\Runtime\Cache\Home\ccc714bf1ad7378d61a4beb8be3a2914.php 第 26 行.
NOTIC: [8] Undefined variable: say D:\fish\Runtime\Cache\Home\ccc714bf1ad7378d61a4beb8be3a2914.php 第 27 行.
NOTIC: [8] Undefined variable: board D:\fish\Runtime\Cache\Home\ccc714bf1ad7378d61a4beb8be3a2914.php 第 28 行.
NOTIC: [8] Undefined index: c_id D:\fish\Runtime\Cache\Home\ccc714bf1ad7378d61a4beb8be3a2914.php 第 180 行.
NOTIC: [8] Undefined index: c_id D:\fish\Runtime\Cache\Home\ccc714bf1ad7378d61a4beb8be3a2914.php 第 180 行.
NOTIC: [8] Undefined index: c_id D:\fish\Runtime\Cache\Home\ccc714bf1ad7378d61a4beb8be3a2914.php 第 180 行.
NOTIC: [8] Undefined index: c_id D:\fish\Runtime\Cache\Home\ccc714bf1ad7378d61a4beb8be3a2914.php 第 180 行.
NOTIC: [8] Undefined index: c_id D:\fish\Runtime\Cache\Home\ccc714bf1ad7378d61a4beb8be3a2914.php 第 180 行.
INFO: Run Behavior\ParseTemplateBehavior [ RunTime:0.010001s ]
INFO: [ view_parse ] --END-- [ RunTime:0.010001s ]
INFO: [ view_filter ] --START--
INFO: Run Behavior\WriteHtmlCacheBehavior [ RunTime:0.000000s ]
INFO: [ view_filter ] --END-- [ RunTime:0.000000s ]
INFO: [ app_end ] --START--
INFO: Run Behavior\ShowPageTraceBehavior [ RunTime:0.001000s ]
INFO: [ app_end ] --END-- [ RunTime:0.001000s ]

[ 2017-12-22T11:42:06+08:00 ] 127.0.0.1 /board.html
INFO: [ app_init ] --START--
INFO: Run Behavior\BuildLiteBehavior [ RunTime:0.000000s ]
INFO: [ app_init ] --END-- [ RunTime:0.001000s ]
INFO: [ app_begin ] --START--
INFO: Run Behavior\ReadHtmlCacheBehavior [ RunTime:0.000000s ]
INFO: [ app_begin ] --END-- [ RunTime:0.000000s ]
SQL: SHOW COLUMNS FROM `fh_article` [ RunTime:0.0030s ]
SQL: SHOW COLUMNS FROM `fh_cat` [ RunTime:0.0030s ]
SQL: SHOW COLUMNS FROM `fh_log` [ RunTime:0.0020s ]
SQL: SHOW COLUMNS FROM `fh_say` [ RunTime:0.0020s ]
SQL: SHOW COLUMNS FROM `fh_system` [ RunTime:0.0030s ]
SQL: SELECT * FROM `fh_article` WHERE `a_show` = 0 LIMIT 7   [ RunTime:0.0010s ]
SQL: SELECT * FROM `fh_cat` ORDER BY c_id desc  [ RunTime:0.0000s ]
SQL: SELECT * FROM `fh_article` ORDER BY a_time desc LIMIT 6   [ RunTime:0.0010s ]
SQL: SELECT * FROM `fh_log` ORDER BY l_time desc LIMIT 6   [ RunTime:0.0000s ]
SQL: SELECT * FROM `fh_say` ORDER BY s_time desc LIMIT 6   [ RunTime:0.0000s ]
SQL: SELECT `c_id`,`c_name` FROM `fh_cat` WHERE `c_show` = 0 ORDER BY c_id desc  [ RunTime:0.0000s ]
SQL: SELECT `a_id`,`a_name`,`a_img`,`a_time`,`a_hit`,`c_name` FROM `fh_article` INNER JOIN fh_cat on fh_article.pid = fh_cat.c_id  ORDER BY a_hit desc LIMIT 5   [ RunTime:0.0000s ]
SQL: SELECT * FROM `fh_system` WHERE `id` = 1 LIMIT 1   [ RunTime:0.0010s ]
SQL: SHOW COLUMNS FROM `fh_board` [ RunTime:0.0020s ]
SQL: SELECT COUNT(*) AS tp_count FROM `fh_board` LIMIT 1   [ RunTime:0.0010s ]
SQL: SELECT * FROM `fh_board` ORDER BY b_time desc  [ RunTime:0.0000s ]
INFO: [ view_parse ] --START--
INFO: [ template_filter ] --START--
INFO: Run Behavior\ContentReplaceBehavior [ RunTime:0.001000s ]
INFO: [ template_filter ] --END-- [ RunTime:0.001000s ]
NOTIC: [8] Undefined variable: index D:\fish\Runtime\Cache\Home\2f1da06ed2416c9be755be1237f8b30c.php 第 24 行.
NOTIC: [8] Undefined variable: about D:\fish\Runtime\Cache\Home\2f1da06ed2416c9be755be1237f8b30c.php 第 25 行.
NOTIC: [8] Undefined variable: article D:\fish\Runtime\Cache\Home\2f1da06ed2416c9be755be1237f8b30c.php 第 26 行.
NOTIC: [8] Undefined variable: log D:\fish\Runtime\Cache\Home\2f1da06ed2416c9be755be1237f8b30c.php 第 27 行.
NOTIC: [8] Undefined variable: say D:\fish\Runtime\Cache\Home\2f1da06ed2416c9be755be1237f8b30c.php 第 28 行.
NOTIC: [8] Undefined index: c_id D:\fish\Runtime\Cache\Home\2f1da06ed2416c9be755be1237f8b30c.php 第 146 行.
NOTIC: [8] Undefined index: c_id D:\fish\Runtime\Cache\Home\2f1da06ed2416c9be755be1237f8b30c.php 第 146 行.
NOTIC: [8] Undefined index: c_id D:\fish\Runtime\Cache\Home\2f1da06ed2416c9be755be1237f8b30c.php 第 146 行.
NOTIC: [8] Undefined index: c_id D:\fish\Runtime\Cache\Home\2f1da06ed2416c9be755be1237f8b30c.php 第 146 行.
NOTIC: [8] Undefined index: c_id D:\fish\Runtime\Cache\Home\2f1da06ed2416c9be755be1237f8b30c.php 第 146 行.
INFO: Run Behavior\ParseTemplateBehavior [ RunTime:0.015001s ]
INFO: [ view_parse ] --END-- [ RunTime:0.015001s ]
INFO: [ view_filter ] --START--
INFO: Run Behavior\WriteHtmlCacheBehavior [ RunTime:0.000000s ]
INFO: [ view_filter ] --END-- [ RunTime:0.000000s ]
INFO: [ app_end ] --START--
INFO: Run Behavior\ShowPageTraceBehavior [ RunTime:0.000000s ]
INFO: [ app_end ] --END-- [ RunTime:0.000000s ]

[ 2017-12-22T11:43:57+08:00 ] 127.0.0.1 /board.html
INFO: [ app_init ] --START--
INFO: Run Behavior\BuildLiteBehavior [ RunTime:0.000000s ]
INFO: [ app_init ] --END-- [ RunTime:0.001000s ]
INFO: [ app_begin ] --START--
INFO: Run Behavior\ReadHtmlCacheBehavior [ RunTime:0.000000s ]
INFO: [ app_begin ] --END-- [ RunTime:0.001000s ]
SQL: SHOW COLUMNS FROM `fh_article` [ RunTime:0.0030s ]
SQL: SHOW COLUMNS FROM `fh_cat` [ RunTime:0.0030s ]
SQL: SHOW COLUMNS FROM `fh_log` [ RunTime:0.0020s ]
SQL: SHOW COLUMNS FROM `fh_say` [ RunTime:0.0040s ]
SQL: SHOW COLUMNS FROM `fh_system` [ RunTime:0.0030s ]
SQL: SELECT * FROM `fh_article` WHERE `a_show` = 0 LIMIT 7   [ RunTime:0.0020s ]
SQL: SELECT * FROM `fh_cat` ORDER BY c_id desc  [ RunTime:0.0010s ]
SQL: SELECT * FROM `fh_article` ORDER BY a_time desc LIMIT 6   [ RunTime:0.0020s ]
SQL: SELECT * FROM `fh_log` ORDER BY l_time desc LIMIT 6   [ RunTime:0.0010s ]
SQL: SELECT * FROM `fh_say` ORDER BY s_time desc LIMIT 6   [ RunTime:0.0010s ]
SQL: SELECT `c_id`,`c_name` FROM `fh_cat` WHERE `c_show` = 0 ORDER BY c_id desc  [ RunTime:0.0000s ]
SQL: SELECT `a_id`,`a_name`,`a_img`,`a_time`,`a_hit`,`c_name` FROM `fh_article` INNER JOIN fh_cat on fh_article.pid = fh_cat.c_id  ORDER BY a_hit desc LIMIT 5   [ RunTime:0.0000s ]
SQL: SELECT * FROM `fh_system` WHERE `id` = 1 LIMIT 1   [ RunTime:0.0000s ]
SQL: SHOW COLUMNS FROM `fh_board` [ RunTime:0.0030s ]
SQL: SELECT COUNT(*) AS tp_count FROM `fh_board` LIMIT 1   [ RunTime:0.0000s ]
SQL: SELECT * FROM `fh_board` ORDER BY b_time desc  [ RunTime:0.0000s ]
INFO: [ view_parse ] --START--
INFO: [ template_filter ] --START--
INFO: Run Behavior\ContentReplaceBehavior [ RunTime:0.000000s ]
INFO: [ template_filter ] --END-- [ RunTime:0.000000s ]
NOTIC: [8] Undefined variable: index D:\fish\Runtime\Cache\Home\2f1da06ed2416c9be755be1237f8b30c.php 第 24 行.
NOTIC: [8] Undefined variable: about D:\fish\Runtime\Cache\Home\2f1da06ed2416c9be755be1237f8b30c.php 第 25 行.
NOTIC: [8] Undefined variable: article D:\fish\Runtime\Cache\Home\2f1da06ed2416c9be755be1237f8b30c.php 第 26 行.
NOTIC: [8] Undefined variable: log D:\fish\Runtime\Cache\Home\2f1da06ed2416c9be755be1237f8b30c.php 第 27 行.
NOTIC: [8] Undefined variable: say D:\fish\Runtime\Cache\Home\2f1da06ed2416c9be755be1237f8b30c.php 第 28 行.
NOTIC: [8] Undefined index: c_id D:\fish\Runtime\Cache\Home\2f1da06ed2416c9be755be1237f8b30c.php 第 146 行.
NOTIC: [8] Undefined index: c_id D:\fish\Runtime\Cache\Home\2f1da06ed2416c9be755be1237f8b30c.php 第 146 行.
NOTIC: [8] Undefined index: c_id D:\fish\Runtime\Cache\Home\2f1da06ed2416c9be755be1237f8b30c.php 第 146 行.
NOTIC: [8] Undefined index: c_id D:\fish\Runtime\Cache\Home\2f1da06ed2416c9be755be1237f8b30c.php 第 146 行.
NOTIC: [8] Undefined index: c_id D:\fish\Runtime\Cache\Home\2f1da06ed2416c9be755be1237f8b30c.php 第 146 行.
INFO: Run Behavior\ParseTemplateBehavior [ RunTime:0.014001s ]
INFO: [ view_parse ] --END-- [ RunTime:0.014001s ]
INFO: [ view_filter ] --START--
INFO: Run Behavior\WriteHtmlCacheBehavior [ RunTime:0.001000s ]
INFO: [ view_filter ] --END-- [ RunTime:0.001000s ]
INFO: [ app_end ] --START--
INFO: Run Behavior\ShowPageTraceBehavior [ RunTime:0.000000s ]
INFO: [ app_end ] --END-- [ RunTime:0.000000s ]

[ 2017-12-22T11:44:14+08:00 ] 127.0.0.1 /board.html
INFO: [ app_init ] --START--
INFO: Run Behavior\BuildLiteBehavior [ RunTime:0.000000s ]
INFO: [ app_init ] --END-- [ RunTime:0.001000s ]
INFO: [ app_begin ] --START--
INFO: Run Behavior\ReadHtmlCacheBehavior [ RunTime:0.000000s ]
INFO: [ app_begin ] --END-- [ RunTime:0.000000s ]
SQL: SHOW COLUMNS FROM `fh_article` [ RunTime:0.0020s ]
SQL: SHOW COLUMNS FROM `fh_cat` [ RunTime:0.0030s ]
SQL: SHOW COLUMNS FROM `fh_log` [ RunTime:0.0020s ]
SQL: SHOW COLUMNS FROM `fh_say` [ RunTime:0.0020s ]
SQL: SHOW COLUMNS FROM `fh_system` [ RunTime:0.0030s ]
SQL: SELECT * FROM `fh_article` WHERE `a_show` = 0 LIMIT 7   [ RunTime:0.0010s ]
SQL: SELECT * FROM `fh_cat` ORDER BY c_id desc  [ RunTime:0.0000s ]
SQL: SELECT * FROM `fh_article` ORDER BY a_time desc LIMIT 6   [ RunTime:0.0010s ]
SQL: SELECT * FROM `fh_log` ORDER BY l_time desc LIMIT 6   [ RunTime:0.0010s ]
SQL: SELECT * FROM `fh_say` ORDER BY s_time desc LIMIT 6   [ RunTime:0.0000s ]
SQL: SELECT `c_id`,`c_name` FROM `fh_cat` WHERE `c_show` = 0 ORDER BY c_id desc  [ RunTime:0.0000s ]
SQL: SELECT `a_id`,`a_name`,`a_img`,`a_time`,`a_hit`,`c_name` FROM `fh_article` INNER JOIN fh_cat on fh_article.pid = fh_cat.c_id  ORDER BY a_hit desc LIMIT 5   [ RunTime:0.0000s ]
SQL: SELECT * FROM `fh_system` WHERE `id` = 1 LIMIT 1   [ RunTime:0.0000s ]
SQL: SHOW COLUMNS FROM `fh_board` [ RunTime:0.0030s ]
SQL: SELECT COUNT(*) AS tp_count FROM `fh_board` LIMIT 1   [ RunTime:0.0000s ]
SQL: SELECT * FROM `fh_board` ORDER BY b_time desc  [ RunTime:0.0000s ]
INFO: [ view_parse ] --START--
INFO: [ template_filter ] --START--
INFO: Run Behavior\ContentReplaceBehavior [ RunTime:0.000000s ]
INFO: [ template_filter ] --END-- [ RunTime:0.000000s ]
NOTIC: [8] Undefined variable: index D:\fish\Runtime\Cache\Home\2f1da06ed2416c9be755be1237f8b30c.php 第 24 行.
NOTIC: [8] Undefined variable: about D:\fish\Runtime\Cache\Home\2f1da06ed2416c9be755be1237f8b30c.php 第 25 行.
NOTIC: [8] Undefined variable: article D:\fish\Runtime\Cache\Home\2f1da06ed2416c9be755be1237f8b30c.php 第 26 行.
NOTIC: [8] Undefined variable: log D:\fish\Runtime\Cache\Home\2f1da06ed2416c9be755be1237f8b30c.php 第 27 行.
NOTIC: [8] Undefined variable: say D:\fish\Runtime\Cache\Home\2f1da06ed2416c9be755be1237f8b30c.php 第 28 行.
NOTIC: [8] Undefined index: c_id D:\fish\Runtime\Cache\Home\2f1da06ed2416c9be755be1237f8b30c.php 第 146 行.
NOTIC: [8] Undefined index: c_id D:\fish\Runtime\Cache\Home\2f1da06ed2416c9be755be1237f8b30c.php 第 146 行.
NOTIC: [8] Undefined index: c_id D:\fish\Runtime\Cache\Home\2f1da06ed2416c9be755be1237f8b30c.php 第 146 行.
NOTIC: [8] Undefined index: c_id D:\fish\Runtime\Cache\Home\2f1da06ed2416c9be755be1237f8b30c.php 第 146 行.
NOTIC: [8] Undefined index: c_id D:\fish\Runtime\Cache\Home\2f1da06ed2416c9be755be1237f8b30c.php 第 146 行.
INFO: Run Behavior\ParseTemplateBehavior [ RunTime:0.014001s ]
INFO: [ view_parse ] --END-- [ RunTime:0.014001s ]
INFO: [ view_filter ] --START--
INFO: Run Behavior\WriteHtmlCacheBehavior [ RunTime:0.000000s ]
INFO: [ view_filter ] --END-- [ RunTime:0.000000s ]
INFO: [ app_end ] --START--
INFO: Run Behavior\ShowPageTraceBehavior [ RunTime:0.001000s ]
INFO: [ app_end ] --END-- [ RunTime:0.001000s ]

[ 2017-12-22T12:02:52+08:00 ] 127.0.0.1 /board.html
INFO: [ app_init ] --START--
INFO: Run Behavior\BuildLiteBehavior [ RunTime:0.000000s ]
INFO: [ app_init ] --END-- [ RunTime:0.001000s ]
INFO: [ app_begin ] --START--
INFO: Run Behavior\ReadHtmlCacheBehavior [ RunTime:0.001000s ]
INFO: [ app_begin ] --END-- [ RunTime:0.001000s ]
SQL: SHOW COLUMNS FROM `fh_article` [ RunTime:0.0040s ]
SQL: SHOW COLUMNS FROM `fh_cat` [ RunTime:0.0020s ]
SQL: SHOW COLUMNS FROM `fh_log` [ RunTime:0.0030s ]
SQL: SHOW COLUMNS FROM `fh_say` [ RunTime:0.0030s ]
SQL: SHOW COLUMNS FROM `fh_system` [ RunTime:0.0020s ]
SQL: SELECT * FROM `fh_article` WHERE `a_show` = 0 LIMIT 7   [ RunTime:0.0010s ]
SQL: SELECT * FROM `fh_cat` ORDER BY c_id desc  [ RunTime:0.0000s ]
SQL: SELECT * FROM `fh_article` ORDER BY a_time desc LIMIT 6   [ RunTime:0.0020s ]
SQL: SELECT * FROM `fh_log` ORDER BY l_time desc LIMIT 6   [ RunTime:0.0010s ]
SQL: SELECT * FROM `fh_say` ORDER BY s_time desc LIMIT 6   [ RunTime:0.0000s ]
SQL: SELECT `c_id`,`c_name` FROM `fh_cat` WHERE `c_show` = 0 ORDER BY c_id desc  [ RunTime:0.0000s ]
SQL: SELECT `a_id`,`a_name`,`a_img`,`a_time`,`a_hit`,`c_name` FROM `fh_article` INNER JOIN fh_cat on fh_article.pid = fh_cat.c_id  ORDER BY a_hit desc LIMIT 5   [ RunTime:0.0000s ]
SQL: SELECT * FROM `fh_system` WHERE `id` = 1 LIMIT 1   [ RunTime:0.0010s ]
SQL: SHOW COLUMNS FROM `fh_board` [ RunTime:0.0020s ]
SQL: SELECT COUNT(*) AS tp_count FROM `fh_board` LIMIT 1   [ RunTime:0.0010s ]
SQL: SELECT * FROM `fh_board` ORDER BY b_time desc  [ RunTime:0.0000s ]
INFO: [ view_parse ] --START--
INFO: [ template_filter ] --START--
INFO: Run Behavior\ContentReplaceBehavior [ RunTime:0.000000s ]
INFO: [ template_filter ] --END-- [ RunTime:0.000000s ]
NOTIC: [8] Undefined variable: index D:\fish\Runtime\Cache\Home\2f1da06ed2416c9be755be1237f8b30c.php 第 24 行.
NOTIC: [8] Undefined variable: about D:\fish\Runtime\Cache\Home\2f1da06ed2416c9be755be1237f8b30c.php 第 25 行.
NOTIC: [8] Undefined variable: article D:\fish\Runtime\Cache\Home\2f1da06ed2416c9be755be1237f8b30c.php 第 26 行.
NOTIC: [8] Undefined variable: log D:\fish\Runtime\Cache\Home\2f1da06ed2416c9be755be1237f8b30c.php 第 27 行.
NOTIC: [8] Undefined variable: say D:\fish\Runtime\Cache\Home\2f1da06ed2416c9be755be1237f8b30c.php 第 28 行.
NOTIC: [8] Undefined index: c_id D:\fish\Runtime\Cache\Home\2f1da06ed2416c9be755be1237f8b30c.php 第 146 行.
NOTIC: [8] Undefined index: c_id D:\fish\Runtime\Cache\Home\2f1da06ed2416c9be755be1237f8b30c.php 第 146 行.
NOTIC: [8] Undefined index: c_id D:\fish\Runtime\Cache\Home\2f1da06ed2416c9be755be1237f8b30c.php 第 146 行.
NOTIC: [8] Undefined index: c_id D:\fish\Runtime\Cache\Home\2f1da06ed2416c9be755be1237f8b30c.php 第 146 行.
NOTIC: [8] Undefined index: c_id D:\fish\Runtime\Cache\Home\2f1da06ed2416c9be755be1237f8b30c.php 第 146 行.
INFO: Run Behavior\ParseTemplateBehavior [ RunTime:0.018001s ]
INFO: [ view_parse ] --END-- [ RunTime:0.018001s ]
INFO: [ view_filter ] --START--
INFO: Run Behavior\WriteHtmlCacheBehavior [ RunTime:0.000000s ]
INFO: [ view_filter ] --END-- [ RunTime:0.000000s ]
INFO: [ app_end ] --START--
INFO: Run Behavior\ShowPageTraceBehavior [ RunTime:0.000000s ]
INFO: [ app_end ] --END-- [ RunTime:0.000000s ]

[ 2017-12-22T12:02:55+08:00 ] 127.0.0.1 /board.html
INFO: [ app_init ] --START--
INFO: Run Behavior\BuildLiteBehavior [ RunTime:0.000000s ]
INFO: [ app_init ] --END-- [ RunTime:0.001000s ]
INFO: [ app_begin ] --START--
INFO: Run Behavior\ReadHtmlCacheBehavior [ RunTime:0.000000s ]
INFO: [ app_begin ] --END-- [ RunTime:0.000000s ]
SQL: SHOW COLUMNS FROM `fh_article` [ RunTime:0.0020s ]
SQL: SHOW COLUMNS FROM `fh_cat` [ RunTime:0.0020s ]
SQL: SHOW COLUMNS FROM `fh_log` [ RunTime:0.0020s ]
SQL: SHOW COLUMNS FROM `fh_say` [ RunTime:0.0020s ]
SQL: SHOW COLUMNS FROM `fh_system` [ RunTime:0.0020s ]
SQL: SHOW COLUMNS FROM `fh_board` [ RunTime:0.0030s ]
SQL: SELECT COUNT(*) AS tp_count FROM `fh_board` LIMIT 1   [ RunTime:0.0000s ]
SQL: SELECT * FROM `fh_board` ORDER BY b_time desc  [ RunTime:0.0010s ]
INFO: [ view_parse ] --START--
INFO: [ template_filter ] --START--
INFO: Run Behavior\ContentReplaceBehavior [ RunTime:0.000000s ]
INFO: [ template_filter ] --END-- [ RunTime:0.001000s ]
NOTIC: [8] Undefined variable: index D:\fish\Runtime\Cache\Home\2f1da06ed2416c9be755be1237f8b30c.php 第 24 行.
NOTIC: [8] Undefined variable: about D:\fish\Runtime\Cache\Home\2f1da06ed2416c9be755be1237f8b30c.php 第 25 行.
NOTIC: [8] Undefined variable: article D:\fish\Runtime\Cache\Home\2f1da06ed2416c9be755be1237f8b30c.php 第 26 行.
NOTIC: [8] Undefined variable: log D:\fish\Runtime\Cache\Home\2f1da06ed2416c9be755be1237f8b30c.php 第 27 行.
NOTIC: [8] Undefined variable: say D:\fish\Runtime\Cache\Home\2f1da06ed2416c9be755be1237f8b30c.php 第 28 行.
NOTIC: [8] Undefined index: c_id D:\fish\Runtime\Cache\Home\2f1da06ed2416c9be755be1237f8b30c.php 第 146 行.
NOTIC: [8] Undefined index: c_id D:\fish\Runtime\Cache\Home\2f1da06ed2416c9be755be1237f8b30c.php 第 146 行.
NOTIC: [8] Undefined index: c_id D:\fish\Runtime\Cache\Home\2f1da06ed2416c9be755be1237f8b30c.php 第 146 行.
NOTIC: [8] Undefined index: c_id D:\fish\Runtime\Cache\Home\2f1da06ed2416c9be755be1237f8b30c.php 第 146 行.
NOTIC: [8] Undefined index: c_id D:\fish\Runtime\Cache\Home\2f1da06ed2416c9be755be1237f8b30c.php 第 146 行.
INFO: Run Behavior\ParseTemplateBehavior [ RunTime:0.013001s ]
INFO: [ view_parse ] --END-- [ RunTime:0.013001s ]
INFO: [ view_filter ] --START--
INFO: Run Behavior\WriteHtmlCacheBehavior [ RunTime:0.001000s ]
INFO: [ view_filter ] --END-- [ RunTime:0.001000s ]
INFO: [ app_end ] --START--
INFO: Run Behavior\ShowPageTraceBehavior [ RunTime:0.001000s ]
INFO: [ app_end ] --END-- [ RunTime:0.001000s ]

