[ 2017-11-30T14:13:43+08:00 ] 127.0.0.1 /Public/Admin/Img/gritter.png
INFO: [ app_init ] --START--
INFO: Run Behavior\BuildLiteBehavior [ RunTime:0.000031s ]
INFO: [ app_init ] --END-- [ RunTime:0.000391s ]

[ 2017-11-30T14:47:54+08:00 ] 127.0.0.1 /
INFO: [ app_init ] --START--
INFO: Run Behavior\BuildLiteBehavior [ RunTime:0.000010s ]
INFO: [ app_init ] --END-- [ RunTime:0.000297s ]
INFO: [ app_begin ] --START--
INFO: Run Behavior\ReadHtmlCacheBehavior [ RunTime:0.000397s ]
INFO: [ app_begin ] --END-- [ RunTime:0.000443s ]
SQL: SHOW COLUMNS FROM `fh_article` [ RunTime:0.0029s ]
SQL: SHOW COLUMNS FROM `fh_cat` [ RunTime:0.0122s ]
SQL: SHOW COLUMNS FROM `fh_log` [ RunTime:0.0026s ]
SQL: SHOW COLUMNS FROM `fh_say` [ RunTime:0.0026s ]
SQL: SHOW COLUMNS FROM `fh_system` [ RunTime:0.0069s ]
SQL: SELECT * FROM `fh_article` WHERE `a_show` = 0  [ RunTime:0.0079s ]
SQL: SELECT * FROM `fh_cat` ORDER BY c_id desc  [ RunTime:0.0002s ]
SQL: SELECT * FROM `fh_article` ORDER BY a_time desc LIMIT 6   [ RunTime:0.0016s ]
SQL: SELECT * FROM `fh_log` ORDER BY l_time desc LIMIT 6   [ RunTime:0.0013s ]
SQL: SELECT * FROM `fh_say` ORDER BY s_time desc LIMIT 6   [ RunTime:0.0002s ]
SQL: SELECT `c_id`,`c_name` FROM `fh_cat` WHERE `c_show` = 0 ORDER BY c_id desc  [ RunTime:0.0002s ]
SQL: SELECT `a_id`,`a_name`,`a_img`,`a_time`,`a_hit`,`c_name` FROM `fh_article` INNER JOIN fh_cat on fh_article.pid = fh_cat.c_id  ORDER BY a_hit desc LIMIT 5   [ RunTime:0.0003s ]
SQL: SELECT * FROM `fh_system` WHERE `id` = 1 LIMIT 1   [ RunTime:0.0002s ]
INFO: [ view_parse ] --START--
INFO: [ template_filter ] --START--
INFO: Run Behavior\ContentReplaceBehavior [ RunTime:0.000101s ]
INFO: [ template_filter ] --END-- [ RunTime:0.000143s ]
NOTIC: [8] Undefined variable: about E:\fish\Runtime\Cache\Home\ccc714bf1ad7378d61a4beb8be3a2914.php 第 22 行.
NOTIC: [8] Undefined variable: article E:\fish\Runtime\Cache\Home\ccc714bf1ad7378d61a4beb8be3a2914.php 第 23 行.
NOTIC: [8] Undefined variable: log E:\fish\Runtime\Cache\Home\ccc714bf1ad7378d61a4beb8be3a2914.php 第 24 行.
NOTIC: [8] Undefined variable: say E:\fish\Runtime\Cache\Home\ccc714bf1ad7378d61a4beb8be3a2914.php 第 25 行.
NOTIC: [8] Undefined variable: board E:\fish\Runtime\Cache\Home\ccc714bf1ad7378d61a4beb8be3a2914.php 第 26 行.
NOTIC: [8] Undefined index: c_id E:\fish\Runtime\Cache\Home\ccc714bf1ad7378d61a4beb8be3a2914.php 第 178 行.
NOTIC: [8] Undefined index: c_id E:\fish\Runtime\Cache\Home\ccc714bf1ad7378d61a4beb8be3a2914.php 第 178 行.
NOTIC: [8] Undefined index: c_id E:\fish\Runtime\Cache\Home\ccc714bf1ad7378d61a4beb8be3a2914.php 第 178 行.
NOTIC: [8] Undefined index: c_id E:\fish\Runtime\Cache\Home\ccc714bf1ad7378d61a4beb8be3a2914.php 第 178 行.
NOTIC: [8] Undefined index: c_id E:\fish\Runtime\Cache\Home\ccc714bf1ad7378d61a4beb8be3a2914.php 第 178 行.
INFO: Run Behavior\ParseTemplateBehavior [ RunTime:0.011417s ]
INFO: [ view_parse ] --END-- [ RunTime:0.011457s ]
INFO: [ view_filter ] --START--
INFO: Run Behavior\WriteHtmlCacheBehavior [ RunTime:0.000310s ]
INFO: [ view_filter ] --END-- [ RunTime:0.000347s ]
INFO: [ app_end ] --START--
INFO: Run Behavior\ShowPageTraceBehavior [ RunTime:0.000454s ]
INFO: [ app_end ] --END-- [ RunTime:0.000496s ]

[ 2017-11-30T14:47:54+08:00 ] 127.0.0.1 /favicon.ico
INFO: [ app_init ] --START--
INFO: Run Behavior\BuildLiteBehavior [ RunTime:0.000014s ]
INFO: [ app_init ] --END-- [ RunTime:0.000442s ]

[ 2017-11-30T15:55:15+08:00 ] 127.0.0.1 /Public/Admin/Img/gritter.png
INFO: [ app_init ] --START--
INFO: Run Behavior\BuildLiteBehavior [ RunTime:0.000017s ]
INFO: [ app_init ] --END-- [ RunTime:0.000471s ]

