[ 2017-12-05T07:58:31+08:00 ] 176.9.23.4 /
INFO: [ app_init ] --START--
INFO: Run Behavior\BuildLiteBehavior [ RunTime:0.000000s ]
INFO: [ app_init ] --END-- [ RunTime:0.000000s ]
INFO: [ app_begin ] --START--
INFO: Run Behavior\ReadHtmlCacheBehavior [ RunTime:0.000000s ]
INFO: [ app_begin ] --END-- [ RunTime:0.000000s ]
NOTIC: [2] ini_set() has been disabled for security reasons E:\web\lykl812j\WwwRoot\ThinkPHP\Common\functions.php 第 1236 行.
SQL: SHOW COLUMNS FROM `fh_article` [ RunTime:0.0000s ]
SQL: SHOW COLUMNS FROM `fh_cat` [ RunTime:0.0000s ]
SQL: SHOW COLUMNS FROM `fh_log` [ RunTime:0.0000s ]
SQL: SHOW COLUMNS FROM `fh_say` [ RunTime:0.0000s ]
SQL: SHOW COLUMNS FROM `fh_system` [ RunTime:0.0000s ]
SQL: SELECT * FROM `fh_article` WHERE `a_show` = 0 LIMIT 7   [ RunTime:0.0000s ]
SQL: SELECT * FROM `fh_cat` ORDER BY c_id desc  [ RunTime:0.0000s ]
SQL: SELECT * FROM `fh_article` ORDER BY a_time desc LIMIT 6   [ RunTime:0.0000s ]
SQL: SELECT * FROM `fh_log` ORDER BY l_time desc LIMIT 6   [ RunTime:0.0000s ]
SQL: SELECT * FROM `fh_say` ORDER BY s_time desc LIMIT 6   [ RunTime:0.0000s ]
SQL: SELECT `c_id`,`c_name` FROM `fh_cat` WHERE `c_show` = 0 ORDER BY c_id desc  [ RunTime:0.0000s ]
SQL: SELECT `a_id`,`a_name`,`a_img`,`a_time`,`a_hit`,`c_name` FROM `fh_article` INNER JOIN fh_cat on fh_article.pid = fh_cat.c_id  ORDER BY a_hit desc LIMIT 5   [ RunTime:0.0000s ]
SQL: SELECT * FROM `fh_system` WHERE `id` = 1 LIMIT 1   [ RunTime:0.0000s ]
INFO: [ view_parse ] --START--
INFO: [ template_filter ] --START--
INFO: Run Behavior\ContentReplaceBehavior [ RunTime:0.000000s ]
INFO: [ template_filter ] --END-- [ RunTime:0.000000s ]
NOTIC: [8] Undefined variable: about E:\web\lykl812j\WwwRoot\Runtime\Cache\Home\ccc714bf1ad7378d61a4beb8be3a2914.php 第 22 行.
NOTIC: [8] Undefined variable: article E:\web\lykl812j\WwwRoot\Runtime\Cache\Home\ccc714bf1ad7378d61a4beb8be3a2914.php 第 23 行.
NOTIC: [8] Undefined variable: log E:\web\lykl812j\WwwRoot\Runtime\Cache\Home\ccc714bf1ad7378d61a4beb8be3a2914.php 第 24 行.
NOTIC: [8] Undefined variable: say E:\web\lykl812j\WwwRoot\Runtime\Cache\Home\ccc714bf1ad7378d61a4beb8be3a2914.php 第 25 行.
NOTIC: [8] Undefined variable: board E:\web\lykl812j\WwwRoot\Runtime\Cache\Home\ccc714bf1ad7378d61a4beb8be3a2914.php 第 26 行.
NOTIC: [8] Undefined index: c_id E:\web\lykl812j\WwwRoot\Runtime\Cache\Home\ccc714bf1ad7378d61a4beb8be3a2914.php 第 178 行.
NOTIC: [8] Undefined index: c_id E:\web\lykl812j\WwwRoot\Runtime\Cache\Home\ccc714bf1ad7378d61a4beb8be3a2914.php 第 178 行.
NOTIC: [8] Undefined index: c_id E:\web\lykl812j\WwwRoot\Runtime\Cache\Home\ccc714bf1ad7378d61a4beb8be3a2914.php 第 178 行.
NOTIC: [8] Undefined index: c_id E:\web\lykl812j\WwwRoot\Runtime\Cache\Home\ccc714bf1ad7378d61a4beb8be3a2914.php 第 178 行.
NOTIC: [8] Undefined index: c_id E:\web\lykl812j\WwwRoot\Runtime\Cache\Home\ccc714bf1ad7378d61a4beb8be3a2914.php 第 178 行.
INFO: Run Behavior\ParseTemplateBehavior [ RunTime:0.046875s ]
INFO: [ view_parse ] --END-- [ RunTime:0.046875s ]
INFO: [ view_filter ] --START--
INFO: Run Behavior\WriteHtmlCacheBehavior [ RunTime:0.000000s ]
INFO: [ view_filter ] --END-- [ RunTime:0.000000s ]
INFO: [ app_end ] --START--
INFO: Run Behavior\ShowPageTraceBehavior [ RunTime:0.000000s ]
INFO: [ app_end ] --END-- [ RunTime:0.000000s ]

[ 2017-12-05T09:28:05+08:00 ] 180.213.106.238 /
INFO: [ app_init ] --START--
INFO: Run Behavior\BuildLiteBehavior [ RunTime:0.000000s ]
INFO: [ app_init ] --END-- [ RunTime:0.000000s ]
INFO: [ app_begin ] --START--
INFO: Run Behavior\ReadHtmlCacheBehavior [ RunTime:0.000000s ]
INFO: [ app_begin ] --END-- [ RunTime:0.000000s ]
NOTIC: [2] ini_set() has been disabled for security reasons E:\web\lykl812j\WwwRoot\ThinkPHP\Common\functions.php 第 1236 行.
SQL: SHOW COLUMNS FROM `fh_article` [ RunTime:0.0000s ]
SQL: SHOW COLUMNS FROM `fh_cat` [ RunTime:0.0000s ]
SQL: SHOW COLUMNS FROM `fh_log` [ RunTime:0.0000s ]
SQL: SHOW COLUMNS FROM `fh_say` [ RunTime:0.0000s ]
SQL: SHOW COLUMNS FROM `fh_system` [ RunTime:0.0000s ]
SQL: SELECT * FROM `fh_article` WHERE `a_show` = 0 LIMIT 7   [ RunTime:0.0156s ]
SQL: SELECT * FROM `fh_cat` ORDER BY c_id desc  [ RunTime:0.0000s ]
SQL: SELECT * FROM `fh_article` ORDER BY a_time desc LIMIT 6   [ RunTime:0.0000s ]
SQL: SELECT * FROM `fh_log` ORDER BY l_time desc LIMIT 6   [ RunTime:0.0156s ]
SQL: SELECT * FROM `fh_say` ORDER BY s_time desc LIMIT 6   [ RunTime:0.0000s ]
SQL: SELECT `c_id`,`c_name` FROM `fh_cat` WHERE `c_show` = 0 ORDER BY c_id desc  [ RunTime:0.0000s ]
SQL: SELECT `a_id`,`a_name`,`a_img`,`a_time`,`a_hit`,`c_name` FROM `fh_article` INNER JOIN fh_cat on fh_article.pid = fh_cat.c_id  ORDER BY a_hit desc LIMIT 5   [ RunTime:0.0000s ]
SQL: SELECT * FROM `fh_system` WHERE `id` = 1 LIMIT 1   [ RunTime:0.0000s ]
INFO: [ view_parse ] --START--
INFO: [ template_filter ] --START--
INFO: Run Behavior\ContentReplaceBehavior [ RunTime:0.000000s ]
INFO: [ template_filter ] --END-- [ RunTime:0.000000s ]
NOTIC: [8] Undefined variable: about E:\web\lykl812j\WwwRoot\Runtime\Cache\Home\ccc714bf1ad7378d61a4beb8be3a2914.php 第 22 行.
NOTIC: [8] Undefined variable: article E:\web\lykl812j\WwwRoot\Runtime\Cache\Home\ccc714bf1ad7378d61a4beb8be3a2914.php 第 23 行.
NOTIC: [8] Undefined variable: log E:\web\lykl812j\WwwRoot\Runtime\Cache\Home\ccc714bf1ad7378d61a4beb8be3a2914.php 第 24 行.
NOTIC: [8] Undefined variable: say E:\web\lykl812j\WwwRoot\Runtime\Cache\Home\ccc714bf1ad7378d61a4beb8be3a2914.php 第 25 行.
NOTIC: [8] Undefined variable: board E:\web\lykl812j\WwwRoot\Runtime\Cache\Home\ccc714bf1ad7378d61a4beb8be3a2914.php 第 26 行.
NOTIC: [8] Undefined index: c_id E:\web\lykl812j\WwwRoot\Runtime\Cache\Home\ccc714bf1ad7378d61a4beb8be3a2914.php 第 178 行.
NOTIC: [8] Undefined index: c_id E:\web\lykl812j\WwwRoot\Runtime\Cache\Home\ccc714bf1ad7378d61a4beb8be3a2914.php 第 178 行.
NOTIC: [8] Undefined index: c_id E:\web\lykl812j\WwwRoot\Runtime\Cache\Home\ccc714bf1ad7378d61a4beb8be3a2914.php 第 178 行.
NOTIC: [8] Undefined index: c_id E:\web\lykl812j\WwwRoot\Runtime\Cache\Home\ccc714bf1ad7378d61a4beb8be3a2914.php 第 178 行.
NOTIC: [8] Undefined index: c_id E:\web\lykl812j\WwwRoot\Runtime\Cache\Home\ccc714bf1ad7378d61a4beb8be3a2914.php 第 178 行.
INFO: Run Behavior\ParseTemplateBehavior [ RunTime:0.062500s ]
INFO: [ view_parse ] --END-- [ RunTime:0.062500s ]
INFO: [ view_filter ] --START--
INFO: Run Behavior\WriteHtmlCacheBehavior [ RunTime:0.000000s ]
INFO: [ view_filter ] --END-- [ RunTime:0.000000s ]
INFO: [ app_end ] --START--
INFO: Run Behavior\ShowPageTraceBehavior [ RunTime:0.000000s ]
INFO: [ app_end ] --END-- [ RunTime:0.000000s ]

[ 2017-12-05T10:09:11+08:00 ] 61.140.27.163 /
INFO: [ app_init ] --START--
INFO: Run Behavior\BuildLiteBehavior [ RunTime:0.000000s ]
INFO: [ app_init ] --END-- [ RunTime:0.000000s ]
INFO: [ app_begin ] --START--
INFO: Run Behavior\ReadHtmlCacheBehavior [ RunTime:0.000000s ]
INFO: [ app_begin ] --END-- [ RunTime:0.000000s ]
NOTIC: [2] ini_set() has been disabled for security reasons E:\web\lykl812j\WwwRoot\ThinkPHP\Common\functions.php 第 1236 行.
SQL: SHOW COLUMNS FROM `fh_article` [ RunTime:0.0000s ]
SQL: SHOW COLUMNS FROM `fh_cat` [ RunTime:0.0000s ]
SQL: SHOW COLUMNS FROM `fh_log` [ RunTime:0.0000s ]
SQL: SHOW COLUMNS FROM `fh_say` [ RunTime:0.0313s ]
SQL: SHOW COLUMNS FROM `fh_system` [ RunTime:0.0000s ]
SQL: SELECT * FROM `fh_article` WHERE `a_show` = 0 LIMIT 7   [ RunTime:0.0000s ]
SQL: SELECT * FROM `fh_cat` ORDER BY c_id desc  [ RunTime:0.0000s ]
SQL: SELECT * FROM `fh_article` ORDER BY a_time desc LIMIT 6   [ RunTime:0.0000s ]
SQL: SELECT * FROM `fh_log` ORDER BY l_time desc LIMIT 6   [ RunTime:0.0000s ]
SQL: SELECT * FROM `fh_say` ORDER BY s_time desc LIMIT 6   [ RunTime:0.0000s ]
SQL: SELECT `c_id`,`c_name` FROM `fh_cat` WHERE `c_show` = 0 ORDER BY c_id desc  [ RunTime:0.0000s ]
SQL: SELECT `a_id`,`a_name`,`a_img`,`a_time`,`a_hit`,`c_name` FROM `fh_article` INNER JOIN fh_cat on fh_article.pid = fh_cat.c_id  ORDER BY a_hit desc LIMIT 5   [ RunTime:0.0156s ]
SQL: SELECT * FROM `fh_system` WHERE `id` = 1 LIMIT 1   [ RunTime:0.0000s ]
INFO: [ view_parse ] --START--
INFO: [ template_filter ] --START--
INFO: Run Behavior\ContentReplaceBehavior [ RunTime:0.000000s ]
INFO: [ template_filter ] --END-- [ RunTime:0.000000s ]
NOTIC: [8] Undefined variable: about E:\web\lykl812j\WwwRoot\Runtime\Cache\Home\ccc714bf1ad7378d61a4beb8be3a2914.php 第 22 行.
NOTIC: [8] Undefined variable: article E:\web\lykl812j\WwwRoot\Runtime\Cache\Home\ccc714bf1ad7378d61a4beb8be3a2914.php 第 23 行.
NOTIC: [8] Undefined variable: log E:\web\lykl812j\WwwRoot\Runtime\Cache\Home\ccc714bf1ad7378d61a4beb8be3a2914.php 第 24 行.
NOTIC: [8] Undefined variable: say E:\web\lykl812j\WwwRoot\Runtime\Cache\Home\ccc714bf1ad7378d61a4beb8be3a2914.php 第 25 行.
NOTIC: [8] Undefined variable: board E:\web\lykl812j\WwwRoot\Runtime\Cache\Home\ccc714bf1ad7378d61a4beb8be3a2914.php 第 26 行.
NOTIC: [8] Undefined index: c_id E:\web\lykl812j\WwwRoot\Runtime\Cache\Home\ccc714bf1ad7378d61a4beb8be3a2914.php 第 178 行.
NOTIC: [8] Undefined index: c_id E:\web\lykl812j\WwwRoot\Runtime\Cache\Home\ccc714bf1ad7378d61a4beb8be3a2914.php 第 178 行.
NOTIC: [8] Undefined index: c_id E:\web\lykl812j\WwwRoot\Runtime\Cache\Home\ccc714bf1ad7378d61a4beb8be3a2914.php 第 178 行.
NOTIC: [8] Undefined index: c_id E:\web\lykl812j\WwwRoot\Runtime\Cache\Home\ccc714bf1ad7378d61a4beb8be3a2914.php 第 178 行.
NOTIC: [8] Undefined index: c_id E:\web\lykl812j\WwwRoot\Runtime\Cache\Home\ccc714bf1ad7378d61a4beb8be3a2914.php 第 178 行.
INFO: Run Behavior\ParseTemplateBehavior [ RunTime:0.046875s ]
INFO: [ view_parse ] --END-- [ RunTime:0.046875s ]
INFO: [ view_filter ] --START--
INFO: Run Behavior\WriteHtmlCacheBehavior [ RunTime:0.000000s ]
INFO: [ view_filter ] --END-- [ RunTime:0.000000s ]
INFO: [ app_end ] --START--
INFO: Run Behavior\ShowPageTraceBehavior [ RunTime:0.000000s ]
INFO: [ app_end ] --END-- [ RunTime:0.000000s ]

[ 2017-12-05T10:09:47+08:00 ] 106.120.161.66 /
INFO: [ app_init ] --START--
INFO: Run Behavior\BuildLiteBehavior [ RunTime:0.000000s ]
INFO: [ app_init ] --END-- [ RunTime:0.000000s ]
INFO: [ app_begin ] --START--
INFO: Run Behavior\ReadHtmlCacheBehavior [ RunTime:0.000000s ]
INFO: [ app_begin ] --END-- [ RunTime:0.000000s ]
NOTIC: [2] ini_set() has been disabled for security reasons E:\web\lykl812j\WwwRoot\ThinkPHP\Common\functions.php 第 1236 行.
SQL: SHOW COLUMNS FROM `fh_article` [ RunTime:0.0000s ]
SQL: SHOW COLUMNS FROM `fh_cat` [ RunTime:0.0000s ]
SQL: SHOW COLUMNS FROM `fh_log` [ RunTime:0.0000s ]
SQL: SHOW COLUMNS FROM `fh_say` [ RunTime:0.0156s ]
SQL: SHOW COLUMNS FROM `fh_system` [ RunTime:0.0000s ]
SQL: SELECT * FROM `fh_article` WHERE `a_show` = 0 LIMIT 7   [ RunTime:0.0000s ]
SQL: SELECT * FROM `fh_cat` ORDER BY c_id desc  [ RunTime:0.0000s ]
SQL: SELECT * FROM `fh_article` ORDER BY a_time desc LIMIT 6   [ RunTime:0.0156s ]
SQL: SELECT * FROM `fh_log` ORDER BY l_time desc LIMIT 6   [ RunTime:0.0000s ]
SQL: SELECT * FROM `fh_say` ORDER BY s_time desc LIMIT 6   [ RunTime:0.0000s ]
SQL: SELECT `c_id`,`c_name` FROM `fh_cat` WHERE `c_show` = 0 ORDER BY c_id desc  [ RunTime:0.0000s ]
SQL: SELECT `a_id`,`a_name`,`a_img`,`a_time`,`a_hit`,`c_name` FROM `fh_article` INNER JOIN fh_cat on fh_article.pid = fh_cat.c_id  ORDER BY a_hit desc LIMIT 5   [ RunTime:0.0000s ]
SQL: SELECT * FROM `fh_system` WHERE `id` = 1 LIMIT 1   [ RunTime:0.0156s ]
INFO: [ view_parse ] --START--
INFO: [ template_filter ] --START--
INFO: Run Behavior\ContentReplaceBehavior [ RunTime:0.000000s ]
INFO: [ template_filter ] --END-- [ RunTime:0.000000s ]
NOTIC: [8] Undefined variable: about E:\web\lykl812j\WwwRoot\Runtime\Cache\Home\ccc714bf1ad7378d61a4beb8be3a2914.php 第 22 行.
NOTIC: [8] Undefined variable: article E:\web\lykl812j\WwwRoot\Runtime\Cache\Home\ccc714bf1ad7378d61a4beb8be3a2914.php 第 23 行.
NOTIC: [8] Undefined variable: log E:\web\lykl812j\WwwRoot\Runtime\Cache\Home\ccc714bf1ad7378d61a4beb8be3a2914.php 第 24 行.
NOTIC: [8] Undefined variable: say E:\web\lykl812j\WwwRoot\Runtime\Cache\Home\ccc714bf1ad7378d61a4beb8be3a2914.php 第 25 行.
NOTIC: [8] Undefined variable: board E:\web\lykl812j\WwwRoot\Runtime\Cache\Home\ccc714bf1ad7378d61a4beb8be3a2914.php 第 26 行.
NOTIC: [8] Undefined index: c_id E:\web\lykl812j\WwwRoot\Runtime\Cache\Home\ccc714bf1ad7378d61a4beb8be3a2914.php 第 178 行.
NOTIC: [8] Undefined index: c_id E:\web\lykl812j\WwwRoot\Runtime\Cache\Home\ccc714bf1ad7378d61a4beb8be3a2914.php 第 178 行.
NOTIC: [8] Undefined index: c_id E:\web\lykl812j\WwwRoot\Runtime\Cache\Home\ccc714bf1ad7378d61a4beb8be3a2914.php 第 178 行.
NOTIC: [8] Undefined index: c_id E:\web\lykl812j\WwwRoot\Runtime\Cache\Home\ccc714bf1ad7378d61a4beb8be3a2914.php 第 178 行.
NOTIC: [8] Undefined index: c_id E:\web\lykl812j\WwwRoot\Runtime\Cache\Home\ccc714bf1ad7378d61a4beb8be3a2914.php 第 178 行.
INFO: Run Behavior\ParseTemplateBehavior [ RunTime:0.031250s ]
INFO: [ view_parse ] --END-- [ RunTime:0.031250s ]
INFO: [ view_filter ] --START--
INFO: Run Behavior\WriteHtmlCacheBehavior [ RunTime:0.000000s ]
INFO: [ view_filter ] --END-- [ RunTime:0.000000s ]
INFO: [ app_end ] --START--
INFO: Run Behavior\ShowPageTraceBehavior [ RunTime:0.000000s ]
INFO: [ app_end ] --END-- [ RunTime:0.000000s ]

[ 2017-12-05T10:09:48+08:00 ] 61.140.27.163 /favicon.ico
INFO: [ app_init ] --START--
INFO: Run Behavior\BuildLiteBehavior [ RunTime:0.000000s ]
INFO: [ app_init ] --END-- [ RunTime:0.000000s ]

[ 2017-12-05T10:10:00+08:00 ] 220.181.132.194 /
INFO: [ app_init ] --START--
INFO: Run Behavior\BuildLiteBehavior [ RunTime:0.000000s ]
INFO: [ app_init ] --END-- [ RunTime:0.000000s ]
INFO: [ app_begin ] --START--
INFO: Run Behavior\ReadHtmlCacheBehavior [ RunTime:0.000000s ]
INFO: [ app_begin ] --END-- [ RunTime:0.000000s ]
NOTIC: [2] ini_set() has been disabled for security reasons E:\web\lykl812j\WwwRoot\ThinkPHP\Common\functions.php 第 1236 行.
SQL: SHOW COLUMNS FROM `fh_article` [ RunTime:0.0000s ]
SQL: SHOW COLUMNS FROM `fh_cat` [ RunTime:0.0000s ]
SQL: SHOW COLUMNS FROM `fh_log` [ RunTime:0.0000s ]
SQL: SHOW COLUMNS FROM `fh_say` [ RunTime:0.0000s ]
SQL: SHOW COLUMNS FROM `fh_system` [ RunTime:0.0156s ]
SQL: SELECT * FROM `fh_article` WHERE `a_show` = 0 LIMIT 7   [ RunTime:0.0000s ]
SQL: SELECT * FROM `fh_cat` ORDER BY c_id desc  [ RunTime:0.0000s ]
SQL: SELECT * FROM `fh_article` ORDER BY a_time desc LIMIT 6   [ RunTime:0.0000s ]
SQL: SELECT * FROM `fh_log` ORDER BY l_time desc LIMIT 6   [ RunTime:0.0000s ]
SQL: SELECT * FROM `fh_say` ORDER BY s_time desc LIMIT 6   [ RunTime:0.0000s ]
SQL: SELECT `c_id`,`c_name` FROM `fh_cat` WHERE `c_show` = 0 ORDER BY c_id desc  [ RunTime:0.0000s ]
SQL: SELECT `a_id`,`a_name`,`a_img`,`a_time`,`a_hit`,`c_name` FROM `fh_article` INNER JOIN fh_cat on fh_article.pid = fh_cat.c_id  ORDER BY a_hit desc LIMIT 5   [ RunTime:0.0000s ]
SQL: SELECT * FROM `fh_system` WHERE `id` = 1 LIMIT 1   [ RunTime:0.0000s ]
INFO: [ view_parse ] --START--
INFO: [ template_filter ] --START--
INFO: Run Behavior\ContentReplaceBehavior [ RunTime:0.000000s ]
INFO: [ template_filter ] --END-- [ RunTime:0.000000s ]
NOTIC: [8] Undefined variable: about E:\web\lykl812j\WwwRoot\Runtime\Cache\Home\ccc714bf1ad7378d61a4beb8be3a2914.php 第 22 行.
NOTIC: [8] Undefined variable: article E:\web\lykl812j\WwwRoot\Runtime\Cache\Home\ccc714bf1ad7378d61a4beb8be3a2914.php 第 23 行.
NOTIC: [8] Undefined variable: log E:\web\lykl812j\WwwRoot\Runtime\Cache\Home\ccc714bf1ad7378d61a4beb8be3a2914.php 第 24 行.
NOTIC: [8] Undefined variable: say E:\web\lykl812j\WwwRoot\Runtime\Cache\Home\ccc714bf1ad7378d61a4beb8be3a2914.php 第 25 行.
NOTIC: [8] Undefined variable: board E:\web\lykl812j\WwwRoot\Runtime\Cache\Home\ccc714bf1ad7378d61a4beb8be3a2914.php 第 26 行.
NOTIC: [8] Undefined index: c_id E:\web\lykl812j\WwwRoot\Runtime\Cache\Home\ccc714bf1ad7378d61a4beb8be3a2914.php 第 178 行.
NOTIC: [8] Undefined index: c_id E:\web\lykl812j\WwwRoot\Runtime\Cache\Home\ccc714bf1ad7378d61a4beb8be3a2914.php 第 178 行.
NOTIC: [8] Undefined index: c_id E:\web\lykl812j\WwwRoot\Runtime\Cache\Home\ccc714bf1ad7378d61a4beb8be3a2914.php 第 178 行.
NOTIC: [8] Undefined index: c_id E:\web\lykl812j\WwwRoot\Runtime\Cache\Home\ccc714bf1ad7378d61a4beb8be3a2914.php 第 178 行.
NOTIC: [8] Undefined index: c_id E:\web\lykl812j\WwwRoot\Runtime\Cache\Home\ccc714bf1ad7378d61a4beb8be3a2914.php 第 178 行.
INFO: Run Behavior\ParseTemplateBehavior [ RunTime:0.031250s ]
INFO: [ view_parse ] --END-- [ RunTime:0.031250s ]
INFO: [ view_filter ] --START--
INFO: Run Behavior\WriteHtmlCacheBehavior [ RunTime:0.000000s ]
INFO: [ view_filter ] --END-- [ RunTime:0.000000s ]
INFO: [ app_end ] --START--
INFO: Run Behavior\ShowPageTraceBehavior [ RunTime:0.000000s ]
INFO: [ app_end ] --END-- [ RunTime:0.000000s ]

[ 2017-12-05T10:14:39+08:00 ] 61.140.27.163 /board.html
INFO: [ app_init ] --START--
INFO: Run Behavior\BuildLiteBehavior [ RunTime:0.000000s ]
INFO: [ app_init ] --END-- [ RunTime:0.000000s ]
INFO: [ app_begin ] --START--
INFO: Run Behavior\ReadHtmlCacheBehavior [ RunTime:0.000000s ]
INFO: [ app_begin ] --END-- [ RunTime:0.000000s ]
NOTIC: [2] ini_set() has been disabled for security reasons E:\web\lykl812j\WwwRoot\ThinkPHP\Common\functions.php 第 1236 行.
SQL: SHOW COLUMNS FROM `fh_article` [ RunTime:0.0000s ]
SQL: SHOW COLUMNS FROM `fh_cat` [ RunTime:0.0000s ]
SQL: SHOW COLUMNS FROM `fh_log` [ RunTime:0.0156s ]
SQL: SHOW COLUMNS FROM `fh_say` [ RunTime:0.0000s ]
SQL: SHOW COLUMNS FROM `fh_system` [ RunTime:0.0000s ]
SQL: SELECT * FROM `fh_article` WHERE `a_show` = 0 LIMIT 7   [ RunTime:0.0000s ]
SQL: SELECT * FROM `fh_cat` ORDER BY c_id desc  [ RunTime:0.0000s ]
SQL: SELECT * FROM `fh_article` ORDER BY a_time desc LIMIT 6   [ RunTime:0.0156s ]
SQL: SELECT * FROM `fh_log` ORDER BY l_time desc LIMIT 6   [ RunTime:0.0156s ]
SQL: SELECT * FROM `fh_say` ORDER BY s_time desc LIMIT 6   [ RunTime:0.0000s ]
SQL: SELECT `c_id`,`c_name` FROM `fh_cat` WHERE `c_show` = 0 ORDER BY c_id desc  [ RunTime:0.0000s ]
SQL: SELECT `a_id`,`a_name`,`a_img`,`a_time`,`a_hit`,`c_name` FROM `fh_article` INNER JOIN fh_cat on fh_article.pid = fh_cat.c_id  ORDER BY a_hit desc LIMIT 5   [ RunTime:0.0000s ]
SQL: SELECT * FROM `fh_system` WHERE `id` = 1 LIMIT 1   [ RunTime:0.0000s ]
SQL: SHOW COLUMNS FROM `fh_board` [ RunTime:0.0156s ]
SQL: SELECT COUNT(*) AS tp_count FROM `fh_board` LIMIT 1   [ RunTime:0.0000s ]
SQL: SELECT * FROM `fh_board`  [ RunTime:0.0000s ]
INFO: [ view_parse ] --START--
INFO: [ template_filter ] --START--
INFO: Run Behavior\ContentReplaceBehavior [ RunTime:0.000000s ]
INFO: [ template_filter ] --END-- [ RunTime:0.000000s ]
NOTIC: [8] Undefined variable: index E:\web\lykl812j\WwwRoot\Runtime\Cache\Home\2f1da06ed2416c9be755be1237f8b30c.php 第 21 行.
NOTIC: [8] Undefined variable: about E:\web\lykl812j\WwwRoot\Runtime\Cache\Home\2f1da06ed2416c9be755be1237f8b30c.php 第 22 行.
NOTIC: [8] Undefined variable: article E:\web\lykl812j\WwwRoot\Runtime\Cache\Home\2f1da06ed2416c9be755be1237f8b30c.php 第 23 行.
NOTIC: [8] Undefined variable: log E:\web\lykl812j\WwwRoot\Runtime\Cache\Home\2f1da06ed2416c9be755be1237f8b30c.php 第 24 行.
NOTIC: [8] Undefined variable: say E:\web\lykl812j\WwwRoot\Runtime\Cache\Home\2f1da06ed2416c9be755be1237f8b30c.php 第 25 行.
NOTIC: [8] Undefined index: c_id E:\web\lykl812j\WwwRoot\Runtime\Cache\Home\2f1da06ed2416c9be755be1237f8b30c.php 第 143 行.
NOTIC: [8] Undefined index: c_id E:\web\lykl812j\WwwRoot\Runtime\Cache\Home\2f1da06ed2416c9be755be1237f8b30c.php 第 143 行.
NOTIC: [8] Undefined index: c_id E:\web\lykl812j\WwwRoot\Runtime\Cache\Home\2f1da06ed2416c9be755be1237f8b30c.php 第 143 行.
NOTIC: [8] Undefined index: c_id E:\web\lykl812j\WwwRoot\Runtime\Cache\Home\2f1da06ed2416c9be755be1237f8b30c.php 第 143 行.
NOTIC: [8] Undefined index: c_id E:\web\lykl812j\WwwRoot\Runtime\Cache\Home\2f1da06ed2416c9be755be1237f8b30c.php 第 143 行.
INFO: Run Behavior\ParseTemplateBehavior [ RunTime:0.031250s ]
INFO: [ view_parse ] --END-- [ RunTime:0.031250s ]
INFO: [ view_filter ] --START--
INFO: Run Behavior\WriteHtmlCacheBehavior [ RunTime:0.015625s ]
INFO: [ view_filter ] --END-- [ RunTime:0.015625s ]
INFO: [ app_end ] --START--
INFO: Run Behavior\ShowPageTraceBehavior [ RunTime:0.000000s ]
INFO: [ app_end ] --END-- [ RunTime:0.000000s ]

[ 2017-12-05T10:14:54+08:00 ] 61.140.27.163 /favicon.ico
INFO: [ app_init ] --START--
INFO: Run Behavior\BuildLiteBehavior [ RunTime:0.000000s ]
INFO: [ app_init ] --END-- [ RunTime:0.000000s ]

[ 2017-12-05T10:15:25+08:00 ] 106.120.161.66 /board.html
INFO: [ app_init ] --START--
INFO: Run Behavior\BuildLiteBehavior [ RunTime:0.000000s ]
INFO: [ app_init ] --END-- [ RunTime:0.000000s ]
INFO: [ app_begin ] --START--
INFO: Run Behavior\ReadHtmlCacheBehavior [ RunTime:0.000000s ]
INFO: [ app_begin ] --END-- [ RunTime:0.000000s ]
NOTIC: [2] ini_set() has been disabled for security reasons E:\web\lykl812j\WwwRoot\ThinkPHP\Common\functions.php 第 1236 行.
SQL: SHOW COLUMNS FROM `fh_article` [ RunTime:0.0000s ]
SQL: SHOW COLUMNS FROM `fh_cat` [ RunTime:0.0000s ]
SQL: SHOW COLUMNS FROM `fh_log` [ RunTime:0.0000s ]
SQL: SHOW COLUMNS FROM `fh_say` [ RunTime:0.0156s ]
SQL: SHOW COLUMNS FROM `fh_system` [ RunTime:0.0000s ]
SQL: SELECT * FROM `fh_article` WHERE `a_show` = 0 LIMIT 7   [ RunTime:0.0000s ]
SQL: SELECT * FROM `fh_cat` ORDER BY c_id desc  [ RunTime:0.0000s ]
SQL: SELECT * FROM `fh_article` ORDER BY a_time desc LIMIT 6   [ RunTime:0.0000s ]
SQL: SELECT * FROM `fh_log` ORDER BY l_time desc LIMIT 6   [ RunTime:0.0000s ]
SQL: SELECT * FROM `fh_say` ORDER BY s_time desc LIMIT 6   [ RunTime:0.0000s ]
SQL: SELECT `c_id`,`c_name` FROM `fh_cat` WHERE `c_show` = 0 ORDER BY c_id desc  [ RunTime:0.0000s ]
SQL: SELECT `a_id`,`a_name`,`a_img`,`a_time`,`a_hit`,`c_name` FROM `fh_article` INNER JOIN fh_cat on fh_article.pid = fh_cat.c_id  ORDER BY a_hit desc LIMIT 5   [ RunTime:0.0000s ]
SQL: SELECT * FROM `fh_system` WHERE `id` = 1 LIMIT 1   [ RunTime:0.0000s ]
SQL: SHOW COLUMNS FROM `fh_board` [ RunTime:0.0000s ]
SQL: SELECT COUNT(*) AS tp_count FROM `fh_board` LIMIT 1   [ RunTime:0.0000s ]
SQL: SELECT * FROM `fh_board`  [ RunTime:0.0000s ]
INFO: [ view_parse ] --START--
INFO: [ template_filter ] --START--
INFO: Run Behavior\ContentReplaceBehavior [ RunTime:0.000000s ]
INFO: [ template_filter ] --END-- [ RunTime:0.000000s ]
NOTIC: [8] Undefined variable: index E:\web\lykl812j\WwwRoot\Runtime\Cache\Home\2f1da06ed2416c9be755be1237f8b30c.php 第 21 行.
NOTIC: [8] Undefined variable: about E:\web\lykl812j\WwwRoot\Runtime\Cache\Home\2f1da06ed2416c9be755be1237f8b30c.php 第 22 行.
NOTIC: [8] Undefined variable: article E:\web\lykl812j\WwwRoot\Runtime\Cache\Home\2f1da06ed2416c9be755be1237f8b30c.php 第 23 行.
NOTIC: [8] Undefined variable: log E:\web\lykl812j\WwwRoot\Runtime\Cache\Home\2f1da06ed2416c9be755be1237f8b30c.php 第 24 行.
NOTIC: [8] Undefined variable: say E:\web\lykl812j\WwwRoot\Runtime\Cache\Home\2f1da06ed2416c9be755be1237f8b30c.php 第 25 行.
NOTIC: [8] Undefined index: c_id E:\web\lykl812j\WwwRoot\Runtime\Cache\Home\2f1da06ed2416c9be755be1237f8b30c.php 第 143 行.
NOTIC: [8] Undefined index: c_id E:\web\lykl812j\WwwRoot\Runtime\Cache\Home\2f1da06ed2416c9be755be1237f8b30c.php 第 143 行.
NOTIC: [8] Undefined index: c_id E:\web\lykl812j\WwwRoot\Runtime\Cache\Home\2f1da06ed2416c9be755be1237f8b30c.php 第 143 行.
NOTIC: [8] Undefined index: c_id E:\web\lykl812j\WwwRoot\Runtime\Cache\Home\2f1da06ed2416c9be755be1237f8b30c.php 第 143 行.
NOTIC: [8] Undefined index: c_id E:\web\lykl812j\WwwRoot\Runtime\Cache\Home\2f1da06ed2416c9be755be1237f8b30c.php 第 143 行.
INFO: Run Behavior\ParseTemplateBehavior [ RunTime:0.046875s ]
INFO: [ view_parse ] --END-- [ RunTime:0.046875s ]
INFO: [ view_filter ] --START--
INFO: Run Behavior\WriteHtmlCacheBehavior [ RunTime:0.000000s ]
INFO: [ view_filter ] --END-- [ RunTime:0.000000s ]
INFO: [ app_end ] --START--
INFO: Run Behavior\ShowPageTraceBehavior [ RunTime:0.000000s ]
INFO: [ app_end ] --END-- [ RunTime:0.000000s ]

[ 2017-12-05T10:15:42+08:00 ] 101.199.112.54 /board.html
INFO: [ app_init ] --START--
INFO: Run Behavior\BuildLiteBehavior [ RunTime:0.000000s ]
INFO: [ app_init ] --END-- [ RunTime:0.000000s ]
INFO: [ app_begin ] --START--
INFO: Run Behavior\ReadHtmlCacheBehavior [ RunTime:0.000000s ]
INFO: [ app_begin ] --END-- [ RunTime:0.000000s ]
NOTIC: [2] ini_set() has been disabled for security reasons E:\web\lykl812j\WwwRoot\ThinkPHP\Common\functions.php 第 1236 行.
SQL: SHOW COLUMNS FROM `fh_article` [ RunTime:0.0000s ]
SQL: SHOW COLUMNS FROM `fh_cat` [ RunTime:0.0000s ]
SQL: SHOW COLUMNS FROM `fh_log` [ RunTime:0.0000s ]
SQL: SHOW COLUMNS FROM `fh_say` [ RunTime:0.0156s ]
SQL: SHOW COLUMNS FROM `fh_system` [ RunTime:0.0000s ]
SQL: SELECT * FROM `fh_article` WHERE `a_show` = 0 LIMIT 7   [ RunTime:0.0000s ]
SQL: SELECT * FROM `fh_cat` ORDER BY c_id desc  [ RunTime:0.0000s ]
SQL: SELECT * FROM `fh_article` ORDER BY a_time desc LIMIT 6   [ RunTime:0.0000s ]
SQL: SELECT * FROM `fh_log` ORDER BY l_time desc LIMIT 6   [ RunTime:0.0156s ]
SQL: SELECT * FROM `fh_say` ORDER BY s_time desc LIMIT 6   [ RunTime:0.0000s ]
SQL: SELECT `c_id`,`c_name` FROM `fh_cat` WHERE `c_show` = 0 ORDER BY c_id desc  [ RunTime:0.0000s ]
SQL: SELECT `a_id`,`a_name`,`a_img`,`a_time`,`a_hit`,`c_name` FROM `fh_article` INNER JOIN fh_cat on fh_article.pid = fh_cat.c_id  ORDER BY a_hit desc LIMIT 5   [ RunTime:0.0000s ]
SQL: SELECT * FROM `fh_system` WHERE `id` = 1 LIMIT 1   [ RunTime:0.0000s ]
SQL: SHOW COLUMNS FROM `fh_board` [ RunTime:0.0156s ]
SQL: SELECT COUNT(*) AS tp_count FROM `fh_board` LIMIT 1   [ RunTime:0.0000s ]
SQL: SELECT * FROM `fh_board`  [ RunTime:0.0000s ]
INFO: [ view_parse ] --START--
INFO: [ template_filter ] --START--
INFO: Run Behavior\ContentReplaceBehavior [ RunTime:0.000000s ]
INFO: [ template_filter ] --END-- [ RunTime:0.000000s ]
NOTIC: [8] Undefined variable: index E:\web\lykl812j\WwwRoot\Runtime\Cache\Home\2f1da06ed2416c9be755be1237f8b30c.php 第 21 行.
NOTIC: [8] Undefined variable: about E:\web\lykl812j\WwwRoot\Runtime\Cache\Home\2f1da06ed2416c9be755be1237f8b30c.php 第 22 行.
NOTIC: [8] Undefined variable: article E:\web\lykl812j\WwwRoot\Runtime\Cache\Home\2f1da06ed2416c9be755be1237f8b30c.php 第 23 行.
NOTIC: [8] Undefined variable: log E:\web\lykl812j\WwwRoot\Runtime\Cache\Home\2f1da06ed2416c9be755be1237f8b30c.php 第 24 行.
NOTIC: [8] Undefined variable: say E:\web\lykl812j\WwwRoot\Runtime\Cache\Home\2f1da06ed2416c9be755be1237f8b30c.php 第 25 行.
NOTIC: [8] Undefined index: c_id E:\web\lykl812j\WwwRoot\Runtime\Cache\Home\2f1da06ed2416c9be755be1237f8b30c.php 第 143 行.
NOTIC: [8] Undefined index: c_id E:\web\lykl812j\WwwRoot\Runtime\Cache\Home\2f1da06ed2416c9be755be1237f8b30c.php 第 143 行.
NOTIC: [8] Undefined index: c_id E:\web\lykl812j\WwwRoot\Runtime\Cache\Home\2f1da06ed2416c9be755be1237f8b30c.php 第 143 行.
NOTIC: [8] Undefined index: c_id E:\web\lykl812j\WwwRoot\Runtime\Cache\Home\2f1da06ed2416c9be755be1237f8b30c.php 第 143 行.
NOTIC: [8] Undefined index: c_id E:\web\lykl812j\WwwRoot\Runtime\Cache\Home\2f1da06ed2416c9be755be1237f8b30c.php 第 143 行.
INFO: Run Behavior\ParseTemplateBehavior [ RunTime:0.031250s ]
INFO: [ view_parse ] --END-- [ RunTime:0.031250s ]
INFO: [ view_filter ] --START--
INFO: Run Behavior\WriteHtmlCacheBehavior [ RunTime:0.000000s ]
INFO: [ view_filter ] --END-- [ RunTime:0.000000s ]
INFO: [ app_end ] --START--
INFO: Run Behavior\ShowPageTraceBehavior [ RunTime:0.015625s ]
INFO: [ app_end ] --END-- [ RunTime:0.015625s ]

[ 2017-12-05T10:17:22+08:00 ] 61.140.27.163 /board.html
INFO: [ app_init ] --START--
INFO: Run Behavior\BuildLiteBehavior [ RunTime:0.000000s ]
INFO: [ app_init ] --END-- [ RunTime:0.000000s ]
INFO: [ app_begin ] --START--
INFO: Run Behavior\ReadHtmlCacheBehavior [ RunTime:0.000000s ]
INFO: [ app_begin ] --END-- [ RunTime:0.000000s ]
NOTIC: [2] ini_set() has been disabled for security reasons E:\web\lykl812j\WwwRoot\ThinkPHP\Common\functions.php 第 1236 行.
SQL: SHOW COLUMNS FROM `fh_article` [ RunTime:0.0000s ]
SQL: SHOW COLUMNS FROM `fh_cat` [ RunTime:0.0000s ]
SQL: SHOW COLUMNS FROM `fh_log` [ RunTime:0.0000s ]
SQL: SHOW COLUMNS FROM `fh_say` [ RunTime:0.0156s ]
SQL: SHOW COLUMNS FROM `fh_system` [ RunTime:0.0000s ]
SQL: SELECT * FROM `fh_article` WHERE `a_show` = 0 LIMIT 7   [ RunTime:0.0156s ]
SQL: SELECT * FROM `fh_cat` ORDER BY c_id desc  [ RunTime:0.0000s ]
SQL: SELECT * FROM `fh_article` ORDER BY a_time desc LIMIT 6   [ RunTime:0.0000s ]
SQL: SELECT * FROM `fh_log` ORDER BY l_time desc LIMIT 6   [ RunTime:0.0156s ]
SQL: SELECT * FROM `fh_say` ORDER BY s_time desc LIMIT 6   [ RunTime:0.0000s ]
SQL: SELECT `c_id`,`c_name` FROM `fh_cat` WHERE `c_show` = 0 ORDER BY c_id desc  [ RunTime:0.0000s ]
SQL: SELECT `a_id`,`a_name`,`a_img`,`a_time`,`a_hit`,`c_name` FROM `fh_article` INNER JOIN fh_cat on fh_article.pid = fh_cat.c_id  ORDER BY a_hit desc LIMIT 5   [ RunTime:0.0000s ]
SQL: SELECT * FROM `fh_system` WHERE `id` = 1 LIMIT 1   [ RunTime:0.0000s ]
SQL: SHOW COLUMNS FROM `fh_board` [ RunTime:0.0000s ]
SQL: SELECT COUNT(*) AS tp_count FROM `fh_board` LIMIT 1   [ RunTime:0.0000s ]
SQL: SELECT * FROM `fh_board`  [ RunTime:0.0000s ]
INFO: [ view_parse ] --START--
INFO: [ template_filter ] --START--
INFO: Run Behavior\ContentReplaceBehavior [ RunTime:0.000000s ]
INFO: [ template_filter ] --END-- [ RunTime:0.000000s ]
NOTIC: [8] Undefined variable: index E:\web\lykl812j\WwwRoot\Runtime\Cache\Home\2f1da06ed2416c9be755be1237f8b30c.php 第 21 行.
NOTIC: [8] Undefined variable: about E:\web\lykl812j\WwwRoot\Runtime\Cache\Home\2f1da06ed2416c9be755be1237f8b30c.php 第 22 行.
NOTIC: [8] Undefined variable: article E:\web\lykl812j\WwwRoot\Runtime\Cache\Home\2f1da06ed2416c9be755be1237f8b30c.php 第 23 行.
NOTIC: [8] Undefined variable: log E:\web\lykl812j\WwwRoot\Runtime\Cache\Home\2f1da06ed2416c9be755be1237f8b30c.php 第 24 行.
NOTIC: [8] Undefined variable: say E:\web\lykl812j\WwwRoot\Runtime\Cache\Home\2f1da06ed2416c9be755be1237f8b30c.php 第 25 行.
NOTIC: [8] Undefined index: c_id E:\web\lykl812j\WwwRoot\Runtime\Cache\Home\2f1da06ed2416c9be755be1237f8b30c.php 第 143 行.
NOTIC: [8] Undefined index: c_id E:\web\lykl812j\WwwRoot\Runtime\Cache\Home\2f1da06ed2416c9be755be1237f8b30c.php 第 143 行.
NOTIC: [8] Undefined index: c_id E:\web\lykl812j\WwwRoot\Runtime\Cache\Home\2f1da06ed2416c9be755be1237f8b30c.php 第 143 行.
NOTIC: [8] Undefined index: c_id E:\web\lykl812j\WwwRoot\Runtime\Cache\Home\2f1da06ed2416c9be755be1237f8b30c.php 第 143 行.
NOTIC: [8] Undefined index: c_id E:\web\lykl812j\WwwRoot\Runtime\Cache\Home\2f1da06ed2416c9be755be1237f8b30c.php 第 143 行.
INFO: Run Behavior\ParseTemplateBehavior [ RunTime:0.031250s ]
INFO: [ view_parse ] --END-- [ RunTime:0.031250s ]
INFO: [ view_filter ] --START--
INFO: Run Behavior\WriteHtmlCacheBehavior [ RunTime:0.000000s ]
INFO: [ view_filter ] --END-- [ RunTime:0.000000s ]
INFO: [ app_end ] --START--
INFO: Run Behavior\ShowPageTraceBehavior [ RunTime:0.000000s ]
INFO: [ app_end ] --END-- [ RunTime:0.000000s ]

[ 2017-12-05T10:17:22+08:00 ] 61.140.27.163 /favicon.ico
INFO: [ app_init ] --START--
INFO: Run Behavior\BuildLiteBehavior [ RunTime:0.000000s ]
INFO: [ app_init ] --END-- [ RunTime:0.015625s ]

[ 2017-12-05T10:24:20+08:00 ] 61.140.27.163 /board.html
INFO: [ app_init ] --START--
INFO: Run Behavior\BuildLiteBehavior [ RunTime:0.000000s ]
INFO: [ app_init ] --END-- [ RunTime:0.000000s ]
INFO: [ app_begin ] --START--
INFO: Run Behavior\ReadHtmlCacheBehavior [ RunTime:0.000000s ]
INFO: [ app_begin ] --END-- [ RunTime:0.000000s ]
NOTIC: [2] ini_set() has been disabled for security reasons E:\web\lykl812j\WwwRoot\ThinkPHP\Common\functions.php 第 1236 行.
SQL: SHOW COLUMNS FROM `fh_article` [ RunTime:0.0000s ]
SQL: SHOW COLUMNS FROM `fh_cat` [ RunTime:0.0000s ]
SQL: SHOW COLUMNS FROM `fh_log` [ RunTime:0.0000s ]
SQL: SHOW COLUMNS FROM `fh_say` [ RunTime:0.0000s ]
SQL: SHOW COLUMNS FROM `fh_system` [ RunTime:0.0156s ]
SQL: SELECT * FROM `fh_article` WHERE `a_show` = 0 LIMIT 7   [ RunTime:0.0000s ]
SQL: SELECT * FROM `fh_cat` ORDER BY c_id desc  [ RunTime:0.0000s ]
SQL: SELECT * FROM `fh_article` ORDER BY a_time desc LIMIT 6   [ RunTime:0.0156s ]
SQL: SELECT * FROM `fh_log` ORDER BY l_time desc LIMIT 6   [ RunTime:0.0000s ]
SQL: SELECT * FROM `fh_say` ORDER BY s_time desc LIMIT 6   [ RunTime:0.0000s ]
SQL: SELECT `c_id`,`c_name` FROM `fh_cat` WHERE `c_show` = 0 ORDER BY c_id desc  [ RunTime:0.0000s ]
SQL: SELECT `a_id`,`a_name`,`a_img`,`a_time`,`a_hit`,`c_name` FROM `fh_article` INNER JOIN fh_cat on fh_article.pid = fh_cat.c_id  ORDER BY a_hit desc LIMIT 5   [ RunTime:0.0000s ]
SQL: SELECT * FROM `fh_system` WHERE `id` = 1 LIMIT 1   [ RunTime:0.0000s ]
SQL: SHOW COLUMNS FROM `fh_board` [ RunTime:0.0000s ]
SQL: SELECT COUNT(*) AS tp_count FROM `fh_board` LIMIT 1   [ RunTime:0.0000s ]
SQL: SELECT * FROM `fh_board` ORDER BY b_time desc  [ RunTime:0.0000s ]
INFO: [ view_parse ] --START--
INFO: [ template_filter ] --START--
INFO: Run Behavior\ContentReplaceBehavior [ RunTime:0.000000s ]
INFO: [ template_filter ] --END-- [ RunTime:0.000000s ]
NOTIC: [8] Undefined variable: index E:\web\lykl812j\WwwRoot\Runtime\Cache\Home\2f1da06ed2416c9be755be1237f8b30c.php 第 21 行.
NOTIC: [8] Undefined variable: about E:\web\lykl812j\WwwRoot\Runtime\Cache\Home\2f1da06ed2416c9be755be1237f8b30c.php 第 22 行.
NOTIC: [8] Undefined variable: article E:\web\lykl812j\WwwRoot\Runtime\Cache\Home\2f1da06ed2416c9be755be1237f8b30c.php 第 23 行.
NOTIC: [8] Undefined variable: log E:\web\lykl812j\WwwRoot\Runtime\Cache\Home\2f1da06ed2416c9be755be1237f8b30c.php 第 24 行.
NOTIC: [8] Undefined variable: say E:\web\lykl812j\WwwRoot\Runtime\Cache\Home\2f1da06ed2416c9be755be1237f8b30c.php 第 25 行.
NOTIC: [8] Undefined index: c_id E:\web\lykl812j\WwwRoot\Runtime\Cache\Home\2f1da06ed2416c9be755be1237f8b30c.php 第 143 行.
NOTIC: [8] Undefined index: c_id E:\web\lykl812j\WwwRoot\Runtime\Cache\Home\2f1da06ed2416c9be755be1237f8b30c.php 第 143 行.
NOTIC: [8] Undefined index: c_id E:\web\lykl812j\WwwRoot\Runtime\Cache\Home\2f1da06ed2416c9be755be1237f8b30c.php 第 143 行.
NOTIC: [8] Undefined index: c_id E:\web\lykl812j\WwwRoot\Runtime\Cache\Home\2f1da06ed2416c9be755be1237f8b30c.php 第 143 行.
NOTIC: [8] Undefined index: c_id E:\web\lykl812j\WwwRoot\Runtime\Cache\Home\2f1da06ed2416c9be755be1237f8b30c.php 第 143 行.
INFO: Run Behavior\ParseTemplateBehavior [ RunTime:0.078125s ]
INFO: [ view_parse ] --END-- [ RunTime:0.078125s ]
INFO: [ view_filter ] --START--
INFO: Run Behavior\WriteHtmlCacheBehavior [ RunTime:0.000000s ]
INFO: [ view_filter ] --END-- [ RunTime:0.000000s ]
INFO: [ app_end ] --START--
INFO: Run Behavior\ShowPageTraceBehavior [ RunTime:0.000000s ]
INFO: [ app_end ] --END-- [ RunTime:0.000000s ]

[ 2017-12-05T10:24:21+08:00 ] 61.140.27.163 /favicon.ico
INFO: [ app_init ] --START--
INFO: Run Behavior\BuildLiteBehavior [ RunTime:0.000000s ]
INFO: [ app_init ] --END-- [ RunTime:0.000000s ]

[ 2017-12-05T10:24:37+08:00 ] 61.140.27.163 /say.html
INFO: [ app_init ] --START--
INFO: Run Behavior\BuildLiteBehavior [ RunTime:0.000000s ]
INFO: [ app_init ] --END-- [ RunTime:0.000000s ]
INFO: [ app_begin ] --START--
INFO: Run Behavior\ReadHtmlCacheBehavior [ RunTime:0.000000s ]
INFO: [ app_begin ] --END-- [ RunTime:0.000000s ]
NOTIC: [2] ini_set() has been disabled for security reasons E:\web\lykl812j\WwwRoot\ThinkPHP\Common\functions.php 第 1236 行.
SQL: SHOW COLUMNS FROM `fh_article` [ RunTime:0.0000s ]
SQL: SHOW COLUMNS FROM `fh_cat` [ RunTime:0.0000s ]
SQL: SHOW COLUMNS FROM `fh_log` [ RunTime:0.0000s ]
SQL: SHOW COLUMNS FROM `fh_say` [ RunTime:0.0156s ]
SQL: SHOW COLUMNS FROM `fh_system` [ RunTime:0.0000s ]
SQL: SELECT * FROM `fh_article` WHERE `a_show` = 0 LIMIT 7   [ RunTime:0.0000s ]
SQL: SELECT * FROM `fh_cat` ORDER BY c_id desc  [ RunTime:0.0000s ]
SQL: SELECT * FROM `fh_article` ORDER BY a_time desc LIMIT 6   [ RunTime:0.0000s ]
SQL: SELECT * FROM `fh_log` ORDER BY l_time desc LIMIT 6   [ RunTime:0.0156s ]
SQL: SELECT * FROM `fh_say` ORDER BY s_time desc LIMIT 6   [ RunTime:0.0000s ]
SQL: SELECT `c_id`,`c_name` FROM `fh_cat` WHERE `c_show` = 0 ORDER BY c_id desc  [ RunTime:0.0000s ]
SQL: SELECT `a_id`,`a_name`,`a_img`,`a_time`,`a_hit`,`c_name` FROM `fh_article` INNER JOIN fh_cat on fh_article.pid = fh_cat.c_id  ORDER BY a_hit desc LIMIT 5   [ RunTime:0.0000s ]
SQL: SELECT * FROM `fh_system` WHERE `id` = 1 LIMIT 1   [ RunTime:0.0000s ]
SQL: SELECT * FROM `fh_say` WHERE `s_show` = 0 ORDER BY s_time desc LIMIT 5   [ RunTime:0.0000s ]
INFO: [ view_parse ] --START--
INFO: [ template_filter ] --START--
INFO: Run Behavior\ContentReplaceBehavior [ RunTime:0.000000s ]
INFO: [ template_filter ] --END-- [ RunTime:0.000000s ]
NOTIC: [8] Undefined variable: index E:\web\lykl812j\WwwRoot\Runtime\Cache\Home\63beaf5571d1423e103f5cfd7a9f769a.php 第 21 行.
NOTIC: [8] Undefined variable: about E:\web\lykl812j\WwwRoot\Runtime\Cache\Home\63beaf5571d1423e103f5cfd7a9f769a.php 第 22 行.
NOTIC: [8] Undefined variable: article E:\web\lykl812j\WwwRoot\Runtime\Cache\Home\63beaf5571d1423e103f5cfd7a9f769a.php 第 23 行.
NOTIC: [8] Undefined variable: log E:\web\lykl812j\WwwRoot\Runtime\Cache\Home\63beaf5571d1423e103f5cfd7a9f769a.php 第 24 行.
NOTIC: [8] Undefined variable: board E:\web\lykl812j\WwwRoot\Runtime\Cache\Home\63beaf5571d1423e103f5cfd7a9f769a.php 第 26 行.
NOTIC: [8] Undefined index: c_id E:\web\lykl812j\WwwRoot\Runtime\Cache\Home\63beaf5571d1423e103f5cfd7a9f769a.php 第 114 行.
NOTIC: [8] Undefined index: c_id E:\web\lykl812j\WwwRoot\Runtime\Cache\Home\63beaf5571d1423e103f5cfd7a9f769a.php 第 114 行.
NOTIC: [8] Undefined index: c_id E:\web\lykl812j\WwwRoot\Runtime\Cache\Home\63beaf5571d1423e103f5cfd7a9f769a.php 第 114 行.
NOTIC: [8] Undefined index: c_id E:\web\lykl812j\WwwRoot\Runtime\Cache\Home\63beaf5571d1423e103f5cfd7a9f769a.php 第 114 行.
NOTIC: [8] Undefined index: c_id E:\web\lykl812j\WwwRoot\Runtime\Cache\Home\63beaf5571d1423e103f5cfd7a9f769a.php 第 114 行.
INFO: Run Behavior\ParseTemplateBehavior [ RunTime:0.031250s ]
INFO: [ view_parse ] --END-- [ RunTime:0.031250s ]
INFO: [ view_filter ] --START--
INFO: Run Behavior\WriteHtmlCacheBehavior [ RunTime:0.000000s ]
INFO: [ view_filter ] --END-- [ RunTime:0.000000s ]
INFO: [ app_end ] --START--
INFO: Run Behavior\ShowPageTraceBehavior [ RunTime:0.000000s ]
INFO: [ app_end ] --END-- [ RunTime:0.000000s ]

[ 2017-12-05T10:24:37+08:00 ] 61.140.27.163 /favicon.ico
INFO: [ app_init ] --START--
INFO: Run Behavior\BuildLiteBehavior [ RunTime:0.000000s ]
INFO: [ app_init ] --END-- [ RunTime:0.000000s ]

[ 2017-12-05T10:24:42+08:00 ] 61.140.27.163 /journal.html
INFO: [ app_init ] --START--
INFO: Run Behavior\BuildLiteBehavior [ RunTime:0.000000s ]
INFO: [ app_init ] --END-- [ RunTime:0.000000s ]
INFO: [ app_begin ] --START--
INFO: Run Behavior\ReadHtmlCacheBehavior [ RunTime:0.000000s ]
INFO: [ app_begin ] --END-- [ RunTime:0.000000s ]
NOTIC: [2] ini_set() has been disabled for security reasons E:\web\lykl812j\WwwRoot\ThinkPHP\Common\functions.php 第 1236 行.
SQL: SHOW COLUMNS FROM `fh_article` [ RunTime:0.0000s ]
SQL: SHOW COLUMNS FROM `fh_cat` [ RunTime:0.0000s ]
SQL: SHOW COLUMNS FROM `fh_log` [ RunTime:0.0000s ]
SQL: SHOW COLUMNS FROM `fh_say` [ RunTime:0.0000s ]
SQL: SHOW COLUMNS FROM `fh_system` [ RunTime:0.0156s ]
SQL: SELECT * FROM `fh_log` WHERE `l_show` = 0 ORDER BY l_id desc LIMIT 5   [ RunTime:0.0000s ]
INFO: [ view_parse ] --START--
INFO: [ template_filter ] --START--
INFO: Run Behavior\ContentReplaceBehavior [ RunTime:0.000000s ]
INFO: [ template_filter ] --END-- [ RunTime:0.000000s ]
NOTIC: [8] Undefined variable: index E:\web\lykl812j\WwwRoot\Runtime\Cache\Home\d37a08a0f58d5adb8182cbdfb75c382e.php 第 21 行.
NOTIC: [8] Undefined variable: about E:\web\lykl812j\WwwRoot\Runtime\Cache\Home\d37a08a0f58d5adb8182cbdfb75c382e.php 第 22 行.
NOTIC: [8] Undefined variable: article E:\web\lykl812j\WwwRoot\Runtime\Cache\Home\d37a08a0f58d5adb8182cbdfb75c382e.php 第 23 行.
NOTIC: [8] Undefined variable: say E:\web\lykl812j\WwwRoot\Runtime\Cache\Home\d37a08a0f58d5adb8182cbdfb75c382e.php 第 25 行.
NOTIC: [8] Undefined variable: board E:\web\lykl812j\WwwRoot\Runtime\Cache\Home\d37a08a0f58d5adb8182cbdfb75c382e.php 第 26 行.
NOTIC: [8] Undefined index: a_id E:\web\lykl812j\WwwRoot\Runtime\Cache\Home\d37a08a0f58d5adb8182cbdfb75c382e.php 第 52 行.
NOTIC: [8] Undefined index: a_id E:\web\lykl812j\WwwRoot\Runtime\Cache\Home\d37a08a0f58d5adb8182cbdfb75c382e.php 第 55 行.
NOTIC: [8] Undefined index: a_id E:\web\lykl812j\WwwRoot\Runtime\Cache\Home\d37a08a0f58d5adb8182cbdfb75c382e.php 第 52 行.
NOTIC: [8] Undefined index: a_id E:\web\lykl812j\WwwRoot\Runtime\Cache\Home\d37a08a0f58d5adb8182cbdfb75c382e.php 第 55 行.
NOTIC: [8] Undefined index: a_id E:\web\lykl812j\WwwRoot\Runtime\Cache\Home\d37a08a0f58d5adb8182cbdfb75c382e.php 第 52 行.
NOTIC: [8] Undefined index: a_id E:\web\lykl812j\WwwRoot\Runtime\Cache\Home\d37a08a0f58d5adb8182cbdfb75c382e.php 第 55 行.
NOTIC: [8] Undefined index: c_id E:\web\lykl812j\WwwRoot\Runtime\Cache\Home\d37a08a0f58d5adb8182cbdfb75c382e.php 第 130 行.
NOTIC: [8] Undefined index: c_id E:\web\lykl812j\WwwRoot\Runtime\Cache\Home\d37a08a0f58d5adb8182cbdfb75c382e.php 第 130 行.
NOTIC: [8] Undefined index: c_id E:\web\lykl812j\WwwRoot\Runtime\Cache\Home\d37a08a0f58d5adb8182cbdfb75c382e.php 第 130 行.
NOTIC: [8] Undefined index: c_id E:\web\lykl812j\WwwRoot\Runtime\Cache\Home\d37a08a0f58d5adb8182cbdfb75c382e.php 第 130 行.
NOTIC: [8] Undefined index: c_id E:\web\lykl812j\WwwRoot\Runtime\Cache\Home\d37a08a0f58d5adb8182cbdfb75c382e.php 第 130 行.
INFO: Run Behavior\ParseTemplateBehavior [ RunTime:0.031250s ]
INFO: [ view_parse ] --END-- [ RunTime:0.031250s ]
INFO: [ view_filter ] --START--
INFO: Run Behavior\WriteHtmlCacheBehavior [ RunTime:0.000000s ]
INFO: [ view_filter ] --END-- [ RunTime:0.000000s ]
INFO: [ app_end ] --START--
INFO: Run Behavior\ShowPageTraceBehavior [ RunTime:0.000000s ]
INFO: [ app_end ] --END-- [ RunTime:0.000000s ]

[ 2017-12-05T10:24:42+08:00 ] 61.140.27.163 /favicon.ico
INFO: [ app_init ] --START--
INFO: Run Behavior\BuildLiteBehavior [ RunTime:0.000000s ]
INFO: [ app_init ] --END-- [ RunTime:0.000000s ]

[ 2017-12-05T10:24:49+08:00 ] 61.140.27.163 /article.html
INFO: [ app_init ] --START--
INFO: Run Behavior\BuildLiteBehavior [ RunTime:0.000000s ]
INFO: [ app_init ] --END-- [ RunTime:0.000000s ]
INFO: [ app_begin ] --START--
INFO: Run Behavior\ReadHtmlCacheBehavior [ RunTime:0.000000s ]
INFO: [ app_begin ] --END-- [ RunTime:0.000000s ]
NOTIC: [2] ini_set() has been disabled for security reasons E:\web\lykl812j\WwwRoot\ThinkPHP\Common\functions.php 第 1236 行.
SQL: SHOW COLUMNS FROM `fh_article` [ RunTime:0.0000s ]
SQL: SHOW COLUMNS FROM `fh_cat` [ RunTime:0.0156s ]
SQL: SHOW COLUMNS FROM `fh_log` [ RunTime:0.0000s ]
SQL: SHOW COLUMNS FROM `fh_say` [ RunTime:0.0000s ]
SQL: SHOW COLUMNS FROM `fh_system` [ RunTime:0.0000s ]
SQL: SELECT * FROM `fh_article` WHERE `a_show` = 0 LIMIT 7   [ RunTime:0.0000s ]
SQL: SELECT * FROM `fh_cat` ORDER BY c_id desc  [ RunTime:0.0000s ]
SQL: SELECT * FROM `fh_article` ORDER BY a_time desc LIMIT 6   [ RunTime:0.0156s ]
SQL: SELECT * FROM `fh_log` ORDER BY l_time desc LIMIT 6   [ RunTime:0.0000s ]
SQL: SELECT * FROM `fh_say` ORDER BY s_time desc LIMIT 6   [ RunTime:0.0000s ]
SQL: SELECT `c_id`,`c_name` FROM `fh_cat` WHERE `c_show` = 0 ORDER BY c_id desc  [ RunTime:0.0000s ]
SQL: SELECT `a_id`,`a_name`,`a_img`,`a_time`,`a_hit`,`c_name` FROM `fh_article` INNER JOIN fh_cat on fh_article.pid = fh_cat.c_id  ORDER BY a_hit desc LIMIT 5   [ RunTime:0.0000s ]
SQL: SELECT * FROM `fh_system` WHERE `id` = 1 LIMIT 1   [ RunTime:0.0000s ]
SQL: SELECT * FROM `fh_cat` WHERE `c_show` = 0 ORDER BY c_id desc  [ RunTime:0.0000s ]
SQL: SELECT * FROM `fh_article` INNER JOIN fh_cat on fh_article.pid = fh_cat.c_id  ORDER BY a_id desc LIMIT 5   [ RunTime:0.0000s ]
INFO: [ view_parse ] --START--
INFO: [ template_filter ] --START--
INFO: Run Behavior\ContentReplaceBehavior [ RunTime:0.000000s ]
INFO: [ template_filter ] --END-- [ RunTime:0.000000s ]
NOTIC: [8] Undefined variable: index E:\web\lykl812j\WwwRoot\Runtime\Cache\Home\6b2c666fea9c5f7a6ebc0fb27b266a7f.php 第 21 行.
NOTIC: [8] Undefined variable: about E:\web\lykl812j\WwwRoot\Runtime\Cache\Home\6b2c666fea9c5f7a6ebc0fb27b266a7f.php 第 22 行.
NOTIC: [8] Undefined variable: log E:\web\lykl812j\WwwRoot\Runtime\Cache\Home\6b2c666fea9c5f7a6ebc0fb27b266a7f.php 第 24 行.
NOTIC: [8] Undefined variable: say E:\web\lykl812j\WwwRoot\Runtime\Cache\Home\6b2c666fea9c5f7a6ebc0fb27b266a7f.php 第 25 行.
NOTIC: [8] Undefined variable: board E:\web\lykl812j\WwwRoot\Runtime\Cache\Home\6b2c666fea9c5f7a6ebc0fb27b266a7f.php 第 26 行.
NOTIC: [8] Undefined index: c_id E:\web\lykl812j\WwwRoot\Runtime\Cache\Home\6b2c666fea9c5f7a6ebc0fb27b266a7f.php 第 133 行.
NOTIC: [8] Undefined index: c_id E:\web\lykl812j\WwwRoot\Runtime\Cache\Home\6b2c666fea9c5f7a6ebc0fb27b266a7f.php 第 133 行.
NOTIC: [8] Undefined index: c_id E:\web\lykl812j\WwwRoot\Runtime\Cache\Home\6b2c666fea9c5f7a6ebc0fb27b266a7f.php 第 133 行.
NOTIC: [8] Undefined index: c_id E:\web\lykl812j\WwwRoot\Runtime\Cache\Home\6b2c666fea9c5f7a6ebc0fb27b266a7f.php 第 133 行.
NOTIC: [8] Undefined index: c_id E:\web\lykl812j\WwwRoot\Runtime\Cache\Home\6b2c666fea9c5f7a6ebc0fb27b266a7f.php 第 133 行.
INFO: Run Behavior\ParseTemplateBehavior [ RunTime:0.031250s ]
INFO: [ view_parse ] --END-- [ RunTime:0.031250s ]
INFO: [ view_filter ] --START--
INFO: Run Behavior\WriteHtmlCacheBehavior [ RunTime:0.000000s ]
INFO: [ view_filter ] --END-- [ RunTime:0.000000s ]
INFO: [ app_end ] --START--
INFO: Run Behavior\ShowPageTraceBehavior [ RunTime:0.000000s ]
INFO: [ app_end ] --END-- [ RunTime:0.000000s ]

[ 2017-12-05T10:24:49+08:00 ] 61.140.27.163 /favicon.ico
INFO: [ app_init ] --START--
INFO: Run Behavior\BuildLiteBehavior [ RunTime:0.000000s ]
INFO: [ app_init ] --END-- [ RunTime:0.000000s ]

[ 2017-12-05T10:24:56+08:00 ] 61.140.27.163 /artinfo-18.html
INFO: [ app_init ] --START--
INFO: Run Behavior\BuildLiteBehavior [ RunTime:0.000000s ]
INFO: [ app_init ] --END-- [ RunTime:0.000000s ]
INFO: [ app_begin ] --START--
INFO: Run Behavior\ReadHtmlCacheBehavior [ RunTime:0.000000s ]
INFO: [ app_begin ] --END-- [ RunTime:0.000000s ]
NOTIC: [2] ini_set() has been disabled for security reasons E:\web\lykl812j\WwwRoot\ThinkPHP\Common\functions.php 第 1236 行.
SQL: SHOW COLUMNS FROM `fh_article` [ RunTime:0.0000s ]
SQL: SHOW COLUMNS FROM `fh_cat` [ RunTime:0.0000s ]
SQL: SHOW COLUMNS FROM `fh_log` [ RunTime:0.0000s ]
SQL: SHOW COLUMNS FROM `fh_say` [ RunTime:0.0156s ]
SQL: SHOW COLUMNS FROM `fh_system` [ RunTime:0.0000s ]
SQL: SELECT * FROM `fh_article` WHERE `a_id` = 18 LIMIT 1   [ RunTime:0.0000s ]
SQL: SHOW COLUMNS FROM `fh_article_c` [ RunTime:0.0156s ]
SQL: UPDATE `fh_article` SET `a_hit`=a_hit+1 WHERE `a_id` = 18 [ RunTime:0.0000s ]
SQL: SELECT * FROM `fh_article` WHERE `a_id` = 18 LIMIT 1   [ RunTime:0.0000s ]
SQL: SELECT * FROM `fh_article` WHERE ( a_id < 18 ) ORDER BY a_id desc LIMIT 1   [ RunTime:0.0000s ]
SQL: SELECT * FROM `fh_article` WHERE ( a_id > 18 ) LIMIT 1   [ RunTime:0.0000s ]
SQL: SELECT COUNT(*) AS tp_count FROM `fh_article_c` WHERE `ac_pid` = 18 LIMIT 1   [ RunTime:0.0000s ]
SQL: SELECT * FROM `fh_article_c` WHERE `ac_pid` = 18 ORDER BY ac_time desc  [ RunTime:0.0000s ]
INFO: [ view_parse ] --START--
INFO: [ template_filter ] --START--
INFO: Run Behavior\ContentReplaceBehavior [ RunTime:0.000000s ]
INFO: [ template_filter ] --END-- [ RunTime:0.000000s ]
NOTIC: [8] Undefined variable: index E:\web\lykl812j\WwwRoot\Runtime\Cache\Home\7f11d8fd48ca18f0fc1c2c81c774938b.php 第 21 行.
NOTIC: [8] Undefined variable: about E:\web\lykl812j\WwwRoot\Runtime\Cache\Home\7f11d8fd48ca18f0fc1c2c81c774938b.php 第 22 行.
NOTIC: [8] Undefined variable: log E:\web\lykl812j\WwwRoot\Runtime\Cache\Home\7f11d8fd48ca18f0fc1c2c81c774938b.php 第 24 行.
NOTIC: [8] Undefined variable: say E:\web\lykl812j\WwwRoot\Runtime\Cache\Home\7f11d8fd48ca18f0fc1c2c81c774938b.php 第 25 行.
NOTIC: [8] Undefined variable: board E:\web\lykl812j\WwwRoot\Runtime\Cache\Home\7f11d8fd48ca18f0fc1c2c81c774938b.php 第 26 行.
NOTIC: [8] Undefined index: c_id E:\web\lykl812j\WwwRoot\Runtime\Cache\Home\7f11d8fd48ca18f0fc1c2c81c774938b.php 第 197 行.
NOTIC: [8] Undefined index: c_id E:\web\lykl812j\WwwRoot\Runtime\Cache\Home\7f11d8fd48ca18f0fc1c2c81c774938b.php 第 197 行.
NOTIC: [8] Undefined index: c_id E:\web\lykl812j\WwwRoot\Runtime\Cache\Home\7f11d8fd48ca18f0fc1c2c81c774938b.php 第 197 行.
NOTIC: [8] Undefined index: c_id E:\web\lykl812j\WwwRoot\Runtime\Cache\Home\7f11d8fd48ca18f0fc1c2c81c774938b.php 第 197 行.
NOTIC: [8] Undefined index: c_id E:\web\lykl812j\WwwRoot\Runtime\Cache\Home\7f11d8fd48ca18f0fc1c2c81c774938b.php 第 197 行.
INFO: Run Behavior\ParseTemplateBehavior [ RunTime:0.046875s ]
INFO: [ view_parse ] --END-- [ RunTime:0.046875s ]
INFO: [ view_filter ] --START--
INFO: Run Behavior\WriteHtmlCacheBehavior [ RunTime:0.000000s ]
INFO: [ view_filter ] --END-- [ RunTime:0.000000s ]
INFO: [ app_end ] --START--
INFO: Run Behavior\ShowPageTraceBehavior [ RunTime:0.000000s ]
INFO: [ app_end ] --END-- [ RunTime:0.000000s ]

[ 2017-12-05T10:24:57+08:00 ] 61.140.27.163 /Uploads/comment/1512129272.png
INFO: [ app_init ] --START--
INFO: Run Behavior\BuildLiteBehavior [ RunTime:0.000000s ]
INFO: [ app_init ] --END-- [ RunTime:0.000000s ]

[ 2017-12-05T10:24:58+08:00 ] 61.140.27.163 /favicon.ico
INFO: [ app_init ] --START--
INFO: Run Behavior\BuildLiteBehavior [ RunTime:0.000000s ]
INFO: [ app_init ] --END-- [ RunTime:0.000000s ]

[ 2017-12-05T10:25:24+08:00 ] 106.120.160.119 /article.html
INFO: [ app_init ] --START--
INFO: Run Behavior\BuildLiteBehavior [ RunTime:0.000000s ]
INFO: [ app_init ] --END-- [ RunTime:0.000000s ]
INFO: [ app_begin ] --START--
INFO: Run Behavior\ReadHtmlCacheBehavior [ RunTime:0.000000s ]
INFO: [ app_begin ] --END-- [ RunTime:0.000000s ]
NOTIC: [2] ini_set() has been disabled for security reasons E:\web\lykl812j\WwwRoot\ThinkPHP\Common\functions.php 第 1236 行.
SQL: SHOW COLUMNS FROM `fh_article` [ RunTime:0.0000s ]
SQL: SHOW COLUMNS FROM `fh_cat` [ RunTime:0.0000s ]
SQL: SHOW COLUMNS FROM `fh_log` [ RunTime:0.0000s ]
SQL: SHOW COLUMNS FROM `fh_say` [ RunTime:0.0000s ]
SQL: SHOW COLUMNS FROM `fh_system` [ RunTime:0.0000s ]
SQL: SELECT * FROM `fh_article` WHERE `a_show` = 0 LIMIT 7   [ RunTime:0.0000s ]
SQL: SELECT * FROM `fh_cat` ORDER BY c_id desc  [ RunTime:0.0000s ]
SQL: SELECT * FROM `fh_article` ORDER BY a_time desc LIMIT 6   [ RunTime:0.0156s ]
SQL: SELECT * FROM `fh_log` ORDER BY l_time desc LIMIT 6   [ RunTime:0.0000s ]
SQL: SELECT * FROM `fh_say` ORDER BY s_time desc LIMIT 6   [ RunTime:0.0000s ]
SQL: SELECT `c_id`,`c_name` FROM `fh_cat` WHERE `c_show` = 0 ORDER BY c_id desc  [ RunTime:0.0000s ]
SQL: SELECT `a_id`,`a_name`,`a_img`,`a_time`,`a_hit`,`c_name` FROM `fh_article` INNER JOIN fh_cat on fh_article.pid = fh_cat.c_id  ORDER BY a_hit desc LIMIT 5   [ RunTime:0.0000s ]
SQL: SELECT * FROM `fh_system` WHERE `id` = 1 LIMIT 1   [ RunTime:0.0000s ]
SQL: SELECT * FROM `fh_cat` WHERE `c_show` = 0 ORDER BY c_id desc  [ RunTime:0.0000s ]
SQL: SELECT * FROM `fh_article` INNER JOIN fh_cat on fh_article.pid = fh_cat.c_id  ORDER BY a_id desc LIMIT 5   [ RunTime:0.0156s ]
INFO: [ view_parse ] --START--
INFO: [ template_filter ] --START--
INFO: Run Behavior\ContentReplaceBehavior [ RunTime:0.000000s ]
INFO: [ template_filter ] --END-- [ RunTime:0.000000s ]
NOTIC: [8] Undefined variable: index E:\web\lykl812j\WwwRoot\Runtime\Cache\Home\6b2c666fea9c5f7a6ebc0fb27b266a7f.php 第 21 行.
NOTIC: [8] Undefined variable: about E:\web\lykl812j\WwwRoot\Runtime\Cache\Home\6b2c666fea9c5f7a6ebc0fb27b266a7f.php 第 22 行.
NOTIC: [8] Undefined variable: log E:\web\lykl812j\WwwRoot\Runtime\Cache\Home\6b2c666fea9c5f7a6ebc0fb27b266a7f.php 第 24 行.
NOTIC: [8] Undefined variable: say E:\web\lykl812j\WwwRoot\Runtime\Cache\Home\6b2c666fea9c5f7a6ebc0fb27b266a7f.php 第 25 行.
NOTIC: [8] Undefined variable: board E:\web\lykl812j\WwwRoot\Runtime\Cache\Home\6b2c666fea9c5f7a6ebc0fb27b266a7f.php 第 26 行.
NOTIC: [8] Undefined index: c_id E:\web\lykl812j\WwwRoot\Runtime\Cache\Home\6b2c666fea9c5f7a6ebc0fb27b266a7f.php 第 133 行.
NOTIC: [8] Undefined index: c_id E:\web\lykl812j\WwwRoot\Runtime\Cache\Home\6b2c666fea9c5f7a6ebc0fb27b266a7f.php 第 133 行.
NOTIC: [8] Undefined index: c_id E:\web\lykl812j\WwwRoot\Runtime\Cache\Home\6b2c666fea9c5f7a6ebc0fb27b266a7f.php 第 133 行.
NOTIC: [8] Undefined index: c_id E:\web\lykl812j\WwwRoot\Runtime\Cache\Home\6b2c666fea9c5f7a6ebc0fb27b266a7f.php 第 133 行.
NOTIC: [8] Undefined index: c_id E:\web\lykl812j\WwwRoot\Runtime\Cache\Home\6b2c666fea9c5f7a6ebc0fb27b266a7f.php 第 133 行.
INFO: Run Behavior\ParseTemplateBehavior [ RunTime:0.015625s ]
INFO: [ view_parse ] --END-- [ RunTime:0.015625s ]
INFO: [ view_filter ] --START--
INFO: Run Behavior\WriteHtmlCacheBehavior [ RunTime:0.000000s ]
INFO: [ view_filter ] --END-- [ RunTime:0.000000s ]
INFO: [ app_end ] --START--
INFO: Run Behavior\ShowPageTraceBehavior [ RunTime:0.000000s ]
INFO: [ app_end ] --END-- [ RunTime:0.000000s ]

[ 2017-12-05T10:25:27+08:00 ] 106.120.161.66 /say.html
INFO: [ app_init ] --START--
INFO: Run Behavior\BuildLiteBehavior [ RunTime:0.000000s ]
INFO: [ app_init ] --END-- [ RunTime:0.000000s ]
INFO: [ app_begin ] --START--
INFO: Run Behavior\ReadHtmlCacheBehavior [ RunTime:0.000000s ]
INFO: [ app_begin ] --END-- [ RunTime:0.000000s ]
NOTIC: [2] ini_set() has been disabled for security reasons E:\web\lykl812j\WwwRoot\ThinkPHP\Common\functions.php 第 1236 行.
SQL: SHOW COLUMNS FROM `fh_article` [ RunTime:0.0000s ]
SQL: SHOW COLUMNS FROM `fh_cat` [ RunTime:0.0000s ]
SQL: SHOW COLUMNS FROM `fh_log` [ RunTime:0.0000s ]
SQL: SHOW COLUMNS FROM `fh_say` [ RunTime:0.0156s ]
SQL: SHOW COLUMNS FROM `fh_system` [ RunTime:0.0156s ]
SQL: SELECT * FROM `fh_say` WHERE `s_show` = 0 ORDER BY s_time desc LIMIT 5   [ RunTime:0.0000s ]
INFO: [ view_parse ] --START--
INFO: [ template_filter ] --START--
INFO: Run Behavior\ContentReplaceBehavior [ RunTime:0.000000s ]
INFO: [ template_filter ] --END-- [ RunTime:0.000000s ]
NOTIC: [8] Undefined variable: index E:\web\lykl812j\WwwRoot\Runtime\Cache\Home\63beaf5571d1423e103f5cfd7a9f769a.php 第 21 行.
NOTIC: [8] Undefined variable: about E:\web\lykl812j\WwwRoot\Runtime\Cache\Home\63beaf5571d1423e103f5cfd7a9f769a.php 第 22 行.
NOTIC: [8] Undefined variable: article E:\web\lykl812j\WwwRoot\Runtime\Cache\Home\63beaf5571d1423e103f5cfd7a9f769a.php 第 23 行.
NOTIC: [8] Undefined variable: log E:\web\lykl812j\WwwRoot\Runtime\Cache\Home\63beaf5571d1423e103f5cfd7a9f769a.php 第 24 行.
NOTIC: [8] Undefined variable: board E:\web\lykl812j\WwwRoot\Runtime\Cache\Home\63beaf5571d1423e103f5cfd7a9f769a.php 第 26 行.
NOTIC: [8] Undefined index: c_id E:\web\lykl812j\WwwRoot\Runtime\Cache\Home\63beaf5571d1423e103f5cfd7a9f769a.php 第 114 行.
NOTIC: [8] Undefined index: c_id E:\web\lykl812j\WwwRoot\Runtime\Cache\Home\63beaf5571d1423e103f5cfd7a9f769a.php 第 114 行.
NOTIC: [8] Undefined index: c_id E:\web\lykl812j\WwwRoot\Runtime\Cache\Home\63beaf5571d1423e103f5cfd7a9f769a.php 第 114 行.
NOTIC: [8] Undefined index: c_id E:\web\lykl812j\WwwRoot\Runtime\Cache\Home\63beaf5571d1423e103f5cfd7a9f769a.php 第 114 行.
NOTIC: [8] Undefined index: c_id E:\web\lykl812j\WwwRoot\Runtime\Cache\Home\63beaf5571d1423e103f5cfd7a9f769a.php 第 114 行.
INFO: Run Behavior\ParseTemplateBehavior [ RunTime:0.015625s ]
INFO: [ view_parse ] --END-- [ RunTime:0.015625s ]
INFO: [ view_filter ] --START--
INFO: Run Behavior\WriteHtmlCacheBehavior [ RunTime:0.000000s ]
INFO: [ view_filter ] --END-- [ RunTime:0.000000s ]
INFO: [ app_end ] --START--
INFO: Run Behavior\ShowPageTraceBehavior [ RunTime:0.000000s ]
INFO: [ app_end ] --END-- [ RunTime:0.000000s ]

[ 2017-12-05T10:25:42+08:00 ] 101.199.108.55 /article.html
INFO: [ app_init ] --START--
INFO: Run Behavior\BuildLiteBehavior [ RunTime:0.000000s ]
INFO: [ app_init ] --END-- [ RunTime:0.000000s ]
INFO: [ app_begin ] --START--
INFO: Run Behavior\ReadHtmlCacheBehavior [ RunTime:0.000000s ]
INFO: [ app_begin ] --END-- [ RunTime:0.000000s ]
NOTIC: [2] ini_set() has been disabled for security reasons E:\web\lykl812j\WwwRoot\ThinkPHP\Common\functions.php 第 1236 行.
SQL: SHOW COLUMNS FROM `fh_article` [ RunTime:0.0000s ]
SQL: SHOW COLUMNS FROM `fh_cat` [ RunTime:0.0000s ]
SQL: SHOW COLUMNS FROM `fh_log` [ RunTime:0.0000s ]
SQL: SHOW COLUMNS FROM `fh_say` [ RunTime:0.0156s ]
SQL: SHOW COLUMNS FROM `fh_system` [ RunTime:0.0000s ]
SQL: SELECT * FROM `fh_article` WHERE `a_show` = 0 LIMIT 7   [ RunTime:0.0000s ]
SQL: SELECT * FROM `fh_cat` ORDER BY c_id desc  [ RunTime:0.0000s ]
SQL: SELECT * FROM `fh_article` ORDER BY a_time desc LIMIT 6   [ RunTime:0.0000s ]
SQL: SELECT * FROM `fh_log` ORDER BY l_time desc LIMIT 6   [ RunTime:0.0000s ]
SQL: SELECT * FROM `fh_say` ORDER BY s_time desc LIMIT 6   [ RunTime:0.0000s ]
SQL: SELECT `c_id`,`c_name` FROM `fh_cat` WHERE `c_show` = 0 ORDER BY c_id desc  [ RunTime:0.0000s ]
SQL: SELECT `a_id`,`a_name`,`a_img`,`a_time`,`a_hit`,`c_name` FROM `fh_article` INNER JOIN fh_cat on fh_article.pid = fh_cat.c_id  ORDER BY a_hit desc LIMIT 5   [ RunTime:0.0000s ]
SQL: SELECT * FROM `fh_system` WHERE `id` = 1 LIMIT 1   [ RunTime:0.0000s ]
SQL: SELECT * FROM `fh_cat` WHERE `c_show` = 0 ORDER BY c_id desc  [ RunTime:0.0000s ]
SQL: SELECT * FROM `fh_article` INNER JOIN fh_cat on fh_article.pid = fh_cat.c_id  ORDER BY a_id desc LIMIT 5   [ RunTime:0.0156s ]
INFO: [ view_parse ] --START--
INFO: [ template_filter ] --START--
INFO: Run Behavior\ContentReplaceBehavior [ RunTime:0.000000s ]
INFO: [ template_filter ] --END-- [ RunTime:0.000000s ]
NOTIC: [8] Undefined variable: index E:\web\lykl812j\WwwRoot\Runtime\Cache\Home\6b2c666fea9c5f7a6ebc0fb27b266a7f.php 第 21 行.
NOTIC: [8] Undefined variable: about E:\web\lykl812j\WwwRoot\Runtime\Cache\Home\6b2c666fea9c5f7a6ebc0fb27b266a7f.php 第 22 行.
NOTIC: [8] Undefined variable: log E:\web\lykl812j\WwwRoot\Runtime\Cache\Home\6b2c666fea9c5f7a6ebc0fb27b266a7f.php 第 24 行.
NOTIC: [8] Undefined variable: say E:\web\lykl812j\WwwRoot\Runtime\Cache\Home\6b2c666fea9c5f7a6ebc0fb27b266a7f.php 第 25 行.
NOTIC: [8] Undefined variable: board E:\web\lykl812j\WwwRoot\Runtime\Cache\Home\6b2c666fea9c5f7a6ebc0fb27b266a7f.php 第 26 行.
NOTIC: [8] Undefined index: c_id E:\web\lykl812j\WwwRoot\Runtime\Cache\Home\6b2c666fea9c5f7a6ebc0fb27b266a7f.php 第 133 行.
NOTIC: [8] Undefined index: c_id E:\web\lykl812j\WwwRoot\Runtime\Cache\Home\6b2c666fea9c5f7a6ebc0fb27b266a7f.php 第 133 行.
NOTIC: [8] Undefined index: c_id E:\web\lykl812j\WwwRoot\Runtime\Cache\Home\6b2c666fea9c5f7a6ebc0fb27b266a7f.php 第 133 行.
NOTIC: [8] Undefined index: c_id E:\web\lykl812j\WwwRoot\Runtime\Cache\Home\6b2c666fea9c5f7a6ebc0fb27b266a7f.php 第 133 行.
NOTIC: [8] Undefined index: c_id E:\web\lykl812j\WwwRoot\Runtime\Cache\Home\6b2c666fea9c5f7a6ebc0fb27b266a7f.php 第 133 行.
INFO: Run Behavior\ParseTemplateBehavior [ RunTime:0.031250s ]
INFO: [ view_parse ] --END-- [ RunTime:0.031250s ]
INFO: [ view_filter ] --START--
INFO: Run Behavior\WriteHtmlCacheBehavior [ RunTime:0.000000s ]
INFO: [ view_filter ] --END-- [ RunTime:0.000000s ]
INFO: [ app_end ] --START--
INFO: Run Behavior\ShowPageTraceBehavior [ RunTime:0.000000s ]
INFO: [ app_end ] --END-- [ RunTime:0.000000s ]

[ 2017-12-05T10:57:07+08:00 ] 61.140.27.163 /artinfo-18.html
INFO: [ app_init ] --START--
INFO: Run Behavior\BuildLiteBehavior [ RunTime:0.000000s ]
INFO: [ app_init ] --END-- [ RunTime:0.000000s ]
INFO: [ app_begin ] --START--
INFO: Run Behavior\ReadHtmlCacheBehavior [ RunTime:0.000000s ]
INFO: [ app_begin ] --END-- [ RunTime:0.000000s ]
NOTIC: [2] ini_set() has been disabled for security reasons E:\web\lykl812j\WwwRoot\ThinkPHP\Common\functions.php 第 1236 行.
SQL: SHOW COLUMNS FROM `fh_article` [ RunTime:0.0000s ]
SQL: SHOW COLUMNS FROM `fh_cat` [ RunTime:0.0000s ]
SQL: SHOW COLUMNS FROM `fh_log` [ RunTime:0.0000s ]
SQL: SHOW COLUMNS FROM `fh_say` [ RunTime:0.0000s ]
SQL: SHOW COLUMNS FROM `fh_system` [ RunTime:0.0000s ]
SQL: SELECT * FROM `fh_article` WHERE `a_show` = 0 LIMIT 7   [ RunTime:0.0000s ]
SQL: SELECT * FROM `fh_cat` ORDER BY c_id desc  [ RunTime:0.0000s ]
SQL: SELECT * FROM `fh_article` ORDER BY a_time desc LIMIT 6   [ RunTime:0.0156s ]
SQL: SELECT * FROM `fh_log` ORDER BY l_time desc LIMIT 6   [ RunTime:0.0000s ]
SQL: SELECT * FROM `fh_say` ORDER BY s_time desc LIMIT 6   [ RunTime:0.0000s ]
SQL: SELECT `c_id`,`c_name` FROM `fh_cat` WHERE `c_show` = 0 ORDER BY c_id desc  [ RunTime:0.0000s ]
SQL: SELECT `a_id`,`a_name`,`a_img`,`a_time`,`a_hit`,`c_name` FROM `fh_article` INNER JOIN fh_cat on fh_article.pid = fh_cat.c_id  ORDER BY a_hit desc LIMIT 5   [ RunTime:0.0000s ]
SQL: SELECT * FROM `fh_system` WHERE `id` = 1 LIMIT 1   [ RunTime:0.0000s ]
SQL: SELECT * FROM `fh_article` WHERE `a_id` = 18 LIMIT 1   [ RunTime:0.0000s ]
SQL: SHOW COLUMNS FROM `fh_article_c` [ RunTime:0.0000s ]
SQL: UPDATE `fh_article` SET `a_hit`=a_hit+1 WHERE `a_id` = 18 [ RunTime:0.0000s ]
SQL: SELECT * FROM `fh_article` WHERE `a_id` = 18 LIMIT 1   [ RunTime:0.0000s ]
SQL: SELECT * FROM `fh_article` WHERE ( a_id < 18 ) ORDER BY a_id desc LIMIT 1   [ RunTime:0.0000s ]
SQL: SELECT * FROM `fh_article` WHERE ( a_id > 18 ) LIMIT 1   [ RunTime:0.0000s ]
SQL: SELECT COUNT(*) AS tp_count FROM `fh_article_c` WHERE `ac_pid` = 18 LIMIT 1   [ RunTime:0.0000s ]
SQL: SELECT * FROM `fh_article_c` WHERE `ac_pid` = 18 ORDER BY ac_time desc  [ RunTime:0.0156s ]
INFO: [ view_parse ] --START--
INFO: [ template_filter ] --START--
INFO: Run Behavior\ContentReplaceBehavior [ RunTime:0.000000s ]
INFO: [ template_filter ] --END-- [ RunTime:0.000000s ]
NOTIC: [8] Undefined variable: index E:\web\lykl812j\WwwRoot\Runtime\Cache\Home\7f11d8fd48ca18f0fc1c2c81c774938b.php 第 24 行.
NOTIC: [8] Undefined variable: about E:\web\lykl812j\WwwRoot\Runtime\Cache\Home\7f11d8fd48ca18f0fc1c2c81c774938b.php 第 25 行.
NOTIC: [8] Undefined variable: log E:\web\lykl812j\WwwRoot\Runtime\Cache\Home\7f11d8fd48ca18f0fc1c2c81c774938b.php 第 27 行.
NOTIC: [8] Undefined variable: say E:\web\lykl812j\WwwRoot\Runtime\Cache\Home\7f11d8fd48ca18f0fc1c2c81c774938b.php 第 28 行.
NOTIC: [8] Undefined variable: board E:\web\lykl812j\WwwRoot\Runtime\Cache\Home\7f11d8fd48ca18f0fc1c2c81c774938b.php 第 29 行.
NOTIC: [8] Undefined index: c_id E:\web\lykl812j\WwwRoot\Runtime\Cache\Home\7f11d8fd48ca18f0fc1c2c81c774938b.php 第 200 行.
NOTIC: [8] Undefined index: c_id E:\web\lykl812j\WwwRoot\Runtime\Cache\Home\7f11d8fd48ca18f0fc1c2c81c774938b.php 第 200 行.
NOTIC: [8] Undefined index: c_id E:\web\lykl812j\WwwRoot\Runtime\Cache\Home\7f11d8fd48ca18f0fc1c2c81c774938b.php 第 200 行.
NOTIC: [8] Undefined index: c_id E:\web\lykl812j\WwwRoot\Runtime\Cache\Home\7f11d8fd48ca18f0fc1c2c81c774938b.php 第 200 行.
NOTIC: [8] Undefined index: c_id E:\web\lykl812j\WwwRoot\Runtime\Cache\Home\7f11d8fd48ca18f0fc1c2c81c774938b.php 第 200 行.
INFO: Run Behavior\ParseTemplateBehavior [ RunTime:0.062500s ]
INFO: [ view_parse ] --END-- [ RunTime:0.062500s ]
INFO: [ view_filter ] --START--
INFO: Run Behavior\WriteHtmlCacheBehavior [ RunTime:0.000000s ]
INFO: [ view_filter ] --END-- [ RunTime:0.000000s ]
INFO: [ app_end ] --START--
INFO: Run Behavior\ShowPageTraceBehavior [ RunTime:0.000000s ]
INFO: [ app_end ] --END-- [ RunTime:0.000000s ]

[ 2017-12-05T10:57:07+08:00 ] 61.140.27.163 /Uploads/comment/1512129272.png
INFO: [ app_init ] --START--
INFO: Run Behavior\BuildLiteBehavior [ RunTime:0.000000s ]
INFO: [ app_init ] --END-- [ RunTime:0.000000s ]

[ 2017-12-05T10:57:07+08:00 ] 61.140.27.163 /favicon.ico
INFO: [ app_init ] --START--
INFO: Run Behavior\BuildLiteBehavior [ RunTime:0.000000s ]
INFO: [ app_init ] --END-- [ RunTime:0.000000s ]

[ 2017-12-05T10:57:15+08:00 ] 61.140.27.163 /abouts.html
INFO: [ app_init ] --START--
INFO: Run Behavior\BuildLiteBehavior [ RunTime:0.000000s ]
INFO: [ app_init ] --END-- [ RunTime:0.000000s ]
INFO: [ app_begin ] --START--
INFO: Run Behavior\ReadHtmlCacheBehavior [ RunTime:0.000000s ]
INFO: [ app_begin ] --END-- [ RunTime:0.000000s ]
NOTIC: [2] ini_set() has been disabled for security reasons E:\web\lykl812j\WwwRoot\ThinkPHP\Common\functions.php 第 1236 行.
SQL: SHOW COLUMNS FROM `fh_article` [ RunTime:0.0000s ]
SQL: SHOW COLUMNS FROM `fh_cat` [ RunTime:0.0000s ]
SQL: SHOW COLUMNS FROM `fh_log` [ RunTime:0.0000s ]
SQL: SHOW COLUMNS FROM `fh_say` [ RunTime:0.0156s ]
SQL: SHOW COLUMNS FROM `fh_system` [ RunTime:0.0000s ]
SQL: SELECT * FROM `fh_system` WHERE `id` = 1 LIMIT 1   [ RunTime:0.0000s ]
SQL: UPDATE `fh_system` SET `hit`=hit+1 WHERE `id` = 1 [ RunTime:0.0000s ]
SQL: SELECT `a_id`,`a_img` FROM `fh_article` WHERE `a_show` = 0 ORDER BY a_time desc LIMIT 8   [ RunTime:0.0000s ]
INFO: [ view_parse ] --START--
INFO: [ template_filter ] --START--
INFO: Run Behavior\ContentReplaceBehavior [ RunTime:0.000000s ]
INFO: [ template_filter ] --END-- [ RunTime:0.000000s ]
NOTIC: [8] Undefined variable: index E:\web\lykl812j\WwwRoot\Runtime\Cache\Home\51c20629d021b509ad96608acdd454fb.php 第 23 行.
NOTIC: [8] Undefined variable: article E:\web\lykl812j\WwwRoot\Runtime\Cache\Home\51c20629d021b509ad96608acdd454fb.php 第 25 行.
NOTIC: [8] Undefined variable: log E:\web\lykl812j\WwwRoot\Runtime\Cache\Home\51c20629d021b509ad96608acdd454fb.php 第 26 行.
NOTIC: [8] Undefined variable: say E:\web\lykl812j\WwwRoot\Runtime\Cache\Home\51c20629d021b509ad96608acdd454fb.php 第 27 行.
NOTIC: [8] Undefined variable: board E:\web\lykl812j\WwwRoot\Runtime\Cache\Home\51c20629d021b509ad96608acdd454fb.php 第 28 行.
INFO: Run Behavior\ParseTemplateBehavior [ RunTime:0.000000s ]
INFO: [ view_parse ] --END-- [ RunTime:0.000000s ]
INFO: [ view_filter ] --START--
INFO: Run Behavior\WriteHtmlCacheBehavior [ RunTime:0.015625s ]
INFO: [ view_filter ] --END-- [ RunTime:0.015625s ]
INFO: [ app_end ] --START--
INFO: Run Behavior\ShowPageTraceBehavior [ RunTime:0.000000s ]
INFO: [ app_end ] --END-- [ RunTime:0.000000s ]

[ 2017-12-05T10:57:15+08:00 ] 61.140.27.163 /favicon.ico
INFO: [ app_init ] --START--
INFO: Run Behavior\BuildLiteBehavior [ RunTime:0.000000s ]
INFO: [ app_init ] --END-- [ RunTime:0.000000s ]

[ 2017-12-05T10:58:15+08:00 ] 106.120.160.119 /abouts.html
INFO: [ app_init ] --START--
INFO: Run Behavior\BuildLiteBehavior [ RunTime:0.000000s ]
INFO: [ app_init ] --END-- [ RunTime:0.000000s ]
INFO: [ app_begin ] --START--
INFO: Run Behavior\ReadHtmlCacheBehavior [ RunTime:0.000000s ]
INFO: [ app_begin ] --END-- [ RunTime:0.000000s ]
NOTIC: [2] ini_set() has been disabled for security reasons E:\web\lykl812j\WwwRoot\ThinkPHP\Common\functions.php 第 1236 行.
SQL: SHOW COLUMNS FROM `fh_article` [ RunTime:0.0000s ]
SQL: SHOW COLUMNS FROM `fh_cat` [ RunTime:0.0000s ]
SQL: SHOW COLUMNS FROM `fh_log` [ RunTime:0.0000s ]
SQL: SHOW COLUMNS FROM `fh_say` [ RunTime:0.0000s ]
SQL: SHOW COLUMNS FROM `fh_system` [ RunTime:0.0000s ]
SQL: SELECT * FROM `fh_article` WHERE `a_show` = 0 LIMIT 7   [ RunTime:0.0000s ]
SQL: SELECT * FROM `fh_cat` ORDER BY c_id desc  [ RunTime:0.0000s ]
SQL: SELECT * FROM `fh_article` ORDER BY a_time desc LIMIT 6   [ RunTime:0.0000s ]
SQL: SELECT * FROM `fh_log` ORDER BY l_time desc LIMIT 6   [ RunTime:0.0000s ]
SQL: SELECT * FROM `fh_say` ORDER BY s_time desc LIMIT 6   [ RunTime:0.0000s ]
SQL: SELECT `c_id`,`c_name` FROM `fh_cat` WHERE `c_show` = 0 ORDER BY c_id desc  [ RunTime:0.0000s ]
SQL: SELECT `a_id`,`a_name`,`a_img`,`a_time`,`a_hit`,`c_name` FROM `fh_article` INNER JOIN fh_cat on fh_article.pid = fh_cat.c_id  ORDER BY a_hit desc LIMIT 5   [ RunTime:0.0000s ]
SQL: SELECT * FROM `fh_system` WHERE `id` = 1 LIMIT 1   [ RunTime:0.0000s ]
SQL: SELECT * FROM `fh_system` WHERE `id` = 1 LIMIT 1   [ RunTime:0.0000s ]
SQL: UPDATE `fh_system` SET `hit`=hit+1 WHERE `id` = 1 [ RunTime:0.0000s ]
SQL: SELECT `a_id`,`a_img` FROM `fh_article` WHERE `a_show` = 0 ORDER BY a_time desc LIMIT 8   [ RunTime:0.0000s ]
INFO: [ view_parse ] --START--
INFO: [ template_filter ] --START--
INFO: Run Behavior\ContentReplaceBehavior [ RunTime:0.000000s ]
INFO: [ template_filter ] --END-- [ RunTime:0.000000s ]
NOTIC: [8] Undefined variable: index E:\web\lykl812j\WwwRoot\Runtime\Cache\Home\51c20629d021b509ad96608acdd454fb.php 第 23 行.
NOTIC: [8] Undefined variable: article E:\web\lykl812j\WwwRoot\Runtime\Cache\Home\51c20629d021b509ad96608acdd454fb.php 第 25 行.
NOTIC: [8] Undefined variable: log E:\web\lykl812j\WwwRoot\Runtime\Cache\Home\51c20629d021b509ad96608acdd454fb.php 第 26 行.
NOTIC: [8] Undefined variable: say E:\web\lykl812j\WwwRoot\Runtime\Cache\Home\51c20629d021b509ad96608acdd454fb.php 第 27 行.
NOTIC: [8] Undefined variable: board E:\web\lykl812j\WwwRoot\Runtime\Cache\Home\51c20629d021b509ad96608acdd454fb.php 第 28 行.
INFO: Run Behavior\ParseTemplateBehavior [ RunTime:0.031250s ]
INFO: [ view_parse ] --END-- [ RunTime:0.031250s ]
INFO: [ view_filter ] --START--
INFO: Run Behavior\WriteHtmlCacheBehavior [ RunTime:0.000000s ]
INFO: [ view_filter ] --END-- [ RunTime:0.000000s ]
INFO: [ app_end ] --START--
INFO: Run Behavior\ShowPageTraceBehavior [ RunTime:0.000000s ]
INFO: [ app_end ] --END-- [ RunTime:0.000000s ]

[ 2017-12-05T10:58:27+08:00 ] 101.199.112.54 /abouts.html
INFO: [ app_init ] --START--
INFO: Run Behavior\BuildLiteBehavior [ RunTime:0.000000s ]
INFO: [ app_init ] --END-- [ RunTime:0.000000s ]
INFO: [ app_begin ] --START--
INFO: Run Behavior\ReadHtmlCacheBehavior [ RunTime:0.000000s ]
INFO: [ app_begin ] --END-- [ RunTime:0.000000s ]
NOTIC: [2] ini_set() has been disabled for security reasons E:\web\lykl812j\WwwRoot\ThinkPHP\Common\functions.php 第 1236 行.
SQL: SHOW COLUMNS FROM `fh_article` [ RunTime:0.0000s ]
SQL: SHOW COLUMNS FROM `fh_cat` [ RunTime:0.0000s ]
SQL: SHOW COLUMNS FROM `fh_log` [ RunTime:0.0000s ]
SQL: SHOW COLUMNS FROM `fh_say` [ RunTime:0.0156s ]
SQL: SHOW COLUMNS FROM `fh_system` [ RunTime:0.0000s ]
SQL: SELECT * FROM `fh_article` WHERE `a_show` = 0 LIMIT 7   [ RunTime:0.0000s ]
SQL: SELECT * FROM `fh_cat` ORDER BY c_id desc  [ RunTime:0.0000s ]
SQL: SELECT * FROM `fh_article` ORDER BY a_time desc LIMIT 6   [ RunTime:0.0000s ]
SQL: SELECT * FROM `fh_log` ORDER BY l_time desc LIMIT 6   [ RunTime:0.0000s ]
SQL: SELECT * FROM `fh_say` ORDER BY s_time desc LIMIT 6   [ RunTime:0.0000s ]
SQL: SELECT `c_id`,`c_name` FROM `fh_cat` WHERE `c_show` = 0 ORDER BY c_id desc  [ RunTime:0.0000s ]
SQL: SELECT `a_id`,`a_name`,`a_img`,`a_time`,`a_hit`,`c_name` FROM `fh_article` INNER JOIN fh_cat on fh_article.pid = fh_cat.c_id  ORDER BY a_hit desc LIMIT 5   [ RunTime:0.0000s ]
SQL: SELECT * FROM `fh_system` WHERE `id` = 1 LIMIT 1   [ RunTime:0.0000s ]
SQL: SELECT * FROM `fh_system` WHERE `id` = 1 LIMIT 1   [ RunTime:0.0000s ]
SQL: UPDATE `fh_system` SET `hit`=hit+1 WHERE `id` = 1 [ RunTime:0.0625s ]
SQL: SELECT `a_id`,`a_img` FROM `fh_article` WHERE `a_show` = 0 ORDER BY a_time desc LIMIT 8   [ RunTime:0.0000s ]
INFO: [ view_parse ] --START--
INFO: [ template_filter ] --START--
INFO: Run Behavior\ContentReplaceBehavior [ RunTime:0.000000s ]
INFO: [ template_filter ] --END-- [ RunTime:0.000000s ]
NOTIC: [8] Undefined variable: index E:\web\lykl812j\WwwRoot\Runtime\Cache\Home\51c20629d021b509ad96608acdd454fb.php 第 23 行.
NOTIC: [8] Undefined variable: article E:\web\lykl812j\WwwRoot\Runtime\Cache\Home\51c20629d021b509ad96608acdd454fb.php 第 25 行.
NOTIC: [8] Undefined variable: log E:\web\lykl812j\WwwRoot\Runtime\Cache\Home\51c20629d021b509ad96608acdd454fb.php 第 26 行.
NOTIC: [8] Undefined variable: say E:\web\lykl812j\WwwRoot\Runtime\Cache\Home\51c20629d021b509ad96608acdd454fb.php 第 27 行.
NOTIC: [8] Undefined variable: board E:\web\lykl812j\WwwRoot\Runtime\Cache\Home\51c20629d021b509ad96608acdd454fb.php 第 28 行.
INFO: Run Behavior\ParseTemplateBehavior [ RunTime:0.015625s ]
INFO: [ view_parse ] --END-- [ RunTime:0.015625s ]
INFO: [ view_filter ] --START--
INFO: Run Behavior\WriteHtmlCacheBehavior [ RunTime:0.000000s ]
INFO: [ view_filter ] --END-- [ RunTime:0.000000s ]
INFO: [ app_end ] --START--
INFO: Run Behavior\ShowPageTraceBehavior [ RunTime:0.000000s ]
INFO: [ app_end ] --END-- [ RunTime:0.000000s ]

