[ 2017-11-24T09:52:04+08:00 ] 127.0.0.1 /
INFO: [ app_init ] --START--
INFO: Run Behavior\BuildLiteBehavior [ RunTime:0.000010s ]
INFO: [ app_init ] --END-- [ RunTime:0.001622s ]
INFO: [ app_begin ] --START--
INFO: Run Behavior\ReadHtmlCacheBehavior [ RunTime:0.000944s ]
INFO: [ app_begin ] --END-- [ RunTime:0.000987s ]
SQL: SHOW COLUMNS FROM `fh_article` [ RunTime:0.0038s ]
SQL: SHOW COLUMNS FROM `fh_cat` [ RunTime:0.0028s ]
SQL: SHOW COLUMNS FROM `fh_log` [ RunTime:0.0037s ]
SQL: SHOW COLUMNS FROM `fh_say` [ RunTime:0.0029s ]
SQL: SHOW COLUMNS FROM `fh_system` [ RunTime:0.0031s ]
SQL: SELECT * FROM `fh_article` WHERE `a_show` = 0  [ RunTime:0.0052s ]
SQL: SELECT * FROM `fh_cat` ORDER BY c_id desc  [ RunTime:0.0002s ]
SQL: SELECT * FROM `fh_article` ORDER BY a_time desc LIMIT 6   [ RunTime:0.0011s ]
SQL: SELECT * FROM `fh_log` ORDER BY l_time desc LIMIT 6   [ RunTime:0.0012s ]
SQL: SELECT * FROM `fh_say` ORDER BY s_time desc LIMIT 6   [ RunTime:0.0002s ]
SQL: SELECT `c_id`,`c_name` FROM `fh_cat` WHERE `c_show` = 0 ORDER BY c_id desc  [ RunTime:0.0002s ]
SQL: SELECT `a_id`,`a_name`,`a_img`,`a_time`,`a_hit`,`c_name` FROM `fh_article` INNER JOIN fh_cat on fh_article.pid = fh_cat.c_id  ORDER BY a_hit desc LIMIT 5   [ RunTime:0.0003s ]
SQL: SELECT * FROM `fh_system` WHERE `id` = 1 LIMIT 1   [ RunTime:0.0002s ]
INFO: [ view_parse ] --START--
INFO: [ template_filter ] --START--
INFO: Run Behavior\ContentReplaceBehavior [ RunTime:0.000105s ]
INFO: [ template_filter ] --END-- [ RunTime:0.000145s ]
NOTIC: [8] Undefined variable: about E:\fish\Runtime\Cache\Home\ccc714bf1ad7378d61a4beb8be3a2914.php 第 22 行.
NOTIC: [8] Undefined variable: article E:\fish\Runtime\Cache\Home\ccc714bf1ad7378d61a4beb8be3a2914.php 第 23 行.
NOTIC: [8] Undefined variable: log E:\fish\Runtime\Cache\Home\ccc714bf1ad7378d61a4beb8be3a2914.php 第 24 行.
NOTIC: [8] Undefined variable: say E:\fish\Runtime\Cache\Home\ccc714bf1ad7378d61a4beb8be3a2914.php 第 25 行.
NOTIC: [8] Undefined variable: board E:\fish\Runtime\Cache\Home\ccc714bf1ad7378d61a4beb8be3a2914.php 第 26 行.
NOTIC: [8] Undefined index: c_id E:\fish\Runtime\Cache\Home\ccc714bf1ad7378d61a4beb8be3a2914.php 第 178 行.
NOTIC: [8] Undefined index: c_id E:\fish\Runtime\Cache\Home\ccc714bf1ad7378d61a4beb8be3a2914.php 第 178 行.
NOTIC: [8] Undefined index: c_id E:\fish\Runtime\Cache\Home\ccc714bf1ad7378d61a4beb8be3a2914.php 第 178 行.
NOTIC: [8] Undefined index: c_id E:\fish\Runtime\Cache\Home\ccc714bf1ad7378d61a4beb8be3a2914.php 第 178 行.
NOTIC: [8] Undefined index: c_id E:\fish\Runtime\Cache\Home\ccc714bf1ad7378d61a4beb8be3a2914.php 第 178 行.
INFO: Run Behavior\ParseTemplateBehavior [ RunTime:0.017588s ]
INFO: [ view_parse ] --END-- [ RunTime:0.017630s ]
INFO: [ view_filter ] --START--
INFO: Run Behavior\WriteHtmlCacheBehavior [ RunTime:0.000874s ]
INFO: [ view_filter ] --END-- [ RunTime:0.000910s ]
INFO: [ app_end ] --START--
INFO: Run Behavior\ShowPageTraceBehavior [ RunTime:0.000768s ]
INFO: [ app_end ] --END-- [ RunTime:0.000809s ]

[ 2017-11-24T09:52:05+08:00 ] 127.0.0.1 /favicon.ico
INFO: [ app_init ] --START--
INFO: Run Behavior\BuildLiteBehavior [ RunTime:0.000011s ]
INFO: [ app_init ] --END-- [ RunTime:0.000335s ]

[ 2017-11-24T09:52:21+08:00 ] 127.0.0.1 /artinfo-18.html
INFO: [ app_init ] --START--
INFO: Run Behavior\BuildLiteBehavior [ RunTime:0.000009s ]
INFO: [ app_init ] --END-- [ RunTime:0.000299s ]
INFO: [ app_begin ] --START--
INFO: Run Behavior\ReadHtmlCacheBehavior [ RunTime:0.000425s ]
INFO: [ app_begin ] --END-- [ RunTime:0.000472s ]
SQL: SHOW COLUMNS FROM `fh_article` [ RunTime:0.0023s ]
SQL: SHOW COLUMNS FROM `fh_cat` [ RunTime:0.0020s ]
SQL: SHOW COLUMNS FROM `fh_log` [ RunTime:0.0020s ]
SQL: SHOW COLUMNS FROM `fh_say` [ RunTime:0.0019s ]
SQL: SHOW COLUMNS FROM `fh_system` [ RunTime:0.0020s ]
SQL: SELECT * FROM `fh_article` WHERE `a_show` = 0  [ RunTime:0.0005s ]
SQL: SELECT * FROM `fh_cat` ORDER BY c_id desc  [ RunTime:0.0001s ]
SQL: SELECT * FROM `fh_article` ORDER BY a_time desc LIMIT 6   [ RunTime:0.0004s ]
SQL: SELECT * FROM `fh_log` ORDER BY l_time desc LIMIT 6   [ RunTime:0.0002s ]
SQL: SELECT * FROM `fh_say` ORDER BY s_time desc LIMIT 6   [ RunTime:0.0001s ]
SQL: SELECT `c_id`,`c_name` FROM `fh_cat` WHERE `c_show` = 0 ORDER BY c_id desc  [ RunTime:0.0001s ]
SQL: SELECT `a_id`,`a_name`,`a_img`,`a_time`,`a_hit`,`c_name` FROM `fh_article` INNER JOIN fh_cat on fh_article.pid = fh_cat.c_id  ORDER BY a_hit desc LIMIT 5   [ RunTime:0.0001s ]
SQL: SELECT * FROM `fh_system` WHERE `id` = 1 LIMIT 1   [ RunTime:0.0001s ]
SQL: SELECT * FROM `fh_article` WHERE `a_id` = 18 LIMIT 1   [ RunTime:0.0005s ]
SQL: SHOW COLUMNS FROM `fh_article_c` [ RunTime:0.0094s ]
SQL: UPDATE `fh_article` SET `a_hit`=a_hit+1 WHERE `a_id` = 18 [ RunTime:0.0033s ]
SQL: SELECT * FROM `fh_article` WHERE `a_id` = 18 LIMIT 1   [ RunTime:0.0005s ]
SQL: SELECT * FROM `fh_article` WHERE ( a_id < 18 ) ORDER BY a_id desc LIMIT 1   [ RunTime:0.0004s ]
SQL: SELECT * FROM `fh_article` WHERE ( a_id > 18 ) LIMIT 1   [ RunTime:0.0004s ]
SQL: SELECT COUNT(*) AS tp_count FROM `fh_article_c` WHERE `ac_pid` = 18 LIMIT 1   [ RunTime:0.0002s ]
SQL: SELECT * FROM `fh_article_c` WHERE `ac_pid` = 18 ORDER BY ac_time desc  [ RunTime:0.0002s ]
INFO: [ view_parse ] --START--
INFO: [ template_filter ] --START--
INFO: Run Behavior\ContentReplaceBehavior [ RunTime:0.000124s ]
INFO: [ template_filter ] --END-- [ RunTime:0.000165s ]
NOTIC: [8] Undefined variable: index E:\fish\Runtime\Cache\Home\7f11d8fd48ca18f0fc1c2c81c774938b.php 第 21 行.
NOTIC: [8] Undefined variable: about E:\fish\Runtime\Cache\Home\7f11d8fd48ca18f0fc1c2c81c774938b.php 第 22 行.
NOTIC: [8] Undefined variable: log E:\fish\Runtime\Cache\Home\7f11d8fd48ca18f0fc1c2c81c774938b.php 第 24 行.
NOTIC: [8] Undefined variable: say E:\fish\Runtime\Cache\Home\7f11d8fd48ca18f0fc1c2c81c774938b.php 第 25 行.
NOTIC: [8] Undefined variable: board E:\fish\Runtime\Cache\Home\7f11d8fd48ca18f0fc1c2c81c774938b.php 第 26 行.
NOTIC: [8] Undefined index: c_id E:\fish\Runtime\Cache\Home\7f11d8fd48ca18f0fc1c2c81c774938b.php 第 197 行.
NOTIC: [8] Undefined index: c_id E:\fish\Runtime\Cache\Home\7f11d8fd48ca18f0fc1c2c81c774938b.php 第 197 行.
NOTIC: [8] Undefined index: c_id E:\fish\Runtime\Cache\Home\7f11d8fd48ca18f0fc1c2c81c774938b.php 第 197 行.
NOTIC: [8] Undefined index: c_id E:\fish\Runtime\Cache\Home\7f11d8fd48ca18f0fc1c2c81c774938b.php 第 197 行.
NOTIC: [8] Undefined index: c_id E:\fish\Runtime\Cache\Home\7f11d8fd48ca18f0fc1c2c81c774938b.php 第 197 行.
INFO: Run Behavior\ParseTemplateBehavior [ RunTime:0.012768s ]
INFO: [ view_parse ] --END-- [ RunTime:0.012809s ]
INFO: [ view_filter ] --START--
INFO: Run Behavior\WriteHtmlCacheBehavior [ RunTime:0.000353s ]
INFO: [ view_filter ] --END-- [ RunTime:0.000389s ]
INFO: [ app_end ] --START--
INFO: Run Behavior\ShowPageTraceBehavior [ RunTime:0.000443s ]
INFO: [ app_end ] --END-- [ RunTime:0.000485s ]

[ 2017-11-24T10:13:26+08:00 ] 127.0.0.1 /artinfo-18.html
INFO: [ app_init ] --START--
INFO: Run Behavior\BuildLiteBehavior [ RunTime:0.000011s ]
INFO: [ app_init ] --END-- [ RunTime:0.000366s ]
INFO: [ app_begin ] --START--
INFO: Run Behavior\ReadHtmlCacheBehavior [ RunTime:0.000491s ]
INFO: [ app_begin ] --END-- [ RunTime:0.000536s ]
SQL: SHOW COLUMNS FROM `fh_article` [ RunTime:0.0023s ]
SQL: SHOW COLUMNS FROM `fh_cat` [ RunTime:0.0020s ]
SQL: SHOW COLUMNS FROM `fh_log` [ RunTime:0.0020s ]
SQL: SHOW COLUMNS FROM `fh_say` [ RunTime:0.0019s ]
SQL: SHOW COLUMNS FROM `fh_system` [ RunTime:0.0020s ]
SQL: SELECT * FROM `fh_article` WHERE `a_show` = 0  [ RunTime:0.0011s ]
SQL: SELECT * FROM `fh_cat` ORDER BY c_id desc  [ RunTime:0.0001s ]
SQL: SELECT * FROM `fh_article` ORDER BY a_time desc LIMIT 6   [ RunTime:0.0010s ]
SQL: SELECT * FROM `fh_log` ORDER BY l_time desc LIMIT 6   [ RunTime:0.0002s ]
SQL: SELECT * FROM `fh_say` ORDER BY s_time desc LIMIT 6   [ RunTime:0.0001s ]
SQL: SELECT `c_id`,`c_name` FROM `fh_cat` WHERE `c_show` = 0 ORDER BY c_id desc  [ RunTime:0.0001s ]
SQL: SELECT `a_id`,`a_name`,`a_img`,`a_time`,`a_hit`,`c_name` FROM `fh_article` INNER JOIN fh_cat on fh_article.pid = fh_cat.c_id  ORDER BY a_hit desc LIMIT 5   [ RunTime:0.0003s ]
SQL: SELECT * FROM `fh_system` WHERE `id` = 1 LIMIT 1   [ RunTime:0.0001s ]
SQL: SELECT * FROM `fh_article` WHERE `a_id` = 18 LIMIT 1   [ RunTime:0.0005s ]
SQL: SHOW COLUMNS FROM `fh_article_c` [ RunTime:0.0020s ]
SQL: UPDATE `fh_article` SET `a_hit`=a_hit+1 WHERE `a_id` = 18 [ RunTime:0.0113s ]
SQL: SELECT * FROM `fh_article` WHERE `a_id` = 18 LIMIT 1   [ RunTime:0.0005s ]
SQL: SELECT * FROM `fh_article` WHERE ( a_id < 18 ) ORDER BY a_id desc LIMIT 1   [ RunTime:0.0004s ]
SQL: SELECT * FROM `fh_article` WHERE ( a_id > 18 ) LIMIT 1   [ RunTime:0.0005s ]
SQL: SELECT COUNT(*) AS tp_count FROM `fh_article_c` WHERE `ac_pid` = 18 LIMIT 1   [ RunTime:0.0001s ]
SQL: SELECT * FROM `fh_article_c` WHERE `ac_pid` = 18 ORDER BY ac_time desc  [ RunTime:0.0001s ]
INFO: [ view_parse ] --START--
INFO: [ template_filter ] --START--
INFO: Run Behavior\ContentReplaceBehavior [ RunTime:0.000127s ]
INFO: [ template_filter ] --END-- [ RunTime:0.000168s ]
NOTIC: [8] Undefined variable: index E:\fish\Runtime\Cache\Home\7f11d8fd48ca18f0fc1c2c81c774938b.php 第 21 行.
NOTIC: [8] Undefined variable: about E:\fish\Runtime\Cache\Home\7f11d8fd48ca18f0fc1c2c81c774938b.php 第 22 行.
NOTIC: [8] Undefined variable: log E:\fish\Runtime\Cache\Home\7f11d8fd48ca18f0fc1c2c81c774938b.php 第 24 行.
NOTIC: [8] Undefined variable: say E:\fish\Runtime\Cache\Home\7f11d8fd48ca18f0fc1c2c81c774938b.php 第 25 行.
NOTIC: [8] Undefined variable: board E:\fish\Runtime\Cache\Home\7f11d8fd48ca18f0fc1c2c81c774938b.php 第 26 行.
NOTIC: [8] Undefined index: c_id E:\fish\Runtime\Cache\Home\7f11d8fd48ca18f0fc1c2c81c774938b.php 第 197 行.
NOTIC: [8] Undefined index: c_id E:\fish\Runtime\Cache\Home\7f11d8fd48ca18f0fc1c2c81c774938b.php 第 197 行.
NOTIC: [8] Undefined index: c_id E:\fish\Runtime\Cache\Home\7f11d8fd48ca18f0fc1c2c81c774938b.php 第 197 行.
NOTIC: [8] Undefined index: c_id E:\fish\Runtime\Cache\Home\7f11d8fd48ca18f0fc1c2c81c774938b.php 第 197 行.
NOTIC: [8] Undefined index: c_id E:\fish\Runtime\Cache\Home\7f11d8fd48ca18f0fc1c2c81c774938b.php 第 197 行.
INFO: Run Behavior\ParseTemplateBehavior [ RunTime:0.012408s ]
INFO: [ view_parse ] --END-- [ RunTime:0.012449s ]
INFO: [ view_filter ] --START--
INFO: Run Behavior\WriteHtmlCacheBehavior [ RunTime:0.000362s ]
INFO: [ view_filter ] --END-- [ RunTime:0.000398s ]
INFO: [ app_end ] --START--
INFO: Run Behavior\ShowPageTraceBehavior [ RunTime:0.000447s ]
INFO: [ app_end ] --END-- [ RunTime:0.000489s ]

[ 2017-11-24T10:32:54+08:00 ] 127.0.0.1 /Public/Admin/Img/gritter.png
INFO: [ app_init ] --START--
INFO: Run Behavior\BuildLiteBehavior [ RunTime:0.000017s ]
INFO: [ app_init ] --END-- [ RunTime:0.000318s ]

[ 2017-11-24T10:41:28+08:00 ] 127.0.0.1 /Login/Index
INFO: [ app_init ] --START--
INFO: Run Behavior\BuildLiteBehavior [ RunTime:0.000010s ]
INFO: [ app_init ] --END-- [ RunTime:0.000299s ]
INFO: [ app_begin ] --START--
INFO: Run Behavior\ReadHtmlCacheBehavior [ RunTime:0.000453s ]
INFO: [ app_begin ] --END-- [ RunTime:0.000496s ]
ERR: 无法加载控制器:Login

[ 2017-11-24T10:41:43+08:00 ] 127.0.0.1 /Public/Admin/Img/gritter.png
INFO: [ app_init ] --START--
INFO: Run Behavior\BuildLiteBehavior [ RunTime:0.000009s ]
INFO: [ app_init ] --END-- [ RunTime:0.000374s ]

[ 2017-11-24T10:45:00+08:00 ] 127.0.0.1 /Public/Admin/Img/gritter.png
INFO: [ app_init ] --START--
INFO: Run Behavior\BuildLiteBehavior [ RunTime:0.000010s ]
INFO: [ app_init ] --END-- [ RunTime:0.000334s ]

[ 2017-11-24T11:29:27+08:00 ] 127.0.0.1 /Public/Admin/Img/gritter.png
INFO: [ app_init ] --START--
INFO: Run Behavior\BuildLiteBehavior [ RunTime:0.000010s ]
INFO: [ app_init ] --END-- [ RunTime:0.000380s ]

[ 2017-11-24T11:44:48+08:00 ] 127.0.0.1 /
INFO: [ app_init ] --START--
INFO: Run Behavior\BuildLiteBehavior [ RunTime:0.000010s ]
INFO: [ app_init ] --END-- [ RunTime:0.000292s ]
INFO: [ app_begin ] --START--
INFO: Run Behavior\ReadHtmlCacheBehavior [ RunTime:0.000518s ]
INFO: [ app_begin ] --END-- [ RunTime:0.000566s ]
SQL: SHOW COLUMNS FROM `fh_article` [ RunTime:0.0021s ]
SQL: SHOW COLUMNS FROM `fh_cat` [ RunTime:0.0019s ]
SQL: SHOW COLUMNS FROM `fh_log` [ RunTime:0.0019s ]
SQL: SHOW COLUMNS FROM `fh_say` [ RunTime:0.0019s ]
SQL: SHOW COLUMNS FROM `fh_system` [ RunTime:0.0020s ]
SQL: SELECT * FROM `fh_article` WHERE `a_show` = 0  [ RunTime:0.0012s ]
SQL: SELECT * FROM `fh_cat` ORDER BY c_id desc  [ RunTime:0.0001s ]
SQL: SELECT * FROM `fh_article` ORDER BY a_time desc LIMIT 6   [ RunTime:0.0010s ]
SQL: SELECT * FROM `fh_log` ORDER BY l_time desc LIMIT 6   [ RunTime:0.0002s ]
SQL: SELECT * FROM `fh_say` ORDER BY s_time desc LIMIT 6   [ RunTime:0.0001s ]
SQL: SELECT `c_id`,`c_name` FROM `fh_cat` WHERE `c_show` = 0 ORDER BY c_id desc  [ RunTime:0.0001s ]
SQL: SELECT `a_id`,`a_name`,`a_img`,`a_time`,`a_hit`,`c_name` FROM `fh_article` INNER JOIN fh_cat on fh_article.pid = fh_cat.c_id  ORDER BY a_hit desc LIMIT 5   [ RunTime:0.0003s ]
SQL: SELECT * FROM `fh_system` WHERE `id` = 1 LIMIT 1   [ RunTime:0.0001s ]
INFO: [ view_parse ] --START--
INFO: [ template_filter ] --START--
INFO: Run Behavior\ContentReplaceBehavior [ RunTime:0.000117s ]
INFO: [ template_filter ] --END-- [ RunTime:0.000176s ]
NOTIC: [8] Undefined variable: about E:\fish\Runtime\Cache\Home\ccc714bf1ad7378d61a4beb8be3a2914.php 第 22 行.
NOTIC: [8] Undefined variable: article E:\fish\Runtime\Cache\Home\ccc714bf1ad7378d61a4beb8be3a2914.php 第 23 行.
NOTIC: [8] Undefined variable: log E:\fish\Runtime\Cache\Home\ccc714bf1ad7378d61a4beb8be3a2914.php 第 24 行.
NOTIC: [8] Undefined variable: say E:\fish\Runtime\Cache\Home\ccc714bf1ad7378d61a4beb8be3a2914.php 第 25 行.
NOTIC: [8] Undefined variable: board E:\fish\Runtime\Cache\Home\ccc714bf1ad7378d61a4beb8be3a2914.php 第 26 行.
NOTIC: [8] Undefined index: c_id E:\fish\Runtime\Cache\Home\ccc714bf1ad7378d61a4beb8be3a2914.php 第 178 行.
NOTIC: [8] Undefined index: c_id E:\fish\Runtime\Cache\Home\ccc714bf1ad7378d61a4beb8be3a2914.php 第 178 行.
NOTIC: [8] Undefined index: c_id E:\fish\Runtime\Cache\Home\ccc714bf1ad7378d61a4beb8be3a2914.php 第 178 行.
NOTIC: [8] Undefined index: c_id E:\fish\Runtime\Cache\Home\ccc714bf1ad7378d61a4beb8be3a2914.php 第 178 行.
NOTIC: [8] Undefined index: c_id E:\fish\Runtime\Cache\Home\ccc714bf1ad7378d61a4beb8be3a2914.php 第 178 行.
INFO: Run Behavior\ParseTemplateBehavior [ RunTime:0.011845s ]
INFO: [ view_parse ] --END-- [ RunTime:0.011885s ]
INFO: [ view_filter ] --START--
INFO: Run Behavior\WriteHtmlCacheBehavior [ RunTime:0.000288s ]
INFO: [ view_filter ] --END-- [ RunTime:0.000322s ]
INFO: [ app_end ] --START--
INFO: Run Behavior\ShowPageTraceBehavior [ RunTime:0.000409s ]
INFO: [ app_end ] --END-- [ RunTime:0.000450s ]

[ 2017-11-24T14:26:12+08:00 ] 127.0.0.1 /artinfo-18.html
INFO: [ app_init ] --START--
INFO: Run Behavior\BuildLiteBehavior [ RunTime:0.000011s ]
INFO: [ app_init ] --END-- [ RunTime:0.000321s ]
INFO: [ app_begin ] --START--
INFO: Run Behavior\ReadHtmlCacheBehavior [ RunTime:0.000468s ]
INFO: [ app_begin ] --END-- [ RunTime:0.000511s ]
SQL: SHOW COLUMNS FROM `fh_article` [ RunTime:0.0025s ]
SQL: SHOW COLUMNS FROM `fh_cat` [ RunTime:0.0019s ]
SQL: SHOW COLUMNS FROM `fh_log` [ RunTime:0.0022s ]
SQL: SHOW COLUMNS FROM `fh_say` [ RunTime:0.0022s ]
SQL: SHOW COLUMNS FROM `fh_system` [ RunTime:0.0021s ]
SQL: SELECT * FROM `fh_article` WHERE `a_show` = 0  [ RunTime:0.0005s ]
SQL: SELECT * FROM `fh_cat` ORDER BY c_id desc  [ RunTime:0.0001s ]
SQL: SELECT * FROM `fh_article` ORDER BY a_time desc LIMIT 6   [ RunTime:0.0004s ]
SQL: SELECT * FROM `fh_log` ORDER BY l_time desc LIMIT 6   [ RunTime:0.0002s ]
SQL: SELECT * FROM `fh_say` ORDER BY s_time desc LIMIT 6   [ RunTime:0.0001s ]
SQL: SELECT `c_id`,`c_name` FROM `fh_cat` WHERE `c_show` = 0 ORDER BY c_id desc  [ RunTime:0.0001s ]
SQL: SELECT `a_id`,`a_name`,`a_img`,`a_time`,`a_hit`,`c_name` FROM `fh_article` INNER JOIN fh_cat on fh_article.pid = fh_cat.c_id  ORDER BY a_hit desc LIMIT 5   [ RunTime:0.0001s ]
SQL: SELECT * FROM `fh_system` WHERE `id` = 1 LIMIT 1   [ RunTime:0.0001s ]
SQL: SELECT * FROM `fh_article` WHERE `a_id` = 18 LIMIT 1   [ RunTime:0.0002s ]
SQL: SHOW COLUMNS FROM `fh_article_c` [ RunTime:0.0021s ]
SQL: UPDATE `fh_article` SET `a_hit`=a_hit+1 WHERE `a_id` = 18 [ RunTime:0.0113s ]
SQL: SELECT * FROM `fh_article` WHERE `a_id` = 18 LIMIT 1   [ RunTime:0.0005s ]
SQL: SELECT * FROM `fh_article` WHERE ( a_id < 18 ) ORDER BY a_id desc LIMIT 1   [ RunTime:0.0005s ]
SQL: SELECT * FROM `fh_article` WHERE ( a_id > 18 ) LIMIT 1   [ RunTime:0.0004s ]
SQL: SELECT COUNT(*) AS tp_count FROM `fh_article_c` WHERE `ac_pid` = 18 LIMIT 1   [ RunTime:0.0001s ]
SQL: SELECT * FROM `fh_article_c` WHERE `ac_pid` = 18 ORDER BY ac_time desc  [ RunTime:0.0001s ]
INFO: [ view_parse ] --START--
INFO: [ template_filter ] --START--
INFO: Run Behavior\ContentReplaceBehavior [ RunTime:0.000123s ]
INFO: [ template_filter ] --END-- [ RunTime:0.000182s ]
NOTIC: [8] Undefined variable: index E:\fish\Runtime\Cache\Home\7f11d8fd48ca18f0fc1c2c81c774938b.php 第 21 行.
NOTIC: [8] Undefined variable: about E:\fish\Runtime\Cache\Home\7f11d8fd48ca18f0fc1c2c81c774938b.php 第 22 行.
NOTIC: [8] Undefined variable: log E:\fish\Runtime\Cache\Home\7f11d8fd48ca18f0fc1c2c81c774938b.php 第 24 行.
NOTIC: [8] Undefined variable: say E:\fish\Runtime\Cache\Home\7f11d8fd48ca18f0fc1c2c81c774938b.php 第 25 行.
NOTIC: [8] Undefined variable: board E:\fish\Runtime\Cache\Home\7f11d8fd48ca18f0fc1c2c81c774938b.php 第 26 行.
NOTIC: [8] Undefined index: c_id E:\fish\Runtime\Cache\Home\7f11d8fd48ca18f0fc1c2c81c774938b.php 第 197 行.
NOTIC: [8] Undefined index: c_id E:\fish\Runtime\Cache\Home\7f11d8fd48ca18f0fc1c2c81c774938b.php 第 197 行.
NOTIC: [8] Undefined index: c_id E:\fish\Runtime\Cache\Home\7f11d8fd48ca18f0fc1c2c81c774938b.php 第 197 行.
NOTIC: [8] Undefined index: c_id E:\fish\Runtime\Cache\Home\7f11d8fd48ca18f0fc1c2c81c774938b.php 第 197 行.
NOTIC: [8] Undefined index: c_id E:\fish\Runtime\Cache\Home\7f11d8fd48ca18f0fc1c2c81c774938b.php 第 197 行.
INFO: Run Behavior\ParseTemplateBehavior [ RunTime:0.012915s ]
INFO: [ view_parse ] --END-- [ RunTime:0.012955s ]
INFO: [ view_filter ] --START--
INFO: Run Behavior\WriteHtmlCacheBehavior [ RunTime:0.000286s ]
INFO: [ view_filter ] --END-- [ RunTime:0.000320s ]
INFO: [ app_end ] --START--
INFO: Run Behavior\ShowPageTraceBehavior [ RunTime:0.000434s ]
INFO: [ app_end ] --END-- [ RunTime:0.000479s ]

[ 2017-11-24T14:40:41+08:00 ] 127.0.0.1 /artinfo-18.html
INFO: [ app_init ] --START--
INFO: Run Behavior\BuildLiteBehavior [ RunTime:0.000009s ]
INFO: [ app_init ] --END-- [ RunTime:0.000387s ]
INFO: [ app_begin ] --START--
INFO: Run Behavior\ReadHtmlCacheBehavior [ RunTime:0.000502s ]
INFO: [ app_begin ] --END-- [ RunTime:0.000544s ]
SQL: SHOW COLUMNS FROM `fh_article` [ RunTime:0.0025s ]
SQL: SHOW COLUMNS FROM `fh_cat` [ RunTime:0.0021s ]
SQL: SHOW COLUMNS FROM `fh_log` [ RunTime:0.0021s ]
SQL: SHOW COLUMNS FROM `fh_say` [ RunTime:0.0019s ]
SQL: SHOW COLUMNS FROM `fh_system` [ RunTime:0.0021s ]
SQL: SELECT * FROM `fh_article` WHERE `a_show` = 0  [ RunTime:0.0013s ]
SQL: SELECT * FROM `fh_cat` ORDER BY c_id desc  [ RunTime:0.0001s ]
SQL: SELECT * FROM `fh_article` ORDER BY a_time desc LIMIT 6   [ RunTime:0.0011s ]
SQL: SELECT * FROM `fh_log` ORDER BY l_time desc LIMIT 6   [ RunTime:0.0002s ]
SQL: SELECT * FROM `fh_say` ORDER BY s_time desc LIMIT 6   [ RunTime:0.0001s ]
SQL: SELECT `c_id`,`c_name` FROM `fh_cat` WHERE `c_show` = 0 ORDER BY c_id desc  [ RunTime:0.0001s ]
SQL: SELECT `a_id`,`a_name`,`a_img`,`a_time`,`a_hit`,`c_name` FROM `fh_article` INNER JOIN fh_cat on fh_article.pid = fh_cat.c_id  ORDER BY a_hit desc LIMIT 5   [ RunTime:0.0003s ]
SQL: SELECT * FROM `fh_system` WHERE `id` = 1 LIMIT 1   [ RunTime:0.0001s ]
SQL: SELECT * FROM `fh_article` WHERE `a_id` = 18 LIMIT 1   [ RunTime:0.0005s ]
SQL: SHOW COLUMNS FROM `fh_article_c` [ RunTime:0.0021s ]
SQL: UPDATE `fh_article` SET `a_hit`=a_hit+1 WHERE `a_id` = 18 [ RunTime:0.0105s ]
SQL: SELECT * FROM `fh_article` WHERE `a_id` = 18 LIMIT 1   [ RunTime:0.0005s ]
SQL: SELECT * FROM `fh_article` WHERE ( a_id < 18 ) ORDER BY a_id desc LIMIT 1   [ RunTime:0.0005s ]
SQL: SELECT * FROM `fh_article` WHERE ( a_id > 18 ) LIMIT 1   [ RunTime:0.0004s ]
SQL: SELECT COUNT(*) AS tp_count FROM `fh_article_c` WHERE `ac_pid` = 18 LIMIT 1   [ RunTime:0.0002s ]
SQL: SELECT * FROM `fh_article_c` WHERE `ac_pid` = 18 ORDER BY ac_time desc  [ RunTime:0.0002s ]
INFO: [ view_parse ] --START--
INFO: [ template_filter ] --START--
INFO: Run Behavior\ContentReplaceBehavior [ RunTime:0.000122s ]
INFO: [ template_filter ] --END-- [ RunTime:0.000165s ]
NOTIC: [8] Undefined variable: index E:\fish\Runtime\Cache\Home\7f11d8fd48ca18f0fc1c2c81c774938b.php 第 21 行.
NOTIC: [8] Undefined variable: about E:\fish\Runtime\Cache\Home\7f11d8fd48ca18f0fc1c2c81c774938b.php 第 22 行.
NOTIC: [8] Undefined variable: log E:\fish\Runtime\Cache\Home\7f11d8fd48ca18f0fc1c2c81c774938b.php 第 24 行.
NOTIC: [8] Undefined variable: say E:\fish\Runtime\Cache\Home\7f11d8fd48ca18f0fc1c2c81c774938b.php 第 25 行.
NOTIC: [8] Undefined variable: board E:\fish\Runtime\Cache\Home\7f11d8fd48ca18f0fc1c2c81c774938b.php 第 26 行.
NOTIC: [2] Missing argument 2 for getIp(), called in E:\fish\Runtime\Cache\Home\7f11d8fd48ca18f0fc1c2c81c774938b.php on line 111 and defined E:\fish\Application\Common\Common\function.php 第 233 行.
NOTIC: [8] Undefined index: c_id E:\fish\Runtime\Cache\Home\7f11d8fd48ca18f0fc1c2c81c774938b.php 第 197 行.
NOTIC: [8] Undefined index: c_id E:\fish\Runtime\Cache\Home\7f11d8fd48ca18f0fc1c2c81c774938b.php 第 197 行.
NOTIC: [8] Undefined index: c_id E:\fish\Runtime\Cache\Home\7f11d8fd48ca18f0fc1c2c81c774938b.php 第 197 行.
NOTIC: [8] Undefined index: c_id E:\fish\Runtime\Cache\Home\7f11d8fd48ca18f0fc1c2c81c774938b.php 第 197 行.
NOTIC: [8] Undefined index: c_id E:\fish\Runtime\Cache\Home\7f11d8fd48ca18f0fc1c2c81c774938b.php 第 197 行.
INFO: Run Behavior\ParseTemplateBehavior [ RunTime:0.014015s ]
INFO: [ view_parse ] --END-- [ RunTime:0.014071s ]
INFO: [ view_filter ] --START--
INFO: Run Behavior\WriteHtmlCacheBehavior [ RunTime:0.000302s ]
INFO: [ view_filter ] --END-- [ RunTime:0.000336s ]
INFO: [ app_end ] --START--
INFO: Run Behavior\ShowPageTraceBehavior [ RunTime:0.000417s ]
INFO: [ app_end ] --END-- [ RunTime:0.000461s ]

[ 2017-11-24T14:56:23+08:00 ] 127.0.0.1 /article.html
INFO: [ app_init ] --START--
INFO: Run Behavior\BuildLiteBehavior [ RunTime:0.000010s ]
INFO: [ app_init ] --END-- [ RunTime:0.000338s ]
INFO: [ app_begin ] --START--
INFO: Run Behavior\ReadHtmlCacheBehavior [ RunTime:0.000511s ]
INFO: [ app_begin ] --END-- [ RunTime:0.000557s ]
SQL: SHOW COLUMNS FROM `fh_article` [ RunTime:0.0022s ]
SQL: SHOW COLUMNS FROM `fh_cat` [ RunTime:0.0019s ]
SQL: SHOW COLUMNS FROM `fh_log` [ RunTime:0.0019s ]
SQL: SHOW COLUMNS FROM `fh_say` [ RunTime:0.0018s ]
SQL: SHOW COLUMNS FROM `fh_system` [ RunTime:0.0019s ]
SQL: SELECT * FROM `fh_article` WHERE `a_show` = 0  [ RunTime:0.0011s ]
SQL: SELECT * FROM `fh_cat` ORDER BY c_id desc  [ RunTime:0.0001s ]
SQL: SELECT * FROM `fh_article` ORDER BY a_time desc LIMIT 6   [ RunTime:0.0011s ]
SQL: SELECT * FROM `fh_log` ORDER BY l_time desc LIMIT 6   [ RunTime:0.0003s ]
SQL: SELECT * FROM `fh_say` ORDER BY s_time desc LIMIT 6   [ RunTime:0.0001s ]
SQL: SELECT `c_id`,`c_name` FROM `fh_cat` WHERE `c_show` = 0 ORDER BY c_id desc  [ RunTime:0.0001s ]
SQL: SELECT `a_id`,`a_name`,`a_img`,`a_time`,`a_hit`,`c_name` FROM `fh_article` INNER JOIN fh_cat on fh_article.pid = fh_cat.c_id  ORDER BY a_hit desc LIMIT 5   [ RunTime:0.0003s ]
SQL: SELECT * FROM `fh_system` WHERE `id` = 1 LIMIT 1   [ RunTime:0.0001s ]
SQL: SELECT * FROM `fh_cat` WHERE `c_show` = 0 ORDER BY c_id desc  [ RunTime:0.0002s ]
SQL: SELECT * FROM `fh_article` INNER JOIN fh_cat on fh_article.pid = fh_cat.c_id   [ RunTime:0.0011s ]
INFO: [ view_parse ] --START--
INFO: [ template_filter ] --START--
INFO: Run Behavior\ContentReplaceBehavior [ RunTime:0.000094s ]
INFO: [ template_filter ] --END-- [ RunTime:0.000136s ]
NOTIC: [8] Undefined variable: index E:\fish\Runtime\Cache\Home\6b2c666fea9c5f7a6ebc0fb27b266a7f.php 第 21 行.
NOTIC: [8] Undefined variable: about E:\fish\Runtime\Cache\Home\6b2c666fea9c5f7a6ebc0fb27b266a7f.php 第 22 行.
NOTIC: [8] Undefined variable: log E:\fish\Runtime\Cache\Home\6b2c666fea9c5f7a6ebc0fb27b266a7f.php 第 24 行.
NOTIC: [8] Undefined variable: say E:\fish\Runtime\Cache\Home\6b2c666fea9c5f7a6ebc0fb27b266a7f.php 第 25 行.
NOTIC: [8] Undefined variable: board E:\fish\Runtime\Cache\Home\6b2c666fea9c5f7a6ebc0fb27b266a7f.php 第 26 行.
NOTIC: [8] Undefined index: c_id E:\fish\Runtime\Cache\Home\6b2c666fea9c5f7a6ebc0fb27b266a7f.php 第 132 行.
NOTIC: [8] Undefined index: c_id E:\fish\Runtime\Cache\Home\6b2c666fea9c5f7a6ebc0fb27b266a7f.php 第 132 行.
NOTIC: [8] Undefined index: c_id E:\fish\Runtime\Cache\Home\6b2c666fea9c5f7a6ebc0fb27b266a7f.php 第 132 行.
NOTIC: [8] Undefined index: c_id E:\fish\Runtime\Cache\Home\6b2c666fea9c5f7a6ebc0fb27b266a7f.php 第 132 行.
NOTIC: [8] Undefined index: c_id E:\fish\Runtime\Cache\Home\6b2c666fea9c5f7a6ebc0fb27b266a7f.php 第 132 行.
INFO: Run Behavior\ParseTemplateBehavior [ RunTime:0.011710s ]
INFO: [ view_parse ] --END-- [ RunTime:0.011749s ]
INFO: [ view_filter ] --START--
INFO: Run Behavior\WriteHtmlCacheBehavior [ RunTime:0.000312s ]
INFO: [ view_filter ] --END-- [ RunTime:0.000352s ]
INFO: [ app_end ] --START--
INFO: Run Behavior\ShowPageTraceBehavior [ RunTime:0.000531s ]
INFO: [ app_end ] --END-- [ RunTime:0.000574s ]

[ 2017-11-24T14:56:25+08:00 ] 127.0.0.1 /artinfo-8.html
INFO: [ app_init ] --START--
INFO: Run Behavior\BuildLiteBehavior [ RunTime:0.000011s ]
INFO: [ app_init ] --END-- [ RunTime:0.000406s ]
INFO: [ app_begin ] --START--
INFO: Run Behavior\ReadHtmlCacheBehavior [ RunTime:0.000410s ]
INFO: [ app_begin ] --END-- [ RunTime:0.000453s ]
SQL: SHOW COLUMNS FROM `fh_article` [ RunTime:0.0023s ]
SQL: SHOW COLUMNS FROM `fh_cat` [ RunTime:0.0020s ]
SQL: SHOW COLUMNS FROM `fh_log` [ RunTime:0.0019s ]
SQL: SHOW COLUMNS FROM `fh_say` [ RunTime:0.0018s ]
SQL: SHOW COLUMNS FROM `fh_system` [ RunTime:0.0020s ]
SQL: SELECT * FROM `fh_article` WHERE `a_id` = 8 LIMIT 1   [ RunTime:0.0003s ]
SQL: SHOW COLUMNS FROM `fh_article_c` [ RunTime:0.0019s ]
SQL: UPDATE `fh_article` SET `a_hit`=a_hit+1 WHERE `a_id` = 8 [ RunTime:0.0095s ]
SQL: SELECT * FROM `fh_article` WHERE `a_id` = 8 LIMIT 1   [ RunTime:0.0002s ]
SQL: SELECT * FROM `fh_article` WHERE ( a_id < 8 ) ORDER BY a_id desc LIMIT 1   [ RunTime:0.0002s ]
SQL: SELECT * FROM `fh_article` WHERE ( a_id > 8 ) LIMIT 1   [ RunTime:0.0002s ]
SQL: SELECT COUNT(*) AS tp_count FROM `fh_article_c` WHERE `ac_pid` = 8 LIMIT 1   [ RunTime:0.0002s ]
SQL: SELECT * FROM `fh_article_c` WHERE `ac_pid` = 8 ORDER BY ac_time desc  [ RunTime:0.0002s ]
INFO: [ view_parse ] --START--
INFO: [ template_filter ] --START--
INFO: Run Behavior\ContentReplaceBehavior [ RunTime:0.000124s ]
INFO: [ template_filter ] --END-- [ RunTime:0.000165s ]
NOTIC: [8] Undefined variable: index E:\fish\Runtime\Cache\Home\7f11d8fd48ca18f0fc1c2c81c774938b.php 第 21 行.
NOTIC: [8] Undefined variable: about E:\fish\Runtime\Cache\Home\7f11d8fd48ca18f0fc1c2c81c774938b.php 第 22 行.
NOTIC: [8] Undefined variable: log E:\fish\Runtime\Cache\Home\7f11d8fd48ca18f0fc1c2c81c774938b.php 第 24 行.
NOTIC: [8] Undefined variable: say E:\fish\Runtime\Cache\Home\7f11d8fd48ca18f0fc1c2c81c774938b.php 第 25 行.
NOTIC: [8] Undefined variable: board E:\fish\Runtime\Cache\Home\7f11d8fd48ca18f0fc1c2c81c774938b.php 第 26 行.
NOTIC: [2] Missing argument 2 for getIp(), called in E:\fish\Runtime\Cache\Home\7f11d8fd48ca18f0fc1c2c81c774938b.php on line 111 and defined E:\fish\Application\Common\Common\function.php 第 233 行.
NOTIC: [2] Missing argument 2 for getIp(), called in E:\fish\Runtime\Cache\Home\7f11d8fd48ca18f0fc1c2c81c774938b.php on line 111 and defined E:\fish\Application\Common\Common\function.php 第 233 行.
NOTIC: [8] Undefined index: c_id E:\fish\Runtime\Cache\Home\7f11d8fd48ca18f0fc1c2c81c774938b.php 第 197 行.
NOTIC: [8] Undefined index: c_id E:\fish\Runtime\Cache\Home\7f11d8fd48ca18f0fc1c2c81c774938b.php 第 197 行.
NOTIC: [8] Undefined index: c_id E:\fish\Runtime\Cache\Home\7f11d8fd48ca18f0fc1c2c81c774938b.php 第 197 行.
NOTIC: [8] Undefined index: c_id E:\fish\Runtime\Cache\Home\7f11d8fd48ca18f0fc1c2c81c774938b.php 第 197 行.
NOTIC: [8] Undefined index: c_id E:\fish\Runtime\Cache\Home\7f11d8fd48ca18f0fc1c2c81c774938b.php 第 197 行.
INFO: Run Behavior\ParseTemplateBehavior [ RunTime:0.012672s ]
INFO: [ view_parse ] --END-- [ RunTime:0.012711s ]
INFO: [ view_filter ] --START--
INFO: Run Behavior\WriteHtmlCacheBehavior [ RunTime:0.000248s ]
INFO: [ view_filter ] --END-- [ RunTime:0.000282s ]
INFO: [ app_end ] --START--
INFO: Run Behavior\ShowPageTraceBehavior [ RunTime:0.000372s ]
INFO: [ app_end ] --END-- [ RunTime:0.000414s ]

[ 2017-11-24T14:57:01+08:00 ] 127.0.0.1 /artinfo-8.html
INFO: [ app_init ] --START--
INFO: Run Behavior\BuildLiteBehavior [ RunTime:0.000011s ]
INFO: [ app_init ] --END-- [ RunTime:0.000312s ]
INFO: [ app_begin ] --START--
INFO: Run Behavior\ReadHtmlCacheBehavior [ RunTime:0.000509s ]
INFO: [ app_begin ] --END-- [ RunTime:0.000561s ]
SQL: SHOW COLUMNS FROM `fh_article` [ RunTime:0.0091s ]
SQL: SHOW COLUMNS FROM `fh_cat` [ RunTime:0.0019s ]
SQL: SHOW COLUMNS FROM `fh_log` [ RunTime:0.0019s ]
SQL: SHOW COLUMNS FROM `fh_say` [ RunTime:0.0018s ]
SQL: SHOW COLUMNS FROM `fh_system` [ RunTime:0.0020s ]
SQL: SELECT * FROM `fh_article` WHERE `a_show` = 0  [ RunTime:0.0011s ]
SQL: SELECT * FROM `fh_cat` ORDER BY c_id desc  [ RunTime:0.0001s ]
SQL: SELECT * FROM `fh_article` ORDER BY a_time desc LIMIT 6   [ RunTime:0.0011s ]
SQL: SELECT * FROM `fh_log` ORDER BY l_time desc LIMIT 6   [ RunTime:0.0002s ]
SQL: SELECT * FROM `fh_say` ORDER BY s_time desc LIMIT 6   [ RunTime:0.0001s ]
SQL: SELECT `c_id`,`c_name` FROM `fh_cat` WHERE `c_show` = 0 ORDER BY c_id desc  [ RunTime:0.0001s ]
SQL: SELECT `a_id`,`a_name`,`a_img`,`a_time`,`a_hit`,`c_name` FROM `fh_article` INNER JOIN fh_cat on fh_article.pid = fh_cat.c_id  ORDER BY a_hit desc LIMIT 5   [ RunTime:0.0003s ]
SQL: SELECT * FROM `fh_system` WHERE `id` = 1 LIMIT 1   [ RunTime:0.0001s ]
SQL: SELECT * FROM `fh_article` WHERE `a_id` = 8 LIMIT 1   [ RunTime:0.0001s ]
SQL: SHOW COLUMNS FROM `fh_article_c` [ RunTime:0.0019s ]
SQL: UPDATE `fh_article` SET `a_hit`=a_hit+1 WHERE `a_id` = 8 [ RunTime:0.0038s ]
SQL: SELECT * FROM `fh_article` WHERE `a_id` = 8 LIMIT 1   [ RunTime:0.0002s ]
SQL: SELECT * FROM `fh_article` WHERE ( a_id < 8 ) ORDER BY a_id desc LIMIT 1   [ RunTime:0.0002s ]
SQL: SELECT * FROM `fh_article` WHERE ( a_id > 8 ) LIMIT 1   [ RunTime:0.0002s ]
SQL: SELECT COUNT(*) AS tp_count FROM `fh_article_c` WHERE `ac_pid` = 8 LIMIT 1   [ RunTime:0.0001s ]
SQL: SELECT * FROM `fh_article_c` WHERE `ac_pid` = 8 ORDER BY ac_time desc  [ RunTime:0.0001s ]
INFO: [ view_parse ] --START--
INFO: [ template_filter ] --START--
INFO: Run Behavior\ContentReplaceBehavior [ RunTime:0.000249s ]
INFO: [ template_filter ] --END-- [ RunTime:0.000412s ]
NOTIC: [8] Undefined variable: index E:\fish\Runtime\Cache\Home\7f11d8fd48ca18f0fc1c2c81c774938b.php 第 21 行.
NOTIC: [8] Undefined variable: about E:\fish\Runtime\Cache\Home\7f11d8fd48ca18f0fc1c2c81c774938b.php 第 22 行.
NOTIC: [8] Undefined variable: log E:\fish\Runtime\Cache\Home\7f11d8fd48ca18f0fc1c2c81c774938b.php 第 24 行.
NOTIC: [8] Undefined variable: say E:\fish\Runtime\Cache\Home\7f11d8fd48ca18f0fc1c2c81c774938b.php 第 25 行.
NOTIC: [8] Undefined variable: board E:\fish\Runtime\Cache\Home\7f11d8fd48ca18f0fc1c2c81c774938b.php 第 26 行.
NOTIC: [2] Missing argument 2 for getIp(), called in E:\fish\Runtime\Cache\Home\7f11d8fd48ca18f0fc1c2c81c774938b.php on line 111 and defined E:\fish\Application\Common\Common\function.php 第 233 行.
NOTIC: [2] Missing argument 2 for getIp(), called in E:\fish\Runtime\Cache\Home\7f11d8fd48ca18f0fc1c2c81c774938b.php on line 111 and defined E:\fish\Application\Common\Common\function.php 第 233 行.
NOTIC: [8] Undefined index: c_id E:\fish\Runtime\Cache\Home\7f11d8fd48ca18f0fc1c2c81c774938b.php 第 197 行.
NOTIC: [8] Undefined index: c_id E:\fish\Runtime\Cache\Home\7f11d8fd48ca18f0fc1c2c81c774938b.php 第 197 行.
NOTIC: [8] Undefined index: c_id E:\fish\Runtime\Cache\Home\7f11d8fd48ca18f0fc1c2c81c774938b.php 第 197 行.
NOTIC: [8] Undefined index: c_id E:\fish\Runtime\Cache\Home\7f11d8fd48ca18f0fc1c2c81c774938b.php 第 197 行.
NOTIC: [8] Undefined index: c_id E:\fish\Runtime\Cache\Home\7f11d8fd48ca18f0fc1c2c81c774938b.php 第 197 行.
INFO: Run Behavior\ParseTemplateBehavior [ RunTime:0.014246s ]
INFO: [ view_parse ] --END-- [ RunTime:0.014290s ]
INFO: [ view_filter ] --START--
INFO: Run Behavior\WriteHtmlCacheBehavior [ RunTime:0.000363s ]
INFO: [ view_filter ] --END-- [ RunTime:0.000400s ]
INFO: [ app_end ] --START--
INFO: Run Behavior\ShowPageTraceBehavior [ RunTime:0.000478s ]
INFO: [ app_end ] --END-- [ RunTime:0.000521s ]

[ 2017-11-24T14:58:23+08:00 ] 127.0.0.1 /index.html
INFO: [ app_init ] --START--
INFO: Run Behavior\BuildLiteBehavior [ RunTime:0.000010s ]
INFO: [ app_init ] --END-- [ RunTime:0.000374s ]
INFO: [ app_begin ] --START--
INFO: Run Behavior\ReadHtmlCacheBehavior [ RunTime:0.000509s ]
INFO: [ app_begin ] --END-- [ RunTime:0.000553s ]
SQL: SHOW COLUMNS FROM `fh_article` [ RunTime:0.0022s ]
SQL: SHOW COLUMNS FROM `fh_cat` [ RunTime:0.0019s ]
SQL: SHOW COLUMNS FROM `fh_log` [ RunTime:0.0019s ]
SQL: SHOW COLUMNS FROM `fh_say` [ RunTime:0.0018s ]
SQL: SHOW COLUMNS FROM `fh_system` [ RunTime:0.0019s ]
SQL: SELECT * FROM `fh_article` WHERE `a_show` = 0  [ RunTime:0.0011s ]
SQL: SELECT * FROM `fh_cat` ORDER BY c_id desc  [ RunTime:0.0001s ]
SQL: SELECT * FROM `fh_article` ORDER BY a_time desc LIMIT 6   [ RunTime:0.0010s ]
SQL: SELECT * FROM `fh_log` ORDER BY l_time desc LIMIT 6   [ RunTime:0.0002s ]
SQL: SELECT * FROM `fh_say` ORDER BY s_time desc LIMIT 6   [ RunTime:0.0001s ]
SQL: SELECT `c_id`,`c_name` FROM `fh_cat` WHERE `c_show` = 0 ORDER BY c_id desc  [ RunTime:0.0001s ]
SQL: SELECT `a_id`,`a_name`,`a_img`,`a_time`,`a_hit`,`c_name` FROM `fh_article` INNER JOIN fh_cat on fh_article.pid = fh_cat.c_id  ORDER BY a_hit desc LIMIT 5   [ RunTime:0.0003s ]
SQL: SELECT * FROM `fh_system` WHERE `id` = 1 LIMIT 1   [ RunTime:0.0001s ]
INFO: [ view_parse ] --START--
INFO: [ template_filter ] --START--
INFO: Run Behavior\ContentReplaceBehavior [ RunTime:0.000105s ]
INFO: [ template_filter ] --END-- [ RunTime:0.000145s ]
NOTIC: [8] Undefined variable: about E:\fish\Runtime\Cache\Home\ccc714bf1ad7378d61a4beb8be3a2914.php 第 22 行.
NOTIC: [8] Undefined variable: article E:\fish\Runtime\Cache\Home\ccc714bf1ad7378d61a4beb8be3a2914.php 第 23 行.
NOTIC: [8] Undefined variable: log E:\fish\Runtime\Cache\Home\ccc714bf1ad7378d61a4beb8be3a2914.php 第 24 行.
NOTIC: [8] Undefined variable: say E:\fish\Runtime\Cache\Home\ccc714bf1ad7378d61a4beb8be3a2914.php 第 25 行.
NOTIC: [8] Undefined variable: board E:\fish\Runtime\Cache\Home\ccc714bf1ad7378d61a4beb8be3a2914.php 第 26 行.
NOTIC: [8] Undefined index: c_id E:\fish\Runtime\Cache\Home\ccc714bf1ad7378d61a4beb8be3a2914.php 第 178 行.
NOTIC: [8] Undefined index: c_id E:\fish\Runtime\Cache\Home\ccc714bf1ad7378d61a4beb8be3a2914.php 第 178 行.
NOTIC: [8] Undefined index: c_id E:\fish\Runtime\Cache\Home\ccc714bf1ad7378d61a4beb8be3a2914.php 第 178 行.
NOTIC: [8] Undefined index: c_id E:\fish\Runtime\Cache\Home\ccc714bf1ad7378d61a4beb8be3a2914.php 第 178 行.
NOTIC: [8] Undefined index: c_id E:\fish\Runtime\Cache\Home\ccc714bf1ad7378d61a4beb8be3a2914.php 第 178 行.
INFO: Run Behavior\ParseTemplateBehavior [ RunTime:0.010962s ]
INFO: [ view_parse ] --END-- [ RunTime:0.011001s ]
INFO: [ view_filter ] --START--
INFO: Run Behavior\WriteHtmlCacheBehavior [ RunTime:0.000362s ]
INFO: [ view_filter ] --END-- [ RunTime:0.000399s ]
INFO: [ app_end ] --START--
INFO: Run Behavior\ShowPageTraceBehavior [ RunTime:0.000466s ]
INFO: [ app_end ] --END-- [ RunTime:0.000507s ]

[ 2017-11-24T15:01:55+08:00 ] 127.0.0.1 /index.html
INFO: [ app_init ] --START--
INFO: Run Behavior\BuildLiteBehavior [ RunTime:0.000014s ]
INFO: [ app_init ] --END-- [ RunTime:0.000365s ]
INFO: [ app_begin ] --START--
INFO: Run Behavior\ReadHtmlCacheBehavior [ RunTime:0.000563s ]
INFO: [ app_begin ] --END-- [ RunTime:0.000616s ]
SQL: SHOW COLUMNS FROM `fh_article` [ RunTime:0.0029s ]
SQL: SHOW COLUMNS FROM `fh_cat` [ RunTime:0.0024s ]
SQL: SHOW COLUMNS FROM `fh_log` [ RunTime:0.0024s ]
SQL: SHOW COLUMNS FROM `fh_say` [ RunTime:0.0023s ]
SQL: SHOW COLUMNS FROM `fh_system` [ RunTime:0.0025s ]
SQL: SELECT * FROM `fh_article` WHERE `a_show` = 0  [ RunTime:0.0006s ]
SQL: SELECT * FROM `fh_cat` ORDER BY c_id desc  [ RunTime:0.0001s ]
SQL: SELECT * FROM `fh_article` ORDER BY a_time desc LIMIT 6   [ RunTime:0.0004s ]
SQL: SELECT * FROM `fh_log` ORDER BY l_time desc LIMIT 6   [ RunTime:0.0004s ]
SQL: SELECT * FROM `fh_say` ORDER BY s_time desc LIMIT 6   [ RunTime:0.0001s ]
SQL: SELECT `c_id`,`c_name` FROM `fh_cat` WHERE `c_show` = 0 ORDER BY c_id desc  [ RunTime:0.0001s ]
SQL: SELECT `a_id`,`a_name`,`a_img`,`a_time`,`a_hit`,`c_name` FROM `fh_article` INNER JOIN fh_cat on fh_article.pid = fh_cat.c_id  ORDER BY a_hit desc LIMIT 5   [ RunTime:0.0001s ]
SQL: SELECT * FROM `fh_system` WHERE `id` = 1 LIMIT 1   [ RunTime:0.0001s ]
INFO: [ view_parse ] --START--
INFO: [ template_filter ] --START--
INFO: Run Behavior\ContentReplaceBehavior [ RunTime:0.000102s ]
INFO: [ template_filter ] --END-- [ RunTime:0.000141s ]
NOTIC: [8] Undefined variable: about E:\fish\Runtime\Cache\Home\ccc714bf1ad7378d61a4beb8be3a2914.php 第 22 行.
NOTIC: [8] Undefined variable: article E:\fish\Runtime\Cache\Home\ccc714bf1ad7378d61a4beb8be3a2914.php 第 23 行.
NOTIC: [8] Undefined variable: log E:\fish\Runtime\Cache\Home\ccc714bf1ad7378d61a4beb8be3a2914.php 第 24 行.
NOTIC: [8] Undefined variable: say E:\fish\Runtime\Cache\Home\ccc714bf1ad7378d61a4beb8be3a2914.php 第 25 行.
NOTIC: [8] Undefined variable: board E:\fish\Runtime\Cache\Home\ccc714bf1ad7378d61a4beb8be3a2914.php 第 26 行.
NOTIC: [8] Undefined index: c_id E:\fish\Runtime\Cache\Home\ccc714bf1ad7378d61a4beb8be3a2914.php 第 178 行.
NOTIC: [8] Undefined index: c_id E:\fish\Runtime\Cache\Home\ccc714bf1ad7378d61a4beb8be3a2914.php 第 178 行.
NOTIC: [8] Undefined index: c_id E:\fish\Runtime\Cache\Home\ccc714bf1ad7378d61a4beb8be3a2914.php 第 178 行.
NOTIC: [8] Undefined index: c_id E:\fish\Runtime\Cache\Home\ccc714bf1ad7378d61a4beb8be3a2914.php 第 178 行.
NOTIC: [8] Undefined index: c_id E:\fish\Runtime\Cache\Home\ccc714bf1ad7378d61a4beb8be3a2914.php 第 178 行.
INFO: Run Behavior\ParseTemplateBehavior [ RunTime:0.011060s ]
INFO: [ view_parse ] --END-- [ RunTime:0.011099s ]
INFO: [ view_filter ] --START--
INFO: Run Behavior\WriteHtmlCacheBehavior [ RunTime:0.000362s ]
INFO: [ view_filter ] --END-- [ RunTime:0.000399s ]
INFO: [ app_end ] --START--
INFO: Run Behavior\ShowPageTraceBehavior [ RunTime:0.000442s ]
INFO: [ app_end ] --END-- [ RunTime:0.000483s ]

[ 2017-11-24T15:02:00+08:00 ] 127.0.0.1 /index.html
INFO: [ app_init ] --START--
INFO: Run Behavior\BuildLiteBehavior [ RunTime:0.000010s ]
INFO: [ app_init ] --END-- [ RunTime:0.000312s ]
INFO: [ app_begin ] --START--
INFO: Run Behavior\ReadHtmlCacheBehavior [ RunTime:0.000398s ]
INFO: [ app_begin ] --END-- [ RunTime:0.000440s ]
SQL: SHOW COLUMNS FROM `fh_article` [ RunTime:0.0029s ]
SQL: SHOW COLUMNS FROM `fh_cat` [ RunTime:0.0024s ]
SQL: SHOW COLUMNS FROM `fh_log` [ RunTime:0.0025s ]
SQL: SHOW COLUMNS FROM `fh_say` [ RunTime:0.0024s ]
SQL: SHOW COLUMNS FROM `fh_system` [ RunTime:0.0025s ]
INFO: [ view_parse ] --START--
INFO: [ template_filter ] --START--
INFO: Run Behavior\ContentReplaceBehavior [ RunTime:0.000107s ]
INFO: [ template_filter ] --END-- [ RunTime:0.000148s ]
NOTIC: [8] Undefined variable: about E:\fish\Runtime\Cache\Home\ccc714bf1ad7378d61a4beb8be3a2914.php 第 22 行.
NOTIC: [8] Undefined variable: article E:\fish\Runtime\Cache\Home\ccc714bf1ad7378d61a4beb8be3a2914.php 第 23 行.
NOTIC: [8] Undefined variable: log E:\fish\Runtime\Cache\Home\ccc714bf1ad7378d61a4beb8be3a2914.php 第 24 行.
NOTIC: [8] Undefined variable: say E:\fish\Runtime\Cache\Home\ccc714bf1ad7378d61a4beb8be3a2914.php 第 25 行.
NOTIC: [8] Undefined variable: board E:\fish\Runtime\Cache\Home\ccc714bf1ad7378d61a4beb8be3a2914.php 第 26 行.
NOTIC: [8] Undefined index: c_id E:\fish\Runtime\Cache\Home\ccc714bf1ad7378d61a4beb8be3a2914.php 第 178 行.
NOTIC: [8] Undefined index: c_id E:\fish\Runtime\Cache\Home\ccc714bf1ad7378d61a4beb8be3a2914.php 第 178 行.
NOTIC: [8] Undefined index: c_id E:\fish\Runtime\Cache\Home\ccc714bf1ad7378d61a4beb8be3a2914.php 第 178 行.
NOTIC: [8] Undefined index: c_id E:\fish\Runtime\Cache\Home\ccc714bf1ad7378d61a4beb8be3a2914.php 第 178 行.
NOTIC: [8] Undefined index: c_id E:\fish\Runtime\Cache\Home\ccc714bf1ad7378d61a4beb8be3a2914.php 第 178 行.
INFO: Run Behavior\ParseTemplateBehavior [ RunTime:0.010902s ]
INFO: [ view_parse ] --END-- [ RunTime:0.010951s ]
INFO: [ view_filter ] --START--
INFO: Run Behavior\WriteHtmlCacheBehavior [ RunTime:0.000275s ]
INFO: [ view_filter ] --END-- [ RunTime:0.000310s ]
INFO: [ app_end ] --START--
INFO: Run Behavior\ShowPageTraceBehavior [ RunTime:0.000414s ]
INFO: [ app_end ] --END-- [ RunTime:0.000455s ]

[ 2017-11-24T15:02:12+08:00 ] 127.0.0.1 /index.html
INFO: [ app_init ] --START--
INFO: Run Behavior\BuildLiteBehavior [ RunTime:0.000010s ]
INFO: [ app_init ] --END-- [ RunTime:0.000346s ]
INFO: [ app_begin ] --START--
INFO: Run Behavior\ReadHtmlCacheBehavior [ RunTime:0.000402s ]
INFO: [ app_begin ] --END-- [ RunTime:0.000454s ]
SQL: SHOW COLUMNS FROM `fh_article` [ RunTime:0.0026s ]
SQL: SHOW COLUMNS FROM `fh_cat` [ RunTime:0.0025s ]
SQL: SHOW COLUMNS FROM `fh_log` [ RunTime:0.0024s ]
SQL: SHOW COLUMNS FROM `fh_say` [ RunTime:0.0024s ]
SQL: SHOW COLUMNS FROM `fh_system` [ RunTime:0.0025s ]
SQL: SELECT * FROM `fh_article` WHERE `a_show` = 0  [ RunTime:0.0005s ]
SQL: SELECT * FROM `fh_cat` ORDER BY c_id desc  [ RunTime:0.0001s ]
SQL: SELECT * FROM `fh_article` ORDER BY a_time desc LIMIT 6   [ RunTime:0.0004s ]
SQL: SELECT * FROM `fh_log` ORDER BY l_time desc LIMIT 6   [ RunTime:0.0002s ]
SQL: SELECT * FROM `fh_say` ORDER BY s_time desc LIMIT 6   [ RunTime:0.0001s ]
SQL: SELECT `c_id`,`c_name` FROM `fh_cat` WHERE `c_show` = 0 ORDER BY c_id desc  [ RunTime:0.0001s ]
SQL: SELECT `a_id`,`a_name`,`a_img`,`a_time`,`a_hit`,`c_name` FROM `fh_article` INNER JOIN fh_cat on fh_article.pid = fh_cat.c_id  ORDER BY a_hit desc LIMIT 5   [ RunTime:0.0001s ]
SQL: SELECT * FROM `fh_system` WHERE `id` = 1 LIMIT 1   [ RunTime:0.0001s ]
INFO: [ view_parse ] --START--
INFO: [ template_filter ] --START--
INFO: Run Behavior\ContentReplaceBehavior [ RunTime:0.000115s ]
INFO: [ template_filter ] --END-- [ RunTime:0.000167s ]
NOTIC: [8] Undefined variable: about E:\fish\Runtime\Cache\Home\ccc714bf1ad7378d61a4beb8be3a2914.php 第 22 行.
NOTIC: [8] Undefined variable: article E:\fish\Runtime\Cache\Home\ccc714bf1ad7378d61a4beb8be3a2914.php 第 23 行.
NOTIC: [8] Undefined variable: log E:\fish\Runtime\Cache\Home\ccc714bf1ad7378d61a4beb8be3a2914.php 第 24 行.
NOTIC: [8] Undefined variable: say E:\fish\Runtime\Cache\Home\ccc714bf1ad7378d61a4beb8be3a2914.php 第 25 行.
NOTIC: [8] Undefined variable: board E:\fish\Runtime\Cache\Home\ccc714bf1ad7378d61a4beb8be3a2914.php 第 26 行.
NOTIC: [8] Undefined index: c_id E:\fish\Runtime\Cache\Home\ccc714bf1ad7378d61a4beb8be3a2914.php 第 178 行.
NOTIC: [8] Undefined index: c_id E:\fish\Runtime\Cache\Home\ccc714bf1ad7378d61a4beb8be3a2914.php 第 178 行.
NOTIC: [8] Undefined index: c_id E:\fish\Runtime\Cache\Home\ccc714bf1ad7378d61a4beb8be3a2914.php 第 178 行.
NOTIC: [8] Undefined index: c_id E:\fish\Runtime\Cache\Home\ccc714bf1ad7378d61a4beb8be3a2914.php 第 178 行.
NOTIC: [8] Undefined index: c_id E:\fish\Runtime\Cache\Home\ccc714bf1ad7378d61a4beb8be3a2914.php 第 178 行.
INFO: Run Behavior\ParseTemplateBehavior [ RunTime:0.011930s ]
INFO: [ view_parse ] --END-- [ RunTime:0.011971s ]
INFO: [ view_filter ] --START--
INFO: Run Behavior\WriteHtmlCacheBehavior [ RunTime:0.000328s ]
INFO: [ view_filter ] --END-- [ RunTime:0.000365s ]
INFO: [ app_end ] --START--
INFO: Run Behavior\ShowPageTraceBehavior [ RunTime:0.000458s ]
INFO: [ app_end ] --END-- [ RunTime:0.000501s ]

[ 2017-11-24T15:02:33+08:00 ] 127.0.0.1 /index.html
INFO: [ app_init ] --START--
INFO: Run Behavior\BuildLiteBehavior [ RunTime:0.000009s ]
INFO: [ app_init ] --END-- [ RunTime:0.000319s ]
INFO: [ app_begin ] --START--
INFO: Run Behavior\ReadHtmlCacheBehavior [ RunTime:0.000763s ]
INFO: [ app_begin ] --END-- [ RunTime:0.000822s ]
SQL: SHOW COLUMNS FROM `fh_article` [ RunTime:0.0030s ]
SQL: SHOW COLUMNS FROM `fh_cat` [ RunTime:0.0025s ]
SQL: SHOW COLUMNS FROM `fh_log` [ RunTime:0.0026s ]
SQL: SHOW COLUMNS FROM `fh_say` [ RunTime:0.0026s ]
SQL: SHOW COLUMNS FROM `fh_system` [ RunTime:0.0026s ]
SQL: SELECT * FROM `fh_article` WHERE `a_show` = 0  [ RunTime:0.0005s ]
SQL: SELECT * FROM `fh_cat` ORDER BY c_id desc  [ RunTime:0.0001s ]
SQL: SELECT * FROM `fh_article` ORDER BY a_time desc LIMIT 6   [ RunTime:0.0004s ]
SQL: SELECT * FROM `fh_log` ORDER BY l_time desc LIMIT 6   [ RunTime:0.0002s ]
SQL: SELECT * FROM `fh_say` ORDER BY s_time desc LIMIT 6   [ RunTime:0.0001s ]
SQL: SELECT `c_id`,`c_name` FROM `fh_cat` WHERE `c_show` = 0 ORDER BY c_id desc  [ RunTime:0.0001s ]
SQL: SELECT `a_id`,`a_name`,`a_img`,`a_time`,`a_hit`,`c_name` FROM `fh_article` INNER JOIN fh_cat on fh_article.pid = fh_cat.c_id  ORDER BY a_hit desc LIMIT 5   [ RunTime:0.0001s ]
SQL: SELECT * FROM `fh_system` WHERE `id` = 1 LIMIT 1   [ RunTime:0.0001s ]
INFO: [ view_parse ] --START--
INFO: [ template_filter ] --START--
INFO: Run Behavior\ContentReplaceBehavior [ RunTime:0.000108s ]
INFO: [ template_filter ] --END-- [ RunTime:0.000149s ]
NOTIC: [8] Undefined variable: about E:\fish\Runtime\Cache\Home\ccc714bf1ad7378d61a4beb8be3a2914.php 第 22 行.
NOTIC: [8] Undefined variable: article E:\fish\Runtime\Cache\Home\ccc714bf1ad7378d61a4beb8be3a2914.php 第 23 行.
NOTIC: [8] Undefined variable: log E:\fish\Runtime\Cache\Home\ccc714bf1ad7378d61a4beb8be3a2914.php 第 24 行.
NOTIC: [8] Undefined variable: say E:\fish\Runtime\Cache\Home\ccc714bf1ad7378d61a4beb8be3a2914.php 第 25 行.
NOTIC: [8] Undefined variable: board E:\fish\Runtime\Cache\Home\ccc714bf1ad7378d61a4beb8be3a2914.php 第 26 行.
NOTIC: [8] Undefined index: c_id E:\fish\Runtime\Cache\Home\ccc714bf1ad7378d61a4beb8be3a2914.php 第 178 行.
NOTIC: [8] Undefined index: c_id E:\fish\Runtime\Cache\Home\ccc714bf1ad7378d61a4beb8be3a2914.php 第 178 行.
NOTIC: [8] Undefined index: c_id E:\fish\Runtime\Cache\Home\ccc714bf1ad7378d61a4beb8be3a2914.php 第 178 行.
NOTIC: [8] Undefined index: c_id E:\fish\Runtime\Cache\Home\ccc714bf1ad7378d61a4beb8be3a2914.php 第 178 行.
NOTIC: [8] Undefined index: c_id E:\fish\Runtime\Cache\Home\ccc714bf1ad7378d61a4beb8be3a2914.php 第 178 行.
INFO: Run Behavior\ParseTemplateBehavior [ RunTime:0.011099s ]
INFO: [ view_parse ] --END-- [ RunTime:0.011138s ]
INFO: [ view_filter ] --START--
INFO: Run Behavior\WriteHtmlCacheBehavior [ RunTime:0.000281s ]
INFO: [ view_filter ] --END-- [ RunTime:0.000314s ]
INFO: [ app_end ] --START--
INFO: Run Behavior\ShowPageTraceBehavior [ RunTime:0.000433s ]
INFO: [ app_end ] --END-- [ RunTime:0.000475s ]

[ 2017-11-24T15:03:11+08:00 ] 127.0.0.1 /abouts.html
INFO: [ app_init ] --START--
INFO: Run Behavior\BuildLiteBehavior [ RunTime:0.000010s ]
INFO: [ app_init ] --END-- [ RunTime:0.000352s ]
INFO: [ app_begin ] --START--
INFO: Run Behavior\ReadHtmlCacheBehavior [ RunTime:0.000489s ]
INFO: [ app_begin ] --END-- [ RunTime:0.000532s ]
SQL: SHOW COLUMNS FROM `fh_article` [ RunTime:0.0029s ]
SQL: SHOW COLUMNS FROM `fh_cat` [ RunTime:0.0024s ]
SQL: SHOW COLUMNS FROM `fh_log` [ RunTime:0.0024s ]
SQL: SHOW COLUMNS FROM `fh_say` [ RunTime:0.0024s ]
SQL: SHOW COLUMNS FROM `fh_system` [ RunTime:0.0024s ]
SQL: SELECT * FROM `fh_article` WHERE `a_show` = 0  [ RunTime:0.0006s ]
SQL: SELECT * FROM `fh_cat` ORDER BY c_id desc  [ RunTime:0.0001s ]
SQL: SELECT * FROM `fh_article` ORDER BY a_time desc LIMIT 6   [ RunTime:0.0004s ]
SQL: SELECT * FROM `fh_log` ORDER BY l_time desc LIMIT 6   [ RunTime:0.0003s ]
SQL: SELECT * FROM `fh_say` ORDER BY s_time desc LIMIT 6   [ RunTime:0.0001s ]
SQL: SELECT `c_id`,`c_name` FROM `fh_cat` WHERE `c_show` = 0 ORDER BY c_id desc  [ RunTime:0.0001s ]
SQL: SELECT `a_id`,`a_name`,`a_img`,`a_time`,`a_hit`,`c_name` FROM `fh_article` INNER JOIN fh_cat on fh_article.pid = fh_cat.c_id  ORDER BY a_hit desc LIMIT 5   [ RunTime:0.0001s ]
SQL: SELECT * FROM `fh_system` WHERE `id` = 1 LIMIT 1   [ RunTime:0.0001s ]
SQL: SELECT * FROM `fh_system` WHERE `id` = 1 LIMIT 1   [ RunTime:0.0001s ]
SQL: UPDATE `fh_system` SET `hit`=hit+1 WHERE `id` = 1 [ RunTime:0.0017s ]
INFO: [ view_parse ] --START--
INFO: [ template_filter ] --START--
INFO: Run Behavior\ContentReplaceBehavior [ RunTime:0.000078s ]
INFO: [ template_filter ] --END-- [ RunTime:0.000117s ]
NOTIC: [8] Undefined variable: index E:\fish\Runtime\Cache\Home\51c20629d021b509ad96608acdd454fb.php 第 21 行.
NOTIC: [8] Undefined variable: article E:\fish\Runtime\Cache\Home\51c20629d021b509ad96608acdd454fb.php 第 23 行.
NOTIC: [8] Undefined variable: log E:\fish\Runtime\Cache\Home\51c20629d021b509ad96608acdd454fb.php 第 24 行.
NOTIC: [8] Undefined variable: say E:\fish\Runtime\Cache\Home\51c20629d021b509ad96608acdd454fb.php 第 25 行.
NOTIC: [8] Undefined variable: board E:\fish\Runtime\Cache\Home\51c20629d021b509ad96608acdd454fb.php 第 26 行.
INFO: Run Behavior\ParseTemplateBehavior [ RunTime:0.006878s ]
INFO: [ view_parse ] --END-- [ RunTime:0.006917s ]
INFO: [ view_filter ] --START--
INFO: Run Behavior\WriteHtmlCacheBehavior [ RunTime:0.000324s ]
INFO: [ view_filter ] --END-- [ RunTime:0.000363s ]
INFO: [ app_end ] --START--
INFO: Run Behavior\ShowPageTraceBehavior [ RunTime:0.000516s ]
INFO: [ app_end ] --END-- [ RunTime:0.000556s ]

[ 2017-11-24T15:04:11+08:00 ] 127.0.0.1 /article.html
INFO: [ app_init ] --START--
INFO: Run Behavior\BuildLiteBehavior [ RunTime:0.000009s ]
INFO: [ app_init ] --END-- [ RunTime:0.000309s ]
INFO: [ app_begin ] --START--
INFO: Run Behavior\ReadHtmlCacheBehavior [ RunTime:0.000424s ]
INFO: [ app_begin ] --END-- [ RunTime:0.000467s ]
SQL: SHOW COLUMNS FROM `fh_article` [ RunTime:0.0029s ]
SQL: SHOW COLUMNS FROM `fh_cat` [ RunTime:0.0024s ]
SQL: SHOW COLUMNS FROM `fh_log` [ RunTime:0.0024s ]
SQL: SHOW COLUMNS FROM `fh_say` [ RunTime:0.0026s ]
SQL: SHOW COLUMNS FROM `fh_system` [ RunTime:0.0025s ]
SQL: SELECT * FROM `fh_article` WHERE `a_show` = 0  [ RunTime:0.0005s ]
SQL: SELECT * FROM `fh_cat` ORDER BY c_id desc  [ RunTime:0.0001s ]
SQL: SELECT * FROM `fh_article` ORDER BY a_time desc LIMIT 6   [ RunTime:0.0004s ]
SQL: SELECT * FROM `fh_log` ORDER BY l_time desc LIMIT 6   [ RunTime:0.0002s ]
SQL: SELECT * FROM `fh_say` ORDER BY s_time desc LIMIT 6   [ RunTime:0.0001s ]
SQL: SELECT `c_id`,`c_name` FROM `fh_cat` WHERE `c_show` = 0 ORDER BY c_id desc  [ RunTime:0.0001s ]
SQL: SELECT `a_id`,`a_name`,`a_img`,`a_time`,`a_hit`,`c_name` FROM `fh_article` INNER JOIN fh_cat on fh_article.pid = fh_cat.c_id  ORDER BY a_hit desc LIMIT 5   [ RunTime:0.0001s ]
SQL: SELECT * FROM `fh_system` WHERE `id` = 1 LIMIT 1   [ RunTime:0.0002s ]
SQL: SELECT * FROM `fh_cat` WHERE `c_show` = 0 ORDER BY c_id desc  [ RunTime:0.0001s ]
SQL: SELECT * FROM `fh_article` INNER JOIN fh_cat on fh_article.pid = fh_cat.c_id   [ RunTime:0.0011s ]
INFO: [ view_parse ] --START--
INFO: [ template_filter ] --START--
INFO: Run Behavior\ContentReplaceBehavior [ RunTime:0.000123s ]
INFO: [ template_filter ] --END-- [ RunTime:0.000194s ]
NOTIC: [8] Undefined variable: index E:\fish\Runtime\Cache\Home\6b2c666fea9c5f7a6ebc0fb27b266a7f.php 第 21 行.
NOTIC: [8] Undefined variable: about E:\fish\Runtime\Cache\Home\6b2c666fea9c5f7a6ebc0fb27b266a7f.php 第 22 行.
NOTIC: [8] Undefined variable: log E:\fish\Runtime\Cache\Home\6b2c666fea9c5f7a6ebc0fb27b266a7f.php 第 24 行.
NOTIC: [8] Undefined variable: say E:\fish\Runtime\Cache\Home\6b2c666fea9c5f7a6ebc0fb27b266a7f.php 第 25 行.
NOTIC: [8] Undefined variable: board E:\fish\Runtime\Cache\Home\6b2c666fea9c5f7a6ebc0fb27b266a7f.php 第 26 行.
NOTIC: [8] Undefined index: c_id E:\fish\Runtime\Cache\Home\6b2c666fea9c5f7a6ebc0fb27b266a7f.php 第 132 行.
NOTIC: [8] Undefined index: c_id E:\fish\Runtime\Cache\Home\6b2c666fea9c5f7a6ebc0fb27b266a7f.php 第 132 行.
NOTIC: [8] Undefined index: c_id E:\fish\Runtime\Cache\Home\6b2c666fea9c5f7a6ebc0fb27b266a7f.php 第 132 行.
NOTIC: [8] Undefined index: c_id E:\fish\Runtime\Cache\Home\6b2c666fea9c5f7a6ebc0fb27b266a7f.php 第 132 行.
NOTIC: [8] Undefined index: c_id E:\fish\Runtime\Cache\Home\6b2c666fea9c5f7a6ebc0fb27b266a7f.php 第 132 行.
INFO: Run Behavior\ParseTemplateBehavior [ RunTime:0.011619s ]
INFO: [ view_parse ] --END-- [ RunTime:0.011658s ]
INFO: [ view_filter ] --START--
INFO: Run Behavior\WriteHtmlCacheBehavior [ RunTime:0.000288s ]
INFO: [ view_filter ] --END-- [ RunTime:0.000323s ]
INFO: [ app_end ] --START--
INFO: Run Behavior\ShowPageTraceBehavior [ RunTime:0.000401s ]
INFO: [ app_end ] --END-- [ RunTime:0.000441s ]

[ 2017-11-24T15:05:03+08:00 ] 127.0.0.1 /cat-3.html
INFO: [ app_init ] --START--
INFO: Run Behavior\BuildLiteBehavior [ RunTime:0.000010s ]
INFO: [ app_init ] --END-- [ RunTime:0.000421s ]
INFO: [ app_begin ] --START--
INFO: Run Behavior\ReadHtmlCacheBehavior [ RunTime:0.000472s ]
INFO: [ app_begin ] --END-- [ RunTime:0.000520s ]
SQL: SHOW COLUMNS FROM `fh_article` [ RunTime:0.0031s ]
SQL: SHOW COLUMNS FROM `fh_cat` [ RunTime:0.0024s ]
SQL: SHOW COLUMNS FROM `fh_log` [ RunTime:0.0025s ]
SQL: SHOW COLUMNS FROM `fh_say` [ RunTime:0.0024s ]
SQL: SHOW COLUMNS FROM `fh_system` [ RunTime:0.0025s ]
SQL: SELECT * FROM `fh_article` WHERE `a_show` = 0  [ RunTime:0.0005s ]
SQL: SELECT * FROM `fh_cat` ORDER BY c_id desc  [ RunTime:0.0001s ]
SQL: SELECT * FROM `fh_article` ORDER BY a_time desc LIMIT 6   [ RunTime:0.0004s ]
SQL: SELECT * FROM `fh_log` ORDER BY l_time desc LIMIT 6   [ RunTime:0.0002s ]
SQL: SELECT * FROM `fh_say` ORDER BY s_time desc LIMIT 6   [ RunTime:0.0001s ]
SQL: SELECT `c_id`,`c_name` FROM `fh_cat` WHERE `c_show` = 0 ORDER BY c_id desc  [ RunTime:0.0001s ]
SQL: SELECT `a_id`,`a_name`,`a_img`,`a_time`,`a_hit`,`c_name` FROM `fh_article` INNER JOIN fh_cat on fh_article.pid = fh_cat.c_id  ORDER BY a_hit desc LIMIT 5   [ RunTime:0.0001s ]
SQL: SELECT * FROM `fh_system` WHERE `id` = 1 LIMIT 1   [ RunTime:0.0001s ]
SQL: SELECT * FROM `fh_cat` INNER JOIN fh_article on fh_article.pid = fh_cat.c_id  WHERE `c_id` = '3'  [ RunTime:0.0006s ]
SQL: SELECT * FROM `fh_cat` WHERE `c_show` = 0 ORDER BY c_id desc  [ RunTime:0.0001s ]
INFO: [ view_parse ] --START--
INFO: [ template_filter ] --START--
INFO: Run Behavior\ContentReplaceBehavior [ RunTime:0.000111s ]
INFO: [ template_filter ] --END-- [ RunTime:0.000182s ]
NOTIC: [8] Undefined variable: index E:\fish\Runtime\Cache\Home\200226fa27bcb84b933388965c992cd1.php 第 21 行.
NOTIC: [8] Undefined variable: about E:\fish\Runtime\Cache\Home\200226fa27bcb84b933388965c992cd1.php 第 22 行.
NOTIC: [8] Undefined variable: log E:\fish\Runtime\Cache\Home\200226fa27bcb84b933388965c992cd1.php 第 24 行.
NOTIC: [8] Undefined variable: say E:\fish\Runtime\Cache\Home\200226fa27bcb84b933388965c992cd1.php 第 25 行.
NOTIC: [8] Undefined variable: board E:\fish\Runtime\Cache\Home\200226fa27bcb84b933388965c992cd1.php 第 26 行.
NOTIC: [8] Undefined index: c_id E:\fish\Runtime\Cache\Home\200226fa27bcb84b933388965c992cd1.php 第 130 行.
NOTIC: [8] Undefined index: c_id E:\fish\Runtime\Cache\Home\200226fa27bcb84b933388965c992cd1.php 第 130 行.
NOTIC: [8] Undefined index: c_id E:\fish\Runtime\Cache\Home\200226fa27bcb84b933388965c992cd1.php 第 130 行.
NOTIC: [8] Undefined index: c_id E:\fish\Runtime\Cache\Home\200226fa27bcb84b933388965c992cd1.php 第 130 行.
NOTIC: [8] Undefined index: c_id E:\fish\Runtime\Cache\Home\200226fa27bcb84b933388965c992cd1.php 第 130 行.
INFO: Run Behavior\ParseTemplateBehavior [ RunTime:0.011212s ]
INFO: [ view_parse ] --END-- [ RunTime:0.011256s ]
INFO: [ view_filter ] --START--
INFO: Run Behavior\WriteHtmlCacheBehavior [ RunTime:0.000304s ]
INFO: [ view_filter ] --END-- [ RunTime:0.000339s ]
INFO: [ app_end ] --START--
INFO: Run Behavior\ShowPageTraceBehavior [ RunTime:0.000416s ]
INFO: [ app_end ] --END-- [ RunTime:0.000457s ]

[ 2017-11-24T15:05:14+08:00 ] 127.0.0.1 /cat-1.html
INFO: [ app_init ] --START--
INFO: Run Behavior\BuildLiteBehavior [ RunTime:0.000010s ]
INFO: [ app_init ] --END-- [ RunTime:0.000333s ]
INFO: [ app_begin ] --START--
INFO: Run Behavior\ReadHtmlCacheBehavior [ RunTime:0.000432s ]
INFO: [ app_begin ] --END-- [ RunTime:0.000477s ]
SQL: SHOW COLUMNS FROM `fh_article` [ RunTime:0.0029s ]
SQL: SHOW COLUMNS FROM `fh_cat` [ RunTime:0.0024s ]
SQL: SHOW COLUMNS FROM `fh_log` [ RunTime:0.0024s ]
SQL: SHOW COLUMNS FROM `fh_say` [ RunTime:0.0025s ]
SQL: SHOW COLUMNS FROM `fh_system` [ RunTime:0.0025s ]
SQL: SELECT * FROM `fh_article` WHERE `a_show` = 0  [ RunTime:0.0005s ]
SQL: SELECT * FROM `fh_cat` ORDER BY c_id desc  [ RunTime:0.0001s ]
SQL: SELECT * FROM `fh_article` ORDER BY a_time desc LIMIT 6   [ RunTime:0.0004s ]
SQL: SELECT * FROM `fh_log` ORDER BY l_time desc LIMIT 6   [ RunTime:0.0002s ]
SQL: SELECT * FROM `fh_say` ORDER BY s_time desc LIMIT 6   [ RunTime:0.0001s ]
SQL: SELECT `c_id`,`c_name` FROM `fh_cat` WHERE `c_show` = 0 ORDER BY c_id desc  [ RunTime:0.0001s ]
SQL: SELECT `a_id`,`a_name`,`a_img`,`a_time`,`a_hit`,`c_name` FROM `fh_article` INNER JOIN fh_cat on fh_article.pid = fh_cat.c_id  ORDER BY a_hit desc LIMIT 5   [ RunTime:0.0001s ]
SQL: SELECT * FROM `fh_system` WHERE `id` = 1 LIMIT 1   [ RunTime:0.0001s ]
SQL: SELECT * FROM `fh_cat` INNER JOIN fh_article on fh_article.pid = fh_cat.c_id  WHERE `c_id` = '1'  [ RunTime:0.0010s ]
SQL: SELECT * FROM `fh_cat` WHERE `c_show` = 0 ORDER BY c_id desc  [ RunTime:0.0001s ]
INFO: [ view_parse ] --START--
INFO: [ template_filter ] --START--
INFO: Run Behavior\ContentReplaceBehavior [ RunTime:0.000096s ]
INFO: [ template_filter ] --END-- [ RunTime:0.000142s ]
NOTIC: [8] Undefined variable: index E:\fish\Runtime\Cache\Home\200226fa27bcb84b933388965c992cd1.php 第 21 行.
NOTIC: [8] Undefined variable: about E:\fish\Runtime\Cache\Home\200226fa27bcb84b933388965c992cd1.php 第 22 行.
NOTIC: [8] Undefined variable: log E:\fish\Runtime\Cache\Home\200226fa27bcb84b933388965c992cd1.php 第 24 行.
NOTIC: [8] Undefined variable: say E:\fish\Runtime\Cache\Home\200226fa27bcb84b933388965c992cd1.php 第 25 行.
NOTIC: [8] Undefined variable: board E:\fish\Runtime\Cache\Home\200226fa27bcb84b933388965c992cd1.php 第 26 行.
NOTIC: [8] Undefined index: c_id E:\fish\Runtime\Cache\Home\200226fa27bcb84b933388965c992cd1.php 第 130 行.
NOTIC: [8] Undefined index: c_id E:\fish\Runtime\Cache\Home\200226fa27bcb84b933388965c992cd1.php 第 130 行.
NOTIC: [8] Undefined index: c_id E:\fish\Runtime\Cache\Home\200226fa27bcb84b933388965c992cd1.php 第 130 行.
NOTIC: [8] Undefined index: c_id E:\fish\Runtime\Cache\Home\200226fa27bcb84b933388965c992cd1.php 第 130 行.
NOTIC: [8] Undefined index: c_id E:\fish\Runtime\Cache\Home\200226fa27bcb84b933388965c992cd1.php 第 130 行.
INFO: Run Behavior\ParseTemplateBehavior [ RunTime:0.010947s ]
INFO: [ view_parse ] --END-- [ RunTime:0.011000s ]
INFO: [ view_filter ] --START--
INFO: Run Behavior\WriteHtmlCacheBehavior [ RunTime:0.000288s ]
INFO: [ view_filter ] --END-- [ RunTime:0.000321s ]
INFO: [ app_end ] --START--
INFO: Run Behavior\ShowPageTraceBehavior [ RunTime:0.000410s ]
INFO: [ app_end ] --END-- [ RunTime:0.000450s ]

[ 2017-11-24T15:34:46+08:00 ] 127.0.0.1 /Public/Admin/Img/gritter.png
INFO: [ app_init ] --START--
INFO: Run Behavior\BuildLiteBehavior [ RunTime:0.000010s ]
INFO: [ app_init ] --END-- [ RunTime:0.000275s ]

[ 2017-11-24T16:48:18+08:00 ] 127.0.0.1 /Public/Admin/Img/gritter.png
INFO: [ app_init ] --START--
INFO: Run Behavior\BuildLiteBehavior [ RunTime:0.000010s ]
INFO: [ app_init ] --END-- [ RunTime:0.000296s ]

[ 2017-11-24T16:48:33+08:00 ] 127.0.0.1 /cat-1.html
INFO: [ app_init ] --START--
INFO: Run Behavior\BuildLiteBehavior [ RunTime:0.000026s ]
INFO: [ app_init ] --END-- [ RunTime:0.000442s ]
INFO: [ app_begin ] --START--
INFO: Run Behavior\ReadHtmlCacheBehavior [ RunTime:0.000380s ]
INFO: [ app_begin ] --END-- [ RunTime:0.000429s ]
SQL: SHOW COLUMNS FROM `fh_article` [ RunTime:0.0032s ]
SQL: SHOW COLUMNS FROM `fh_cat` [ RunTime:0.0026s ]
SQL: SHOW COLUMNS FROM `fh_log` [ RunTime:0.0026s ]
SQL: SHOW COLUMNS FROM `fh_say` [ RunTime:0.0026s ]
SQL: SHOW COLUMNS FROM `fh_system` [ RunTime:0.0026s ]
SQL: SELECT * FROM `fh_article` WHERE `a_show` = 0  [ RunTime:0.0011s ]
SQL: SELECT * FROM `fh_cat` ORDER BY c_id desc  [ RunTime:0.0001s ]
SQL: SELECT * FROM `fh_article` ORDER BY a_time desc LIMIT 6   [ RunTime:0.0011s ]
SQL: SELECT * FROM `fh_log` ORDER BY l_time desc LIMIT 6   [ RunTime:0.0002s ]
SQL: SELECT * FROM `fh_say` ORDER BY s_time desc LIMIT 6   [ RunTime:0.0001s ]
SQL: SELECT `c_id`,`c_name` FROM `fh_cat` WHERE `c_show` = 0 ORDER BY c_id desc  [ RunTime:0.0001s ]
SQL: SELECT `a_id`,`a_name`,`a_img`,`a_time`,`a_hit`,`c_name` FROM `fh_article` INNER JOIN fh_cat on fh_article.pid = fh_cat.c_id  ORDER BY a_hit desc LIMIT 5   [ RunTime:0.0003s ]
SQL: SELECT * FROM `fh_system` WHERE `id` = 1 LIMIT 1   [ RunTime:0.0001s ]
SQL: SELECT * FROM `fh_cat` INNER JOIN fh_article on fh_article.pid = fh_cat.c_id  WHERE `c_id` = '1'  [ RunTime:0.0009s ]
SQL: SELECT * FROM `fh_cat` WHERE `c_show` = 0 ORDER BY c_id desc  [ RunTime:0.0001s ]
INFO: [ view_parse ] --START--
INFO: [ template_filter ] --START--
INFO: Run Behavior\ContentReplaceBehavior [ RunTime:0.000093s ]
INFO: [ template_filter ] --END-- [ RunTime:0.000135s ]
NOTIC: [8] Undefined variable: index E:\fish\Runtime\Cache\Home\200226fa27bcb84b933388965c992cd1.php 第 21 行.
NOTIC: [8] Undefined variable: about E:\fish\Runtime\Cache\Home\200226fa27bcb84b933388965c992cd1.php 第 22 行.
NOTIC: [8] Undefined variable: log E:\fish\Runtime\Cache\Home\200226fa27bcb84b933388965c992cd1.php 第 24 行.
NOTIC: [8] Undefined variable: say E:\fish\Runtime\Cache\Home\200226fa27bcb84b933388965c992cd1.php 第 25 行.
NOTIC: [8] Undefined variable: board E:\fish\Runtime\Cache\Home\200226fa27bcb84b933388965c992cd1.php 第 26 行.
NOTIC: [8] Undefined index: c_id E:\fish\Runtime\Cache\Home\200226fa27bcb84b933388965c992cd1.php 第 130 行.
NOTIC: [8] Undefined index: c_id E:\fish\Runtime\Cache\Home\200226fa27bcb84b933388965c992cd1.php 第 130 行.
NOTIC: [8] Undefined index: c_id E:\fish\Runtime\Cache\Home\200226fa27bcb84b933388965c992cd1.php 第 130 行.
NOTIC: [8] Undefined index: c_id E:\fish\Runtime\Cache\Home\200226fa27bcb84b933388965c992cd1.php 第 130 行.
NOTIC: [8] Undefined index: c_id E:\fish\Runtime\Cache\Home\200226fa27bcb84b933388965c992cd1.php 第 130 行.
INFO: Run Behavior\ParseTemplateBehavior [ RunTime:0.011360s ]
INFO: [ view_parse ] --END-- [ RunTime:0.011398s ]
INFO: [ view_filter ] --START--
INFO: Run Behavior\WriteHtmlCacheBehavior [ RunTime:0.000293s ]
INFO: [ view_filter ] --END-- [ RunTime:0.000326s ]
INFO: [ app_end ] --START--
INFO: Run Behavior\ShowPageTraceBehavior [ RunTime:0.000407s ]
INFO: [ app_end ] --END-- [ RunTime:0.000447s ]

[ 2017-11-24T16:48:39+08:00 ] 127.0.0.1 /artinfo-15.html
INFO: [ app_init ] --START--
INFO: Run Behavior\BuildLiteBehavior [ RunTime:0.000010s ]
INFO: [ app_init ] --END-- [ RunTime:0.000332s ]
INFO: [ app_begin ] --START--
INFO: Run Behavior\ReadHtmlCacheBehavior [ RunTime:0.000557s ]
INFO: [ app_begin ] --END-- [ RunTime:0.000620s ]
SQL: SHOW COLUMNS FROM `fh_article` [ RunTime:0.0032s ]
SQL: SHOW COLUMNS FROM `fh_cat` [ RunTime:0.0025s ]
SQL: SHOW COLUMNS FROM `fh_log` [ RunTime:0.0025s ]
SQL: SHOW COLUMNS FROM `fh_say` [ RunTime:0.0026s ]
SQL: SHOW COLUMNS FROM `fh_system` [ RunTime:0.0027s ]
SQL: SELECT * FROM `fh_article` WHERE `a_id` = 15 LIMIT 1   [ RunTime:0.0002s ]
SQL: SHOW COLUMNS FROM `fh_article_c` [ RunTime:0.0105s ]
SQL: UPDATE `fh_article` SET `a_hit`=a_hit+1 WHERE `a_id` = 15 [ RunTime:0.0028s ]
SQL: SELECT * FROM `fh_article` WHERE `a_id` = 15 LIMIT 1   [ RunTime:0.0002s ]
SQL: SELECT * FROM `fh_article` WHERE ( a_id < 15 ) ORDER BY a_id desc LIMIT 1   [ RunTime:0.0002s ]
SQL: SELECT * FROM `fh_article` WHERE ( a_id > 15 ) LIMIT 1   [ RunTime:0.0002s ]
SQL: SELECT COUNT(*) AS tp_count FROM `fh_article_c` WHERE `ac_pid` = 15 LIMIT 1   [ RunTime:0.0001s ]
SQL: SELECT * FROM `fh_article_c` WHERE `ac_pid` = 15 ORDER BY ac_time desc  [ RunTime:0.0002s ]
INFO: [ view_parse ] --START--
INFO: [ template_filter ] --START--
INFO: Run Behavior\ContentReplaceBehavior [ RunTime:0.000167s ]
INFO: [ template_filter ] --END-- [ RunTime:0.000225s ]
NOTIC: [8] Undefined variable: index E:\fish\Runtime\Cache\Home\7f11d8fd48ca18f0fc1c2c81c774938b.php 第 21 行.
NOTIC: [8] Undefined variable: about E:\fish\Runtime\Cache\Home\7f11d8fd48ca18f0fc1c2c81c774938b.php 第 22 行.
NOTIC: [8] Undefined variable: log E:\fish\Runtime\Cache\Home\7f11d8fd48ca18f0fc1c2c81c774938b.php 第 24 行.
NOTIC: [8] Undefined variable: say E:\fish\Runtime\Cache\Home\7f11d8fd48ca18f0fc1c2c81c774938b.php 第 25 行.
NOTIC: [8] Undefined variable: board E:\fish\Runtime\Cache\Home\7f11d8fd48ca18f0fc1c2c81c774938b.php 第 26 行.
NOTIC: [8] Undefined index: c_id E:\fish\Runtime\Cache\Home\7f11d8fd48ca18f0fc1c2c81c774938b.php 第 197 行.
NOTIC: [8] Undefined index: c_id E:\fish\Runtime\Cache\Home\7f11d8fd48ca18f0fc1c2c81c774938b.php 第 197 行.
NOTIC: [8] Undefined index: c_id E:\fish\Runtime\Cache\Home\7f11d8fd48ca18f0fc1c2c81c774938b.php 第 197 行.
NOTIC: [8] Undefined index: c_id E:\fish\Runtime\Cache\Home\7f11d8fd48ca18f0fc1c2c81c774938b.php 第 197 行.
NOTIC: [8] Undefined index: c_id E:\fish\Runtime\Cache\Home\7f11d8fd48ca18f0fc1c2c81c774938b.php 第 197 行.
INFO: Run Behavior\ParseTemplateBehavior [ RunTime:0.012083s ]
INFO: [ view_parse ] --END-- [ RunTime:0.012124s ]
INFO: [ view_filter ] --START--
INFO: Run Behavior\WriteHtmlCacheBehavior [ RunTime:0.000283s ]
INFO: [ view_filter ] --END-- [ RunTime:0.000319s ]
INFO: [ app_end ] --START--
INFO: Run Behavior\ShowPageTraceBehavior [ RunTime:0.000450s ]
INFO: [ app_end ] --END-- [ RunTime:0.000493s ]

[ 2017-11-24T16:48:58+08:00 ] 127.0.0.1 /cat-1.html
INFO: [ app_init ] --START--
INFO: Run Behavior\BuildLiteBehavior [ RunTime:0.000014s ]
INFO: [ app_init ] --END-- [ RunTime:0.000443s ]
INFO: [ app_begin ] --START--
INFO: Run Behavior\ReadHtmlCacheBehavior [ RunTime:0.000461s ]
INFO: [ app_begin ] --END-- [ RunTime:0.000526s ]
SQL: SHOW COLUMNS FROM `fh_article` [ RunTime:0.0029s ]
SQL: SHOW COLUMNS FROM `fh_cat` [ RunTime:0.0025s ]
SQL: SHOW COLUMNS FROM `fh_log` [ RunTime:0.0025s ]
SQL: SHOW COLUMNS FROM `fh_say` [ RunTime:0.0025s ]
SQL: SHOW COLUMNS FROM `fh_system` [ RunTime:0.0025s ]
SQL: SELECT * FROM `fh_article` WHERE `a_show` = 0  [ RunTime:0.0011s ]
SQL: SELECT * FROM `fh_cat` ORDER BY c_id desc  [ RunTime:0.0001s ]
SQL: SELECT * FROM `fh_article` ORDER BY a_time desc LIMIT 6   [ RunTime:0.0011s ]
SQL: SELECT * FROM `fh_log` ORDER BY l_time desc LIMIT 6   [ RunTime:0.0002s ]
SQL: SELECT * FROM `fh_say` ORDER BY s_time desc LIMIT 6   [ RunTime:0.0001s ]
SQL: SELECT `c_id`,`c_name` FROM `fh_cat` WHERE `c_show` = 0 ORDER BY c_id desc  [ RunTime:0.0001s ]
SQL: SELECT `a_id`,`a_name`,`a_img`,`a_time`,`a_hit`,`c_name` FROM `fh_article` INNER JOIN fh_cat on fh_article.pid = fh_cat.c_id  ORDER BY a_hit desc LIMIT 5   [ RunTime:0.0003s ]
SQL: SELECT * FROM `fh_system` WHERE `id` = 1 LIMIT 1   [ RunTime:0.0001s ]
SQL: SELECT * FROM `fh_cat` INNER JOIN fh_article on fh_article.pid = fh_cat.c_id  WHERE `c_id` = '1'  [ RunTime:0.0009s ]
SQL: SELECT * FROM `fh_cat` WHERE `c_show` = 0 ORDER BY c_id desc  [ RunTime:0.0001s ]
INFO: [ view_parse ] --START--
INFO: [ template_filter ] --START--
INFO: Run Behavior\ContentReplaceBehavior [ RunTime:0.000095s ]
INFO: [ template_filter ] --END-- [ RunTime:0.000136s ]
NOTIC: [8] Undefined variable: index E:\fish\Runtime\Cache\Home\200226fa27bcb84b933388965c992cd1.php 第 21 行.
NOTIC: [8] Undefined variable: about E:\fish\Runtime\Cache\Home\200226fa27bcb84b933388965c992cd1.php 第 22 行.
NOTIC: [8] Undefined variable: log E:\fish\Runtime\Cache\Home\200226fa27bcb84b933388965c992cd1.php 第 24 行.
NOTIC: [8] Undefined variable: say E:\fish\Runtime\Cache\Home\200226fa27bcb84b933388965c992cd1.php 第 25 行.
NOTIC: [8] Undefined variable: board E:\fish\Runtime\Cache\Home\200226fa27bcb84b933388965c992cd1.php 第 26 行.
NOTIC: [8] Undefined index: c_id E:\fish\Runtime\Cache\Home\200226fa27bcb84b933388965c992cd1.php 第 130 行.
NOTIC: [8] Undefined index: c_id E:\fish\Runtime\Cache\Home\200226fa27bcb84b933388965c992cd1.php 第 130 行.
NOTIC: [8] Undefined index: c_id E:\fish\Runtime\Cache\Home\200226fa27bcb84b933388965c992cd1.php 第 130 行.
NOTIC: [8] Undefined index: c_id E:\fish\Runtime\Cache\Home\200226fa27bcb84b933388965c992cd1.php 第 130 行.
NOTIC: [8] Undefined index: c_id E:\fish\Runtime\Cache\Home\200226fa27bcb84b933388965c992cd1.php 第 130 行.
INFO: Run Behavior\ParseTemplateBehavior [ RunTime:0.011115s ]
INFO: [ view_parse ] --END-- [ RunTime:0.011154s ]
INFO: [ view_filter ] --START--
INFO: Run Behavior\WriteHtmlCacheBehavior [ RunTime:0.000363s ]
INFO: [ view_filter ] --END-- [ RunTime:0.000400s ]
INFO: [ app_end ] --START--
INFO: Run Behavior\ShowPageTraceBehavior [ RunTime:0.000444s ]
INFO: [ app_end ] --END-- [ RunTime:0.000486s ]

[ 2017-11-24T17:14:52+08:00 ] 127.0.0.1 /Public/Admin/Img/gritter.png
INFO: [ app_init ] --START--
INFO: Run Behavior\BuildLiteBehavior [ RunTime:0.000010s ]
INFO: [ app_init ] --END-- [ RunTime:0.000349s ]

[ 2017-11-24T17:14:58+08:00 ] 127.0.0.1 /cat-1.html
INFO: [ app_init ] --START--
INFO: Run Behavior\BuildLiteBehavior [ RunTime:0.000011s ]
INFO: [ app_init ] --END-- [ RunTime:0.000360s ]
INFO: [ app_begin ] --START--
INFO: Run Behavior\ReadHtmlCacheBehavior [ RunTime:0.000376s ]
INFO: [ app_begin ] --END-- [ RunTime:0.000437s ]
SQL: SHOW COLUMNS FROM `fh_article` [ RunTime:0.0030s ]
SQL: SHOW COLUMNS FROM `fh_cat` [ RunTime:0.0026s ]
SQL: SHOW COLUMNS FROM `fh_log` [ RunTime:0.0026s ]
SQL: SHOW COLUMNS FROM `fh_say` [ RunTime:0.0027s ]
SQL: SHOW COLUMNS FROM `fh_system` [ RunTime:0.0026s ]
SQL: SELECT * FROM `fh_article` WHERE `a_show` = 0  [ RunTime:0.0016s ]
SQL: SELECT * FROM `fh_cat` ORDER BY c_id desc  [ RunTime:0.0001s ]
SQL: SELECT * FROM `fh_article` ORDER BY a_time desc LIMIT 6   [ RunTime:0.0016s ]
SQL: SELECT * FROM `fh_log` ORDER BY l_time desc LIMIT 6   [ RunTime:0.0002s ]
SQL: SELECT * FROM `fh_say` ORDER BY s_time desc LIMIT 6   [ RunTime:0.0001s ]
SQL: SELECT `c_id`,`c_name` FROM `fh_cat` WHERE `c_show` = 0 ORDER BY c_id desc  [ RunTime:0.0001s ]
SQL: SELECT `a_id`,`a_name`,`a_img`,`a_time`,`a_hit`,`c_name` FROM `fh_article` INNER JOIN fh_cat on fh_article.pid = fh_cat.c_id  ORDER BY a_hit desc LIMIT 5   [ RunTime:0.0003s ]
SQL: SELECT * FROM `fh_system` WHERE `id` = 1 LIMIT 1   [ RunTime:0.0001s ]
SQL: SELECT * FROM `fh_cat` INNER JOIN fh_article on fh_article.pid = fh_cat.c_id  WHERE `c_id` = '1'  [ RunTime:0.0013s ]
SQL: SELECT * FROM `fh_cat` WHERE `c_show` = 0 ORDER BY c_id desc  [ RunTime:0.0001s ]
INFO: [ view_parse ] --START--
INFO: [ template_filter ] --START--
INFO: Run Behavior\ContentReplaceBehavior [ RunTime:0.000097s ]
INFO: [ template_filter ] --END-- [ RunTime:0.000139s ]
NOTIC: [8] Undefined variable: index E:\fish\Runtime\Cache\Home\200226fa27bcb84b933388965c992cd1.php 第 21 行.
NOTIC: [8] Undefined variable: about E:\fish\Runtime\Cache\Home\200226fa27bcb84b933388965c992cd1.php 第 22 行.
NOTIC: [8] Undefined variable: log E:\fish\Runtime\Cache\Home\200226fa27bcb84b933388965c992cd1.php 第 24 行.
NOTIC: [8] Undefined variable: say E:\fish\Runtime\Cache\Home\200226fa27bcb84b933388965c992cd1.php 第 25 行.
NOTIC: [8] Undefined variable: board E:\fish\Runtime\Cache\Home\200226fa27bcb84b933388965c992cd1.php 第 26 行.
NOTIC: [8] Undefined index: c_id E:\fish\Runtime\Cache\Home\200226fa27bcb84b933388965c992cd1.php 第 130 行.
NOTIC: [8] Undefined index: c_id E:\fish\Runtime\Cache\Home\200226fa27bcb84b933388965c992cd1.php 第 130 行.
NOTIC: [8] Undefined index: c_id E:\fish\Runtime\Cache\Home\200226fa27bcb84b933388965c992cd1.php 第 130 行.
NOTIC: [8] Undefined index: c_id E:\fish\Runtime\Cache\Home\200226fa27bcb84b933388965c992cd1.php 第 130 行.
NOTIC: [8] Undefined index: c_id E:\fish\Runtime\Cache\Home\200226fa27bcb84b933388965c992cd1.php 第 130 行.
INFO: Run Behavior\ParseTemplateBehavior [ RunTime:0.010996s ]
INFO: [ view_parse ] --END-- [ RunTime:0.011038s ]
INFO: [ view_filter ] --START--
INFO: Run Behavior\WriteHtmlCacheBehavior [ RunTime:0.000337s ]
INFO: [ view_filter ] --END-- [ RunTime:0.000376s ]
INFO: [ app_end ] --START--
INFO: Run Behavior\ShowPageTraceBehavior [ RunTime:0.000501s ]
INFO: [ app_end ] --END-- [ RunTime:0.000545s ]

[ 2017-11-24T17:39:51+08:00 ] 127.0.0.1 /Public/Admin/Img/gritter.png
INFO: [ app_init ] --START--
INFO: Run Behavior\BuildLiteBehavior [ RunTime:0.000010s ]
INFO: [ app_init ] --END-- [ RunTime:0.000361s ]

[ 2017-11-24T17:44:43+08:00 ] 127.0.0.1 /Public/Admin/Img/gritter.png
INFO: [ app_init ] --START--
INFO: Run Behavior\BuildLiteBehavior [ RunTime:0.000012s ]
INFO: [ app_init ] --END-- [ RunTime:0.000344s ]

[ 2017-11-24T17:45:30+08:00 ] 127.0.0.1 /Public/Admin/Img/gritter.png
INFO: [ app_init ] --START--
INFO: Run Behavior\BuildLiteBehavior [ RunTime:0.000010s ]
INFO: [ app_init ] --END-- [ RunTime:0.000315s ]

[ 2017-11-24T19:12:42+08:00 ] 127.0.0.1 /Public/Admin/Img/gritter.png
INFO: [ app_init ] --START--
INFO: Run Behavior\BuildLiteBehavior [ RunTime:0.000010s ]
INFO: [ app_init ] --END-- [ RunTime:0.000360s ]

[ 2017-11-24T19:12:50+08:00 ] 127.0.0.1 /cat-1.html
INFO: [ app_init ] --START--
INFO: Run Behavior\BuildLiteBehavior [ RunTime:0.000010s ]
INFO: [ app_init ] --END-- [ RunTime:0.000296s ]
INFO: [ app_begin ] --START--
INFO: Run Behavior\ReadHtmlCacheBehavior [ RunTime:0.000362s ]
INFO: [ app_begin ] --END-- [ RunTime:0.000409s ]
SQL: SHOW COLUMNS FROM `fh_article` [ RunTime:0.0030s ]
SQL: SHOW COLUMNS FROM `fh_cat` [ RunTime:0.0027s ]
SQL: SHOW COLUMNS FROM `fh_log` [ RunTime:0.0026s ]
SQL: SHOW COLUMNS FROM `fh_say` [ RunTime:0.0026s ]
SQL: SHOW COLUMNS FROM `fh_system` [ RunTime:0.0026s ]
SQL: SELECT * FROM `fh_article` WHERE `a_show` = 0  [ RunTime:0.0019s ]
SQL: SELECT * FROM `fh_cat` ORDER BY c_id desc  [ RunTime:0.0001s ]
SQL: SELECT * FROM `fh_article` ORDER BY a_time desc LIMIT 6   [ RunTime:0.0018s ]
SQL: SELECT * FROM `fh_log` ORDER BY l_time desc LIMIT 6   [ RunTime:0.0003s ]
SQL: SELECT * FROM `fh_say` ORDER BY s_time desc LIMIT 6   [ RunTime:0.0001s ]
SQL: SELECT `c_id`,`c_name` FROM `fh_cat` WHERE `c_show` = 0 ORDER BY c_id desc  [ RunTime:0.0001s ]
SQL: SELECT `a_id`,`a_name`,`a_img`,`a_time`,`a_hit`,`c_name` FROM `fh_article` INNER JOIN fh_cat on fh_article.pid = fh_cat.c_id  ORDER BY a_hit desc LIMIT 5   [ RunTime:0.0004s ]
SQL: SELECT * FROM `fh_system` WHERE `id` = 1 LIMIT 1   [ RunTime:0.0001s ]
SQL: SELECT * FROM `fh_cat` INNER JOIN fh_article on fh_article.pid = fh_cat.c_id  WHERE `c_id` = '1'  [ RunTime:0.0018s ]
SQL: SELECT * FROM `fh_cat` WHERE `c_show` = 0 ORDER BY c_id desc  [ RunTime:0.0001s ]
INFO: [ view_parse ] --START--
INFO: [ template_filter ] --START--
INFO: Run Behavior\ContentReplaceBehavior [ RunTime:0.000091s ]
INFO: [ template_filter ] --END-- [ RunTime:0.000146s ]
NOTIC: [8] Undefined variable: index E:\fish\Runtime\Cache\Home\200226fa27bcb84b933388965c992cd1.php 第 21 行.
NOTIC: [8] Undefined variable: about E:\fish\Runtime\Cache\Home\200226fa27bcb84b933388965c992cd1.php 第 22 行.
NOTIC: [8] Undefined variable: log E:\fish\Runtime\Cache\Home\200226fa27bcb84b933388965c992cd1.php 第 24 行.
NOTIC: [8] Undefined variable: say E:\fish\Runtime\Cache\Home\200226fa27bcb84b933388965c992cd1.php 第 25 行.
NOTIC: [8] Undefined variable: board E:\fish\Runtime\Cache\Home\200226fa27bcb84b933388965c992cd1.php 第 26 行.
NOTIC: [8] Undefined index: c_id E:\fish\Runtime\Cache\Home\200226fa27bcb84b933388965c992cd1.php 第 130 行.
NOTIC: [8] Undefined index: c_id E:\fish\Runtime\Cache\Home\200226fa27bcb84b933388965c992cd1.php 第 130 行.
NOTIC: [8] Undefined index: c_id E:\fish\Runtime\Cache\Home\200226fa27bcb84b933388965c992cd1.php 第 130 行.
NOTIC: [8] Undefined index: c_id E:\fish\Runtime\Cache\Home\200226fa27bcb84b933388965c992cd1.php 第 130 行.
NOTIC: [8] Undefined index: c_id E:\fish\Runtime\Cache\Home\200226fa27bcb84b933388965c992cd1.php 第 130 行.
INFO: Run Behavior\ParseTemplateBehavior [ RunTime:0.011187s ]
INFO: [ view_parse ] --END-- [ RunTime:0.011226s ]
INFO: [ view_filter ] --START--
INFO: Run Behavior\WriteHtmlCacheBehavior [ RunTime:0.000286s ]
INFO: [ view_filter ] --END-- [ RunTime:0.000320s ]
INFO: [ app_end ] --START--
INFO: Run Behavior\ShowPageTraceBehavior [ RunTime:0.000411s ]
INFO: [ app_end ] --END-- [ RunTime:0.000451s ]

[ 2017-11-24T19:12:57+08:00 ] 127.0.0.1 /artinfo-14.html
INFO: [ app_init ] --START--
INFO: Run Behavior\BuildLiteBehavior [ RunTime:0.000010s ]
INFO: [ app_init ] --END-- [ RunTime:0.000284s ]
INFO: [ app_begin ] --START--
INFO: Run Behavior\ReadHtmlCacheBehavior [ RunTime:0.000415s ]
INFO: [ app_begin ] --END-- [ RunTime:0.000460s ]
SQL: SHOW COLUMNS FROM `fh_article` [ RunTime:0.0028s ]
SQL: SHOW COLUMNS FROM `fh_cat` [ RunTime:0.0025s ]
SQL: SHOW COLUMNS FROM `fh_log` [ RunTime:0.0025s ]
SQL: SHOW COLUMNS FROM `fh_say` [ RunTime:0.0024s ]
SQL: SHOW COLUMNS FROM `fh_system` [ RunTime:0.0026s ]
SQL: SELECT * FROM `fh_article` WHERE `a_id` = 14 LIMIT 1   [ RunTime:0.0006s ]
SQL: SHOW COLUMNS FROM `fh_article_c` [ RunTime:0.0026s ]
SQL: UPDATE `fh_article` SET `a_hit`=a_hit+1 WHERE `a_id` = 14 [ RunTime:0.0036s ]
SQL: SELECT * FROM `fh_article` WHERE `a_id` = 14 LIMIT 1   [ RunTime:0.0005s ]
SQL: SELECT * FROM `fh_article` WHERE ( a_id < 14 ) ORDER BY a_id desc LIMIT 1   [ RunTime:0.0002s ]
SQL: SELECT * FROM `fh_article` WHERE ( a_id > 14 ) LIMIT 1   [ RunTime:0.0002s ]
SQL: SELECT COUNT(*) AS tp_count FROM `fh_article_c` WHERE `ac_pid` = 14 LIMIT 1   [ RunTime:0.0002s ]
SQL: SELECT * FROM `fh_article_c` WHERE `ac_pid` = 14 ORDER BY ac_time desc  [ RunTime:0.0002s ]
INFO: [ view_parse ] --START--
INFO: [ template_filter ] --START--
INFO: Run Behavior\ContentReplaceBehavior [ RunTime:0.000139s ]
INFO: [ template_filter ] --END-- [ RunTime:0.000204s ]
NOTIC: [8] Undefined variable: index E:\fish\Runtime\Cache\Home\7f11d8fd48ca18f0fc1c2c81c774938b.php 第 21 行.
NOTIC: [8] Undefined variable: about E:\fish\Runtime\Cache\Home\7f11d8fd48ca18f0fc1c2c81c774938b.php 第 22 行.
NOTIC: [8] Undefined variable: log E:\fish\Runtime\Cache\Home\7f11d8fd48ca18f0fc1c2c81c774938b.php 第 24 行.
NOTIC: [8] Undefined variable: say E:\fish\Runtime\Cache\Home\7f11d8fd48ca18f0fc1c2c81c774938b.php 第 25 行.
NOTIC: [8] Undefined variable: board E:\fish\Runtime\Cache\Home\7f11d8fd48ca18f0fc1c2c81c774938b.php 第 26 行.
NOTIC: [8] Undefined index: c_id E:\fish\Runtime\Cache\Home\7f11d8fd48ca18f0fc1c2c81c774938b.php 第 197 行.
NOTIC: [8] Undefined index: c_id E:\fish\Runtime\Cache\Home\7f11d8fd48ca18f0fc1c2c81c774938b.php 第 197 行.
NOTIC: [8] Undefined index: c_id E:\fish\Runtime\Cache\Home\7f11d8fd48ca18f0fc1c2c81c774938b.php 第 197 行.
NOTIC: [8] Undefined index: c_id E:\fish\Runtime\Cache\Home\7f11d8fd48ca18f0fc1c2c81c774938b.php 第 197 行.
NOTIC: [8] Undefined index: c_id E:\fish\Runtime\Cache\Home\7f11d8fd48ca18f0fc1c2c81c774938b.php 第 197 行.
INFO: Run Behavior\ParseTemplateBehavior [ RunTime:0.012508s ]
INFO: [ view_parse ] --END-- [ RunTime:0.012549s ]
INFO: [ view_filter ] --START--
INFO: Run Behavior\WriteHtmlCacheBehavior [ RunTime:0.000256s ]
INFO: [ view_filter ] --END-- [ RunTime:0.000291s ]
INFO: [ app_end ] --START--
INFO: Run Behavior\ShowPageTraceBehavior [ RunTime:0.000429s ]
INFO: [ app_end ] --END-- [ RunTime:0.000475s ]

[ 2017-11-24T19:13:03+08:00 ] 127.0.0.1 /artinfo-14.html
INFO: [ app_init ] --START--
INFO: Run Behavior\BuildLiteBehavior [ RunTime:0.000010s ]
INFO: [ app_init ] --END-- [ RunTime:0.000305s ]
INFO: [ app_begin ] --START--
INFO: Run Behavior\ReadHtmlCacheBehavior [ RunTime:0.000391s ]
INFO: [ app_begin ] --END-- [ RunTime:0.000451s ]
SQL: SHOW COLUMNS FROM `fh_article` [ RunTime:0.0045s ]
SQL: SHOW COLUMNS FROM `fh_cat` [ RunTime:0.0027s ]
SQL: SHOW COLUMNS FROM `fh_log` [ RunTime:0.0026s ]
SQL: SHOW COLUMNS FROM `fh_say` [ RunTime:0.0031s ]
SQL: SHOW COLUMNS FROM `fh_system` [ RunTime:0.0028s ]
SQL: SELECT * FROM `fh_article` WHERE `a_show` = 0  [ RunTime:0.0024s ]
SQL: SELECT * FROM `fh_cat` ORDER BY c_id desc  [ RunTime:0.0001s ]
SQL: SELECT * FROM `fh_article` ORDER BY a_time desc LIMIT 6   [ RunTime:0.0019s ]
SQL: SELECT * FROM `fh_log` ORDER BY l_time desc LIMIT 6   [ RunTime:0.0003s ]
SQL: SELECT * FROM `fh_say` ORDER BY s_time desc LIMIT 6   [ RunTime:0.0001s ]
SQL: SELECT `c_id`,`c_name` FROM `fh_cat` WHERE `c_show` = 0 ORDER BY c_id desc  [ RunTime:0.0001s ]
SQL: SELECT `a_id`,`a_name`,`a_img`,`a_time`,`a_hit`,`c_name` FROM `fh_article` INNER JOIN fh_cat on fh_article.pid = fh_cat.c_id  ORDER BY a_hit desc LIMIT 5   [ RunTime:0.0004s ]
SQL: SELECT * FROM `fh_system` WHERE `id` = 1 LIMIT 1   [ RunTime:0.0002s ]
SQL: SELECT * FROM `fh_article` WHERE `a_id` = 14 LIMIT 1   [ RunTime:0.0003s ]
SQL: SHOW COLUMNS FROM `fh_article_c` [ RunTime:0.0033s ]
SQL: UPDATE `fh_article` SET `a_hit`=a_hit+1 WHERE `a_id` = 14 [ RunTime:0.0097s ]
SQL: SELECT * FROM `fh_article` WHERE `a_id` = 14 LIMIT 1   [ RunTime:0.0006s ]
SQL: SELECT * FROM `fh_article` WHERE ( a_id < 14 ) ORDER BY a_id desc LIMIT 1   [ RunTime:0.0002s ]
SQL: SELECT * FROM `fh_article` WHERE ( a_id > 14 ) LIMIT 1   [ RunTime:0.0002s ]
SQL: SELECT COUNT(*) AS tp_count FROM `fh_article_c` WHERE `ac_pid` = 14 LIMIT 1   [ RunTime:0.0001s ]
SQL: SELECT * FROM `fh_article_c` WHERE `ac_pid` = 14 ORDER BY ac_time desc  [ RunTime:0.0002s ]
INFO: [ view_parse ] --START--
INFO: [ template_filter ] --START--
INFO: Run Behavior\ContentReplaceBehavior [ RunTime:0.000238s ]
INFO: [ template_filter ] --END-- [ RunTime:0.000345s ]
NOTIC: [8] Undefined variable: index E:\fish\Runtime\Cache\Home\7f11d8fd48ca18f0fc1c2c81c774938b.php 第 21 行.
NOTIC: [8] Undefined variable: about E:\fish\Runtime\Cache\Home\7f11d8fd48ca18f0fc1c2c81c774938b.php 第 22 行.
NOTIC: [8] Undefined variable: log E:\fish\Runtime\Cache\Home\7f11d8fd48ca18f0fc1c2c81c774938b.php 第 24 行.
NOTIC: [8] Undefined variable: say E:\fish\Runtime\Cache\Home\7f11d8fd48ca18f0fc1c2c81c774938b.php 第 25 行.
NOTIC: [8] Undefined variable: board E:\fish\Runtime\Cache\Home\7f11d8fd48ca18f0fc1c2c81c774938b.php 第 26 行.
NOTIC: [8] Undefined index: c_id E:\fish\Runtime\Cache\Home\7f11d8fd48ca18f0fc1c2c81c774938b.php 第 197 行.
NOTIC: [8] Undefined index: c_id E:\fish\Runtime\Cache\Home\7f11d8fd48ca18f0fc1c2c81c774938b.php 第 197 行.
NOTIC: [8] Undefined index: c_id E:\fish\Runtime\Cache\Home\7f11d8fd48ca18f0fc1c2c81c774938b.php 第 197 行.
NOTIC: [8] Undefined index: c_id E:\fish\Runtime\Cache\Home\7f11d8fd48ca18f0fc1c2c81c774938b.php 第 197 行.
NOTIC: [8] Undefined index: c_id E:\fish\Runtime\Cache\Home\7f11d8fd48ca18f0fc1c2c81c774938b.php 第 197 行.
INFO: Run Behavior\ParseTemplateBehavior [ RunTime:0.013796s ]
INFO: [ view_parse ] --END-- [ RunTime:0.013841s ]
INFO: [ view_filter ] --START--
INFO: Run Behavior\WriteHtmlCacheBehavior [ RunTime:0.000329s ]
INFO: [ view_filter ] --END-- [ RunTime:0.000369s ]
INFO: [ app_end ] --START--
INFO: Run Behavior\ShowPageTraceBehavior [ RunTime:0.000426s ]
INFO: [ app_end ] --END-- [ RunTime:0.000470s ]

[ 2017-11-24T19:13:04+08:00 ] 127.0.0.1 /cat-1.html
INFO: [ app_init ] --START--
INFO: Run Behavior\BuildLiteBehavior [ RunTime:0.000012s ]
INFO: [ app_init ] --END-- [ RunTime:0.000288s ]
INFO: [ app_begin ] --START--
INFO: Run Behavior\ReadHtmlCacheBehavior [ RunTime:0.000365s ]
INFO: [ app_begin ] --END-- [ RunTime:0.000410s ]
SQL: SHOW COLUMNS FROM `fh_article` [ RunTime:0.0034s ]
SQL: SHOW COLUMNS FROM `fh_cat` [ RunTime:0.0027s ]
SQL: SHOW COLUMNS FROM `fh_log` [ RunTime:0.0028s ]
SQL: SHOW COLUMNS FROM `fh_say` [ RunTime:0.0027s ]
SQL: SHOW COLUMNS FROM `fh_system` [ RunTime:0.0027s ]
SQL: SELECT * FROM `fh_cat` INNER JOIN fh_article on fh_article.pid = fh_cat.c_id  WHERE `c_id` = '1'  [ RunTime:0.0018s ]
SQL: SELECT * FROM `fh_cat` WHERE `c_show` = 0 ORDER BY c_id desc  [ RunTime:0.0001s ]
INFO: [ view_parse ] --START--
INFO: [ template_filter ] --START--
INFO: Run Behavior\ContentReplaceBehavior [ RunTime:0.000110s ]
INFO: [ template_filter ] --END-- [ RunTime:0.000183s ]
NOTIC: [8] Undefined variable: index E:\fish\Runtime\Cache\Home\200226fa27bcb84b933388965c992cd1.php 第 21 行.
NOTIC: [8] Undefined variable: about E:\fish\Runtime\Cache\Home\200226fa27bcb84b933388965c992cd1.php 第 22 行.
NOTIC: [8] Undefined variable: log E:\fish\Runtime\Cache\Home\200226fa27bcb84b933388965c992cd1.php 第 24 行.
NOTIC: [8] Undefined variable: say E:\fish\Runtime\Cache\Home\200226fa27bcb84b933388965c992cd1.php 第 25 行.
NOTIC: [8] Undefined variable: board E:\fish\Runtime\Cache\Home\200226fa27bcb84b933388965c992cd1.php 第 26 行.
NOTIC: [8] Undefined index: c_id E:\fish\Runtime\Cache\Home\200226fa27bcb84b933388965c992cd1.php 第 130 行.
NOTIC: [8] Undefined index: c_id E:\fish\Runtime\Cache\Home\200226fa27bcb84b933388965c992cd1.php 第 130 行.
NOTIC: [8] Undefined index: c_id E:\fish\Runtime\Cache\Home\200226fa27bcb84b933388965c992cd1.php 第 130 行.
NOTIC: [8] Undefined index: c_id E:\fish\Runtime\Cache\Home\200226fa27bcb84b933388965c992cd1.php 第 130 行.
NOTIC: [8] Undefined index: c_id E:\fish\Runtime\Cache\Home\200226fa27bcb84b933388965c992cd1.php 第 130 行.
INFO: Run Behavior\ParseTemplateBehavior [ RunTime:0.011209s ]
INFO: [ view_parse ] --END-- [ RunTime:0.011261s ]
INFO: [ view_filter ] --START--
INFO: Run Behavior\WriteHtmlCacheBehavior [ RunTime:0.000371s ]
INFO: [ view_filter ] --END-- [ RunTime:0.000418s ]
INFO: [ app_end ] --START--
INFO: Run Behavior\ShowPageTraceBehavior [ RunTime:0.000430s ]
INFO: [ app_end ] --END-- [ RunTime:0.000479s ]

[ 2017-11-24T19:13:06+08:00 ] 127.0.0.1 /artinfo-14.html
INFO: [ app_init ] --START--
INFO: Run Behavior\BuildLiteBehavior [ RunTime:0.000019s ]
INFO: [ app_init ] --END-- [ RunTime:0.000425s ]
INFO: [ app_begin ] --START--
INFO: Run Behavior\ReadHtmlCacheBehavior [ RunTime:0.000430s ]
INFO: [ app_begin ] --END-- [ RunTime:0.000495s ]
SQL: SHOW COLUMNS FROM `fh_article` [ RunTime:0.0031s ]
SQL: SHOW COLUMNS FROM `fh_cat` [ RunTime:0.0025s ]
SQL: SHOW COLUMNS FROM `fh_log` [ RunTime:0.0025s ]
SQL: SHOW COLUMNS FROM `fh_say` [ RunTime:0.0024s ]
SQL: SHOW COLUMNS FROM `fh_system` [ RunTime:0.0028s ]
SQL: SELECT * FROM `fh_article` WHERE `a_id` = 14 LIMIT 1   [ RunTime:0.0003s ]
SQL: SHOW COLUMNS FROM `fh_article_c` [ RunTime:0.0026s ]
SQL: UPDATE `fh_article` SET `a_hit`=a_hit+1 WHERE `a_id` = 14 [ RunTime:0.0115s ]
SQL: SELECT * FROM `fh_article` WHERE `a_id` = 14 LIMIT 1   [ RunTime:0.0006s ]
SQL: SELECT * FROM `fh_article` WHERE ( a_id < 14 ) ORDER BY a_id desc LIMIT 1   [ RunTime:0.0003s ]
SQL: SELECT * FROM `fh_article` WHERE ( a_id > 14 ) LIMIT 1   [ RunTime:0.0002s ]
SQL: SELECT COUNT(*) AS tp_count FROM `fh_article_c` WHERE `ac_pid` = 14 LIMIT 1   [ RunTime:0.0001s ]
SQL: SELECT * FROM `fh_article_c` WHERE `ac_pid` = 14 ORDER BY ac_time desc  [ RunTime:0.0001s ]
INFO: [ view_parse ] --START--
INFO: [ template_filter ] --START--
INFO: Run Behavior\ContentReplaceBehavior [ RunTime:0.000139s ]
INFO: [ template_filter ] --END-- [ RunTime:0.000209s ]
NOTIC: [8] Undefined variable: index E:\fish\Runtime\Cache\Home\7f11d8fd48ca18f0fc1c2c81c774938b.php 第 21 行.
NOTIC: [8] Undefined variable: about E:\fish\Runtime\Cache\Home\7f11d8fd48ca18f0fc1c2c81c774938b.php 第 22 行.
NOTIC: [8] Undefined variable: log E:\fish\Runtime\Cache\Home\7f11d8fd48ca18f0fc1c2c81c774938b.php 第 24 行.
NOTIC: [8] Undefined variable: say E:\fish\Runtime\Cache\Home\7f11d8fd48ca18f0fc1c2c81c774938b.php 第 25 行.
NOTIC: [8] Undefined variable: board E:\fish\Runtime\Cache\Home\7f11d8fd48ca18f0fc1c2c81c774938b.php 第 26 行.
NOTIC: [8] Undefined index: c_id E:\fish\Runtime\Cache\Home\7f11d8fd48ca18f0fc1c2c81c774938b.php 第 197 行.
NOTIC: [8] Undefined index: c_id E:\fish\Runtime\Cache\Home\7f11d8fd48ca18f0fc1c2c81c774938b.php 第 197 行.
NOTIC: [8] Undefined index: c_id E:\fish\Runtime\Cache\Home\7f11d8fd48ca18f0fc1c2c81c774938b.php 第 197 行.
NOTIC: [8] Undefined index: c_id E:\fish\Runtime\Cache\Home\7f11d8fd48ca18f0fc1c2c81c774938b.php 第 197 行.
NOTIC: [8] Undefined index: c_id E:\fish\Runtime\Cache\Home\7f11d8fd48ca18f0fc1c2c81c774938b.php 第 197 行.
INFO: Run Behavior\ParseTemplateBehavior [ RunTime:0.012684s ]
INFO: [ view_parse ] --END-- [ RunTime:0.012737s ]
INFO: [ view_filter ] --START--
INFO: Run Behavior\WriteHtmlCacheBehavior [ RunTime:0.000230s ]
INFO: [ view_filter ] --END-- [ RunTime:0.000268s ]
INFO: [ app_end ] --START--
INFO: Run Behavior\ShowPageTraceBehavior [ RunTime:0.000414s ]
INFO: [ app_end ] --END-- [ RunTime:0.000459s ]

