[ 2017-12-13T10:26:09+08:00 ] 69.58.178.56 /robots.txt
INFO: [ app_init ] --START--
INFO: Run Behavior\BuildLiteBehavior [ RunTime:0.000000s ]
INFO: [ app_init ] --END-- [ RunTime:0.015625s ]
INFO: [ app_begin ] --START--
INFO: Run Behavior\ReadHtmlCacheBehavior [ RunTime:0.000000s ]
INFO: [ app_begin ] --END-- [ RunTime:0.000000s ]
NOTIC: [2] ini_set() has been disabled for security reasons E:\web\lykl812j\WwwRoot\ThinkPHP\Common\functions.php 第 1236 行.
ERR: 无法加载控制器:Robots.txt

[ 2017-12-13T10:26:18+08:00 ] 69.58.178.56 /
INFO: [ app_init ] --START--
INFO: Run Behavior\BuildLiteBehavior [ RunTime:0.000000s ]
INFO: [ app_init ] --END-- [ RunTime:0.000000s ]
INFO: [ app_begin ] --START--
INFO: Run Behavior\ReadHtmlCacheBehavior [ RunTime:0.000000s ]
INFO: [ app_begin ] --END-- [ RunTime:0.000000s ]
NOTIC: [2] ini_set() has been disabled for security reasons E:\web\lykl812j\WwwRoot\ThinkPHP\Common\functions.php 第 1236 行.
SQL: SHOW COLUMNS FROM `fh_article` [ RunTime:0.0156s ]
SQL: SHOW COLUMNS FROM `fh_cat` [ RunTime:0.0000s ]
SQL: SHOW COLUMNS FROM `fh_log` [ RunTime:0.0000s ]
SQL: SHOW COLUMNS FROM `fh_say` [ RunTime:0.0000s ]
SQL: SHOW COLUMNS FROM `fh_system` [ RunTime:0.0000s ]
SQL: SELECT * FROM `fh_article` WHERE `a_show` = 0 LIMIT 7   [ RunTime:0.0000s ]
SQL: SELECT * FROM `fh_cat` ORDER BY c_id desc  [ RunTime:0.0000s ]
SQL: SELECT * FROM `fh_article` ORDER BY a_time desc LIMIT 6   [ RunTime:0.0000s ]
SQL: SELECT * FROM `fh_log` ORDER BY l_time desc LIMIT 6   [ RunTime:0.0000s ]
SQL: SELECT * FROM `fh_say` ORDER BY s_time desc LIMIT 6   [ RunTime:0.0000s ]
SQL: SELECT `c_id`,`c_name` FROM `fh_cat` WHERE `c_show` = 0 ORDER BY c_id desc  [ RunTime:0.0000s ]
SQL: SELECT `a_id`,`a_name`,`a_img`,`a_time`,`a_hit`,`c_name` FROM `fh_article` INNER JOIN fh_cat on fh_article.pid = fh_cat.c_id  ORDER BY a_hit desc LIMIT 5   [ RunTime:0.0000s ]
SQL: SELECT * FROM `fh_system` WHERE `id` = 1 LIMIT 1   [ RunTime:0.0000s ]
INFO: [ view_parse ] --START--
INFO: [ template_filter ] --START--
INFO: Run Behavior\ContentReplaceBehavior [ RunTime:0.000000s ]
INFO: [ template_filter ] --END-- [ RunTime:0.000000s ]
NOTIC: [8] Undefined variable: about E:\web\lykl812j\WwwRoot\Runtime\Cache\Home\ccc714bf1ad7378d61a4beb8be3a2914.php 第 24 行.
NOTIC: [8] Undefined variable: article E:\web\lykl812j\WwwRoot\Runtime\Cache\Home\ccc714bf1ad7378d61a4beb8be3a2914.php 第 25 行.
NOTIC: [8] Undefined variable: log E:\web\lykl812j\WwwRoot\Runtime\Cache\Home\ccc714bf1ad7378d61a4beb8be3a2914.php 第 26 行.
NOTIC: [8] Undefined variable: say E:\web\lykl812j\WwwRoot\Runtime\Cache\Home\ccc714bf1ad7378d61a4beb8be3a2914.php 第 27 行.
NOTIC: [8] Undefined variable: board E:\web\lykl812j\WwwRoot\Runtime\Cache\Home\ccc714bf1ad7378d61a4beb8be3a2914.php 第 28 行.
NOTIC: [8] Undefined index: c_id E:\web\lykl812j\WwwRoot\Runtime\Cache\Home\ccc714bf1ad7378d61a4beb8be3a2914.php 第 180 行.
NOTIC: [8] Undefined index: c_id E:\web\lykl812j\WwwRoot\Runtime\Cache\Home\ccc714bf1ad7378d61a4beb8be3a2914.php 第 180 行.
NOTIC: [8] Undefined index: c_id E:\web\lykl812j\WwwRoot\Runtime\Cache\Home\ccc714bf1ad7378d61a4beb8be3a2914.php 第 180 行.
NOTIC: [8] Undefined index: c_id E:\web\lykl812j\WwwRoot\Runtime\Cache\Home\ccc714bf1ad7378d61a4beb8be3a2914.php 第 180 行.
NOTIC: [8] Undefined index: c_id E:\web\lykl812j\WwwRoot\Runtime\Cache\Home\ccc714bf1ad7378d61a4beb8be3a2914.php 第 180 行.
INFO: Run Behavior\ParseTemplateBehavior [ RunTime:0.031250s ]
INFO: [ view_parse ] --END-- [ RunTime:0.031250s ]
INFO: [ view_filter ] --START--
INFO: Run Behavior\WriteHtmlCacheBehavior [ RunTime:0.000000s ]
INFO: [ view_filter ] --END-- [ RunTime:0.000000s ]
INFO: [ app_end ] --START--
INFO: Run Behavior\ShowPageTraceBehavior [ RunTime:0.000000s ]
INFO: [ app_end ] --END-- [ RunTime:0.000000s ]

[ 2017-12-13T10:26:26+08:00 ] 69.58.178.56 /abouts.html
INFO: [ app_init ] --START--
INFO: Run Behavior\BuildLiteBehavior [ RunTime:0.000000s ]
INFO: [ app_init ] --END-- [ RunTime:0.000000s ]
INFO: [ app_begin ] --START--
INFO: Run Behavior\ReadHtmlCacheBehavior [ RunTime:0.000000s ]
INFO: [ app_begin ] --END-- [ RunTime:0.000000s ]
NOTIC: [2] ini_set() has been disabled for security reasons E:\web\lykl812j\WwwRoot\ThinkPHP\Common\functions.php 第 1236 行.
SQL: SHOW COLUMNS FROM `fh_article` [ RunTime:0.0000s ]
SQL: SHOW COLUMNS FROM `fh_cat` [ RunTime:0.0156s ]
SQL: SHOW COLUMNS FROM `fh_log` [ RunTime:0.0000s ]
SQL: SHOW COLUMNS FROM `fh_say` [ RunTime:0.0000s ]
SQL: SHOW COLUMNS FROM `fh_system` [ RunTime:0.0000s ]
SQL: SELECT * FROM `fh_system` WHERE `id` = 1 LIMIT 1   [ RunTime:0.0000s ]
SQL: UPDATE `fh_system` SET `hit`=hit+1 WHERE `id` = 1 [ RunTime:0.0156s ]
SQL: SELECT `a_id`,`a_img` FROM `fh_article` WHERE `a_show` = 0 ORDER BY a_time desc LIMIT 8   [ RunTime:0.0000s ]
INFO: [ view_parse ] --START--
INFO: [ template_filter ] --START--
INFO: Run Behavior\ContentReplaceBehavior [ RunTime:0.000000s ]
INFO: [ template_filter ] --END-- [ RunTime:0.000000s ]
NOTIC: [8] Undefined variable: index E:\web\lykl812j\WwwRoot\Runtime\Cache\Home\51c20629d021b509ad96608acdd454fb.php 第 23 行.
NOTIC: [8] Undefined variable: article E:\web\lykl812j\WwwRoot\Runtime\Cache\Home\51c20629d021b509ad96608acdd454fb.php 第 25 行.
NOTIC: [8] Undefined variable: log E:\web\lykl812j\WwwRoot\Runtime\Cache\Home\51c20629d021b509ad96608acdd454fb.php 第 26 行.
NOTIC: [8] Undefined variable: say E:\web\lykl812j\WwwRoot\Runtime\Cache\Home\51c20629d021b509ad96608acdd454fb.php 第 27 行.
NOTIC: [8] Undefined variable: board E:\web\lykl812j\WwwRoot\Runtime\Cache\Home\51c20629d021b509ad96608acdd454fb.php 第 28 行.
INFO: Run Behavior\ParseTemplateBehavior [ RunTime:0.015625s ]
INFO: [ view_parse ] --END-- [ RunTime:0.015625s ]
INFO: [ view_filter ] --START--
INFO: Run Behavior\WriteHtmlCacheBehavior [ RunTime:0.000000s ]
INFO: [ view_filter ] --END-- [ RunTime:0.000000s ]
INFO: [ app_end ] --START--
INFO: Run Behavior\ShowPageTraceBehavior [ RunTime:0.000000s ]
INFO: [ app_end ] --END-- [ RunTime:0.000000s ]

[ 2017-12-13T10:26:30+08:00 ] 69.58.178.56 /artinfo-8.html
INFO: [ app_init ] --START--
INFO: Run Behavior\BuildLiteBehavior [ RunTime:0.000000s ]
INFO: [ app_init ] --END-- [ RunTime:0.000000s ]
INFO: [ app_begin ] --START--
INFO: Run Behavior\ReadHtmlCacheBehavior [ RunTime:0.000000s ]
INFO: [ app_begin ] --END-- [ RunTime:0.000000s ]
NOTIC: [2] ini_set() has been disabled for security reasons E:\web\lykl812j\WwwRoot\ThinkPHP\Common\functions.php 第 1236 行.
SQL: SHOW COLUMNS FROM `fh_article` [ RunTime:0.0000s ]
SQL: SHOW COLUMNS FROM `fh_cat` [ RunTime:0.0156s ]
SQL: SHOW COLUMNS FROM `fh_log` [ RunTime:0.0000s ]
SQL: SHOW COLUMNS FROM `fh_say` [ RunTime:0.0000s ]
SQL: SHOW COLUMNS FROM `fh_system` [ RunTime:0.0000s ]
SQL: SELECT * FROM `fh_article` WHERE `a_show` = 0 LIMIT 7   [ RunTime:0.0000s ]
SQL: SELECT * FROM `fh_cat` ORDER BY c_id desc  [ RunTime:0.0000s ]
SQL: SELECT * FROM `fh_article` ORDER BY a_time desc LIMIT 6   [ RunTime:0.0156s ]
SQL: SELECT * FROM `fh_log` ORDER BY l_time desc LIMIT 6   [ RunTime:0.0000s ]
SQL: SELECT * FROM `fh_say` ORDER BY s_time desc LIMIT 6   [ RunTime:0.0000s ]
SQL: SELECT `c_id`,`c_name` FROM `fh_cat` WHERE `c_show` = 0 ORDER BY c_id desc  [ RunTime:0.0000s ]
SQL: SELECT `a_id`,`a_name`,`a_img`,`a_time`,`a_hit`,`c_name` FROM `fh_article` INNER JOIN fh_cat on fh_article.pid = fh_cat.c_id  ORDER BY a_hit desc LIMIT 5   [ RunTime:0.0000s ]
SQL: SELECT * FROM `fh_system` WHERE `id` = 1 LIMIT 1   [ RunTime:0.0000s ]
SQL: SELECT * FROM `fh_article` WHERE `a_id` = 8 LIMIT 1   [ RunTime:0.0156s ]
SQL: SHOW COLUMNS FROM `fh_article_c` [ RunTime:0.0000s ]
SQL: UPDATE `fh_article` SET `a_hit`=a_hit+1 WHERE `a_id` = 8 [ RunTime:0.0000s ]
SQL: SELECT * FROM `fh_article` WHERE `a_id` = 8 LIMIT 1   [ RunTime:0.0000s ]
SQL: SELECT * FROM `fh_article` WHERE ( a_id < 8 ) ORDER BY a_id desc LIMIT 1   [ RunTime:0.0000s ]
SQL: SELECT * FROM `fh_article` WHERE ( a_id > 8 ) LIMIT 1   [ RunTime:0.0000s ]
SQL: SELECT COUNT(*) AS tp_count FROM `fh_article_c` WHERE `ac_pid` = 8 LIMIT 1   [ RunTime:0.0000s ]
SQL: SELECT * FROM `fh_article_c` WHERE `ac_pid` = 8 ORDER BY ac_time desc  [ RunTime:0.0000s ]
INFO: [ view_parse ] --START--
INFO: [ template_filter ] --START--
INFO: Run Behavior\ContentReplaceBehavior [ RunTime:0.000000s ]
INFO: [ template_filter ] --END-- [ RunTime:0.000000s ]
NOTIC: [8] Undefined variable: index E:\web\lykl812j\WwwRoot\Runtime\Cache\Home\7f11d8fd48ca18f0fc1c2c81c774938b.php 第 24 行.
NOTIC: [8] Undefined variable: about E:\web\lykl812j\WwwRoot\Runtime\Cache\Home\7f11d8fd48ca18f0fc1c2c81c774938b.php 第 25 行.
NOTIC: [8] Undefined variable: log E:\web\lykl812j\WwwRoot\Runtime\Cache\Home\7f11d8fd48ca18f0fc1c2c81c774938b.php 第 27 行.
NOTIC: [8] Undefined variable: say E:\web\lykl812j\WwwRoot\Runtime\Cache\Home\7f11d8fd48ca18f0fc1c2c81c774938b.php 第 28 行.
NOTIC: [8] Undefined variable: board E:\web\lykl812j\WwwRoot\Runtime\Cache\Home\7f11d8fd48ca18f0fc1c2c81c774938b.php 第 29 行.
NOTIC: [8] Undefined index: c_id E:\web\lykl812j\WwwRoot\Runtime\Cache\Home\7f11d8fd48ca18f0fc1c2c81c774938b.php 第 200 行.
NOTIC: [8] Undefined index: c_id E:\web\lykl812j\WwwRoot\Runtime\Cache\Home\7f11d8fd48ca18f0fc1c2c81c774938b.php 第 200 行.
NOTIC: [8] Undefined index: c_id E:\web\lykl812j\WwwRoot\Runtime\Cache\Home\7f11d8fd48ca18f0fc1c2c81c774938b.php 第 200 行.
NOTIC: [8] Undefined index: c_id E:\web\lykl812j\WwwRoot\Runtime\Cache\Home\7f11d8fd48ca18f0fc1c2c81c774938b.php 第 200 行.
NOTIC: [8] Undefined index: c_id E:\web\lykl812j\WwwRoot\Runtime\Cache\Home\7f11d8fd48ca18f0fc1c2c81c774938b.php 第 200 行.
INFO: Run Behavior\ParseTemplateBehavior [ RunTime:0.031250s ]
INFO: [ view_parse ] --END-- [ RunTime:0.031250s ]
INFO: [ view_filter ] --START--
INFO: Run Behavior\WriteHtmlCacheBehavior [ RunTime:0.000000s ]
INFO: [ view_filter ] --END-- [ RunTime:0.000000s ]
INFO: [ app_end ] --START--
INFO: Run Behavior\ShowPageTraceBehavior [ RunTime:0.000000s ]
INFO: [ app_end ] --END-- [ RunTime:0.000000s ]

[ 2017-12-13T10:26:32+08:00 ] 69.58.178.56 /index.html
INFO: [ app_init ] --START--
INFO: Run Behavior\BuildLiteBehavior [ RunTime:0.000000s ]
INFO: [ app_init ] --END-- [ RunTime:0.000000s ]
INFO: [ app_begin ] --START--
INFO: Run Behavior\ReadHtmlCacheBehavior [ RunTime:0.000000s ]
INFO: [ app_begin ] --END-- [ RunTime:0.000000s ]
NOTIC: [2] ini_set() has been disabled for security reasons E:\web\lykl812j\WwwRoot\ThinkPHP\Common\functions.php 第 1236 行.
SQL: SHOW COLUMNS FROM `fh_article` [ RunTime:0.0000s ]
SQL: SHOW COLUMNS FROM `fh_cat` [ RunTime:0.0000s ]
SQL: SHOW COLUMNS FROM `fh_log` [ RunTime:0.0000s ]
SQL: SHOW COLUMNS FROM `fh_say` [ RunTime:0.0000s ]
SQL: SHOW COLUMNS FROM `fh_system` [ RunTime:0.0000s ]
INFO: [ view_parse ] --START--
INFO: [ template_filter ] --START--
INFO: Run Behavior\ContentReplaceBehavior [ RunTime:0.000000s ]
INFO: [ template_filter ] --END-- [ RunTime:0.000000s ]
NOTIC: [8] Undefined variable: about E:\web\lykl812j\WwwRoot\Runtime\Cache\Home\ccc714bf1ad7378d61a4beb8be3a2914.php 第 24 行.
NOTIC: [8] Undefined variable: article E:\web\lykl812j\WwwRoot\Runtime\Cache\Home\ccc714bf1ad7378d61a4beb8be3a2914.php 第 25 行.
NOTIC: [8] Undefined variable: log E:\web\lykl812j\WwwRoot\Runtime\Cache\Home\ccc714bf1ad7378d61a4beb8be3a2914.php 第 26 行.
NOTIC: [8] Undefined variable: say E:\web\lykl812j\WwwRoot\Runtime\Cache\Home\ccc714bf1ad7378d61a4beb8be3a2914.php 第 27 行.
NOTIC: [8] Undefined variable: board E:\web\lykl812j\WwwRoot\Runtime\Cache\Home\ccc714bf1ad7378d61a4beb8be3a2914.php 第 28 行.
NOTIC: [8] Undefined index: c_id E:\web\lykl812j\WwwRoot\Runtime\Cache\Home\ccc714bf1ad7378d61a4beb8be3a2914.php 第 180 行.
NOTIC: [8] Undefined index: c_id E:\web\lykl812j\WwwRoot\Runtime\Cache\Home\ccc714bf1ad7378d61a4beb8be3a2914.php 第 180 行.
NOTIC: [8] Undefined index: c_id E:\web\lykl812j\WwwRoot\Runtime\Cache\Home\ccc714bf1ad7378d61a4beb8be3a2914.php 第 180 行.
NOTIC: [8] Undefined index: c_id E:\web\lykl812j\WwwRoot\Runtime\Cache\Home\ccc714bf1ad7378d61a4beb8be3a2914.php 第 180 行.
NOTIC: [8] Undefined index: c_id E:\web\lykl812j\WwwRoot\Runtime\Cache\Home\ccc714bf1ad7378d61a4beb8be3a2914.php 第 180 行.
INFO: Run Behavior\ParseTemplateBehavior [ RunTime:0.031250s ]
INFO: [ view_parse ] --END-- [ RunTime:0.031250s ]
INFO: [ view_filter ] --START--
INFO: Run Behavior\WriteHtmlCacheBehavior [ RunTime:0.000000s ]
INFO: [ view_filter ] --END-- [ RunTime:0.000000s ]
INFO: [ app_end ] --START--
INFO: Run Behavior\ShowPageTraceBehavior [ RunTime:0.000000s ]
INFO: [ app_end ] --END-- [ RunTime:0.000000s ]

[ 2017-12-13T10:26:37+08:00 ] 69.58.178.56 /article.html
INFO: [ app_init ] --START--
INFO: Run Behavior\BuildLiteBehavior [ RunTime:0.000000s ]
INFO: [ app_init ] --END-- [ RunTime:0.000000s ]
INFO: [ app_begin ] --START--
INFO: Run Behavior\ReadHtmlCacheBehavior [ RunTime:0.000000s ]
INFO: [ app_begin ] --END-- [ RunTime:0.000000s ]
NOTIC: [2] ini_set() has been disabled for security reasons E:\web\lykl812j\WwwRoot\ThinkPHP\Common\functions.php 第 1236 行.
SQL: SHOW COLUMNS FROM `fh_article` [ RunTime:0.0000s ]
SQL: SHOW COLUMNS FROM `fh_cat` [ RunTime:0.0000s ]
SQL: SHOW COLUMNS FROM `fh_log` [ RunTime:0.0000s ]
SQL: SHOW COLUMNS FROM `fh_say` [ RunTime:0.0156s ]
SQL: SHOW COLUMNS FROM `fh_system` [ RunTime:0.0000s ]
SQL: SELECT * FROM `fh_cat` WHERE `c_show` = 0 ORDER BY c_id desc  [ RunTime:0.0000s ]
SQL: SELECT * FROM `fh_article` INNER JOIN fh_cat on fh_article.pid = fh_cat.c_id  ORDER BY a_id desc LIMIT 5   [ RunTime:0.0156s ]
INFO: [ view_parse ] --START--
INFO: [ template_filter ] --START--
INFO: Run Behavior\ContentReplaceBehavior [ RunTime:0.000000s ]
INFO: [ template_filter ] --END-- [ RunTime:0.000000s ]
NOTIC: [8] Undefined variable: index E:\web\lykl812j\WwwRoot\Runtime\Cache\Home\6b2c666fea9c5f7a6ebc0fb27b266a7f.php 第 23 行.
NOTIC: [8] Undefined variable: about E:\web\lykl812j\WwwRoot\Runtime\Cache\Home\6b2c666fea9c5f7a6ebc0fb27b266a7f.php 第 24 行.
NOTIC: [8] Undefined variable: log E:\web\lykl812j\WwwRoot\Runtime\Cache\Home\6b2c666fea9c5f7a6ebc0fb27b266a7f.php 第 26 行.
NOTIC: [8] Undefined variable: say E:\web\lykl812j\WwwRoot\Runtime\Cache\Home\6b2c666fea9c5f7a6ebc0fb27b266a7f.php 第 27 行.
NOTIC: [8] Undefined variable: board E:\web\lykl812j\WwwRoot\Runtime\Cache\Home\6b2c666fea9c5f7a6ebc0fb27b266a7f.php 第 28 行.
NOTIC: [8] Undefined index: c_id E:\web\lykl812j\WwwRoot\Runtime\Cache\Home\6b2c666fea9c5f7a6ebc0fb27b266a7f.php 第 135 行.
NOTIC: [8] Undefined index: c_id E:\web\lykl812j\WwwRoot\Runtime\Cache\Home\6b2c666fea9c5f7a6ebc0fb27b266a7f.php 第 135 行.
NOTIC: [8] Undefined index: c_id E:\web\lykl812j\WwwRoot\Runtime\Cache\Home\6b2c666fea9c5f7a6ebc0fb27b266a7f.php 第 135 行.
NOTIC: [8] Undefined index: c_id E:\web\lykl812j\WwwRoot\Runtime\Cache\Home\6b2c666fea9c5f7a6ebc0fb27b266a7f.php 第 135 行.
NOTIC: [8] Undefined index: c_id E:\web\lykl812j\WwwRoot\Runtime\Cache\Home\6b2c666fea9c5f7a6ebc0fb27b266a7f.php 第 135 行.
INFO: Run Behavior\ParseTemplateBehavior [ RunTime:0.046875s ]
INFO: [ view_parse ] --END-- [ RunTime:0.046875s ]
INFO: [ view_filter ] --START--
INFO: Run Behavior\WriteHtmlCacheBehavior [ RunTime:0.000000s ]
INFO: [ view_filter ] --END-- [ RunTime:0.000000s ]
INFO: [ app_end ] --START--
INFO: Run Behavior\ShowPageTraceBehavior [ RunTime:0.000000s ]
INFO: [ app_end ] --END-- [ RunTime:0.000000s ]

[ 2017-12-13T10:26:41+08:00 ] 69.58.178.56 /journal.html
INFO: [ app_init ] --START--
INFO: Run Behavior\BuildLiteBehavior [ RunTime:0.000000s ]
INFO: [ app_init ] --END-- [ RunTime:0.000000s ]
INFO: [ app_begin ] --START--
INFO: Run Behavior\ReadHtmlCacheBehavior [ RunTime:0.000000s ]
INFO: [ app_begin ] --END-- [ RunTime:0.000000s ]
NOTIC: [2] ini_set() has been disabled for security reasons E:\web\lykl812j\WwwRoot\ThinkPHP\Common\functions.php 第 1236 行.
SQL: SHOW COLUMNS FROM `fh_article` [ RunTime:0.0000s ]
SQL: SHOW COLUMNS FROM `fh_cat` [ RunTime:0.0000s ]
SQL: SHOW COLUMNS FROM `fh_log` [ RunTime:0.0156s ]
SQL: SHOW COLUMNS FROM `fh_say` [ RunTime:0.0000s ]
SQL: SHOW COLUMNS FROM `fh_system` [ RunTime:0.0000s ]
SQL: SELECT * FROM `fh_article` WHERE `a_show` = 0 LIMIT 7   [ RunTime:0.0000s ]
SQL: SELECT * FROM `fh_cat` ORDER BY c_id desc  [ RunTime:0.0000s ]
SQL: SELECT * FROM `fh_article` ORDER BY a_time desc LIMIT 6   [ RunTime:0.0156s ]
SQL: SELECT * FROM `fh_log` ORDER BY l_time desc LIMIT 6   [ RunTime:0.0000s ]
SQL: SELECT * FROM `fh_say` ORDER BY s_time desc LIMIT 6   [ RunTime:0.0000s ]
SQL: SELECT `c_id`,`c_name` FROM `fh_cat` WHERE `c_show` = 0 ORDER BY c_id desc  [ RunTime:0.0000s ]
SQL: SELECT `a_id`,`a_name`,`a_img`,`a_time`,`a_hit`,`c_name` FROM `fh_article` INNER JOIN fh_cat on fh_article.pid = fh_cat.c_id  ORDER BY a_hit desc LIMIT 5   [ RunTime:0.0000s ]
SQL: SELECT * FROM `fh_system` WHERE `id` = 1 LIMIT 1   [ RunTime:0.0000s ]
SQL: SELECT * FROM `fh_log` WHERE `l_show` = 0 ORDER BY l_id desc LIMIT 5   [ RunTime:0.0000s ]
INFO: [ view_parse ] --START--
INFO: [ template_filter ] --START--
INFO: Run Behavior\ContentReplaceBehavior [ RunTime:0.000000s ]
INFO: [ template_filter ] --END-- [ RunTime:0.000000s ]
NOTIC: [8] Undefined variable: index E:\web\lykl812j\WwwRoot\Runtime\Cache\Home\d37a08a0f58d5adb8182cbdfb75c382e.php 第 24 行.
NOTIC: [8] Undefined variable: about E:\web\lykl812j\WwwRoot\Runtime\Cache\Home\d37a08a0f58d5adb8182cbdfb75c382e.php 第 25 行.
NOTIC: [8] Undefined variable: article E:\web\lykl812j\WwwRoot\Runtime\Cache\Home\d37a08a0f58d5adb8182cbdfb75c382e.php 第 26 行.
NOTIC: [8] Undefined variable: say E:\web\lykl812j\WwwRoot\Runtime\Cache\Home\d37a08a0f58d5adb8182cbdfb75c382e.php 第 28 行.
NOTIC: [8] Undefined variable: board E:\web\lykl812j\WwwRoot\Runtime\Cache\Home\d37a08a0f58d5adb8182cbdfb75c382e.php 第 29 行.
NOTIC: [8] Undefined index: a_id E:\web\lykl812j\WwwRoot\Runtime\Cache\Home\d37a08a0f58d5adb8182cbdfb75c382e.php 第 55 行.
NOTIC: [8] Undefined index: a_id E:\web\lykl812j\WwwRoot\Runtime\Cache\Home\d37a08a0f58d5adb8182cbdfb75c382e.php 第 58 行.
NOTIC: [8] Undefined index: a_id E:\web\lykl812j\WwwRoot\Runtime\Cache\Home\d37a08a0f58d5adb8182cbdfb75c382e.php 第 55 行.
NOTIC: [8] Undefined index: a_id E:\web\lykl812j\WwwRoot\Runtime\Cache\Home\d37a08a0f58d5adb8182cbdfb75c382e.php 第 58 行.
NOTIC: [8] Undefined index: a_id E:\web\lykl812j\WwwRoot\Runtime\Cache\Home\d37a08a0f58d5adb8182cbdfb75c382e.php 第 55 行.
NOTIC: [8] Undefined index: a_id E:\web\lykl812j\WwwRoot\Runtime\Cache\Home\d37a08a0f58d5adb8182cbdfb75c382e.php 第 58 行.
NOTIC: [8] Undefined index: c_id E:\web\lykl812j\WwwRoot\Runtime\Cache\Home\d37a08a0f58d5adb8182cbdfb75c382e.php 第 133 行.
NOTIC: [8] Undefined index: c_id E:\web\lykl812j\WwwRoot\Runtime\Cache\Home\d37a08a0f58d5adb8182cbdfb75c382e.php 第 133 行.
NOTIC: [8] Undefined index: c_id E:\web\lykl812j\WwwRoot\Runtime\Cache\Home\d37a08a0f58d5adb8182cbdfb75c382e.php 第 133 行.
NOTIC: [8] Undefined index: c_id E:\web\lykl812j\WwwRoot\Runtime\Cache\Home\d37a08a0f58d5adb8182cbdfb75c382e.php 第 133 行.
NOTIC: [8] Undefined index: c_id E:\web\lykl812j\WwwRoot\Runtime\Cache\Home\d37a08a0f58d5adb8182cbdfb75c382e.php 第 133 行.
INFO: Run Behavior\ParseTemplateBehavior [ RunTime:0.046875s ]
INFO: [ view_parse ] --END-- [ RunTime:0.046875s ]
INFO: [ view_filter ] --START--
INFO: Run Behavior\WriteHtmlCacheBehavior [ RunTime:0.000000s ]
INFO: [ view_filter ] --END-- [ RunTime:0.000000s ]
INFO: [ app_end ] --START--
INFO: Run Behavior\ShowPageTraceBehavior [ RunTime:0.000000s ]
INFO: [ app_end ] --END-- [ RunTime:0.000000s ]

[ 2017-12-13T10:26:43+08:00 ] 69.58.178.56 /say.html
INFO: [ app_init ] --START--
INFO: Run Behavior\BuildLiteBehavior [ RunTime:0.000000s ]
INFO: [ app_init ] --END-- [ RunTime:0.000000s ]
INFO: [ app_begin ] --START--
INFO: Run Behavior\ReadHtmlCacheBehavior [ RunTime:0.000000s ]
INFO: [ app_begin ] --END-- [ RunTime:0.000000s ]
NOTIC: [2] ini_set() has been disabled for security reasons E:\web\lykl812j\WwwRoot\ThinkPHP\Common\functions.php 第 1236 行.
SQL: SHOW COLUMNS FROM `fh_article` [ RunTime:0.0000s ]
SQL: SHOW COLUMNS FROM `fh_cat` [ RunTime:0.0000s ]
SQL: SHOW COLUMNS FROM `fh_log` [ RunTime:0.0000s ]
SQL: SHOW COLUMNS FROM `fh_say` [ RunTime:0.0000s ]
SQL: SHOW COLUMNS FROM `fh_system` [ RunTime:0.0000s ]
SQL: SELECT * FROM `fh_say` WHERE `s_show` = 0 ORDER BY s_time desc LIMIT 5   [ RunTime:0.0000s ]
INFO: [ view_parse ] --START--
INFO: [ template_filter ] --START--
INFO: Run Behavior\ContentReplaceBehavior [ RunTime:0.000000s ]
INFO: [ template_filter ] --END-- [ RunTime:0.000000s ]
NOTIC: [8] Undefined variable: index E:\web\lykl812j\WwwRoot\Runtime\Cache\Home\63beaf5571d1423e103f5cfd7a9f769a.php 第 24 行.
NOTIC: [8] Undefined variable: about E:\web\lykl812j\WwwRoot\Runtime\Cache\Home\63beaf5571d1423e103f5cfd7a9f769a.php 第 25 行.
NOTIC: [8] Undefined variable: article E:\web\lykl812j\WwwRoot\Runtime\Cache\Home\63beaf5571d1423e103f5cfd7a9f769a.php 第 26 行.
NOTIC: [8] Undefined variable: log E:\web\lykl812j\WwwRoot\Runtime\Cache\Home\63beaf5571d1423e103f5cfd7a9f769a.php 第 27 行.
NOTIC: [8] Undefined variable: board E:\web\lykl812j\WwwRoot\Runtime\Cache\Home\63beaf5571d1423e103f5cfd7a9f769a.php 第 29 行.
NOTIC: [8] Undefined index: c_id E:\web\lykl812j\WwwRoot\Runtime\Cache\Home\63beaf5571d1423e103f5cfd7a9f769a.php 第 117 行.
NOTIC: [8] Undefined index: c_id E:\web\lykl812j\WwwRoot\Runtime\Cache\Home\63beaf5571d1423e103f5cfd7a9f769a.php 第 117 行.
NOTIC: [8] Undefined index: c_id E:\web\lykl812j\WwwRoot\Runtime\Cache\Home\63beaf5571d1423e103f5cfd7a9f769a.php 第 117 行.
NOTIC: [8] Undefined index: c_id E:\web\lykl812j\WwwRoot\Runtime\Cache\Home\63beaf5571d1423e103f5cfd7a9f769a.php 第 117 行.
NOTIC: [8] Undefined index: c_id E:\web\lykl812j\WwwRoot\Runtime\Cache\Home\63beaf5571d1423e103f5cfd7a9f769a.php 第 117 行.
INFO: Run Behavior\ParseTemplateBehavior [ RunTime:0.031250s ]
INFO: [ view_parse ] --END-- [ RunTime:0.031250s ]
INFO: [ view_filter ] --START--
INFO: Run Behavior\WriteHtmlCacheBehavior [ RunTime:0.000000s ]
INFO: [ view_filter ] --END-- [ RunTime:0.000000s ]
INFO: [ app_end ] --START--
INFO: Run Behavior\ShowPageTraceBehavior [ RunTime:0.000000s ]
INFO: [ app_end ] --END-- [ RunTime:0.000000s ]

[ 2017-12-13T10:26:46+08:00 ] 69.58.178.56 /board.html
INFO: [ app_init ] --START--
INFO: Run Behavior\BuildLiteBehavior [ RunTime:0.000000s ]
INFO: [ app_init ] --END-- [ RunTime:0.000000s ]
INFO: [ app_begin ] --START--
INFO: Run Behavior\ReadHtmlCacheBehavior [ RunTime:0.000000s ]
INFO: [ app_begin ] --END-- [ RunTime:0.000000s ]
NOTIC: [2] ini_set() has been disabled for security reasons E:\web\lykl812j\WwwRoot\ThinkPHP\Common\functions.php 第 1236 行.
SQL: SHOW COLUMNS FROM `fh_article` [ RunTime:0.0000s ]
SQL: SHOW COLUMNS FROM `fh_cat` [ RunTime:0.0000s ]
SQL: SHOW COLUMNS FROM `fh_log` [ RunTime:0.0000s ]
SQL: SHOW COLUMNS FROM `fh_say` [ RunTime:0.0000s ]
SQL: SHOW COLUMNS FROM `fh_system` [ RunTime:0.0156s ]
SQL: SHOW COLUMNS FROM `fh_board` [ RunTime:0.0000s ]
SQL: SELECT COUNT(*) AS tp_count FROM `fh_board` LIMIT 1   [ RunTime:0.0000s ]
SQL: SELECT * FROM `fh_board` ORDER BY b_time desc  [ RunTime:0.0000s ]
INFO: [ view_parse ] --START--
INFO: [ template_filter ] --START--
INFO: Run Behavior\ContentReplaceBehavior [ RunTime:0.000000s ]
INFO: [ template_filter ] --END-- [ RunTime:0.000000s ]
NOTIC: [8] Undefined variable: index E:\web\lykl812j\WwwRoot\Runtime\Cache\Home\2f1da06ed2416c9be755be1237f8b30c.php 第 24 行.
NOTIC: [8] Undefined variable: about E:\web\lykl812j\WwwRoot\Runtime\Cache\Home\2f1da06ed2416c9be755be1237f8b30c.php 第 25 行.
NOTIC: [8] Undefined variable: article E:\web\lykl812j\WwwRoot\Runtime\Cache\Home\2f1da06ed2416c9be755be1237f8b30c.php 第 26 行.
NOTIC: [8] Undefined variable: log E:\web\lykl812j\WwwRoot\Runtime\Cache\Home\2f1da06ed2416c9be755be1237f8b30c.php 第 27 行.
NOTIC: [8] Undefined variable: say E:\web\lykl812j\WwwRoot\Runtime\Cache\Home\2f1da06ed2416c9be755be1237f8b30c.php 第 28 行.
NOTIC: [8] Undefined index: c_id E:\web\lykl812j\WwwRoot\Runtime\Cache\Home\2f1da06ed2416c9be755be1237f8b30c.php 第 146 行.
NOTIC: [8] Undefined index: c_id E:\web\lykl812j\WwwRoot\Runtime\Cache\Home\2f1da06ed2416c9be755be1237f8b30c.php 第 146 行.
NOTIC: [8] Undefined index: c_id E:\web\lykl812j\WwwRoot\Runtime\Cache\Home\2f1da06ed2416c9be755be1237f8b30c.php 第 146 行.
NOTIC: [8] Undefined index: c_id E:\web\lykl812j\WwwRoot\Runtime\Cache\Home\2f1da06ed2416c9be755be1237f8b30c.php 第 146 行.
NOTIC: [8] Undefined index: c_id E:\web\lykl812j\WwwRoot\Runtime\Cache\Home\2f1da06ed2416c9be755be1237f8b30c.php 第 146 行.
INFO: Run Behavior\ParseTemplateBehavior [ RunTime:0.031250s ]
INFO: [ view_parse ] --END-- [ RunTime:0.031250s ]
INFO: [ view_filter ] --START--
INFO: Run Behavior\WriteHtmlCacheBehavior [ RunTime:0.000000s ]
INFO: [ view_filter ] --END-- [ RunTime:0.000000s ]
INFO: [ app_end ] --START--
INFO: Run Behavior\ShowPageTraceBehavior [ RunTime:0.000000s ]
INFO: [ app_end ] --END-- [ RunTime:0.000000s ]

[ 2017-12-13T10:26:48+08:00 ] 69.58.178.56 /artinfo-11.html
INFO: [ app_init ] --START--
INFO: Run Behavior\BuildLiteBehavior [ RunTime:0.000000s ]
INFO: [ app_init ] --END-- [ RunTime:0.000000s ]
INFO: [ app_begin ] --START--
INFO: Run Behavior\ReadHtmlCacheBehavior [ RunTime:0.000000s ]
INFO: [ app_begin ] --END-- [ RunTime:0.000000s ]
NOTIC: [2] ini_set() has been disabled for security reasons E:\web\lykl812j\WwwRoot\ThinkPHP\Common\functions.php 第 1236 行.
SQL: SHOW COLUMNS FROM `fh_article` [ RunTime:0.0000s ]
SQL: SHOW COLUMNS FROM `fh_cat` [ RunTime:0.0000s ]
SQL: SHOW COLUMNS FROM `fh_log` [ RunTime:0.0000s ]
SQL: SHOW COLUMNS FROM `fh_say` [ RunTime:0.0000s ]
SQL: SHOW COLUMNS FROM `fh_system` [ RunTime:0.0156s ]
SQL: SELECT * FROM `fh_article` WHERE `a_id` = 11 LIMIT 1   [ RunTime:0.0000s ]
SQL: SHOW COLUMNS FROM `fh_article_c` [ RunTime:0.0000s ]
SQL: UPDATE `fh_article` SET `a_hit`=a_hit+1 WHERE `a_id` = 11 [ RunTime:0.0000s ]
SQL: SELECT * FROM `fh_article` WHERE `a_id` = 11 LIMIT 1   [ RunTime:0.0000s ]
SQL: SELECT * FROM `fh_article` WHERE ( a_id < 11 ) ORDER BY a_id desc LIMIT 1   [ RunTime:0.0000s ]
SQL: SELECT * FROM `fh_article` WHERE ( a_id > 11 ) LIMIT 1   [ RunTime:0.0000s ]
SQL: SELECT COUNT(*) AS tp_count FROM `fh_article_c` WHERE `ac_pid` = 11 LIMIT 1   [ RunTime:0.0000s ]
SQL: SELECT * FROM `fh_article_c` WHERE `ac_pid` = 11 ORDER BY ac_time desc  [ RunTime:0.0000s ]
INFO: [ view_parse ] --START--
INFO: [ template_filter ] --START--
INFO: Run Behavior\ContentReplaceBehavior [ RunTime:0.000000s ]
INFO: [ template_filter ] --END-- [ RunTime:0.000000s ]
NOTIC: [8] Undefined variable: index E:\web\lykl812j\WwwRoot\Runtime\Cache\Home\7f11d8fd48ca18f0fc1c2c81c774938b.php 第 24 行.
NOTIC: [8] Undefined variable: about E:\web\lykl812j\WwwRoot\Runtime\Cache\Home\7f11d8fd48ca18f0fc1c2c81c774938b.php 第 25 行.
NOTIC: [8] Undefined variable: log E:\web\lykl812j\WwwRoot\Runtime\Cache\Home\7f11d8fd48ca18f0fc1c2c81c774938b.php 第 27 行.
NOTIC: [8] Undefined variable: say E:\web\lykl812j\WwwRoot\Runtime\Cache\Home\7f11d8fd48ca18f0fc1c2c81c774938b.php 第 28 行.
NOTIC: [8] Undefined variable: board E:\web\lykl812j\WwwRoot\Runtime\Cache\Home\7f11d8fd48ca18f0fc1c2c81c774938b.php 第 29 行.
NOTIC: [8] Undefined index: c_id E:\web\lykl812j\WwwRoot\Runtime\Cache\Home\7f11d8fd48ca18f0fc1c2c81c774938b.php 第 200 行.
NOTIC: [8] Undefined index: c_id E:\web\lykl812j\WwwRoot\Runtime\Cache\Home\7f11d8fd48ca18f0fc1c2c81c774938b.php 第 200 行.
NOTIC: [8] Undefined index: c_id E:\web\lykl812j\WwwRoot\Runtime\Cache\Home\7f11d8fd48ca18f0fc1c2c81c774938b.php 第 200 行.
NOTIC: [8] Undefined index: c_id E:\web\lykl812j\WwwRoot\Runtime\Cache\Home\7f11d8fd48ca18f0fc1c2c81c774938b.php 第 200 行.
NOTIC: [8] Undefined index: c_id E:\web\lykl812j\WwwRoot\Runtime\Cache\Home\7f11d8fd48ca18f0fc1c2c81c774938b.php 第 200 行.
INFO: Run Behavior\ParseTemplateBehavior [ RunTime:0.031250s ]
INFO: [ view_parse ] --END-- [ RunTime:0.031250s ]
INFO: [ view_filter ] --START--
INFO: Run Behavior\WriteHtmlCacheBehavior [ RunTime:0.000000s ]
INFO: [ view_filter ] --END-- [ RunTime:0.000000s ]
INFO: [ app_end ] --START--
INFO: Run Behavior\ShowPageTraceBehavior [ RunTime:0.000000s ]
INFO: [ app_end ] --END-- [ RunTime:0.000000s ]

[ 2017-12-13T10:26:51+08:00 ] 69.58.178.56 /artinfo-12.html
INFO: [ app_init ] --START--
INFO: Run Behavior\BuildLiteBehavior [ RunTime:0.000000s ]
INFO: [ app_init ] --END-- [ RunTime:0.000000s ]
INFO: [ app_begin ] --START--
INFO: Run Behavior\ReadHtmlCacheBehavior [ RunTime:0.000000s ]
INFO: [ app_begin ] --END-- [ RunTime:0.000000s ]
NOTIC: [2] ini_set() has been disabled for security reasons E:\web\lykl812j\WwwRoot\ThinkPHP\Common\functions.php 第 1236 行.
SQL: SHOW COLUMNS FROM `fh_article` [ RunTime:0.0000s ]
SQL: SHOW COLUMNS FROM `fh_cat` [ RunTime:0.0000s ]
SQL: SHOW COLUMNS FROM `fh_log` [ RunTime:0.0000s ]
SQL: SHOW COLUMNS FROM `fh_say` [ RunTime:0.0000s ]
SQL: SHOW COLUMNS FROM `fh_system` [ RunTime:0.0156s ]
SQL: SELECT * FROM `fh_article` WHERE `a_id` = 12 LIMIT 1   [ RunTime:0.0000s ]
SQL: SHOW COLUMNS FROM `fh_article_c` [ RunTime:0.0000s ]
SQL: UPDATE `fh_article` SET `a_hit`=a_hit+1 WHERE `a_id` = 12 [ RunTime:0.0156s ]
SQL: SELECT * FROM `fh_article` WHERE `a_id` = 12 LIMIT 1   [ RunTime:0.0000s ]
SQL: SELECT * FROM `fh_article` WHERE ( a_id < 12 ) ORDER BY a_id desc LIMIT 1   [ RunTime:0.0000s ]
SQL: SELECT * FROM `fh_article` WHERE ( a_id > 12 ) LIMIT 1   [ RunTime:0.0000s ]
SQL: SELECT COUNT(*) AS tp_count FROM `fh_article_c` WHERE `ac_pid` = 12 LIMIT 1   [ RunTime:0.0000s ]
SQL: SELECT * FROM `fh_article_c` WHERE `ac_pid` = 12 ORDER BY ac_time desc  [ RunTime:0.0000s ]
INFO: [ view_parse ] --START--
INFO: [ template_filter ] --START--
INFO: Run Behavior\ContentReplaceBehavior [ RunTime:0.000000s ]
INFO: [ template_filter ] --END-- [ RunTime:0.000000s ]
NOTIC: [8] Undefined variable: index E:\web\lykl812j\WwwRoot\Runtime\Cache\Home\7f11d8fd48ca18f0fc1c2c81c774938b.php 第 24 行.
NOTIC: [8] Undefined variable: about E:\web\lykl812j\WwwRoot\Runtime\Cache\Home\7f11d8fd48ca18f0fc1c2c81c774938b.php 第 25 行.
NOTIC: [8] Undefined variable: log E:\web\lykl812j\WwwRoot\Runtime\Cache\Home\7f11d8fd48ca18f0fc1c2c81c774938b.php 第 27 行.
NOTIC: [8] Undefined variable: say E:\web\lykl812j\WwwRoot\Runtime\Cache\Home\7f11d8fd48ca18f0fc1c2c81c774938b.php 第 28 行.
NOTIC: [8] Undefined variable: board E:\web\lykl812j\WwwRoot\Runtime\Cache\Home\7f11d8fd48ca18f0fc1c2c81c774938b.php 第 29 行.
NOTIC: [8] Undefined index: c_id E:\web\lykl812j\WwwRoot\Runtime\Cache\Home\7f11d8fd48ca18f0fc1c2c81c774938b.php 第 200 行.
NOTIC: [8] Undefined index: c_id E:\web\lykl812j\WwwRoot\Runtime\Cache\Home\7f11d8fd48ca18f0fc1c2c81c774938b.php 第 200 行.
NOTIC: [8] Undefined index: c_id E:\web\lykl812j\WwwRoot\Runtime\Cache\Home\7f11d8fd48ca18f0fc1c2c81c774938b.php 第 200 行.
NOTIC: [8] Undefined index: c_id E:\web\lykl812j\WwwRoot\Runtime\Cache\Home\7f11d8fd48ca18f0fc1c2c81c774938b.php 第 200 行.
NOTIC: [8] Undefined index: c_id E:\web\lykl812j\WwwRoot\Runtime\Cache\Home\7f11d8fd48ca18f0fc1c2c81c774938b.php 第 200 行.
INFO: Run Behavior\ParseTemplateBehavior [ RunTime:0.031250s ]
INFO: [ view_parse ] --END-- [ RunTime:0.031250s ]
INFO: [ view_filter ] --START--
INFO: Run Behavior\WriteHtmlCacheBehavior [ RunTime:0.000000s ]
INFO: [ view_filter ] --END-- [ RunTime:0.000000s ]
INFO: [ app_end ] --START--
INFO: Run Behavior\ShowPageTraceBehavior [ RunTime:0.000000s ]
INFO: [ app_end ] --END-- [ RunTime:0.000000s ]

[ 2017-12-13T10:29:59+08:00 ] 61.140.24.166 /
INFO: [ app_init ] --START--
INFO: Run Behavior\BuildLiteBehavior [ RunTime:0.000000s ]
INFO: [ app_init ] --END-- [ RunTime:0.000000s ]
INFO: [ app_begin ] --START--
INFO: Run Behavior\ReadHtmlCacheBehavior [ RunTime:0.000000s ]
INFO: [ app_begin ] --END-- [ RunTime:0.000000s ]
NOTIC: [2] ini_set() has been disabled for security reasons E:\web\lykl812j\WwwRoot\ThinkPHP\Common\functions.php 第 1236 行.
SQL: SHOW COLUMNS FROM `fh_article` [ RunTime:0.0156s ]
SQL: SHOW COLUMNS FROM `fh_cat` [ RunTime:0.0000s ]
SQL: SHOW COLUMNS FROM `fh_log` [ RunTime:0.0000s ]
SQL: SHOW COLUMNS FROM `fh_say` [ RunTime:0.0000s ]
SQL: SHOW COLUMNS FROM `fh_system` [ RunTime:0.0000s ]
SQL: SELECT * FROM `fh_article` WHERE `a_show` = 0 LIMIT 7   [ RunTime:0.0000s ]
SQL: SELECT * FROM `fh_cat` ORDER BY c_id desc  [ RunTime:0.0000s ]
SQL: SELECT * FROM `fh_article` ORDER BY a_time desc LIMIT 6   [ RunTime:0.0156s ]
SQL: SELECT * FROM `fh_log` ORDER BY l_time desc LIMIT 6   [ RunTime:0.0000s ]
SQL: SELECT * FROM `fh_say` ORDER BY s_time desc LIMIT 6   [ RunTime:0.0000s ]
SQL: SELECT `c_id`,`c_name` FROM `fh_cat` WHERE `c_show` = 0 ORDER BY c_id desc  [ RunTime:0.0000s ]
SQL: SELECT `a_id`,`a_name`,`a_img`,`a_time`,`a_hit`,`c_name` FROM `fh_article` INNER JOIN fh_cat on fh_article.pid = fh_cat.c_id  ORDER BY a_hit desc LIMIT 5   [ RunTime:0.0000s ]
SQL: SELECT * FROM `fh_system` WHERE `id` = 1 LIMIT 1   [ RunTime:0.0000s ]
INFO: [ view_parse ] --START--
INFO: [ template_filter ] --START--
INFO: Run Behavior\ContentReplaceBehavior [ RunTime:0.000000s ]
INFO: [ template_filter ] --END-- [ RunTime:0.000000s ]
NOTIC: [8] Undefined variable: about E:\web\lykl812j\WwwRoot\Runtime\Cache\Home\ccc714bf1ad7378d61a4beb8be3a2914.php 第 24 行.
NOTIC: [8] Undefined variable: article E:\web\lykl812j\WwwRoot\Runtime\Cache\Home\ccc714bf1ad7378d61a4beb8be3a2914.php 第 25 行.
NOTIC: [8] Undefined variable: log E:\web\lykl812j\WwwRoot\Runtime\Cache\Home\ccc714bf1ad7378d61a4beb8be3a2914.php 第 26 行.
NOTIC: [8] Undefined variable: say E:\web\lykl812j\WwwRoot\Runtime\Cache\Home\ccc714bf1ad7378d61a4beb8be3a2914.php 第 27 行.
NOTIC: [8] Undefined variable: board E:\web\lykl812j\WwwRoot\Runtime\Cache\Home\ccc714bf1ad7378d61a4beb8be3a2914.php 第 28 行.
NOTIC: [8] Undefined index: c_id E:\web\lykl812j\WwwRoot\Runtime\Cache\Home\ccc714bf1ad7378d61a4beb8be3a2914.php 第 180 行.
NOTIC: [8] Undefined index: c_id E:\web\lykl812j\WwwRoot\Runtime\Cache\Home\ccc714bf1ad7378d61a4beb8be3a2914.php 第 180 行.
NOTIC: [8] Undefined index: c_id E:\web\lykl812j\WwwRoot\Runtime\Cache\Home\ccc714bf1ad7378d61a4beb8be3a2914.php 第 180 行.
NOTIC: [8] Undefined index: c_id E:\web\lykl812j\WwwRoot\Runtime\Cache\Home\ccc714bf1ad7378d61a4beb8be3a2914.php 第 180 行.
NOTIC: [8] Undefined index: c_id E:\web\lykl812j\WwwRoot\Runtime\Cache\Home\ccc714bf1ad7378d61a4beb8be3a2914.php 第 180 行.
INFO: Run Behavior\ParseTemplateBehavior [ RunTime:0.031250s ]
INFO: [ view_parse ] --END-- [ RunTime:0.031250s ]
INFO: [ view_filter ] --START--
INFO: Run Behavior\WriteHtmlCacheBehavior [ RunTime:0.000000s ]
INFO: [ view_filter ] --END-- [ RunTime:0.000000s ]
INFO: [ app_end ] --START--
INFO: Run Behavior\ShowPageTraceBehavior [ RunTime:0.000000s ]
INFO: [ app_end ] --END-- [ RunTime:0.000000s ]

[ 2017-12-13T10:30:16+08:00 ] 61.140.24.166 /favicon.ico
INFO: [ app_init ] --START--
INFO: Run Behavior\BuildLiteBehavior [ RunTime:0.000000s ]
INFO: [ app_init ] --END-- [ RunTime:0.000000s ]

[ 2017-12-13T13:26:04+08:00 ] 220.181.132.178 /
INFO: [ app_init ] --START--
INFO: Run Behavior\BuildLiteBehavior [ RunTime:0.000000s ]
INFO: [ app_init ] --END-- [ RunTime:0.000000s ]
INFO: [ app_begin ] --START--
INFO: Run Behavior\ReadHtmlCacheBehavior [ RunTime:0.000000s ]
INFO: [ app_begin ] --END-- [ RunTime:0.000000s ]
NOTIC: [2] ini_set() has been disabled for security reasons E:\web\lykl812j\WwwRoot\ThinkPHP\Common\functions.php 第 1236 行.
SQL: SHOW COLUMNS FROM `fh_article` [ RunTime:0.0000s ]
SQL: SHOW COLUMNS FROM `fh_cat` [ RunTime:0.0000s ]
SQL: SHOW COLUMNS FROM `fh_log` [ RunTime:0.0000s ]
SQL: SHOW COLUMNS FROM `fh_say` [ RunTime:0.0000s ]
SQL: SHOW COLUMNS FROM `fh_system` [ RunTime:0.0000s ]
SQL: SELECT * FROM `fh_article` WHERE `a_show` = 0 LIMIT 7   [ RunTime:0.0000s ]
SQL: SELECT * FROM `fh_cat` ORDER BY c_id desc  [ RunTime:0.0000s ]
SQL: SELECT * FROM `fh_article` ORDER BY a_time desc LIMIT 6   [ RunTime:0.0000s ]
SQL: SELECT * FROM `fh_log` ORDER BY l_time desc LIMIT 6   [ RunTime:0.0000s ]
SQL: SELECT * FROM `fh_say` ORDER BY s_time desc LIMIT 6   [ RunTime:0.0000s ]
SQL: SELECT `c_id`,`c_name` FROM `fh_cat` WHERE `c_show` = 0 ORDER BY c_id desc  [ RunTime:0.0000s ]
SQL: SELECT `a_id`,`a_name`,`a_img`,`a_time`,`a_hit`,`c_name` FROM `fh_article` INNER JOIN fh_cat on fh_article.pid = fh_cat.c_id  ORDER BY a_hit desc LIMIT 5   [ RunTime:0.0156s ]
SQL: SELECT * FROM `fh_system` WHERE `id` = 1 LIMIT 1   [ RunTime:0.0000s ]
INFO: [ view_parse ] --START--
INFO: [ template_filter ] --START--
INFO: Run Behavior\ContentReplaceBehavior [ RunTime:0.000000s ]
INFO: [ template_filter ] --END-- [ RunTime:0.000000s ]
NOTIC: [8] Undefined variable: about E:\web\lykl812j\WwwRoot\Runtime\Cache\Home\ccc714bf1ad7378d61a4beb8be3a2914.php 第 24 行.
NOTIC: [8] Undefined variable: article E:\web\lykl812j\WwwRoot\Runtime\Cache\Home\ccc714bf1ad7378d61a4beb8be3a2914.php 第 25 行.
NOTIC: [8] Undefined variable: log E:\web\lykl812j\WwwRoot\Runtime\Cache\Home\ccc714bf1ad7378d61a4beb8be3a2914.php 第 26 行.
NOTIC: [8] Undefined variable: say E:\web\lykl812j\WwwRoot\Runtime\Cache\Home\ccc714bf1ad7378d61a4beb8be3a2914.php 第 27 行.
NOTIC: [8] Undefined variable: board E:\web\lykl812j\WwwRoot\Runtime\Cache\Home\ccc714bf1ad7378d61a4beb8be3a2914.php 第 28 行.
NOTIC: [8] Undefined index: c_id E:\web\lykl812j\WwwRoot\Runtime\Cache\Home\ccc714bf1ad7378d61a4beb8be3a2914.php 第 180 行.
NOTIC: [8] Undefined index: c_id E:\web\lykl812j\WwwRoot\Runtime\Cache\Home\ccc714bf1ad7378d61a4beb8be3a2914.php 第 180 行.
NOTIC: [8] Undefined index: c_id E:\web\lykl812j\WwwRoot\Runtime\Cache\Home\ccc714bf1ad7378d61a4beb8be3a2914.php 第 180 行.
NOTIC: [8] Undefined index: c_id E:\web\lykl812j\WwwRoot\Runtime\Cache\Home\ccc714bf1ad7378d61a4beb8be3a2914.php 第 180 行.
NOTIC: [8] Undefined index: c_id E:\web\lykl812j\WwwRoot\Runtime\Cache\Home\ccc714bf1ad7378d61a4beb8be3a2914.php 第 180 行.
INFO: Run Behavior\ParseTemplateBehavior [ RunTime:0.031250s ]
INFO: [ view_parse ] --END-- [ RunTime:0.031250s ]
INFO: [ view_filter ] --START--
INFO: Run Behavior\WriteHtmlCacheBehavior [ RunTime:0.000000s ]
INFO: [ view_filter ] --END-- [ RunTime:0.000000s ]
INFO: [ app_end ] --START--
INFO: Run Behavior\ShowPageTraceBehavior [ RunTime:0.000000s ]
INFO: [ app_end ] --END-- [ RunTime:0.000000s ]

[ 2017-12-13T13:26:20+08:00 ] 106.120.162.94 /
INFO: [ app_init ] --START--
INFO: Run Behavior\BuildLiteBehavior [ RunTime:0.000000s ]
INFO: [ app_init ] --END-- [ RunTime:0.000000s ]
INFO: [ app_begin ] --START--
INFO: Run Behavior\ReadHtmlCacheBehavior [ RunTime:0.000000s ]
INFO: [ app_begin ] --END-- [ RunTime:0.000000s ]
NOTIC: [2] ini_set() has been disabled for security reasons E:\web\lykl812j\WwwRoot\ThinkPHP\Common\functions.php 第 1236 行.
SQL: SHOW COLUMNS FROM `fh_article` [ RunTime:0.0000s ]
SQL: SHOW COLUMNS FROM `fh_cat` [ RunTime:0.0000s ]
SQL: SHOW COLUMNS FROM `fh_log` [ RunTime:0.0000s ]
SQL: SHOW COLUMNS FROM `fh_say` [ RunTime:0.0000s ]
SQL: SHOW COLUMNS FROM `fh_system` [ RunTime:0.0156s ]
SQL: SELECT * FROM `fh_article` WHERE `a_show` = 0 LIMIT 7   [ RunTime:0.0000s ]
SQL: SELECT * FROM `fh_cat` ORDER BY c_id desc  [ RunTime:0.0000s ]
SQL: SELECT * FROM `fh_article` ORDER BY a_time desc LIMIT 6   [ RunTime:0.0000s ]
SQL: SELECT * FROM `fh_log` ORDER BY l_time desc LIMIT 6   [ RunTime:0.0156s ]
SQL: SELECT * FROM `fh_say` ORDER BY s_time desc LIMIT 6   [ RunTime:0.0000s ]
SQL: SELECT `c_id`,`c_name` FROM `fh_cat` WHERE `c_show` = 0 ORDER BY c_id desc  [ RunTime:0.0000s ]
SQL: SELECT `a_id`,`a_name`,`a_img`,`a_time`,`a_hit`,`c_name` FROM `fh_article` INNER JOIN fh_cat on fh_article.pid = fh_cat.c_id  ORDER BY a_hit desc LIMIT 5   [ RunTime:0.0000s ]
SQL: SELECT * FROM `fh_system` WHERE `id` = 1 LIMIT 1   [ RunTime:0.0000s ]
INFO: [ view_parse ] --START--
INFO: [ template_filter ] --START--
INFO: Run Behavior\ContentReplaceBehavior [ RunTime:0.000000s ]
INFO: [ template_filter ] --END-- [ RunTime:0.000000s ]
NOTIC: [8] Undefined variable: about E:\web\lykl812j\WwwRoot\Runtime\Cache\Home\ccc714bf1ad7378d61a4beb8be3a2914.php 第 24 行.
NOTIC: [8] Undefined variable: article E:\web\lykl812j\WwwRoot\Runtime\Cache\Home\ccc714bf1ad7378d61a4beb8be3a2914.php 第 25 行.
NOTIC: [8] Undefined variable: log E:\web\lykl812j\WwwRoot\Runtime\Cache\Home\ccc714bf1ad7378d61a4beb8be3a2914.php 第 26 行.
NOTIC: [8] Undefined variable: say E:\web\lykl812j\WwwRoot\Runtime\Cache\Home\ccc714bf1ad7378d61a4beb8be3a2914.php 第 27 行.
NOTIC: [8] Undefined variable: board E:\web\lykl812j\WwwRoot\Runtime\Cache\Home\ccc714bf1ad7378d61a4beb8be3a2914.php 第 28 行.
NOTIC: [8] Undefined index: c_id E:\web\lykl812j\WwwRoot\Runtime\Cache\Home\ccc714bf1ad7378d61a4beb8be3a2914.php 第 180 行.
NOTIC: [8] Undefined index: c_id E:\web\lykl812j\WwwRoot\Runtime\Cache\Home\ccc714bf1ad7378d61a4beb8be3a2914.php 第 180 行.
NOTIC: [8] Undefined index: c_id E:\web\lykl812j\WwwRoot\Runtime\Cache\Home\ccc714bf1ad7378d61a4beb8be3a2914.php 第 180 行.
NOTIC: [8] Undefined index: c_id E:\web\lykl812j\WwwRoot\Runtime\Cache\Home\ccc714bf1ad7378d61a4beb8be3a2914.php 第 180 行.
NOTIC: [8] Undefined index: c_id E:\web\lykl812j\WwwRoot\Runtime\Cache\Home\ccc714bf1ad7378d61a4beb8be3a2914.php 第 180 行.
INFO: Run Behavior\ParseTemplateBehavior [ RunTime:0.031250s ]
INFO: [ view_parse ] --END-- [ RunTime:0.031250s ]
INFO: [ view_filter ] --START--
INFO: Run Behavior\WriteHtmlCacheBehavior [ RunTime:0.000000s ]
INFO: [ view_filter ] --END-- [ RunTime:0.000000s ]
INFO: [ app_end ] --START--
INFO: Run Behavior\ShowPageTraceBehavior [ RunTime:0.000000s ]
INFO: [ app_end ] --END-- [ RunTime:0.000000s ]

[ 2017-12-13T18:10:15+08:00 ] 101.226.233.144 /
INFO: [ app_init ] --START--
INFO: Run Behavior\BuildLiteBehavior [ RunTime:0.000000s ]
INFO: [ app_init ] --END-- [ RunTime:0.000000s ]
INFO: [ app_begin ] --START--
INFO: Run Behavior\ReadHtmlCacheBehavior [ RunTime:0.000000s ]
INFO: [ app_begin ] --END-- [ RunTime:0.000000s ]
NOTIC: [2] ini_set() has been disabled for security reasons E:\web\lykl812j\WwwRoot\ThinkPHP\Common\functions.php 第 1236 行.
SQL: SHOW COLUMNS FROM `fh_article` [ RunTime:0.0000s ]
SQL: SHOW COLUMNS FROM `fh_cat` [ RunTime:0.0000s ]
SQL: SHOW COLUMNS FROM `fh_log` [ RunTime:0.0000s ]
SQL: SHOW COLUMNS FROM `fh_say` [ RunTime:0.0000s ]
SQL: SHOW COLUMNS FROM `fh_system` [ RunTime:0.0156s ]
SQL: SELECT * FROM `fh_article` WHERE `a_show` = 0 LIMIT 7   [ RunTime:0.0000s ]
SQL: SELECT * FROM `fh_cat` ORDER BY c_id desc  [ RunTime:0.0000s ]
SQL: SELECT * FROM `fh_article` ORDER BY a_time desc LIMIT 6   [ RunTime:0.0000s ]
SQL: SELECT * FROM `fh_log` ORDER BY l_time desc LIMIT 6   [ RunTime:0.0000s ]
SQL: SELECT * FROM `fh_say` ORDER BY s_time desc LIMIT 6   [ RunTime:0.0000s ]
SQL: SELECT `c_id`,`c_name` FROM `fh_cat` WHERE `c_show` = 0 ORDER BY c_id desc  [ RunTime:0.0000s ]
SQL: SELECT `a_id`,`a_name`,`a_img`,`a_time`,`a_hit`,`c_name` FROM `fh_article` INNER JOIN fh_cat on fh_article.pid = fh_cat.c_id  ORDER BY a_hit desc LIMIT 5   [ RunTime:0.0000s ]
SQL: SELECT * FROM `fh_system` WHERE `id` = 1 LIMIT 1   [ RunTime:0.0000s ]
INFO: [ view_parse ] --START--
INFO: [ template_filter ] --START--
INFO: Run Behavior\ContentReplaceBehavior [ RunTime:0.000000s ]
INFO: [ template_filter ] --END-- [ RunTime:0.000000s ]
NOTIC: [8] Undefined variable: about E:\web\lykl812j\WwwRoot\Runtime\Cache\Home\ccc714bf1ad7378d61a4beb8be3a2914.php 第 24 行.
NOTIC: [8] Undefined variable: article E:\web\lykl812j\WwwRoot\Runtime\Cache\Home\ccc714bf1ad7378d61a4beb8be3a2914.php 第 25 行.
NOTIC: [8] Undefined variable: log E:\web\lykl812j\WwwRoot\Runtime\Cache\Home\ccc714bf1ad7378d61a4beb8be3a2914.php 第 26 行.
NOTIC: [8] Undefined variable: say E:\web\lykl812j\WwwRoot\Runtime\Cache\Home\ccc714bf1ad7378d61a4beb8be3a2914.php 第 27 行.
NOTIC: [8] Undefined variable: board E:\web\lykl812j\WwwRoot\Runtime\Cache\Home\ccc714bf1ad7378d61a4beb8be3a2914.php 第 28 行.
NOTIC: [8] Undefined index: c_id E:\web\lykl812j\WwwRoot\Runtime\Cache\Home\ccc714bf1ad7378d61a4beb8be3a2914.php 第 180 行.
NOTIC: [8] Undefined index: c_id E:\web\lykl812j\WwwRoot\Runtime\Cache\Home\ccc714bf1ad7378d61a4beb8be3a2914.php 第 180 行.
NOTIC: [8] Undefined index: c_id E:\web\lykl812j\WwwRoot\Runtime\Cache\Home\ccc714bf1ad7378d61a4beb8be3a2914.php 第 180 行.
NOTIC: [8] Undefined index: c_id E:\web\lykl812j\WwwRoot\Runtime\Cache\Home\ccc714bf1ad7378d61a4beb8be3a2914.php 第 180 行.
NOTIC: [8] Undefined index: c_id E:\web\lykl812j\WwwRoot\Runtime\Cache\Home\ccc714bf1ad7378d61a4beb8be3a2914.php 第 180 行.
INFO: Run Behavior\ParseTemplateBehavior [ RunTime:0.062500s ]
INFO: [ view_parse ] --END-- [ RunTime:0.062500s ]
INFO: [ view_filter ] --START--
INFO: Run Behavior\WriteHtmlCacheBehavior [ RunTime:0.000000s ]
INFO: [ view_filter ] --END-- [ RunTime:0.000000s ]
INFO: [ app_end ] --START--
INFO: Run Behavior\ShowPageTraceBehavior [ RunTime:0.000000s ]
INFO: [ app_end ] --END-- [ RunTime:0.000000s ]

[ 2017-12-13T18:10:17+08:00 ] 113.96.219.249 /?nsukey=jeoDsTqr49EaeBTuln22Olp3rbWyV3WpFNrZzsPFSpBv0coiwfIwMqTItg1mfEjdIgCDrMBw8Pyg%2BS9NOX%2BI6YULP20oO%2BH7Hict47aynEpAQ0RuExZSgiBWbMODbsFV%2FaSDtBuyeVlMkuZP%2BD%2FH6Z03EZIz4EQ45N1Nsu%2Be0bdzE%2FBtytSIAiqQKWRLaC%2FMEc%2B5XHUPQjOgkRFph5XLxA%3D%3D
INFO: [ app_init ] --START--
INFO: Run Behavior\BuildLiteBehavior [ RunTime:0.000000s ]
INFO: [ app_init ] --END-- [ RunTime:0.000000s ]
INFO: [ app_begin ] --START--
INFO: Run Behavior\ReadHtmlCacheBehavior [ RunTime:0.000000s ]
INFO: [ app_begin ] --END-- [ RunTime:0.000000s ]
NOTIC: [2] ini_set() has been disabled for security reasons E:\web\lykl812j\WwwRoot\ThinkPHP\Common\functions.php 第 1236 行.
SQL: SHOW COLUMNS FROM `fh_article` [ RunTime:0.0000s ]
SQL: SHOW COLUMNS FROM `fh_cat` [ RunTime:0.0000s ]
SQL: SHOW COLUMNS FROM `fh_log` [ RunTime:0.0000s ]
SQL: SHOW COLUMNS FROM `fh_say` [ RunTime:0.0156s ]
SQL: SHOW COLUMNS FROM `fh_system` [ RunTime:0.0000s ]
INFO: [ view_parse ] --START--
INFO: [ template_filter ] --START--
INFO: Run Behavior\ContentReplaceBehavior [ RunTime:0.000000s ]
INFO: [ template_filter ] --END-- [ RunTime:0.000000s ]
NOTIC: [8] Undefined variable: about E:\web\lykl812j\WwwRoot\Runtime\Cache\Home\ccc714bf1ad7378d61a4beb8be3a2914.php 第 24 行.
NOTIC: [8] Undefined variable: article E:\web\lykl812j\WwwRoot\Runtime\Cache\Home\ccc714bf1ad7378d61a4beb8be3a2914.php 第 25 行.
NOTIC: [8] Undefined variable: log E:\web\lykl812j\WwwRoot\Runtime\Cache\Home\ccc714bf1ad7378d61a4beb8be3a2914.php 第 26 行.
NOTIC: [8] Undefined variable: say E:\web\lykl812j\WwwRoot\Runtime\Cache\Home\ccc714bf1ad7378d61a4beb8be3a2914.php 第 27 行.
NOTIC: [8] Undefined variable: board E:\web\lykl812j\WwwRoot\Runtime\Cache\Home\ccc714bf1ad7378d61a4beb8be3a2914.php 第 28 行.
NOTIC: [8] Undefined index: c_id E:\web\lykl812j\WwwRoot\Runtime\Cache\Home\ccc714bf1ad7378d61a4beb8be3a2914.php 第 180 行.
NOTIC: [8] Undefined index: c_id E:\web\lykl812j\WwwRoot\Runtime\Cache\Home\ccc714bf1ad7378d61a4beb8be3a2914.php 第 180 行.
NOTIC: [8] Undefined index: c_id E:\web\lykl812j\WwwRoot\Runtime\Cache\Home\ccc714bf1ad7378d61a4beb8be3a2914.php 第 180 行.
NOTIC: [8] Undefined index: c_id E:\web\lykl812j\WwwRoot\Runtime\Cache\Home\ccc714bf1ad7378d61a4beb8be3a2914.php 第 180 行.
NOTIC: [8] Undefined index: c_id E:\web\lykl812j\WwwRoot\Runtime\Cache\Home\ccc714bf1ad7378d61a4beb8be3a2914.php 第 180 行.
INFO: Run Behavior\ParseTemplateBehavior [ RunTime:0.031250s ]
INFO: [ view_parse ] --END-- [ RunTime:0.031250s ]
INFO: [ view_filter ] --START--
INFO: Run Behavior\WriteHtmlCacheBehavior [ RunTime:0.000000s ]
INFO: [ view_filter ] --END-- [ RunTime:0.000000s ]
INFO: [ app_end ] --START--
INFO: Run Behavior\ShowPageTraceBehavior [ RunTime:0.000000s ]
INFO: [ app_end ] --END-- [ RunTime:0.000000s ]

[ 2017-12-13T18:10:18+08:00 ] 14.116.133.170 /?nsukey=jeoDsTqr49EaeBTuln22Olp3rbWyV3WpFNrZzsPFSpBv0coiwfIwMqTItg1mfEjdIgCDrMBw8Pyg%2BS9NOX%2BI6YULP20oO%2BH7Hict47aynEpAQ0RuExZSgiBWbMODbsFV%2FaSDtBuyeVlMkuZP%2BD%2FH6Z03EZIz4EQ45N1Nsu%2Be0bdzE%2FBtytSIAiqQKWRLaC%2FMEc%2B5XHUPQjOgkRFph5XLxA%3D%3D
INFO: [ app_init ] --START--
INFO: Run Behavior\BuildLiteBehavior [ RunTime:0.000000s ]
INFO: [ app_init ] --END-- [ RunTime:0.015625s ]
INFO: [ app_begin ] --START--
INFO: Run Behavior\ReadHtmlCacheBehavior [ RunTime:0.000000s ]
INFO: [ app_begin ] --END-- [ RunTime:0.000000s ]
NOTIC: [2] ini_set() has been disabled for security reasons E:\web\lykl812j\WwwRoot\ThinkPHP\Common\functions.php 第 1236 行.
SQL: SHOW COLUMNS FROM `fh_article` [ RunTime:0.0000s ]
SQL: SHOW COLUMNS FROM `fh_cat` [ RunTime:0.0000s ]
SQL: SHOW COLUMNS FROM `fh_log` [ RunTime:0.0000s ]
SQL: SHOW COLUMNS FROM `fh_say` [ RunTime:0.0156s ]
SQL: SHOW COLUMNS FROM `fh_system` [ RunTime:0.0000s ]
INFO: [ view_parse ] --START--
INFO: [ template_filter ] --START--
INFO: Run Behavior\ContentReplaceBehavior [ RunTime:0.000000s ]
INFO: [ template_filter ] --END-- [ RunTime:0.000000s ]
NOTIC: [8] Undefined variable: about E:\web\lykl812j\WwwRoot\Runtime\Cache\Home\ccc714bf1ad7378d61a4beb8be3a2914.php 第 24 行.
NOTIC: [8] Undefined variable: article E:\web\lykl812j\WwwRoot\Runtime\Cache\Home\ccc714bf1ad7378d61a4beb8be3a2914.php 第 25 行.
NOTIC: [8] Undefined variable: log E:\web\lykl812j\WwwRoot\Runtime\Cache\Home\ccc714bf1ad7378d61a4beb8be3a2914.php 第 26 行.
NOTIC: [8] Undefined variable: say E:\web\lykl812j\WwwRoot\Runtime\Cache\Home\ccc714bf1ad7378d61a4beb8be3a2914.php 第 27 行.
NOTIC: [8] Undefined variable: board E:\web\lykl812j\WwwRoot\Runtime\Cache\Home\ccc714bf1ad7378d61a4beb8be3a2914.php 第 28 行.
NOTIC: [8] Undefined index: c_id E:\web\lykl812j\WwwRoot\Runtime\Cache\Home\ccc714bf1ad7378d61a4beb8be3a2914.php 第 180 行.
NOTIC: [8] Undefined index: c_id E:\web\lykl812j\WwwRoot\Runtime\Cache\Home\ccc714bf1ad7378d61a4beb8be3a2914.php 第 180 行.
NOTIC: [8] Undefined index: c_id E:\web\lykl812j\WwwRoot\Runtime\Cache\Home\ccc714bf1ad7378d61a4beb8be3a2914.php 第 180 行.
NOTIC: [8] Undefined index: c_id E:\web\lykl812j\WwwRoot\Runtime\Cache\Home\ccc714bf1ad7378d61a4beb8be3a2914.php 第 180 行.
NOTIC: [8] Undefined index: c_id E:\web\lykl812j\WwwRoot\Runtime\Cache\Home\ccc714bf1ad7378d61a4beb8be3a2914.php 第 180 行.
INFO: Run Behavior\ParseTemplateBehavior [ RunTime:0.031250s ]
INFO: [ view_parse ] --END-- [ RunTime:0.031250s ]
INFO: [ view_filter ] --START--
INFO: Run Behavior\WriteHtmlCacheBehavior [ RunTime:0.000000s ]
INFO: [ view_filter ] --END-- [ RunTime:0.000000s ]
INFO: [ app_end ] --START--
INFO: Run Behavior\ShowPageTraceBehavior [ RunTime:0.000000s ]
INFO: [ app_end ] --END-- [ RunTime:0.000000s ]

[ 2017-12-13T18:10:19+08:00 ] 157.255.172.17 /
INFO: [ app_init ] --START--
INFO: Run Behavior\BuildLiteBehavior [ RunTime:0.000000s ]
INFO: [ app_init ] --END-- [ RunTime:0.000000s ]
INFO: [ app_begin ] --START--
INFO: Run Behavior\ReadHtmlCacheBehavior [ RunTime:0.000000s ]
INFO: [ app_begin ] --END-- [ RunTime:0.000000s ]
NOTIC: [2] ini_set() has been disabled for security reasons E:\web\lykl812j\WwwRoot\ThinkPHP\Common\functions.php 第 1236 行.
SQL: SHOW COLUMNS FROM `fh_article` [ RunTime:0.0000s ]
SQL: SHOW COLUMNS FROM `fh_cat` [ RunTime:0.0000s ]
SQL: SHOW COLUMNS FROM `fh_log` [ RunTime:0.0000s ]
SQL: SHOW COLUMNS FROM `fh_say` [ RunTime:0.0156s ]
SQL: SHOW COLUMNS FROM `fh_system` [ RunTime:0.0000s ]
INFO: [ view_parse ] --START--
INFO: [ template_filter ] --START--
INFO: Run Behavior\ContentReplaceBehavior [ RunTime:0.000000s ]
INFO: [ template_filter ] --END-- [ RunTime:0.000000s ]
NOTIC: [8] Undefined variable: about E:\web\lykl812j\WwwRoot\Runtime\Cache\Home\ccc714bf1ad7378d61a4beb8be3a2914.php 第 24 行.
NOTIC: [8] Undefined variable: article E:\web\lykl812j\WwwRoot\Runtime\Cache\Home\ccc714bf1ad7378d61a4beb8be3a2914.php 第 25 行.
NOTIC: [8] Undefined variable: log E:\web\lykl812j\WwwRoot\Runtime\Cache\Home\ccc714bf1ad7378d61a4beb8be3a2914.php 第 26 行.
NOTIC: [8] Undefined variable: say E:\web\lykl812j\WwwRoot\Runtime\Cache\Home\ccc714bf1ad7378d61a4beb8be3a2914.php 第 27 行.
NOTIC: [8] Undefined variable: board E:\web\lykl812j\WwwRoot\Runtime\Cache\Home\ccc714bf1ad7378d61a4beb8be3a2914.php 第 28 行.
NOTIC: [8] Undefined index: c_id E:\web\lykl812j\WwwRoot\Runtime\Cache\Home\ccc714bf1ad7378d61a4beb8be3a2914.php 第 180 行.
NOTIC: [8] Undefined index: c_id E:\web\lykl812j\WwwRoot\Runtime\Cache\Home\ccc714bf1ad7378d61a4beb8be3a2914.php 第 180 行.
NOTIC: [8] Undefined index: c_id E:\web\lykl812j\WwwRoot\Runtime\Cache\Home\ccc714bf1ad7378d61a4beb8be3a2914.php 第 180 行.
NOTIC: [8] Undefined index: c_id E:\web\lykl812j\WwwRoot\Runtime\Cache\Home\ccc714bf1ad7378d61a4beb8be3a2914.php 第 180 行.
NOTIC: [8] Undefined index: c_id E:\web\lykl812j\WwwRoot\Runtime\Cache\Home\ccc714bf1ad7378d61a4beb8be3a2914.php 第 180 行.
INFO: Run Behavior\ParseTemplateBehavior [ RunTime:0.062500s ]
INFO: [ view_parse ] --END-- [ RunTime:0.062500s ]
INFO: [ view_filter ] --START--
INFO: Run Behavior\WriteHtmlCacheBehavior [ RunTime:0.000000s ]
INFO: [ view_filter ] --END-- [ RunTime:0.000000s ]
INFO: [ app_end ] --START--
INFO: Run Behavior\ShowPageTraceBehavior [ RunTime:0.000000s ]
INFO: [ app_end ] --END-- [ RunTime:0.000000s ]

[ 2017-12-13T18:10:19+08:00 ] 121.51.14.20 /
INFO: [ app_init ] --START--
INFO: Run Behavior\BuildLiteBehavior [ RunTime:0.000000s ]
INFO: [ app_init ] --END-- [ RunTime:0.000000s ]
INFO: [ app_begin ] --START--
INFO: Run Behavior\ReadHtmlCacheBehavior [ RunTime:0.000000s ]
INFO: [ app_begin ] --END-- [ RunTime:0.000000s ]
NOTIC: [2] ini_set() has been disabled for security reasons E:\web\lykl812j\WwwRoot\ThinkPHP\Common\functions.php 第 1236 行.
SQL: SHOW COLUMNS FROM `fh_article` [ RunTime:0.0000s ]
SQL: SHOW COLUMNS FROM `fh_cat` [ RunTime:0.0000s ]
SQL: SHOW COLUMNS FROM `fh_log` [ RunTime:0.0000s ]
SQL: SHOW COLUMNS FROM `fh_say` [ RunTime:0.0000s ]
SQL: SHOW COLUMNS FROM `fh_system` [ RunTime:0.0000s ]
INFO: [ view_parse ] --START--
INFO: [ template_filter ] --START--
INFO: Run Behavior\ContentReplaceBehavior [ RunTime:0.000000s ]
INFO: [ template_filter ] --END-- [ RunTime:0.000000s ]
NOTIC: [8] Undefined variable: about E:\web\lykl812j\WwwRoot\Runtime\Cache\Home\ccc714bf1ad7378d61a4beb8be3a2914.php 第 24 行.
NOTIC: [8] Undefined variable: article E:\web\lykl812j\WwwRoot\Runtime\Cache\Home\ccc714bf1ad7378d61a4beb8be3a2914.php 第 25 行.
NOTIC: [8] Undefined variable: log E:\web\lykl812j\WwwRoot\Runtime\Cache\Home\ccc714bf1ad7378d61a4beb8be3a2914.php 第 26 行.
NOTIC: [8] Undefined variable: say E:\web\lykl812j\WwwRoot\Runtime\Cache\Home\ccc714bf1ad7378d61a4beb8be3a2914.php 第 27 行.
NOTIC: [8] Undefined variable: board E:\web\lykl812j\WwwRoot\Runtime\Cache\Home\ccc714bf1ad7378d61a4beb8be3a2914.php 第 28 行.
NOTIC: [8] Undefined index: c_id E:\web\lykl812j\WwwRoot\Runtime\Cache\Home\ccc714bf1ad7378d61a4beb8be3a2914.php 第 180 行.
NOTIC: [8] Undefined index: c_id E:\web\lykl812j\WwwRoot\Runtime\Cache\Home\ccc714bf1ad7378d61a4beb8be3a2914.php 第 180 行.
NOTIC: [8] Undefined index: c_id E:\web\lykl812j\WwwRoot\Runtime\Cache\Home\ccc714bf1ad7378d61a4beb8be3a2914.php 第 180 行.
NOTIC: [8] Undefined index: c_id E:\web\lykl812j\WwwRoot\Runtime\Cache\Home\ccc714bf1ad7378d61a4beb8be3a2914.php 第 180 行.
NOTIC: [8] Undefined index: c_id E:\web\lykl812j\WwwRoot\Runtime\Cache\Home\ccc714bf1ad7378d61a4beb8be3a2914.php 第 180 行.
INFO: Run Behavior\ParseTemplateBehavior [ RunTime:0.046875s ]
INFO: [ view_parse ] --END-- [ RunTime:0.046875s ]
INFO: [ view_filter ] --START--
INFO: Run Behavior\WriteHtmlCacheBehavior [ RunTime:0.000000s ]
INFO: [ view_filter ] --END-- [ RunTime:0.000000s ]
INFO: [ app_end ] --START--
INFO: Run Behavior\ShowPageTraceBehavior [ RunTime:0.000000s ]
INFO: [ app_end ] --END-- [ RunTime:0.000000s ]

[ 2017-12-13T18:10:23+08:00 ] 120.204.17.71 /
INFO: [ app_init ] --START--
INFO: Run Behavior\BuildLiteBehavior [ RunTime:0.000000s ]
INFO: [ app_init ] --END-- [ RunTime:0.000000s ]
INFO: [ app_begin ] --START--
INFO: Run Behavior\ReadHtmlCacheBehavior [ RunTime:0.000000s ]
INFO: [ app_begin ] --END-- [ RunTime:0.000000s ]
NOTIC: [2] ini_set() has been disabled for security reasons E:\web\lykl812j\WwwRoot\ThinkPHP\Common\functions.php 第 1236 行.
SQL: SHOW COLUMNS FROM `fh_article` [ RunTime:0.0000s ]
SQL: SHOW COLUMNS FROM `fh_cat` [ RunTime:0.0000s ]
SQL: SHOW COLUMNS FROM `fh_log` [ RunTime:0.0000s ]
SQL: SHOW COLUMNS FROM `fh_say` [ RunTime:0.0156s ]
SQL: SHOW COLUMNS FROM `fh_system` [ RunTime:0.0000s ]
INFO: [ view_parse ] --START--
INFO: [ template_filter ] --START--
INFO: Run Behavior\ContentReplaceBehavior [ RunTime:0.000000s ]
INFO: [ template_filter ] --END-- [ RunTime:0.000000s ]
NOTIC: [8] Undefined variable: about E:\web\lykl812j\WwwRoot\Runtime\Cache\Home\ccc714bf1ad7378d61a4beb8be3a2914.php 第 24 行.
NOTIC: [8] Undefined variable: article E:\web\lykl812j\WwwRoot\Runtime\Cache\Home\ccc714bf1ad7378d61a4beb8be3a2914.php 第 25 行.
NOTIC: [8] Undefined variable: log E:\web\lykl812j\WwwRoot\Runtime\Cache\Home\ccc714bf1ad7378d61a4beb8be3a2914.php 第 26 行.
NOTIC: [8] Undefined variable: say E:\web\lykl812j\WwwRoot\Runtime\Cache\Home\ccc714bf1ad7378d61a4beb8be3a2914.php 第 27 行.
NOTIC: [8] Undefined variable: board E:\web\lykl812j\WwwRoot\Runtime\Cache\Home\ccc714bf1ad7378d61a4beb8be3a2914.php 第 28 行.
NOTIC: [8] Undefined index: c_id E:\web\lykl812j\WwwRoot\Runtime\Cache\Home\ccc714bf1ad7378d61a4beb8be3a2914.php 第 180 行.
NOTIC: [8] Undefined index: c_id E:\web\lykl812j\WwwRoot\Runtime\Cache\Home\ccc714bf1ad7378d61a4beb8be3a2914.php 第 180 行.
NOTIC: [8] Undefined index: c_id E:\web\lykl812j\WwwRoot\Runtime\Cache\Home\ccc714bf1ad7378d61a4beb8be3a2914.php 第 180 行.
NOTIC: [8] Undefined index: c_id E:\web\lykl812j\WwwRoot\Runtime\Cache\Home\ccc714bf1ad7378d61a4beb8be3a2914.php 第 180 行.
NOTIC: [8] Undefined index: c_id E:\web\lykl812j\WwwRoot\Runtime\Cache\Home\ccc714bf1ad7378d61a4beb8be3a2914.php 第 180 行.
INFO: Run Behavior\ParseTemplateBehavior [ RunTime:0.031250s ]
INFO: [ view_parse ] --END-- [ RunTime:0.031250s ]
INFO: [ view_filter ] --START--
INFO: Run Behavior\WriteHtmlCacheBehavior [ RunTime:0.000000s ]
INFO: [ view_filter ] --END-- [ RunTime:0.000000s ]
INFO: [ app_end ] --START--
INFO: Run Behavior\ShowPageTraceBehavior [ RunTime:0.000000s ]
INFO: [ app_end ] --END-- [ RunTime:0.000000s ]

[ 2017-12-13T18:10:25+08:00 ] 117.136.12.164 /?nsukey=jeoDsTqr49EaeBTuln22Olp3rbWyV3WpFNrZzsPFSpBv0coiwfIwMqTItg1mfEjdIgCDrMBw8Pyg%2BS9NOX%2BI6YULP20oO%2BH7Hict47aynEpAQ0RuExZSgiBWbMODbsFV%2FaSDtBuyeVlMkuZP%2BD%2FH6Z03EZIz4EQ45N1Nsu%2Be0bdzE%2FBtytSIAiqQKWRLaC%2FMEc%2B5XHUPQjOgkRFph5XLxA%3D%3D
INFO: [ app_init ] --START--
INFO: Run Behavior\BuildLiteBehavior [ RunTime:0.000000s ]
INFO: [ app_init ] --END-- [ RunTime:0.000000s ]
INFO: [ app_begin ] --START--
INFO: Run Behavior\ReadHtmlCacheBehavior [ RunTime:0.000000s ]
INFO: [ app_begin ] --END-- [ RunTime:0.000000s ]
NOTIC: [2] ini_set() has been disabled for security reasons E:\web\lykl812j\WwwRoot\ThinkPHP\Common\functions.php 第 1236 行.
SQL: SHOW COLUMNS FROM `fh_article` [ RunTime:0.0000s ]
SQL: SHOW COLUMNS FROM `fh_cat` [ RunTime:0.0000s ]
SQL: SHOW COLUMNS FROM `fh_log` [ RunTime:0.0000s ]
SQL: SHOW COLUMNS FROM `fh_say` [ RunTime:0.0000s ]
SQL: SHOW COLUMNS FROM `fh_system` [ RunTime:0.0156s ]
INFO: [ view_parse ] --START--
INFO: [ template_filter ] --START--
INFO: Run Behavior\ContentReplaceBehavior [ RunTime:0.000000s ]
INFO: [ template_filter ] --END-- [ RunTime:0.000000s ]
NOTIC: [8] Undefined variable: about E:\web\lykl812j\WwwRoot\Runtime\Cache\Home\ccc714bf1ad7378d61a4beb8be3a2914.php 第 24 行.
NOTIC: [8] Undefined variable: article E:\web\lykl812j\WwwRoot\Runtime\Cache\Home\ccc714bf1ad7378d61a4beb8be3a2914.php 第 25 行.
NOTIC: [8] Undefined variable: log E:\web\lykl812j\WwwRoot\Runtime\Cache\Home\ccc714bf1ad7378d61a4beb8be3a2914.php 第 26 行.
NOTIC: [8] Undefined variable: say E:\web\lykl812j\WwwRoot\Runtime\Cache\Home\ccc714bf1ad7378d61a4beb8be3a2914.php 第 27 行.
NOTIC: [8] Undefined variable: board E:\web\lykl812j\WwwRoot\Runtime\Cache\Home\ccc714bf1ad7378d61a4beb8be3a2914.php 第 28 行.
NOTIC: [8] Undefined index: c_id E:\web\lykl812j\WwwRoot\Runtime\Cache\Home\ccc714bf1ad7378d61a4beb8be3a2914.php 第 180 行.
NOTIC: [8] Undefined index: c_id E:\web\lykl812j\WwwRoot\Runtime\Cache\Home\ccc714bf1ad7378d61a4beb8be3a2914.php 第 180 行.
NOTIC: [8] Undefined index: c_id E:\web\lykl812j\WwwRoot\Runtime\Cache\Home\ccc714bf1ad7378d61a4beb8be3a2914.php 第 180 行.
NOTIC: [8] Undefined index: c_id E:\web\lykl812j\WwwRoot\Runtime\Cache\Home\ccc714bf1ad7378d61a4beb8be3a2914.php 第 180 行.
NOTIC: [8] Undefined index: c_id E:\web\lykl812j\WwwRoot\Runtime\Cache\Home\ccc714bf1ad7378d61a4beb8be3a2914.php 第 180 行.
INFO: Run Behavior\ParseTemplateBehavior [ RunTime:0.031250s ]
INFO: [ view_parse ] --END-- [ RunTime:0.031250s ]
INFO: [ view_filter ] --START--
INFO: Run Behavior\WriteHtmlCacheBehavior [ RunTime:0.000000s ]
INFO: [ view_filter ] --END-- [ RunTime:0.000000s ]
INFO: [ app_end ] --START--
INFO: Run Behavior\ShowPageTraceBehavior [ RunTime:0.000000s ]
INFO: [ app_end ] --END-- [ RunTime:0.000000s ]

[ 2017-12-13T18:10:26+08:00 ] 183.192.201.97 /?nsukey=jeoDsTqr49EaeBTuln22Olp3rbWyV3WpFNrZzsPFSpBv0coiwfIwMqTItg1mfEjdIgCDrMBw8Pyg%2BS9NOX%2BI6YULP20oO%2BH7Hict47aynEpAQ0RuExZSgiBWbMODbsFV%2FaSDtBuyeVlMkuZP%2BD%2FH6Z03EZIz4EQ45N1Nsu%2Be0bdzE%2FBtytSIAiqQKWRLaC%2FMEc%2B5XHUPQjOgkRFph5XLxA%3D%3D
INFO: [ app_init ] --START--
INFO: Run Behavior\BuildLiteBehavior [ RunTime:0.000000s ]
INFO: [ app_init ] --END-- [ RunTime:0.000000s ]
INFO: [ app_begin ] --START--
INFO: Run Behavior\ReadHtmlCacheBehavior [ RunTime:0.000000s ]
INFO: [ app_begin ] --END-- [ RunTime:0.000000s ]
NOTIC: [2] ini_set() has been disabled for security reasons E:\web\lykl812j\WwwRoot\ThinkPHP\Common\functions.php 第 1236 行.
SQL: SHOW COLUMNS FROM `fh_article` [ RunTime:0.0000s ]
SQL: SHOW COLUMNS FROM `fh_cat` [ RunTime:0.0000s ]
SQL: SHOW COLUMNS FROM `fh_log` [ RunTime:0.0156s ]
SQL: SHOW COLUMNS FROM `fh_say` [ RunTime:0.0000s ]
SQL: SHOW COLUMNS FROM `fh_system` [ RunTime:0.0156s ]
SQL: SELECT * FROM `fh_article` WHERE `a_show` = 0 LIMIT 7   [ RunTime:0.0000s ]
SQL: SELECT * FROM `fh_cat` ORDER BY c_id desc  [ RunTime:0.0000s ]
SQL: SELECT * FROM `fh_article` ORDER BY a_time desc LIMIT 6   [ RunTime:0.0156s ]
SQL: SELECT * FROM `fh_log` ORDER BY l_time desc LIMIT 6   [ RunTime:0.0156s ]
SQL: SELECT * FROM `fh_say` ORDER BY s_time desc LIMIT 6   [ RunTime:0.0000s ]
SQL: SELECT `c_id`,`c_name` FROM `fh_cat` WHERE `c_show` = 0 ORDER BY c_id desc  [ RunTime:0.0000s ]
SQL: SELECT `a_id`,`a_name`,`a_img`,`a_time`,`a_hit`,`c_name` FROM `fh_article` INNER JOIN fh_cat on fh_article.pid = fh_cat.c_id  ORDER BY a_hit desc LIMIT 5   [ RunTime:0.0000s ]
SQL: SELECT * FROM `fh_system` WHERE `id` = 1 LIMIT 1   [ RunTime:0.0000s ]
INFO: [ view_parse ] --START--
INFO: [ template_filter ] --START--
INFO: Run Behavior\ContentReplaceBehavior [ RunTime:0.000000s ]
INFO: [ template_filter ] --END-- [ RunTime:0.000000s ]
NOTIC: [8] Undefined variable: about E:\web\lykl812j\WwwRoot\Runtime\Cache\Home\ccc714bf1ad7378d61a4beb8be3a2914.php 第 24 行.
NOTIC: [8] Undefined variable: article E:\web\lykl812j\WwwRoot\Runtime\Cache\Home\ccc714bf1ad7378d61a4beb8be3a2914.php 第 25 行.
NOTIC: [8] Undefined variable: log E:\web\lykl812j\WwwRoot\Runtime\Cache\Home\ccc714bf1ad7378d61a4beb8be3a2914.php 第 26 行.
NOTIC: [8] Undefined variable: say E:\web\lykl812j\WwwRoot\Runtime\Cache\Home\ccc714bf1ad7378d61a4beb8be3a2914.php 第 27 行.
NOTIC: [8] Undefined variable: board E:\web\lykl812j\WwwRoot\Runtime\Cache\Home\ccc714bf1ad7378d61a4beb8be3a2914.php 第 28 行.
NOTIC: [8] Undefined index: c_id E:\web\lykl812j\WwwRoot\Runtime\Cache\Home\ccc714bf1ad7378d61a4beb8be3a2914.php 第 180 行.
NOTIC: [8] Undefined index: c_id E:\web\lykl812j\WwwRoot\Runtime\Cache\Home\ccc714bf1ad7378d61a4beb8be3a2914.php 第 180 行.
NOTIC: [8] Undefined index: c_id E:\web\lykl812j\WwwRoot\Runtime\Cache\Home\ccc714bf1ad7378d61a4beb8be3a2914.php 第 180 行.
NOTIC: [8] Undefined index: c_id E:\web\lykl812j\WwwRoot\Runtime\Cache\Home\ccc714bf1ad7378d61a4beb8be3a2914.php 第 180 行.
NOTIC: [8] Undefined index: c_id E:\web\lykl812j\WwwRoot\Runtime\Cache\Home\ccc714bf1ad7378d61a4beb8be3a2914.php 第 180 行.
INFO: Run Behavior\ParseTemplateBehavior [ RunTime:0.046875s ]
INFO: [ view_parse ] --END-- [ RunTime:0.046875s ]
INFO: [ view_filter ] --START--
INFO: Run Behavior\WriteHtmlCacheBehavior [ RunTime:0.015625s ]
INFO: [ view_filter ] --END-- [ RunTime:0.015625s ]
INFO: [ app_end ] --START--
INFO: Run Behavior\ShowPageTraceBehavior [ RunTime:0.000000s ]
INFO: [ app_end ] --END-- [ RunTime:0.000000s ]

[ 2017-12-13T18:10:31+08:00 ] 101.226.33.206 /
INFO: [ app_init ] --START--
INFO: Run Behavior\BuildLiteBehavior [ RunTime:0.000000s ]
INFO: [ app_init ] --END-- [ RunTime:0.000000s ]
INFO: [ app_begin ] --START--
INFO: Run Behavior\ReadHtmlCacheBehavior [ RunTime:0.000000s ]
INFO: [ app_begin ] --END-- [ RunTime:0.000000s ]
NOTIC: [2] ini_set() has been disabled for security reasons E:\web\lykl812j\WwwRoot\ThinkPHP\Common\functions.php 第 1236 行.
SQL: SHOW COLUMNS FROM `fh_article` [ RunTime:0.0000s ]
SQL: SHOW COLUMNS FROM `fh_cat` [ RunTime:0.0000s ]
SQL: SHOW COLUMNS FROM `fh_log` [ RunTime:0.0000s ]
SQL: SHOW COLUMNS FROM `fh_say` [ RunTime:0.0156s ]
SQL: SHOW COLUMNS FROM `fh_system` [ RunTime:0.0000s ]
INFO: [ view_parse ] --START--
INFO: [ template_filter ] --START--
INFO: Run Behavior\ContentReplaceBehavior [ RunTime:0.000000s ]
INFO: [ template_filter ] --END-- [ RunTime:0.000000s ]
NOTIC: [8] Undefined variable: about E:\web\lykl812j\WwwRoot\Runtime\Cache\Home\ccc714bf1ad7378d61a4beb8be3a2914.php 第 24 行.
NOTIC: [8] Undefined variable: article E:\web\lykl812j\WwwRoot\Runtime\Cache\Home\ccc714bf1ad7378d61a4beb8be3a2914.php 第 25 行.
NOTIC: [8] Undefined variable: log E:\web\lykl812j\WwwRoot\Runtime\Cache\Home\ccc714bf1ad7378d61a4beb8be3a2914.php 第 26 行.
NOTIC: [8] Undefined variable: say E:\web\lykl812j\WwwRoot\Runtime\Cache\Home\ccc714bf1ad7378d61a4beb8be3a2914.php 第 27 行.
NOTIC: [8] Undefined variable: board E:\web\lykl812j\WwwRoot\Runtime\Cache\Home\ccc714bf1ad7378d61a4beb8be3a2914.php 第 28 行.
NOTIC: [8] Undefined index: c_id E:\web\lykl812j\WwwRoot\Runtime\Cache\Home\ccc714bf1ad7378d61a4beb8be3a2914.php 第 180 行.
NOTIC: [8] Undefined index: c_id E:\web\lykl812j\WwwRoot\Runtime\Cache\Home\ccc714bf1ad7378d61a4beb8be3a2914.php 第 180 行.
NOTIC: [8] Undefined index: c_id E:\web\lykl812j\WwwRoot\Runtime\Cache\Home\ccc714bf1ad7378d61a4beb8be3a2914.php 第 180 行.
NOTIC: [8] Undefined index: c_id E:\web\lykl812j\WwwRoot\Runtime\Cache\Home\ccc714bf1ad7378d61a4beb8be3a2914.php 第 180 行.
NOTIC: [8] Undefined index: c_id E:\web\lykl812j\WwwRoot\Runtime\Cache\Home\ccc714bf1ad7378d61a4beb8be3a2914.php 第 180 行.
INFO: Run Behavior\ParseTemplateBehavior [ RunTime:0.031250s ]
INFO: [ view_parse ] --END-- [ RunTime:0.031250s ]
INFO: [ view_filter ] --START--
INFO: Run Behavior\WriteHtmlCacheBehavior [ RunTime:0.000000s ]
INFO: [ view_filter ] --END-- [ RunTime:0.000000s ]
INFO: [ app_end ] --START--
INFO: Run Behavior\ShowPageTraceBehavior [ RunTime:0.000000s ]
INFO: [ app_end ] --END-- [ RunTime:0.000000s ]

[ 2017-12-13T18:10:50+08:00 ] 101.226.33.239 /?nsukey=jeoDsTqr49EaeBTuln22Olp3rbWyV3WpFNrZzsPFSpBv0coiwfIwMqTItg1mfEjdIgCDrMBw8Pyg%2BS9NOX%2BI6YULP20oO%2BH7Hict47aynEpAQ0RuExZSgiBWbMODbsFV%2FaSDtBuyeVlMkuZP%2BD%2FH6Z03EZIz4EQ45N1Nsu%2Be0bdzE%2FBtytSIAiqQKWRLaC%2FMEc%2B5XHUPQjOgkRFph5XLxA%3D%3D
INFO: [ app_init ] --START--
INFO: Run Behavior\BuildLiteBehavior [ RunTime:0.000000s ]
INFO: [ app_init ] --END-- [ RunTime:0.000000s ]
INFO: [ app_begin ] --START--
INFO: Run Behavior\ReadHtmlCacheBehavior [ RunTime:0.000000s ]
INFO: [ app_begin ] --END-- [ RunTime:0.000000s ]
NOTIC: [2] ini_set() has been disabled for security reasons E:\web\lykl812j\WwwRoot\ThinkPHP\Common\functions.php 第 1236 行.
SQL: SHOW COLUMNS FROM `fh_article` [ RunTime:0.0000s ]
SQL: SHOW COLUMNS FROM `fh_cat` [ RunTime:0.0000s ]
SQL: SHOW COLUMNS FROM `fh_log` [ RunTime:0.0000s ]
SQL: SHOW COLUMNS FROM `fh_say` [ RunTime:0.0000s ]
SQL: SHOW COLUMNS FROM `fh_system` [ RunTime:0.0156s ]
SQL: SELECT * FROM `fh_article` WHERE `a_show` = 0 LIMIT 7   [ RunTime:0.0000s ]
SQL: SELECT * FROM `fh_cat` ORDER BY c_id desc  [ RunTime:0.0000s ]
SQL: SELECT * FROM `fh_article` ORDER BY a_time desc LIMIT 6   [ RunTime:0.0156s ]
SQL: SELECT * FROM `fh_log` ORDER BY l_time desc LIMIT 6   [ RunTime:0.0000s ]
SQL: SELECT * FROM `fh_say` ORDER BY s_time desc LIMIT 6   [ RunTime:0.0000s ]
SQL: SELECT `c_id`,`c_name` FROM `fh_cat` WHERE `c_show` = 0 ORDER BY c_id desc  [ RunTime:0.0000s ]
SQL: SELECT `a_id`,`a_name`,`a_img`,`a_time`,`a_hit`,`c_name` FROM `fh_article` INNER JOIN fh_cat on fh_article.pid = fh_cat.c_id  ORDER BY a_hit desc LIMIT 5   [ RunTime:0.0000s ]
SQL: SELECT * FROM `fh_system` WHERE `id` = 1 LIMIT 1   [ RunTime:0.0000s ]
INFO: [ view_parse ] --START--
INFO: [ template_filter ] --START--
INFO: Run Behavior\ContentReplaceBehavior [ RunTime:0.000000s ]
INFO: [ template_filter ] --END-- [ RunTime:0.000000s ]
NOTIC: [8] Undefined variable: about E:\web\lykl812j\WwwRoot\Runtime\Cache\Home\ccc714bf1ad7378d61a4beb8be3a2914.php 第 24 行.
NOTIC: [8] Undefined variable: article E:\web\lykl812j\WwwRoot\Runtime\Cache\Home\ccc714bf1ad7378d61a4beb8be3a2914.php 第 25 行.
NOTIC: [8] Undefined variable: log E:\web\lykl812j\WwwRoot\Runtime\Cache\Home\ccc714bf1ad7378d61a4beb8be3a2914.php 第 26 行.
NOTIC: [8] Undefined variable: say E:\web\lykl812j\WwwRoot\Runtime\Cache\Home\ccc714bf1ad7378d61a4beb8be3a2914.php 第 27 行.
NOTIC: [8] Undefined variable: board E:\web\lykl812j\WwwRoot\Runtime\Cache\Home\ccc714bf1ad7378d61a4beb8be3a2914.php 第 28 行.
NOTIC: [8] Undefined index: c_id E:\web\lykl812j\WwwRoot\Runtime\Cache\Home\ccc714bf1ad7378d61a4beb8be3a2914.php 第 180 行.
NOTIC: [8] Undefined index: c_id E:\web\lykl812j\WwwRoot\Runtime\Cache\Home\ccc714bf1ad7378d61a4beb8be3a2914.php 第 180 行.
NOTIC: [8] Undefined index: c_id E:\web\lykl812j\WwwRoot\Runtime\Cache\Home\ccc714bf1ad7378d61a4beb8be3a2914.php 第 180 行.
NOTIC: [8] Undefined index: c_id E:\web\lykl812j\WwwRoot\Runtime\Cache\Home\ccc714bf1ad7378d61a4beb8be3a2914.php 第 180 行.
NOTIC: [8] Undefined index: c_id E:\web\lykl812j\WwwRoot\Runtime\Cache\Home\ccc714bf1ad7378d61a4beb8be3a2914.php 第 180 行.
INFO: Run Behavior\ParseTemplateBehavior [ RunTime:0.031250s ]
INFO: [ view_parse ] --END-- [ RunTime:0.031250s ]
INFO: [ view_filter ] --START--
INFO: Run Behavior\WriteHtmlCacheBehavior [ RunTime:0.000000s ]
INFO: [ view_filter ] --END-- [ RunTime:0.000000s ]
INFO: [ app_end ] --START--
INFO: Run Behavior\ShowPageTraceBehavior [ RunTime:0.000000s ]
INFO: [ app_end ] --END-- [ RunTime:0.000000s ]

[ 2017-12-13T22:30:02+08:00 ] 121.51.14.23 /
INFO: [ app_init ] --START--
INFO: Run Behavior\BuildLiteBehavior [ RunTime:0.000000s ]
INFO: [ app_init ] --END-- [ RunTime:0.000000s ]
INFO: [ app_begin ] --START--
INFO: Run Behavior\ReadHtmlCacheBehavior [ RunTime:0.000000s ]
INFO: [ app_begin ] --END-- [ RunTime:0.000000s ]
NOTIC: [2] ini_set() has been disabled for security reasons E:\web\lykl812j\WwwRoot\ThinkPHP\Common\functions.php 第 1236 行.
SQL: SHOW COLUMNS FROM `fh_article` [ RunTime:0.0000s ]
SQL: SHOW COLUMNS FROM `fh_cat` [ RunTime:0.0000s ]
SQL: SHOW COLUMNS FROM `fh_log` [ RunTime:0.0000s ]
SQL: SHOW COLUMNS FROM `fh_say` [ RunTime:0.0000s ]
SQL: SHOW COLUMNS FROM `fh_system` [ RunTime:0.0000s ]
SQL: SELECT * FROM `fh_article` WHERE `a_show` = 0 LIMIT 7   [ RunTime:0.0000s ]
SQL: SELECT * FROM `fh_cat` ORDER BY c_id desc  [ RunTime:0.0000s ]
SQL: SELECT * FROM `fh_article` ORDER BY a_time desc LIMIT 6   [ RunTime:0.0000s ]
SQL: SELECT * FROM `fh_log` ORDER BY l_time desc LIMIT 6   [ RunTime:0.0000s ]
SQL: SELECT * FROM `fh_say` ORDER BY s_time desc LIMIT 6   [ RunTime:0.0000s ]
SQL: SELECT `c_id`,`c_name` FROM `fh_cat` WHERE `c_show` = 0 ORDER BY c_id desc  [ RunTime:0.0000s ]
NOTIC: [2] unlink(./Runtime/Temp/1cb251ec0d568de6a929b520c4aed8d1.php): No such file or directory E:\web\lykl812j\WwwRoot\ThinkPHP\Library\Think\Cache\Driver\File.class.php 第 88 行.
SQL: SELECT `a_id`,`a_name`,`a_img`,`a_time`,`a_hit`,`c_name` FROM `fh_article` INNER JOIN fh_cat on fh_article.pid = fh_cat.c_id  ORDER BY a_hit desc LIMIT 5   [ RunTime:0.0000s ]
SQL: SELECT * FROM `fh_system` WHERE `id` = 1 LIMIT 1   [ RunTime:0.0000s ]
INFO: [ view_parse ] --START--
INFO: [ template_filter ] --START--
INFO: Run Behavior\ContentReplaceBehavior [ RunTime:0.000000s ]
INFO: [ template_filter ] --END-- [ RunTime:0.000000s ]
NOTIC: [8] Undefined variable: about E:\web\lykl812j\WwwRoot\Runtime\Cache\Home\ccc714bf1ad7378d61a4beb8be3a2914.php 第 24 行.
NOTIC: [8] Undefined variable: article E:\web\lykl812j\WwwRoot\Runtime\Cache\Home\ccc714bf1ad7378d61a4beb8be3a2914.php 第 25 行.
NOTIC: [8] Undefined variable: log E:\web\lykl812j\WwwRoot\Runtime\Cache\Home\ccc714bf1ad7378d61a4beb8be3a2914.php 第 26 行.
NOTIC: [8] Undefined variable: say E:\web\lykl812j\WwwRoot\Runtime\Cache\Home\ccc714bf1ad7378d61a4beb8be3a2914.php 第 27 行.
NOTIC: [8] Undefined variable: board E:\web\lykl812j\WwwRoot\Runtime\Cache\Home\ccc714bf1ad7378d61a4beb8be3a2914.php 第 28 行.
NOTIC: [8] Undefined index: c_id E:\web\lykl812j\WwwRoot\Runtime\Cache\Home\ccc714bf1ad7378d61a4beb8be3a2914.php 第 180 行.
NOTIC: [8] Undefined index: c_id E:\web\lykl812j\WwwRoot\Runtime\Cache\Home\ccc714bf1ad7378d61a4beb8be3a2914.php 第 180 行.
NOTIC: [8] Undefined index: c_id E:\web\lykl812j\WwwRoot\Runtime\Cache\Home\ccc714bf1ad7378d61a4beb8be3a2914.php 第 180 行.
NOTIC: [8] Undefined index: c_id E:\web\lykl812j\WwwRoot\Runtime\Cache\Home\ccc714bf1ad7378d61a4beb8be3a2914.php 第 180 行.
NOTIC: [8] Undefined index: c_id E:\web\lykl812j\WwwRoot\Runtime\Cache\Home\ccc714bf1ad7378d61a4beb8be3a2914.php 第 180 行.
INFO: Run Behavior\ParseTemplateBehavior [ RunTime:0.062500s ]
INFO: [ view_parse ] --END-- [ RunTime:0.062500s ]
INFO: [ view_filter ] --START--
INFO: Run Behavior\WriteHtmlCacheBehavior [ RunTime:0.000000s ]
INFO: [ view_filter ] --END-- [ RunTime:0.000000s ]
INFO: [ app_end ] --START--
INFO: Run Behavior\ShowPageTraceBehavior [ RunTime:0.000000s ]
INFO: [ app_end ] --END-- [ RunTime:0.000000s ]

[ 2017-12-13T22:30:02+08:00 ] 14.116.137.166 /?nsukey=2DiasEH2HSV42vV9dzeQD6nFsBjBgnXh%2Bc5wReHNUjEEM2%2F5bH7BuJ0AUYjRCZ8P3hy9omC7rWUbzVB06fC%2F83y%2B%2BsfxrhvPccJ%2B8chyPqEYo8bEjzh%2Bzv0TKSRP%2FywqjAyOUmJ0Cgrf8k5WncUsxVXioJh8vTbJ9QZGIAfrvA1rSC4a5D6CbfGmHBa7BI9mKU%2BktU%2FJ5GQ%2B0d6uxu9%2FWA%3D%3D
INFO: [ app_init ] --START--
INFO: Run Behavior\BuildLiteBehavior [ RunTime:0.000000s ]
INFO: [ app_init ] --END-- [ RunTime:0.000000s ]
INFO: [ app_begin ] --START--
INFO: Run Behavior\ReadHtmlCacheBehavior [ RunTime:0.000000s ]
INFO: [ app_begin ] --END-- [ RunTime:0.000000s ]
NOTIC: [2] ini_set() has been disabled for security reasons E:\web\lykl812j\WwwRoot\ThinkPHP\Common\functions.php 第 1236 行.
SQL: SHOW COLUMNS FROM `fh_article` [ RunTime:0.0000s ]
SQL: SHOW COLUMNS FROM `fh_cat` [ RunTime:0.0000s ]
SQL: SHOW COLUMNS FROM `fh_log` [ RunTime:0.0000s ]
SQL: SHOW COLUMNS FROM `fh_say` [ RunTime:0.0156s ]
SQL: SHOW COLUMNS FROM `fh_system` [ RunTime:0.0000s ]
SQL: SELECT * FROM `fh_article` ORDER BY a_time desc LIMIT 6   [ RunTime:0.0156s ]
SQL: SELECT * FROM `fh_say` ORDER BY s_time desc LIMIT 6   [ RunTime:0.0000s ]
NOTIC: [2] file_get_contents(./Runtime/Temp/d304ba20e96d87411588eeabac850e34.php): failed to open stream: No such file or directory E:\web\lykl812j\WwwRoot\ThinkPHP\Library\Think\Cache\Driver\File.class.php 第 83 行.
SQL: SELECT `c_id`,`c_name` FROM `fh_cat` WHERE `c_show` = 0 ORDER BY c_id desc  [ RunTime:0.0000s ]
SQL: SELECT `a_id`,`a_name`,`a_img`,`a_time`,`a_hit`,`c_name` FROM `fh_article` INNER JOIN fh_cat on fh_article.pid = fh_cat.c_id  ORDER BY a_hit desc LIMIT 5   [ RunTime:0.0000s ]
INFO: [ view_parse ] --START--
INFO: [ template_filter ] --START--
INFO: Run Behavior\ContentReplaceBehavior [ RunTime:0.000000s ]
INFO: [ template_filter ] --END-- [ RunTime:0.000000s ]
NOTIC: [8] Undefined variable: about E:\web\lykl812j\WwwRoot\Runtime\Cache\Home\ccc714bf1ad7378d61a4beb8be3a2914.php 第 24 行.
NOTIC: [8] Undefined variable: article E:\web\lykl812j\WwwRoot\Runtime\Cache\Home\ccc714bf1ad7378d61a4beb8be3a2914.php 第 25 行.
NOTIC: [8] Undefined variable: log E:\web\lykl812j\WwwRoot\Runtime\Cache\Home\ccc714bf1ad7378d61a4beb8be3a2914.php 第 26 行.
NOTIC: [8] Undefined variable: say E:\web\lykl812j\WwwRoot\Runtime\Cache\Home\ccc714bf1ad7378d61a4beb8be3a2914.php 第 27 行.
NOTIC: [8] Undefined variable: board E:\web\lykl812j\WwwRoot\Runtime\Cache\Home\ccc714bf1ad7378d61a4beb8be3a2914.php 第 28 行.
NOTIC: [8] Undefined index: c_id E:\web\lykl812j\WwwRoot\Runtime\Cache\Home\ccc714bf1ad7378d61a4beb8be3a2914.php 第 180 行.
NOTIC: [8] Undefined index: c_id E:\web\lykl812j\WwwRoot\Runtime\Cache\Home\ccc714bf1ad7378d61a4beb8be3a2914.php 第 180 行.
NOTIC: [8] Undefined index: c_id E:\web\lykl812j\WwwRoot\Runtime\Cache\Home\ccc714bf1ad7378d61a4beb8be3a2914.php 第 180 行.
NOTIC: [8] Undefined index: c_id E:\web\lykl812j\WwwRoot\Runtime\Cache\Home\ccc714bf1ad7378d61a4beb8be3a2914.php 第 180 行.
NOTIC: [8] Undefined index: c_id E:\web\lykl812j\WwwRoot\Runtime\Cache\Home\ccc714bf1ad7378d61a4beb8be3a2914.php 第 180 行.
INFO: Run Behavior\ParseTemplateBehavior [ RunTime:0.062500s ]
INFO: [ view_parse ] --END-- [ RunTime:0.062500s ]
INFO: [ view_filter ] --START--
INFO: Run Behavior\WriteHtmlCacheBehavior [ RunTime:0.000000s ]
INFO: [ view_filter ] --END-- [ RunTime:0.000000s ]
INFO: [ app_end ] --START--
INFO: Run Behavior\ShowPageTraceBehavior [ RunTime:0.000000s ]
INFO: [ app_end ] --END-- [ RunTime:0.000000s ]

[ 2017-12-13T22:30:02+08:00 ] 58.250.143.191 /
INFO: [ app_init ] --START--
INFO: Run Behavior\BuildLiteBehavior [ RunTime:0.000000s ]
INFO: [ app_init ] --END-- [ RunTime:0.000000s ]
INFO: [ app_begin ] --START--
INFO: Run Behavior\ReadHtmlCacheBehavior [ RunTime:0.000000s ]
INFO: [ app_begin ] --END-- [ RunTime:0.000000s ]
NOTIC: [2] ini_set() has been disabled for security reasons E:\web\lykl812j\WwwRoot\ThinkPHP\Common\functions.php 第 1236 行.
SQL: SHOW COLUMNS FROM `fh_article` [ RunTime:0.0156s ]
SQL: SHOW COLUMNS FROM `fh_cat` [ RunTime:0.0469s ]
SQL: SHOW COLUMNS FROM `fh_log` [ RunTime:0.0000s ]
SQL: SHOW COLUMNS FROM `fh_say` [ RunTime:0.0000s ]
SQL: SHOW COLUMNS FROM `fh_system` [ RunTime:0.0156s ]
INFO: [ view_parse ] --START--
INFO: [ template_filter ] --START--
INFO: Run Behavior\ContentReplaceBehavior [ RunTime:0.000000s ]
INFO: [ template_filter ] --END-- [ RunTime:0.000000s ]
NOTIC: [8] Undefined variable: about E:\web\lykl812j\WwwRoot\Runtime\Cache\Home\ccc714bf1ad7378d61a4beb8be3a2914.php 第 24 行.
NOTIC: [8] Undefined variable: article E:\web\lykl812j\WwwRoot\Runtime\Cache\Home\ccc714bf1ad7378d61a4beb8be3a2914.php 第 25 行.
NOTIC: [8] Undefined variable: log E:\web\lykl812j\WwwRoot\Runtime\Cache\Home\ccc714bf1ad7378d61a4beb8be3a2914.php 第 26 行.
NOTIC: [8] Undefined variable: say E:\web\lykl812j\WwwRoot\Runtime\Cache\Home\ccc714bf1ad7378d61a4beb8be3a2914.php 第 27 行.
NOTIC: [8] Undefined variable: board E:\web\lykl812j\WwwRoot\Runtime\Cache\Home\ccc714bf1ad7378d61a4beb8be3a2914.php 第 28 行.
NOTIC: [8] Undefined index: c_id E:\web\lykl812j\WwwRoot\Runtime\Cache\Home\ccc714bf1ad7378d61a4beb8be3a2914.php 第 180 行.
NOTIC: [8] Undefined index: c_id E:\web\lykl812j\WwwRoot\Runtime\Cache\Home\ccc714bf1ad7378d61a4beb8be3a2914.php 第 180 行.
NOTIC: [8] Undefined index: c_id E:\web\lykl812j\WwwRoot\Runtime\Cache\Home\ccc714bf1ad7378d61a4beb8be3a2914.php 第 180 行.
NOTIC: [8] Undefined index: c_id E:\web\lykl812j\WwwRoot\Runtime\Cache\Home\ccc714bf1ad7378d61a4beb8be3a2914.php 第 180 行.
NOTIC: [8] Undefined index: c_id E:\web\lykl812j\WwwRoot\Runtime\Cache\Home\ccc714bf1ad7378d61a4beb8be3a2914.php 第 180 行.
INFO: Run Behavior\ParseTemplateBehavior [ RunTime:0.046875s ]
INFO: [ view_parse ] --END-- [ RunTime:0.046875s ]
INFO: [ view_filter ] --START--
INFO: Run Behavior\WriteHtmlCacheBehavior [ RunTime:0.000000s ]
INFO: [ view_filter ] --END-- [ RunTime:0.000000s ]
INFO: [ app_end ] --START--
INFO: Run Behavior\ShowPageTraceBehavior [ RunTime:0.000000s ]
INFO: [ app_end ] --END-- [ RunTime:0.000000s ]

[ 2017-12-13T22:30:04+08:00 ] 14.116.137.168 /?nsukey=2DiasEH2HSV42vV9dzeQD6nFsBjBgnXh%2Bc5wReHNUjEEM2%2F5bH7BuJ0AUYjRCZ8P3hy9omC7rWUbzVB06fC%2F83y%2B%2BsfxrhvPccJ%2B8chyPqEYo8bEjzh%2Bzv0TKSRP%2FywqjAyOUmJ0Cgrf8k5WncUsxVXioJh8vTbJ9QZGIAfrvA1rSC4a5D6CbfGmHBa7BI9mKU%2BktU%2FJ5GQ%2B0d6uxu9%2FWA%3D%3D
INFO: [ app_init ] --START--
INFO: Run Behavior\BuildLiteBehavior [ RunTime:0.000000s ]
INFO: [ app_init ] --END-- [ RunTime:0.000000s ]
INFO: [ app_begin ] --START--
INFO: Run Behavior\ReadHtmlCacheBehavior [ RunTime:0.015625s ]
INFO: [ app_begin ] --END-- [ RunTime:0.015625s ]
NOTIC: [2] ini_set() has been disabled for security reasons E:\web\lykl812j\WwwRoot\ThinkPHP\Common\functions.php 第 1236 行.
SQL: SHOW COLUMNS FROM `fh_article` [ RunTime:0.0000s ]
SQL: SHOW COLUMNS FROM `fh_cat` [ RunTime:0.0000s ]
SQL: SHOW COLUMNS FROM `fh_log` [ RunTime:0.0000s ]
SQL: SHOW COLUMNS FROM `fh_say` [ RunTime:0.0000s ]
SQL: SHOW COLUMNS FROM `fh_system` [ RunTime:0.0000s ]
INFO: [ view_parse ] --START--
INFO: [ template_filter ] --START--
INFO: Run Behavior\ContentReplaceBehavior [ RunTime:0.000000s ]
INFO: [ template_filter ] --END-- [ RunTime:0.000000s ]
NOTIC: [8] Undefined variable: about E:\web\lykl812j\WwwRoot\Runtime\Cache\Home\ccc714bf1ad7378d61a4beb8be3a2914.php 第 24 行.
NOTIC: [8] Undefined variable: article E:\web\lykl812j\WwwRoot\Runtime\Cache\Home\ccc714bf1ad7378d61a4beb8be3a2914.php 第 25 行.
NOTIC: [8] Undefined variable: log E:\web\lykl812j\WwwRoot\Runtime\Cache\Home\ccc714bf1ad7378d61a4beb8be3a2914.php 第 26 行.
NOTIC: [8] Undefined variable: say E:\web\lykl812j\WwwRoot\Runtime\Cache\Home\ccc714bf1ad7378d61a4beb8be3a2914.php 第 27 行.
NOTIC: [8] Undefined variable: board E:\web\lykl812j\WwwRoot\Runtime\Cache\Home\ccc714bf1ad7378d61a4beb8be3a2914.php 第 28 行.
NOTIC: [8] Undefined index: c_id E:\web\lykl812j\WwwRoot\Runtime\Cache\Home\ccc714bf1ad7378d61a4beb8be3a2914.php 第 180 行.
NOTIC: [8] Undefined index: c_id E:\web\lykl812j\WwwRoot\Runtime\Cache\Home\ccc714bf1ad7378d61a4beb8be3a2914.php 第 180 行.
NOTIC: [8] Undefined index: c_id E:\web\lykl812j\WwwRoot\Runtime\Cache\Home\ccc714bf1ad7378d61a4beb8be3a2914.php 第 180 行.
NOTIC: [8] Undefined index: c_id E:\web\lykl812j\WwwRoot\Runtime\Cache\Home\ccc714bf1ad7378d61a4beb8be3a2914.php 第 180 行.
NOTIC: [8] Undefined index: c_id E:\web\lykl812j\WwwRoot\Runtime\Cache\Home\ccc714bf1ad7378d61a4beb8be3a2914.php 第 180 行.
INFO: Run Behavior\ParseTemplateBehavior [ RunTime:0.031250s ]
INFO: [ view_parse ] --END-- [ RunTime:0.031250s ]
INFO: [ view_filter ] --START--
INFO: Run Behavior\WriteHtmlCacheBehavior [ RunTime:0.000000s ]
INFO: [ view_filter ] --END-- [ RunTime:0.000000s ]
INFO: [ app_end ] --START--
INFO: Run Behavior\ShowPageTraceBehavior [ RunTime:0.000000s ]
INFO: [ app_end ] --END-- [ RunTime:0.000000s ]

[ 2017-12-13T22:30:11+08:00 ] 120.204.17.46 /?nsukey=2DiasEH2HSV42vV9dzeQD6nFsBjBgnXh%2Bc5wReHNUjEEM2%2F5bH7BuJ0AUYjRCZ8P3hy9omC7rWUbzVB06fC%2F83y%2B%2BsfxrhvPccJ%2B8chyPqEYo8bEjzh%2Bzv0TKSRP%2FywqjAyOUmJ0Cgrf8k5WncUsxVXioJh8vTbJ9QZGIAfrvA1rSC4a5D6CbfGmHBa7BI9mKU%2BktU%2FJ5GQ%2B0d6uxu9%2FWA%3D%3D
INFO: [ app_init ] --START--
INFO: Run Behavior\BuildLiteBehavior [ RunTime:0.000000s ]
INFO: [ app_init ] --END-- [ RunTime:0.000000s ]
INFO: [ app_begin ] --START--
INFO: Run Behavior\ReadHtmlCacheBehavior [ RunTime:0.000000s ]
INFO: [ app_begin ] --END-- [ RunTime:0.000000s ]
NOTIC: [2] ini_set() has been disabled for security reasons E:\web\lykl812j\WwwRoot\ThinkPHP\Common\functions.php 第 1236 行.
SQL: SHOW COLUMNS FROM `fh_article` [ RunTime:0.0000s ]
SQL: SHOW COLUMNS FROM `fh_cat` [ RunTime:0.0000s ]
SQL: SHOW COLUMNS FROM `fh_log` [ RunTime:0.0000s ]
SQL: SHOW COLUMNS FROM `fh_say` [ RunTime:0.0000s ]
SQL: SHOW COLUMNS FROM `fh_system` [ RunTime:0.0000s ]
INFO: [ view_parse ] --START--
INFO: [ template_filter ] --START--
INFO: Run Behavior\ContentReplaceBehavior [ RunTime:0.000000s ]
INFO: [ template_filter ] --END-- [ RunTime:0.000000s ]
NOTIC: [8] Undefined variable: about E:\web\lykl812j\WwwRoot\Runtime\Cache\Home\ccc714bf1ad7378d61a4beb8be3a2914.php 第 24 行.
NOTIC: [8] Undefined variable: article E:\web\lykl812j\WwwRoot\Runtime\Cache\Home\ccc714bf1ad7378d61a4beb8be3a2914.php 第 25 行.
NOTIC: [8] Undefined variable: log E:\web\lykl812j\WwwRoot\Runtime\Cache\Home\ccc714bf1ad7378d61a4beb8be3a2914.php 第 26 行.
NOTIC: [8] Undefined variable: say E:\web\lykl812j\WwwRoot\Runtime\Cache\Home\ccc714bf1ad7378d61a4beb8be3a2914.php 第 27 行.
NOTIC: [8] Undefined variable: board E:\web\lykl812j\WwwRoot\Runtime\Cache\Home\ccc714bf1ad7378d61a4beb8be3a2914.php 第 28 行.
NOTIC: [8] Undefined index: c_id E:\web\lykl812j\WwwRoot\Runtime\Cache\Home\ccc714bf1ad7378d61a4beb8be3a2914.php 第 180 行.
NOTIC: [8] Undefined index: c_id E:\web\lykl812j\WwwRoot\Runtime\Cache\Home\ccc714bf1ad7378d61a4beb8be3a2914.php 第 180 行.
NOTIC: [8] Undefined index: c_id E:\web\lykl812j\WwwRoot\Runtime\Cache\Home\ccc714bf1ad7378d61a4beb8be3a2914.php 第 180 行.
NOTIC: [8] Undefined index: c_id E:\web\lykl812j\WwwRoot\Runtime\Cache\Home\ccc714bf1ad7378d61a4beb8be3a2914.php 第 180 行.
NOTIC: [8] Undefined index: c_id E:\web\lykl812j\WwwRoot\Runtime\Cache\Home\ccc714bf1ad7378d61a4beb8be3a2914.php 第 180 行.
INFO: Run Behavior\ParseTemplateBehavior [ RunTime:0.015625s ]
INFO: [ view_parse ] --END-- [ RunTime:0.015625s ]
INFO: [ view_filter ] --START--
INFO: Run Behavior\WriteHtmlCacheBehavior [ RunTime:0.000000s ]
INFO: [ view_filter ] --END-- [ RunTime:0.000000s ]
INFO: [ app_end ] --START--
INFO: Run Behavior\ShowPageTraceBehavior [ RunTime:0.000000s ]
INFO: [ app_end ] --END-- [ RunTime:0.000000s ]

[ 2017-12-13T22:30:12+08:00 ] 117.136.79.163 /?nsukey=2DiasEH2HSV42vV9dzeQD6nFsBjBgnXh%2Bc5wReHNUjEEM2%2F5bH7BuJ0AUYjRCZ8P3hy9omC7rWUbzVB06fC%2F83y%2B%2BsfxrhvPccJ%2B8chyPqEYo8bEjzh%2Bzv0TKSRP%2FywqjAyOUmJ0Cgrf8k5WncUsxVXioJh8vTbJ9QZGIAfrvA1rSC4a5D6CbfGmHBa7BI9mKU%2BktU%2FJ5GQ%2B0d6uxu9%2FWA%3D%3D
INFO: [ app_init ] --START--
INFO: Run Behavior\BuildLiteBehavior [ RunTime:0.000000s ]
INFO: [ app_init ] --END-- [ RunTime:0.000000s ]
INFO: [ app_begin ] --START--
INFO: Run Behavior\ReadHtmlCacheBehavior [ RunTime:0.000000s ]
INFO: [ app_begin ] --END-- [ RunTime:0.000000s ]
NOTIC: [2] ini_set() has been disabled for security reasons E:\web\lykl812j\WwwRoot\ThinkPHP\Common\functions.php 第 1236 行.
SQL: SHOW COLUMNS FROM `fh_article` [ RunTime:0.0000s ]
SQL: SHOW COLUMNS FROM `fh_cat` [ RunTime:0.0000s ]
SQL: SHOW COLUMNS FROM `fh_log` [ RunTime:0.0000s ]
SQL: SHOW COLUMNS FROM `fh_say` [ RunTime:0.0000s ]
SQL: SHOW COLUMNS FROM `fh_system` [ RunTime:0.0000s ]
INFO: [ view_parse ] --START--
INFO: [ template_filter ] --START--
INFO: Run Behavior\ContentReplaceBehavior [ RunTime:0.000000s ]
INFO: [ template_filter ] --END-- [ RunTime:0.000000s ]
NOTIC: [8] Undefined variable: about E:\web\lykl812j\WwwRoot\Runtime\Cache\Home\ccc714bf1ad7378d61a4beb8be3a2914.php 第 24 行.
NOTIC: [8] Undefined variable: article E:\web\lykl812j\WwwRoot\Runtime\Cache\Home\ccc714bf1ad7378d61a4beb8be3a2914.php 第 25 行.
NOTIC: [8] Undefined variable: log E:\web\lykl812j\WwwRoot\Runtime\Cache\Home\ccc714bf1ad7378d61a4beb8be3a2914.php 第 26 行.
NOTIC: [8] Undefined variable: say E:\web\lykl812j\WwwRoot\Runtime\Cache\Home\ccc714bf1ad7378d61a4beb8be3a2914.php 第 27 行.
NOTIC: [8] Undefined variable: board E:\web\lykl812j\WwwRoot\Runtime\Cache\Home\ccc714bf1ad7378d61a4beb8be3a2914.php 第 28 行.
NOTIC: [8] Undefined index: c_id E:\web\lykl812j\WwwRoot\Runtime\Cache\Home\ccc714bf1ad7378d61a4beb8be3a2914.php 第 180 行.
NOTIC: [8] Undefined index: c_id E:\web\lykl812j\WwwRoot\Runtime\Cache\Home\ccc714bf1ad7378d61a4beb8be3a2914.php 第 180 行.
NOTIC: [8] Undefined index: c_id E:\web\lykl812j\WwwRoot\Runtime\Cache\Home\ccc714bf1ad7378d61a4beb8be3a2914.php 第 180 行.
NOTIC: [8] Undefined index: c_id E:\web\lykl812j\WwwRoot\Runtime\Cache\Home\ccc714bf1ad7378d61a4beb8be3a2914.php 第 180 行.
NOTIC: [8] Undefined index: c_id E:\web\lykl812j\WwwRoot\Runtime\Cache\Home\ccc714bf1ad7378d61a4beb8be3a2914.php 第 180 行.
INFO: Run Behavior\ParseTemplateBehavior [ RunTime:0.015625s ]
INFO: [ view_parse ] --END-- [ RunTime:0.015625s ]
INFO: [ view_filter ] --START--
INFO: Run Behavior\WriteHtmlCacheBehavior [ RunTime:0.000000s ]
INFO: [ view_filter ] --END-- [ RunTime:0.000000s ]
INFO: [ app_end ] --START--
INFO: Run Behavior\ShowPageTraceBehavior [ RunTime:0.000000s ]
INFO: [ app_end ] --END-- [ RunTime:0.000000s ]

[ 2017-12-13T22:30:16+08:00 ] 117.136.79.163 /?nsukey=2DiasEH2HSV42vV9dzeQD6nFsBjBgnXh%2Bc5wReHNUjEEM2%2F5bH7BuJ0AUYjRCZ8P3hy9omC7rWUbzVB06fC%2F83y%2B%2BsfxrhvPccJ%2B8chyPqEYo8bEjzh%2Bzv0TKSRP%2FywqjAyOUmJ0Cgrf8k5WncUsxVXioJh8vTbJ9QZGIAfrvA1rSC4a5D6CbfGmHBa7BI9mKU%2BktU%2FJ5GQ%2B0d6uxu9%2FWA%3D%3D
INFO: [ app_init ] --START--
INFO: Run Behavior\BuildLiteBehavior [ RunTime:0.000000s ]
INFO: [ app_init ] --END-- [ RunTime:0.000000s ]
INFO: [ app_begin ] --START--
INFO: Run Behavior\ReadHtmlCacheBehavior [ RunTime:0.015625s ]
INFO: [ app_begin ] --END-- [ RunTime:0.015625s ]
NOTIC: [2] ini_set() has been disabled for security reasons E:\web\lykl812j\WwwRoot\ThinkPHP\Common\functions.php 第 1236 行.
SQL: SHOW COLUMNS FROM `fh_article` [ RunTime:0.0000s ]
SQL: SHOW COLUMNS FROM `fh_cat` [ RunTime:0.0000s ]
SQL: SHOW COLUMNS FROM `fh_log` [ RunTime:0.0000s ]
SQL: SHOW COLUMNS FROM `fh_say` [ RunTime:0.0000s ]
SQL: SHOW COLUMNS FROM `fh_system` [ RunTime:0.0000s ]
SQL: SELECT * FROM `fh_article` WHERE `a_show` = 0 LIMIT 7   [ RunTime:0.0000s ]
SQL: SELECT * FROM `fh_cat` ORDER BY c_id desc  [ RunTime:0.0000s ]
SQL: SELECT * FROM `fh_article` ORDER BY a_time desc LIMIT 6   [ RunTime:0.0000s ]
SQL: SELECT * FROM `fh_log` ORDER BY l_time desc LIMIT 6   [ RunTime:0.0000s ]
SQL: SELECT * FROM `fh_say` ORDER BY s_time desc LIMIT 6   [ RunTime:0.0000s ]
SQL: SELECT `c_id`,`c_name` FROM `fh_cat` WHERE `c_show` = 0 ORDER BY c_id desc  [ RunTime:0.0000s ]
SQL: SELECT `a_id`,`a_name`,`a_img`,`a_time`,`a_hit`,`c_name` FROM `fh_article` INNER JOIN fh_cat on fh_article.pid = fh_cat.c_id  ORDER BY a_hit desc LIMIT 5   [ RunTime:0.0000s ]
SQL: SELECT * FROM `fh_system` WHERE `id` = 1 LIMIT 1   [ RunTime:0.0000s ]
INFO: [ view_parse ] --START--
INFO: [ template_filter ] --START--
INFO: Run Behavior\ContentReplaceBehavior [ RunTime:0.000000s ]
INFO: [ template_filter ] --END-- [ RunTime:0.000000s ]
NOTIC: [8] Undefined variable: about E:\web\lykl812j\WwwRoot\Runtime\Cache\Home\ccc714bf1ad7378d61a4beb8be3a2914.php 第 24 行.
NOTIC: [8] Undefined variable: article E:\web\lykl812j\WwwRoot\Runtime\Cache\Home\ccc714bf1ad7378d61a4beb8be3a2914.php 第 25 行.
NOTIC: [8] Undefined variable: log E:\web\lykl812j\WwwRoot\Runtime\Cache\Home\ccc714bf1ad7378d61a4beb8be3a2914.php 第 26 行.
NOTIC: [8] Undefined variable: say E:\web\lykl812j\WwwRoot\Runtime\Cache\Home\ccc714bf1ad7378d61a4beb8be3a2914.php 第 27 行.
NOTIC: [8] Undefined variable: board E:\web\lykl812j\WwwRoot\Runtime\Cache\Home\ccc714bf1ad7378d61a4beb8be3a2914.php 第 28 行.
NOTIC: [8] Undefined index: c_id E:\web\lykl812j\WwwRoot\Runtime\Cache\Home\ccc714bf1ad7378d61a4beb8be3a2914.php 第 180 行.
NOTIC: [8] Undefined index: c_id E:\web\lykl812j\WwwRoot\Runtime\Cache\Home\ccc714bf1ad7378d61a4beb8be3a2914.php 第 180 行.
NOTIC: [8] Undefined index: c_id E:\web\lykl812j\WwwRoot\Runtime\Cache\Home\ccc714bf1ad7378d61a4beb8be3a2914.php 第 180 行.
NOTIC: [8] Undefined index: c_id E:\web\lykl812j\WwwRoot\Runtime\Cache\Home\ccc714bf1ad7378d61a4beb8be3a2914.php 第 180 行.
NOTIC: [8] Undefined index: c_id E:\web\lykl812j\WwwRoot\Runtime\Cache\Home\ccc714bf1ad7378d61a4beb8be3a2914.php 第 180 行.
INFO: Run Behavior\ParseTemplateBehavior [ RunTime:0.015625s ]
INFO: [ view_parse ] --END-- [ RunTime:0.015625s ]
INFO: [ view_filter ] --START--
INFO: Run Behavior\WriteHtmlCacheBehavior [ RunTime:0.000000s ]
INFO: [ view_filter ] --END-- [ RunTime:0.000000s ]
INFO: [ app_end ] --START--
INFO: Run Behavior\ShowPageTraceBehavior [ RunTime:0.000000s ]
INFO: [ app_end ] --END-- [ RunTime:0.000000s ]

[ 2017-12-13T22:30:18+08:00 ] 101.226.33.200 /?nsukey=2DiasEH2HSV42vV9dzeQD6nFsBjBgnXh%2Bc5wReHNUjEEM2%2F5bH7BuJ0AUYjRCZ8P3hy9omC7rWUbzVB06fC%2F83y%2B%2BsfxrhvPccJ%2B8chyPqEYo8bEjzh%2Bzv0TKSRP%2FywqjAyOUmJ0Cgrf8k5WncUsxVXioJh8vTbJ9QZGIAfrvA1rSC4a5D6CbfGmHBa7BI9mKU%2BktU%2FJ5GQ%2B0d6uxu9%2FWA%3D%3D
INFO: [ app_init ] --START--
INFO: Run Behavior\BuildLiteBehavior [ RunTime:0.000000s ]
INFO: [ app_init ] --END-- [ RunTime:0.000000s ]
INFO: [ app_begin ] --START--
INFO: Run Behavior\ReadHtmlCacheBehavior [ RunTime:0.000000s ]
INFO: [ app_begin ] --END-- [ RunTime:0.000000s ]
NOTIC: [2] ini_set() has been disabled for security reasons E:\web\lykl812j\WwwRoot\ThinkPHP\Common\functions.php 第 1236 行.
SQL: SHOW COLUMNS FROM `fh_article` [ RunTime:0.0000s ]
SQL: SHOW COLUMNS FROM `fh_cat` [ RunTime:0.0000s ]
SQL: SHOW COLUMNS FROM `fh_log` [ RunTime:0.0000s ]
SQL: SHOW COLUMNS FROM `fh_say` [ RunTime:0.0000s ]
SQL: SHOW COLUMNS FROM `fh_system` [ RunTime:0.0000s ]
INFO: [ view_parse ] --START--
INFO: [ template_filter ] --START--
INFO: Run Behavior\ContentReplaceBehavior [ RunTime:0.000000s ]
INFO: [ template_filter ] --END-- [ RunTime:0.000000s ]
NOTIC: [8] Undefined variable: about E:\web\lykl812j\WwwRoot\Runtime\Cache\Home\ccc714bf1ad7378d61a4beb8be3a2914.php 第 24 行.
NOTIC: [8] Undefined variable: article E:\web\lykl812j\WwwRoot\Runtime\Cache\Home\ccc714bf1ad7378d61a4beb8be3a2914.php 第 25 行.
NOTIC: [8] Undefined variable: log E:\web\lykl812j\WwwRoot\Runtime\Cache\Home\ccc714bf1ad7378d61a4beb8be3a2914.php 第 26 行.
NOTIC: [8] Undefined variable: say E:\web\lykl812j\WwwRoot\Runtime\Cache\Home\ccc714bf1ad7378d61a4beb8be3a2914.php 第 27 行.
NOTIC: [8] Undefined variable: board E:\web\lykl812j\WwwRoot\Runtime\Cache\Home\ccc714bf1ad7378d61a4beb8be3a2914.php 第 28 行.
NOTIC: [8] Undefined index: c_id E:\web\lykl812j\WwwRoot\Runtime\Cache\Home\ccc714bf1ad7378d61a4beb8be3a2914.php 第 180 行.
NOTIC: [8] Undefined index: c_id E:\web\lykl812j\WwwRoot\Runtime\Cache\Home\ccc714bf1ad7378d61a4beb8be3a2914.php 第 180 行.
NOTIC: [8] Undefined index: c_id E:\web\lykl812j\WwwRoot\Runtime\Cache\Home\ccc714bf1ad7378d61a4beb8be3a2914.php 第 180 行.
NOTIC: [8] Undefined index: c_id E:\web\lykl812j\WwwRoot\Runtime\Cache\Home\ccc714bf1ad7378d61a4beb8be3a2914.php 第 180 行.
NOTIC: [8] Undefined index: c_id E:\web\lykl812j\WwwRoot\Runtime\Cache\Home\ccc714bf1ad7378d61a4beb8be3a2914.php 第 180 行.
INFO: Run Behavior\ParseTemplateBehavior [ RunTime:0.015625s ]
INFO: [ view_parse ] --END-- [ RunTime:0.015625s ]
INFO: [ view_filter ] --START--
INFO: Run Behavior\WriteHtmlCacheBehavior [ RunTime:0.000000s ]
INFO: [ view_filter ] --END-- [ RunTime:0.000000s ]
INFO: [ app_end ] --START--
INFO: Run Behavior\ShowPageTraceBehavior [ RunTime:0.000000s ]
INFO: [ app_end ] --END-- [ RunTime:0.000000s ]

