[ 2017-11-30T14:13:37+08:00 ] 127.0.0.1 /Admin/login
INFO: [ app_init ] --START--
INFO: Run Behavior\BuildLiteBehavior [ RunTime:0.000010s ]
INFO: [ app_init ] --END-- [ RunTime:0.001505s ]
INFO: [ app_begin ] --START--
INFO: Run Behavior\ReadHtmlCacheBehavior [ RunTime:0.000912s ]
INFO: [ app_begin ] --END-- [ RunTime:0.000970s ]
INFO: [ view_parse ] --START--
INFO: [ template_filter ] --START--
INFO: Run Behavior\ContentReplaceBehavior [ RunTime:0.000055s ]
INFO: [ template_filter ] --END-- [ RunTime:0.000097s ]
INFO: Run Behavior\ParseTemplateBehavior [ RunTime:0.006511s ]
INFO: [ view_parse ] --END-- [ RunTime:0.006569s ]
INFO: [ view_filter ] --START--
INFO: Run Behavior\WriteHtmlCacheBehavior [ RunTime:0.000667s ]
INFO: [ view_filter ] --END-- [ RunTime:0.000701s ]
INFO: [ app_end ] --START--
INFO: Run Behavior\ShowPageTraceBehavior [ RunTime:0.000704s ]
INFO: [ app_end ] --END-- [ RunTime:0.000740s ]

[ 2017-11-30T14:13:43+08:00 ] 127.0.0.1 /Admin/Login/in
INFO: [ app_init ] --START--
INFO: Run Behavior\BuildLiteBehavior [ RunTime:0.000009s ]
INFO: [ app_init ] --END-- [ RunTime:0.000291s ]
INFO: [ app_begin ] --START--
INFO: Run Behavior\ReadHtmlCacheBehavior [ RunTime:0.000392s ]
INFO: [ app_begin ] --END-- [ RunTime:0.000432s ]
SQL: SHOW COLUMNS FROM `fh_user` [ RunTime:0.0054s ]
SQL: SELECT * FROM `fh_user` WHERE `u_name` = 'admin' LIMIT 1   [ RunTime:0.0004s ]
SQL: UPDATE `fh_user` SET `u_logintime`='1512022423' WHERE `u_id` = 1 [ RunTime:0.0038s ]
SQL: UPDATE `fh_user` SET `u_num`=u_num+1 WHERE `u_id` = 1 [ RunTime:0.0016s ]

[ 2017-11-30T14:13:45+08:00 ] 127.0.0.1 /Admin/Index
INFO: [ app_init ] --START--
INFO: Run Behavior\BuildLiteBehavior [ RunTime:0.000011s ]
INFO: [ app_init ] --END-- [ RunTime:0.000286s ]
INFO: [ app_begin ] --START--
INFO: Run Behavior\ReadHtmlCacheBehavior [ RunTime:0.000348s ]
INFO: [ app_begin ] --END-- [ RunTime:0.000393s ]
SQL: SHOW COLUMNS FROM `fh_user` [ RunTime:0.0029s ]
SQL: SELECT * FROM `fh_user` WHERE `u_id` = 1 LIMIT 1   [ RunTime:0.0002s ]
SQL: SHOW COLUMNS FROM `fh_say_c` [ RunTime:0.0099s ]
SQL: SELECT COUNT(*) AS tp_count FROM `fh_say_c` WHERE ( sc_retime is null ) LIMIT 1   [ RunTime:0.0002s ]
SQL: SHOW COLUMNS FROM `fh_article_c` [ RunTime:0.0034s ]
SQL: SELECT COUNT(*) AS tp_count FROM `fh_article_c` WHERE ( ac_retime is null ) LIMIT 1   [ RunTime:0.0002s ]
SQL: SHOW COLUMNS FROM `fh_log_c` [ RunTime:0.0039s ]
SQL: SELECT COUNT(*) AS tp_count FROM `fh_log_c` WHERE ( lc_retime is null ) LIMIT 1   [ RunTime:0.0001s ]
SQL: SHOW COLUMNS FROM `fh_board` [ RunTime:0.0037s ]
SQL: SELECT COUNT(*) AS tp_count FROM `fh_board` WHERE ( b_retime is null ) LIMIT 1   [ RunTime:0.0002s ]
SQL: SHOW COLUMNS FROM `fh_say` [ RunTime:0.0037s ]
SQL: SHOW COLUMNS FROM `fh_article` [ RunTime:0.0035s ]
SQL: SHOW COLUMNS FROM `fh_log` [ RunTime:0.0037s ]
SQL: SELECT COUNT(*) AS tp_count FROM `fh_user` WHERE ( u_class < 3 ) LIMIT 1   [ RunTime:0.0002s ]
SQL: SELECT * FROM `fh_user` WHERE `u_id` = 1 LIMIT 1   [ RunTime:0.0001s ]
SQL: SELECT COUNT(*) AS tp_count FROM `fh_say` LIMIT 1   [ RunTime:0.0001s ]
SQL: SELECT COUNT(*) AS tp_count FROM `fh_article` WHERE `a_show` = 0 LIMIT 1   [ RunTime:0.0002s ]
SQL: SELECT COUNT(*) AS tp_count FROM `fh_log` WHERE `l_show` = 0 LIMIT 1   [ RunTime:0.0001s ]
SQL: SELECT COUNT(*) AS tp_count FROM `fh_board` LIMIT 1   [ RunTime:0.0001s ]
INFO: [ view_parse ] --START--
INFO: [ template_filter ] --START--
INFO: Run Behavior\ContentReplaceBehavior [ RunTime:0.000121s ]
INFO: [ template_filter ] --END-- [ RunTime:0.000159s ]
NOTIC: [8] Undefined variable: art E:\fish\Runtime\Cache\Admin\6be543cd41def918d87e15996786a60d.php 第 94 行.
NOTIC: [8] Undefined variable: artitem E:\fish\Runtime\Cache\Admin\6be543cd41def918d87e15996786a60d.php 第 96 行.
NOTIC: [8] Undefined variable: sayitem E:\fish\Runtime\Cache\Admin\6be543cd41def918d87e15996786a60d.php 第 98 行.
NOTIC: [8] Undefined variable: logitem E:\fish\Runtime\Cache\Admin\6be543cd41def918d87e15996786a60d.php 第 100 行.
NOTIC: [8] Undefined variable: artlist E:\fish\Runtime\Cache\Admin\6be543cd41def918d87e15996786a60d.php 第 103 行.
NOTIC: [8] Undefined variable: artL E:\fish\Runtime\Cache\Admin\6be543cd41def918d87e15996786a60d.php 第 105 行.
NOTIC: [8] Undefined variable: sayL E:\fish\Runtime\Cache\Admin\6be543cd41def918d87e15996786a60d.php 第 107 行.
NOTIC: [8] Undefined variable: logL E:\fish\Runtime\Cache\Admin\6be543cd41def918d87e15996786a60d.php 第 109 行.
NOTIC: [8] Undefined variable: cat E:\fish\Runtime\Cache\Admin\6be543cd41def918d87e15996786a60d.php 第 112 行.
NOTIC: [8] Undefined variable: catitem E:\fish\Runtime\Cache\Admin\6be543cd41def918d87e15996786a60d.php 第 114 行.
NOTIC: [8] Undefined variable: catlist E:\fish\Runtime\Cache\Admin\6be543cd41def918d87e15996786a60d.php 第 116 行.
NOTIC: [8] Undefined variable: user E:\fish\Runtime\Cache\Admin\6be543cd41def918d87e15996786a60d.php 第 121 行.
NOTIC: [8] Undefined variable: comment E:\fish\Runtime\Cache\Admin\6be543cd41def918d87e15996786a60d.php 第 122 行.
NOTIC: [8] Undefined variable: saycomment E:\fish\Runtime\Cache\Admin\6be543cd41def918d87e15996786a60d.php 第 124 行.
NOTIC: [8] Undefined variable: artcomment E:\fish\Runtime\Cache\Admin\6be543cd41def918d87e15996786a60d.php 第 126 行.
NOTIC: [8] Undefined variable: logcomment E:\fish\Runtime\Cache\Admin\6be543cd41def918d87e15996786a60d.php 第 128 行.
NOTIC: [8] Undefined variable: boardcomment E:\fish\Runtime\Cache\Admin\6be543cd41def918d87e15996786a60d.php 第 130 行.
NOTIC: [8] Undefined variable: system E:\fish\Runtime\Cache\Admin\6be543cd41def918d87e15996786a60d.php 第 133 行.
NOTIC: [8] Undefined variable: album E:\fish\Runtime\Cache\Admin\6be543cd41def918d87e15996786a60d.php 第 136 行.
NOTIC: [8] Undefined variable: picture E:\fish\Runtime\Cache\Admin\6be543cd41def918d87e15996786a60d.php 第 143 行.
NOTIC: [8] Undefined variable: info E:\fish\Runtime\Cache\Admin\6be543cd41def918d87e15996786a60d.php 第 310 行.
INFO: Run Behavior\ParseTemplateBehavior [ RunTime:0.013688s ]
INFO: [ view_parse ] --END-- [ RunTime:0.013760s ]
INFO: [ view_filter ] --START--
INFO: Run Behavior\WriteHtmlCacheBehavior [ RunTime:0.000344s ]
INFO: [ view_filter ] --END-- [ RunTime:0.000384s ]
INFO: [ app_end ] --START--
INFO: Run Behavior\ShowPageTraceBehavior [ RunTime:0.000521s ]
INFO: [ app_end ] --END-- [ RunTime:0.000564s ]

[ 2017-11-30T15:55:06+08:00 ] 127.0.0.1 /Admin/login
INFO: [ app_init ] --START--
INFO: Run Behavior\BuildLiteBehavior [ RunTime:0.000011s ]
INFO: [ app_init ] --END-- [ RunTime:0.000374s ]
INFO: [ app_begin ] --START--
INFO: Run Behavior\ReadHtmlCacheBehavior [ RunTime:0.000468s ]
INFO: [ app_begin ] --END-- [ RunTime:0.000514s ]
INFO: [ view_parse ] --START--
INFO: [ template_filter ] --START--
INFO: Run Behavior\ContentReplaceBehavior [ RunTime:0.000053s ]
INFO: [ template_filter ] --END-- [ RunTime:0.000094s ]
INFO: Run Behavior\ParseTemplateBehavior [ RunTime:0.004337s ]
INFO: [ view_parse ] --END-- [ RunTime:0.004381s ]
INFO: [ view_filter ] --START--
INFO: Run Behavior\WriteHtmlCacheBehavior [ RunTime:0.000287s ]
INFO: [ view_filter ] --END-- [ RunTime:0.000321s ]
INFO: [ app_end ] --START--
INFO: Run Behavior\ShowPageTraceBehavior [ RunTime:0.000468s ]
INFO: [ app_end ] --END-- [ RunTime:0.000505s ]

[ 2017-11-30T15:55:15+08:00 ] 127.0.0.1 /Admin/Login/in
INFO: [ app_init ] --START--
INFO: Run Behavior\BuildLiteBehavior [ RunTime:0.000009s ]
INFO: [ app_init ] --END-- [ RunTime:0.000304s ]
INFO: [ app_begin ] --START--
INFO: Run Behavior\ReadHtmlCacheBehavior [ RunTime:0.000399s ]
INFO: [ app_begin ] --END-- [ RunTime:0.000437s ]
SQL: SHOW COLUMNS FROM `fh_user` [ RunTime:0.0032s ]
SQL: SELECT * FROM `fh_user` WHERE `u_name` = 'admin' LIMIT 1   [ RunTime:0.0002s ]
SQL: UPDATE `fh_user` SET `u_logintime`='1512028515' WHERE `u_id` = 1 [ RunTime:0.0112s ]
SQL: UPDATE `fh_user` SET `u_num`=u_num+1 WHERE `u_id` = 1 [ RunTime:0.0029s ]

[ 2017-11-30T15:55:19+08:00 ] 127.0.0.1 /Admin/Index
INFO: [ app_init ] --START--
INFO: Run Behavior\BuildLiteBehavior [ RunTime:0.000010s ]
INFO: [ app_init ] --END-- [ RunTime:0.000291s ]
INFO: [ app_begin ] --START--
INFO: Run Behavior\ReadHtmlCacheBehavior [ RunTime:0.000358s ]
INFO: [ app_begin ] --END-- [ RunTime:0.000398s ]
SQL: SHOW COLUMNS FROM `fh_user` [ RunTime:0.0029s ]
SQL: SELECT * FROM `fh_user` WHERE `u_id` = 1 LIMIT 1   [ RunTime:0.0002s ]
SQL: SHOW COLUMNS FROM `fh_say_c` [ RunTime:0.0026s ]
SQL: SELECT COUNT(*) AS tp_count FROM `fh_say_c` WHERE ( sc_retime is null ) LIMIT 1   [ RunTime:0.0001s ]
SQL: SHOW COLUMNS FROM `fh_article_c` [ RunTime:0.0025s ]
SQL: SELECT COUNT(*) AS tp_count FROM `fh_article_c` WHERE ( ac_retime is null ) LIMIT 1   [ RunTime:0.0001s ]
SQL: SHOW COLUMNS FROM `fh_log_c` [ RunTime:0.0026s ]
SQL: SELECT COUNT(*) AS tp_count FROM `fh_log_c` WHERE ( lc_retime is null ) LIMIT 1   [ RunTime:0.0001s ]
SQL: SHOW COLUMNS FROM `fh_board` [ RunTime:0.0025s ]
SQL: SELECT COUNT(*) AS tp_count FROM `fh_board` WHERE ( b_retime is null ) LIMIT 1   [ RunTime:0.0001s ]
SQL: SHOW COLUMNS FROM `fh_say` [ RunTime:0.0025s ]
SQL: SHOW COLUMNS FROM `fh_article` [ RunTime:0.0026s ]
SQL: SHOW COLUMNS FROM `fh_log` [ RunTime:0.0025s ]
SQL: SELECT COUNT(*) AS tp_count FROM `fh_user` WHERE ( u_class < 3 ) LIMIT 1   [ RunTime:0.0002s ]
SQL: SELECT * FROM `fh_user` WHERE `u_id` = 1 LIMIT 1   [ RunTime:0.0001s ]
SQL: SELECT COUNT(*) AS tp_count FROM `fh_say` LIMIT 1   [ RunTime:0.0001s ]
SQL: SELECT COUNT(*) AS tp_count FROM `fh_article` WHERE `a_show` = 0 LIMIT 1   [ RunTime:0.0002s ]
SQL: SELECT COUNT(*) AS tp_count FROM `fh_log` WHERE `l_show` = 0 LIMIT 1   [ RunTime:0.0001s ]
SQL: SELECT COUNT(*) AS tp_count FROM `fh_board` LIMIT 1   [ RunTime:0.0001s ]
INFO: [ view_parse ] --START--
INFO: [ template_filter ] --START--
INFO: Run Behavior\ContentReplaceBehavior [ RunTime:0.000143s ]
INFO: [ template_filter ] --END-- [ RunTime:0.000187s ]
NOTIC: [8] Undefined variable: art E:\fish\Runtime\Cache\Admin\6be543cd41def918d87e15996786a60d.php 第 94 行.
NOTIC: [8] Undefined variable: artitem E:\fish\Runtime\Cache\Admin\6be543cd41def918d87e15996786a60d.php 第 96 行.
NOTIC: [8] Undefined variable: sayitem E:\fish\Runtime\Cache\Admin\6be543cd41def918d87e15996786a60d.php 第 98 行.
NOTIC: [8] Undefined variable: logitem E:\fish\Runtime\Cache\Admin\6be543cd41def918d87e15996786a60d.php 第 100 行.
NOTIC: [8] Undefined variable: artlist E:\fish\Runtime\Cache\Admin\6be543cd41def918d87e15996786a60d.php 第 103 行.
NOTIC: [8] Undefined variable: artL E:\fish\Runtime\Cache\Admin\6be543cd41def918d87e15996786a60d.php 第 105 行.
NOTIC: [8] Undefined variable: sayL E:\fish\Runtime\Cache\Admin\6be543cd41def918d87e15996786a60d.php 第 107 行.
NOTIC: [8] Undefined variable: logL E:\fish\Runtime\Cache\Admin\6be543cd41def918d87e15996786a60d.php 第 109 行.
NOTIC: [8] Undefined variable: cat E:\fish\Runtime\Cache\Admin\6be543cd41def918d87e15996786a60d.php 第 112 行.
NOTIC: [8] Undefined variable: catitem E:\fish\Runtime\Cache\Admin\6be543cd41def918d87e15996786a60d.php 第 114 行.
NOTIC: [8] Undefined variable: catlist E:\fish\Runtime\Cache\Admin\6be543cd41def918d87e15996786a60d.php 第 116 行.
NOTIC: [8] Undefined variable: user E:\fish\Runtime\Cache\Admin\6be543cd41def918d87e15996786a60d.php 第 121 行.
NOTIC: [8] Undefined variable: comment E:\fish\Runtime\Cache\Admin\6be543cd41def918d87e15996786a60d.php 第 122 行.
NOTIC: [8] Undefined variable: saycomment E:\fish\Runtime\Cache\Admin\6be543cd41def918d87e15996786a60d.php 第 124 行.
NOTIC: [8] Undefined variable: artcomment E:\fish\Runtime\Cache\Admin\6be543cd41def918d87e15996786a60d.php 第 126 行.
NOTIC: [8] Undefined variable: logcomment E:\fish\Runtime\Cache\Admin\6be543cd41def918d87e15996786a60d.php 第 128 行.
NOTIC: [8] Undefined variable: boardcomment E:\fish\Runtime\Cache\Admin\6be543cd41def918d87e15996786a60d.php 第 130 行.
NOTIC: [8] Undefined variable: system E:\fish\Runtime\Cache\Admin\6be543cd41def918d87e15996786a60d.php 第 133 行.
NOTIC: [8] Undefined variable: album E:\fish\Runtime\Cache\Admin\6be543cd41def918d87e15996786a60d.php 第 136 行.
NOTIC: [8] Undefined variable: picture E:\fish\Runtime\Cache\Admin\6be543cd41def918d87e15996786a60d.php 第 143 行.
NOTIC: [8] Undefined variable: info E:\fish\Runtime\Cache\Admin\6be543cd41def918d87e15996786a60d.php 第 310 行.
INFO: Run Behavior\ParseTemplateBehavior [ RunTime:0.010566s ]
INFO: [ view_parse ] --END-- [ RunTime:0.010612s ]
INFO: [ view_filter ] --START--
INFO: Run Behavior\WriteHtmlCacheBehavior [ RunTime:0.000330s ]
INFO: [ view_filter ] --END-- [ RunTime:0.000366s ]
INFO: [ app_end ] --START--
INFO: Run Behavior\ShowPageTraceBehavior [ RunTime:0.000569s ]
INFO: [ app_end ] --END-- [ RunTime:0.000612s ]

