[ 2017-12-05T10:17:20+08:00 ] 61.140.27.163 /Admin/Board/add
INFO: [ app_init ] --START--
INFO: Run Behavior\BuildLiteBehavior [ RunTime:0.000000s ]
INFO: [ app_init ] --END-- [ RunTime:0.000000s ]
INFO: [ app_begin ] --START--
INFO: Run Behavior\ReadHtmlCacheBehavior [ RunTime:0.000000s ]
INFO: [ app_begin ] --END-- [ RunTime:0.000000s ]
NOTIC: [2] ini_set() has been disabled for security reasons E:\web\lykl812j\WwwRoot\ThinkPHP\Common\functions.php 第 1236 行.
SQL: SHOW COLUMNS FROM `fh_user` [ RunTime:0.0000s ]
SQL: SELECT * FROM `fh_user` WHERE `u_id` = null LIMIT 1   [ RunTime:0.0000s ]
SQL: SHOW COLUMNS FROM `fh_say_c` [ RunTime:0.0000s ]
SQL: SELECT COUNT(*) AS tp_count FROM `fh_say_c` WHERE ( sc_retime is null ) LIMIT 1   [ RunTime:0.0000s ]
SQL: SHOW COLUMNS FROM `fh_article_c` [ RunTime:0.0156s ]
SQL: SELECT COUNT(*) AS tp_count FROM `fh_article_c` WHERE ( ac_retime is null ) LIMIT 1   [ RunTime:0.0000s ]
SQL: SHOW COLUMNS FROM `fh_log_c` [ RunTime:0.0000s ]
SQL: SELECT COUNT(*) AS tp_count FROM `fh_log_c` WHERE ( lc_retime is null ) LIMIT 1   [ RunTime:0.0000s ]
SQL: SHOW COLUMNS FROM `fh_board` [ RunTime:0.0000s ]
SQL: SELECT COUNT(*) AS tp_count FROM `fh_board` WHERE ( b_retime is null ) LIMIT 1   [ RunTime:0.0000s ]
SQL: SHOW COLUMNS FROM `fh_board` [ RunTime:0.0000s ]
NOTIC: [8] Undefined index: validate E:\web\lykl812j\WwwRoot\ThinkPHP\Library\Think\Model.class.php 第 1185 行.
NOTIC: [8] Undefined index: auto E:\web\lykl812j\WwwRoot\ThinkPHP\Library\Think\Model.class.php 第 1128 行.
SQL: INSERT INTO `fh_board` (`b_name`,`b_img`,`b_content`,`b_time`,`b_ip`,`b_system`) VALUES ('游客','/Public/Home/img/default.png','要是能写一些大数据的文章就好了[em_13]','1512440240','61.140.27.163','Win 7') [ RunTime:0.0000s ]

