[ 2017-11-14T10:21:10+08:00 ] 127.0.0.1 /Admin/login
INFO: [ app_init ] --START--
INFO: Run Behavior\BuildLiteBehavior [ RunTime:0.000010s ]
INFO: [ app_init ] --END-- [ RunTime:0.000272s ]
INFO: [ app_begin ] --START--
INFO: Run Behavior\ReadHtmlCacheBehavior [ RunTime:0.000388s ]
INFO: [ app_begin ] --END-- [ RunTime:0.000430s ]
INFO: [ view_parse ] --START--
INFO: [ template_filter ] --START--
INFO: Run Behavior\ContentReplaceBehavior [ RunTime:0.000049s ]
INFO: [ template_filter ] --END-- [ RunTime:0.000088s ]
INFO: Run Behavior\ParseTemplateBehavior [ RunTime:0.004537s ]
INFO: [ view_parse ] --END-- [ RunTime:0.004584s ]
INFO: [ view_filter ] --START--
INFO: Run Behavior\WriteHtmlCacheBehavior [ RunTime:0.000195s ]
INFO: [ view_filter ] --END-- [ RunTime:0.000227s ]
INFO: [ app_end ] --START--
INFO: Run Behavior\ShowPageTraceBehavior [ RunTime:0.000375s ]
INFO: [ app_end ] --END-- [ RunTime:0.000411s ]

[ 2017-11-14T10:21:16+08:00 ] 127.0.0.1 /Admin/Login/in
INFO: [ app_init ] --START--
INFO: Run Behavior\BuildLiteBehavior [ RunTime:0.000010s ]
INFO: [ app_init ] --END-- [ RunTime:0.000357s ]
INFO: [ app_begin ] --START--
INFO: Run Behavior\ReadHtmlCacheBehavior [ RunTime:0.000459s ]
INFO: [ app_begin ] --END-- [ RunTime:0.000497s ]
SQL: SHOW COLUMNS FROM `fh_user` [ RunTime:0.0035s ]
SQL: SELECT * FROM `fh_user` WHERE `u_name` = 'admin' LIMIT 1   [ RunTime:0.0002s ]
SQL: UPDATE `fh_user` SET `u_logintime`='1510626076' WHERE `u_id` = 1 [ RunTime:0.0033s ]
SQL: UPDATE `fh_user` SET `u_num`=u_num+1 WHERE `u_id` = 1 [ RunTime:0.0034s ]

[ 2017-11-14T10:21:19+08:00 ] 127.0.0.1 /Admin/Index
INFO: [ app_init ] --START--
INFO: Run Behavior\BuildLiteBehavior [ RunTime:0.000010s ]
INFO: [ app_init ] --END-- [ RunTime:0.000300s ]
INFO: [ app_begin ] --START--
INFO: Run Behavior\ReadHtmlCacheBehavior [ RunTime:0.000367s ]
INFO: [ app_begin ] --END-- [ RunTime:0.000407s ]
SQL: SHOW COLUMNS FROM `fh_user` [ RunTime:0.0021s ]
SQL: SHOW COLUMNS FROM `fh_say` [ RunTime:0.0093s ]
SQL: SHOW COLUMNS FROM `fh_article` [ RunTime:0.0020s ]
SQL: SHOW COLUMNS FROM `fh_log` [ RunTime:0.0026s ]
SQL: SHOW COLUMNS FROM `fh_board` [ RunTime:0.0032s ]
SQL: SELECT COUNT(*) AS tp_count FROM `fh_user` WHERE ( u_class < 3 ) LIMIT 1   [ RunTime:0.0002s ]
SQL: SELECT * FROM `fh_user` WHERE `u_id` = 1 LIMIT 1   [ RunTime:0.0002s ]
SQL: SELECT COUNT(*) AS tp_count FROM `fh_say` LIMIT 1   [ RunTime:0.0001s ]
SQL: SELECT COUNT(*) AS tp_count FROM `fh_article` WHERE `a_show` = 0 LIMIT 1   [ RunTime:0.0002s ]
SQL: SELECT COUNT(*) AS tp_count FROM `fh_log` WHERE `l_show` = 0 LIMIT 1   [ RunTime:0.0002s ]
SQL: SELECT COUNT(*) AS tp_count FROM `fh_board` LIMIT 1   [ RunTime:0.0001s ]
INFO: [ view_parse ] --START--
INFO: [ template_filter ] --START--
INFO: Run Behavior\ContentReplaceBehavior [ RunTime:0.000115s ]
INFO: [ template_filter ] --END-- [ RunTime:0.000153s ]
NOTIC: [8] Undefined variable: info E:\fish\Runtime\Cache\Admin\6be543cd41def918d87e15996786a60d.php 第 33 行.
NOTIC: [8] Undefined variable: art E:\fish\Runtime\Cache\Admin\6be543cd41def918d87e15996786a60d.php 第 60 行.
NOTIC: [8] Undefined variable: artlist E:\fish\Runtime\Cache\Admin\6be543cd41def918d87e15996786a60d.php 第 69 行.
NOTIC: [8] Undefined variable: cat E:\fish\Runtime\Cache\Admin\6be543cd41def918d87e15996786a60d.php 第 78 行.
NOTIC: [8] Undefined variable: user E:\fish\Runtime\Cache\Admin\6be543cd41def918d87e15996786a60d.php 第 87 行.
NOTIC: [8] Undefined variable: comment E:\fish\Runtime\Cache\Admin\6be543cd41def918d87e15996786a60d.php 第 88 行.
NOTIC: [8] Undefined variable: system E:\fish\Runtime\Cache\Admin\6be543cd41def918d87e15996786a60d.php 第 99 行.
NOTIC: [8] Undefined variable: album E:\fish\Runtime\Cache\Admin\6be543cd41def918d87e15996786a60d.php 第 102 行.
NOTIC: [8] Undefined variable: comment E:\fish\Runtime\Cache\Admin\6be543cd41def918d87e15996786a60d.php 第 109 行.
NOTIC: [8] Undefined variable: info E:\fish\Runtime\Cache\Admin\6be543cd41def918d87e15996786a60d.php 第 272 行.
NOTIC: [8] Undefined variable: info E:\fish\Runtime\Cache\Admin\6be543cd41def918d87e15996786a60d.php 第 325 行.
NOTIC: [8] Undefined variable: info E:\fish\Runtime\Cache\Admin\6be543cd41def918d87e15996786a60d.php 第 330 行.
NOTIC: [8] Undefined variable: info E:\fish\Runtime\Cache\Admin\6be543cd41def918d87e15996786a60d.php 第 337 行.
NOTIC: [8] Undefined variable: info E:\fish\Runtime\Cache\Admin\6be543cd41def918d87e15996786a60d.php 第 341 行.
NOTIC: [8] Undefined variable: info E:\fish\Runtime\Cache\Admin\6be543cd41def918d87e15996786a60d.php 第 375 行.
NOTIC: [8] Undefined variable: info E:\fish\Runtime\Cache\Admin\6be543cd41def918d87e15996786a60d.php 第 376 行.
INFO: Run Behavior\ParseTemplateBehavior [ RunTime:0.010202s ]
INFO: [ view_parse ] --END-- [ RunTime:0.010242s ]
INFO: [ view_filter ] --START--
INFO: Run Behavior\WriteHtmlCacheBehavior [ RunTime:0.000326s ]
INFO: [ view_filter ] --END-- [ RunTime:0.000362s ]
INFO: [ app_end ] --START--
INFO: Run Behavior\ShowPageTraceBehavior [ RunTime:0.000493s ]
INFO: [ app_end ] --END-- [ RunTime:0.000536s ]

[ 2017-11-14T10:21:19+08:00 ] 127.0.0.1 /Admin/images/weixin.jpg
INFO: [ app_init ] --START--
INFO: Run Behavior\BuildLiteBehavior [ RunTime:0.000011s ]
INFO: [ app_init ] --END-- [ RunTime:0.000295s ]

[ 2017-11-14T10:21:19+08:00 ] 127.0.0.1 /Admin/images/baoman/baoman_01.gif
INFO: [ app_init ] --START--
INFO: Run Behavior\BuildLiteBehavior [ RunTime:0.000011s ]
INFO: [ app_init ] --END-- [ RunTime:0.000321s ]

[ 2017-11-14T10:48:06+08:00 ] 127.0.0.1 /Admin/Album/index
INFO: [ app_init ] --START--
INFO: Run Behavior\BuildLiteBehavior [ RunTime:0.000009s ]
INFO: [ app_init ] --END-- [ RunTime:0.000363s ]
INFO: [ app_begin ] --START--
INFO: Run Behavior\ReadHtmlCacheBehavior [ RunTime:0.000919s ]
INFO: [ app_begin ] --END-- [ RunTime:0.000990s ]
INFO: [ view_parse ] --START--
INFO: [ template_filter ] --START--
INFO: Run Behavior\ContentReplaceBehavior [ RunTime:0.000205s ]
INFO: [ template_filter ] --END-- [ RunTime:0.000264s ]
NOTIC: [8] Undefined variable: info E:\fish\Runtime\Cache\Admin\5b63964f1fd860d7eae73ba2ec469063.php 第 33 行.
NOTIC: [8] Undefined variable: index E:\fish\Runtime\Cache\Admin\5b63964f1fd860d7eae73ba2ec469063.php 第 57 行.
NOTIC: [8] Undefined variable: art E:\fish\Runtime\Cache\Admin\5b63964f1fd860d7eae73ba2ec469063.php 第 60 行.
NOTIC: [8] Undefined variable: artlist E:\fish\Runtime\Cache\Admin\5b63964f1fd860d7eae73ba2ec469063.php 第 69 行.
NOTIC: [8] Undefined variable: cat E:\fish\Runtime\Cache\Admin\5b63964f1fd860d7eae73ba2ec469063.php 第 78 行.
NOTIC: [8] Undefined variable: user E:\fish\Runtime\Cache\Admin\5b63964f1fd860d7eae73ba2ec469063.php 第 87 行.
NOTIC: [8] Undefined variable: comment E:\fish\Runtime\Cache\Admin\5b63964f1fd860d7eae73ba2ec469063.php 第 88 行.
NOTIC: [8] Undefined variable: system E:\fish\Runtime\Cache\Admin\5b63964f1fd860d7eae73ba2ec469063.php 第 99 行.
NOTIC: [8] Undefined variable: comment E:\fish\Runtime\Cache\Admin\5b63964f1fd860d7eae73ba2ec469063.php 第 109 行.
NOTIC: [8] Undefined variable: info E:\fish\Runtime\Cache\Admin\5b63964f1fd860d7eae73ba2ec469063.php 第 129 行.
NOTIC: [8] Undefined variable: info E:\fish\Runtime\Cache\Admin\5b63964f1fd860d7eae73ba2ec469063.php 第 134 行.
NOTIC: [8] Undefined variable: info E:\fish\Runtime\Cache\Admin\5b63964f1fd860d7eae73ba2ec469063.php 第 143 行.
NOTIC: [8] Undefined variable: info E:\fish\Runtime\Cache\Admin\5b63964f1fd860d7eae73ba2ec469063.php 第 159 行.
NOTIC: [8] Undefined variable: info E:\fish\Runtime\Cache\Admin\5b63964f1fd860d7eae73ba2ec469063.php 第 160 行.
NOTIC: [8] Undefined variable: info E:\fish\Runtime\Cache\Admin\5b63964f1fd860d7eae73ba2ec469063.php 第 256 行.
NOTIC: [8] Undefined variable: info E:\fish\Runtime\Cache\Admin\5b63964f1fd860d7eae73ba2ec469063.php 第 309 行.
NOTIC: [8] Undefined variable: info E:\fish\Runtime\Cache\Admin\5b63964f1fd860d7eae73ba2ec469063.php 第 314 行.
NOTIC: [8] Undefined variable: info E:\fish\Runtime\Cache\Admin\5b63964f1fd860d7eae73ba2ec469063.php 第 321 行.
NOTIC: [8] Undefined variable: info E:\fish\Runtime\Cache\Admin\5b63964f1fd860d7eae73ba2ec469063.php 第 325 行.
NOTIC: [8] Undefined variable: info E:\fish\Runtime\Cache\Admin\5b63964f1fd860d7eae73ba2ec469063.php 第 359 行.
NOTIC: [8] Undefined variable: info E:\fish\Runtime\Cache\Admin\5b63964f1fd860d7eae73ba2ec469063.php 第 360 行.
INFO: Run Behavior\ParseTemplateBehavior [ RunTime:0.018006s ]
INFO: [ view_parse ] --END-- [ RunTime:0.018052s ]
INFO: [ view_filter ] --START--
INFO: Run Behavior\WriteHtmlCacheBehavior [ RunTime:0.000517s ]
INFO: [ view_filter ] --END-- [ RunTime:0.000552s ]
INFO: [ app_end ] --START--
INFO: Run Behavior\ShowPageTraceBehavior [ RunTime:0.000710s ]
INFO: [ app_end ] --END-- [ RunTime:0.000751s ]

[ 2017-11-14T10:48:06+08:00 ] 127.0.0.1 /Admin/Album/images/weixin.jpg
INFO: [ app_init ] --START--
INFO: Run Behavior\BuildLiteBehavior [ RunTime:0.000013s ]
INFO: [ app_init ] --END-- [ RunTime:0.000422s ]

[ 2017-11-14T10:48:06+08:00 ] 127.0.0.1 /Admin/Album/images/baoman/baoman_01.gif
INFO: [ app_init ] --START--
INFO: Run Behavior\BuildLiteBehavior [ RunTime:0.000010s ]
INFO: [ app_init ] --END-- [ RunTime:0.000380s ]

[ 2017-11-14T10:48:09+08:00 ] 127.0.0.1 /Admin/Say/sayContentList
INFO: [ app_init ] --START--
INFO: Run Behavior\BuildLiteBehavior [ RunTime:0.000010s ]
INFO: [ app_init ] --END-- [ RunTime:0.000295s ]
INFO: [ app_begin ] --START--
INFO: Run Behavior\ReadHtmlCacheBehavior [ RunTime:0.000440s ]
INFO: [ app_begin ] --END-- [ RunTime:0.000482s ]
SQL: SHOW COLUMNS FROM `fh_say_c` [ RunTime:0.0098s ]
SQL: SELECT COUNT(*) AS tp_count FROM `fh_say_c` LIMIT 1   [ RunTime:0.0002s ]
SQL: SELECT * FROM `fh_say_c` ORDER BY sc_id desc LIMIT 0,5   [ RunTime:0.0002s ]
INFO: [ view_parse ] --START--
INFO: [ template_filter ] --START--
INFO: Run Behavior\ContentReplaceBehavior [ RunTime:0.000109s ]
INFO: [ template_filter ] --END-- [ RunTime:0.000152s ]
NOTIC: [8] Undefined variable: info E:\fish\Runtime\Cache\Admin\503517b5762dddab8f463c8c65d54ec2.php 第 33 行.
NOTIC: [8] Undefined variable: index E:\fish\Runtime\Cache\Admin\503517b5762dddab8f463c8c65d54ec2.php 第 57 行.
NOTIC: [8] Undefined variable: art E:\fish\Runtime\Cache\Admin\503517b5762dddab8f463c8c65d54ec2.php 第 60 行.
NOTIC: [8] Undefined variable: artlist E:\fish\Runtime\Cache\Admin\503517b5762dddab8f463c8c65d54ec2.php 第 69 行.
NOTIC: [8] Undefined variable: cat E:\fish\Runtime\Cache\Admin\503517b5762dddab8f463c8c65d54ec2.php 第 78 行.
NOTIC: [8] Undefined variable: user E:\fish\Runtime\Cache\Admin\503517b5762dddab8f463c8c65d54ec2.php 第 87 行.
NOTIC: [8] Undefined variable: system E:\fish\Runtime\Cache\Admin\503517b5762dddab8f463c8c65d54ec2.php 第 99 行.
NOTIC: [8] Undefined variable: album E:\fish\Runtime\Cache\Admin\503517b5762dddab8f463c8c65d54ec2.php 第 102 行.
INFO: Run Behavior\ParseTemplateBehavior [ RunTime:0.013547s ]
INFO: [ view_parse ] --END-- [ RunTime:0.013597s ]
INFO: [ view_filter ] --START--
INFO: Run Behavior\WriteHtmlCacheBehavior [ RunTime:0.000354s ]
INFO: [ view_filter ] --END-- [ RunTime:0.000389s ]
INFO: [ app_end ] --START--
INFO: Run Behavior\ShowPageTraceBehavior [ RunTime:0.000434s ]
INFO: [ app_end ] --END-- [ RunTime:0.000476s ]

[ 2017-11-14T10:48:13+08:00 ] 127.0.0.1 /Admin/Say/sayContentList
INFO: [ app_init ] --START--
INFO: Run Behavior\BuildLiteBehavior [ RunTime:0.000009s ]
INFO: [ app_init ] --END-- [ RunTime:0.000303s ]
INFO: [ app_begin ] --START--
INFO: Run Behavior\ReadHtmlCacheBehavior [ RunTime:0.000595s ]
INFO: [ app_begin ] --END-- [ RunTime:0.000639s ]
SQL: SHOW COLUMNS FROM `fh_say_c` [ RunTime:0.0090s ]
SQL: SELECT COUNT(*) AS tp_count FROM `fh_say_c` LIMIT 1   [ RunTime:0.0001s ]
SQL: SELECT * FROM `fh_say_c` ORDER BY sc_id desc LIMIT 0,5   [ RunTime:0.0002s ]
INFO: [ view_parse ] --START--
INFO: [ template_filter ] --START--
INFO: Run Behavior\ContentReplaceBehavior [ RunTime:0.000110s ]
INFO: [ template_filter ] --END-- [ RunTime:0.000151s ]
NOTIC: [8] Undefined variable: info E:\fish\Runtime\Cache\Admin\503517b5762dddab8f463c8c65d54ec2.php 第 33 行.
NOTIC: [8] Undefined variable: index E:\fish\Runtime\Cache\Admin\503517b5762dddab8f463c8c65d54ec2.php 第 57 行.
NOTIC: [8] Undefined variable: art E:\fish\Runtime\Cache\Admin\503517b5762dddab8f463c8c65d54ec2.php 第 60 行.
NOTIC: [8] Undefined variable: artlist E:\fish\Runtime\Cache\Admin\503517b5762dddab8f463c8c65d54ec2.php 第 69 行.
NOTIC: [8] Undefined variable: cat E:\fish\Runtime\Cache\Admin\503517b5762dddab8f463c8c65d54ec2.php 第 78 行.
NOTIC: [8] Undefined variable: user E:\fish\Runtime\Cache\Admin\503517b5762dddab8f463c8c65d54ec2.php 第 87 行.
NOTIC: [8] Undefined variable: system E:\fish\Runtime\Cache\Admin\503517b5762dddab8f463c8c65d54ec2.php 第 99 行.
NOTIC: [8] Undefined variable: album E:\fish\Runtime\Cache\Admin\503517b5762dddab8f463c8c65d54ec2.php 第 102 行.
INFO: Run Behavior\ParseTemplateBehavior [ RunTime:0.012787s ]
INFO: [ view_parse ] --END-- [ RunTime:0.012837s ]
INFO: [ view_filter ] --START--
INFO: Run Behavior\WriteHtmlCacheBehavior [ RunTime:0.000359s ]
INFO: [ view_filter ] --END-- [ RunTime:0.000394s ]
INFO: [ app_end ] --START--
INFO: Run Behavior\ShowPageTraceBehavior [ RunTime:0.000395s ]
INFO: [ app_end ] --END-- [ RunTime:0.000436s ]

[ 2017-11-14T10:48:16+08:00 ] 127.0.0.1 /Admin/Album/albumList
INFO: [ app_init ] --START--
INFO: Run Behavior\BuildLiteBehavior [ RunTime:0.000010s ]
INFO: [ app_init ] --END-- [ RunTime:0.000306s ]
INFO: [ app_begin ] --START--
INFO: Run Behavior\ReadHtmlCacheBehavior [ RunTime:0.000423s ]
INFO: [ app_begin ] --END-- [ RunTime:0.000464s ]
SQL: SHOW COLUMNS FROM `fh_album` [ RunTime:0.0047s ]
SQL: SELECT * FROM `fh_album`  [ RunTime:0.0002s ]
INFO: [ view_parse ] --START--
INFO: [ template_filter ] --START--
INFO: Run Behavior\ContentReplaceBehavior [ RunTime:0.000104s ]
INFO: [ template_filter ] --END-- [ RunTime:0.000142s ]
NOTIC: [8] Undefined variable: info E:\fish\Runtime\Cache\Admin\33568538db75d30f8d39ab691a5c968a.php 第 33 行.
NOTIC: [8] Undefined variable: index E:\fish\Runtime\Cache\Admin\33568538db75d30f8d39ab691a5c968a.php 第 57 行.
NOTIC: [8] Undefined variable: art E:\fish\Runtime\Cache\Admin\33568538db75d30f8d39ab691a5c968a.php 第 60 行.
NOTIC: [8] Undefined variable: artlist E:\fish\Runtime\Cache\Admin\33568538db75d30f8d39ab691a5c968a.php 第 69 行.
NOTIC: [8] Undefined variable: cat E:\fish\Runtime\Cache\Admin\33568538db75d30f8d39ab691a5c968a.php 第 78 行.
NOTIC: [8] Undefined variable: user E:\fish\Runtime\Cache\Admin\33568538db75d30f8d39ab691a5c968a.php 第 87 行.
NOTIC: [8] Undefined variable: comment E:\fish\Runtime\Cache\Admin\33568538db75d30f8d39ab691a5c968a.php 第 88 行.
NOTIC: [8] Undefined variable: system E:\fish\Runtime\Cache\Admin\33568538db75d30f8d39ab691a5c968a.php 第 99 行.
NOTIC: [8] Undefined variable: comment E:\fish\Runtime\Cache\Admin\33568538db75d30f8d39ab691a5c968a.php 第 109 行.
NOTIC: [8] Undefined variable: num E:\fish\Runtime\Cache\Admin\33568538db75d30f8d39ab691a5c968a.php 第 124 行.
NOTIC: [8] Undefined index: a_id E:\fish\Runtime\Cache\Admin\33568538db75d30f8d39ab691a5c968a.php 第 151 行.
NOTIC: [8] Undefined index: a_id E:\fish\Runtime\Cache\Admin\33568538db75d30f8d39ab691a5c968a.php 第 151 行.
INFO: Run Behavior\ParseTemplateBehavior [ RunTime:0.009290s ]
INFO: [ view_parse ] --END-- [ RunTime:0.009344s ]
INFO: [ view_filter ] --START--
INFO: Run Behavior\WriteHtmlCacheBehavior [ RunTime:0.000334s ]
INFO: [ view_filter ] --END-- [ RunTime:0.000370s ]
INFO: [ app_end ] --START--
INFO: Run Behavior\ShowPageTraceBehavior [ RunTime:0.000425s ]
INFO: [ app_end ] --END-- [ RunTime:0.000482s ]

[ 2017-11-14T10:48:20+08:00 ] 127.0.0.1 /Admin/Say/sayContentList
INFO: [ app_init ] --START--
INFO: Run Behavior\BuildLiteBehavior [ RunTime:0.000010s ]
INFO: [ app_init ] --END-- [ RunTime:0.000385s ]
INFO: [ app_begin ] --START--
INFO: Run Behavior\ReadHtmlCacheBehavior [ RunTime:0.000453s ]
INFO: [ app_begin ] --END-- [ RunTime:0.000499s ]
SQL: SHOW COLUMNS FROM `fh_say_c` [ RunTime:0.0090s ]
SQL: SELECT COUNT(*) AS tp_count FROM `fh_say_c` LIMIT 1   [ RunTime:0.0001s ]
SQL: SELECT * FROM `fh_say_c` ORDER BY sc_id desc LIMIT 0,5   [ RunTime:0.0002s ]
INFO: [ view_parse ] --START--
INFO: [ template_filter ] --START--
INFO: Run Behavior\ContentReplaceBehavior [ RunTime:0.000111s ]
INFO: [ template_filter ] --END-- [ RunTime:0.000150s ]
NOTIC: [8] Undefined variable: info E:\fish\Runtime\Cache\Admin\503517b5762dddab8f463c8c65d54ec2.php 第 33 行.
NOTIC: [8] Undefined variable: index E:\fish\Runtime\Cache\Admin\503517b5762dddab8f463c8c65d54ec2.php 第 57 行.
NOTIC: [8] Undefined variable: art E:\fish\Runtime\Cache\Admin\503517b5762dddab8f463c8c65d54ec2.php 第 60 行.
NOTIC: [8] Undefined variable: artlist E:\fish\Runtime\Cache\Admin\503517b5762dddab8f463c8c65d54ec2.php 第 69 行.
NOTIC: [8] Undefined variable: cat E:\fish\Runtime\Cache\Admin\503517b5762dddab8f463c8c65d54ec2.php 第 78 行.
NOTIC: [8] Undefined variable: user E:\fish\Runtime\Cache\Admin\503517b5762dddab8f463c8c65d54ec2.php 第 87 行.
NOTIC: [8] Undefined variable: system E:\fish\Runtime\Cache\Admin\503517b5762dddab8f463c8c65d54ec2.php 第 99 行.
NOTIC: [8] Undefined variable: album E:\fish\Runtime\Cache\Admin\503517b5762dddab8f463c8c65d54ec2.php 第 102 行.
INFO: Run Behavior\ParseTemplateBehavior [ RunTime:0.012488s ]
INFO: [ view_parse ] --END-- [ RunTime:0.012537s ]
INFO: [ view_filter ] --START--
INFO: Run Behavior\WriteHtmlCacheBehavior [ RunTime:0.000356s ]
INFO: [ view_filter ] --END-- [ RunTime:0.000391s ]
INFO: [ app_end ] --START--
INFO: Run Behavior\ShowPageTraceBehavior [ RunTime:0.000399s ]
INFO: [ app_end ] --END-- [ RunTime:0.000440s ]

[ 2017-11-14T11:13:01+08:00 ] 127.0.0.1 /Admin/Say/sayContentList
INFO: [ app_init ] --START--
INFO: Run Behavior\BuildLiteBehavior [ RunTime:0.000014s ]
INFO: [ app_init ] --END-- [ RunTime:0.000407s ]
INFO: [ app_begin ] --START--
INFO: Run Behavior\ReadHtmlCacheBehavior [ RunTime:0.000527s ]
INFO: [ app_begin ] --END-- [ RunTime:0.000573s ]
SQL: SHOW COLUMNS FROM `fh_say_c` [ RunTime:0.0023s ]
SQL: SELECT COUNT(*) AS tp_count FROM `fh_say_c` LIMIT 1   [ RunTime:0.0001s ]
SQL: SELECT * FROM `fh_say_c` ORDER BY sc_id desc LIMIT 0,5   [ RunTime:0.0002s ]
INFO: [ view_parse ] --START--
INFO: [ template_filter ] --START--
INFO: Run Behavior\ContentReplaceBehavior [ RunTime:0.000107s ]
INFO: [ template_filter ] --END-- [ RunTime:0.000148s ]
NOTIC: [8] Undefined variable: info E:\fish\Runtime\Cache\Admin\503517b5762dddab8f463c8c65d54ec2.php 第 33 行.
NOTIC: [8] Undefined variable: index E:\fish\Runtime\Cache\Admin\503517b5762dddab8f463c8c65d54ec2.php 第 57 行.
NOTIC: [8] Undefined variable: art E:\fish\Runtime\Cache\Admin\503517b5762dddab8f463c8c65d54ec2.php 第 60 行.
NOTIC: [8] Undefined variable: artlist E:\fish\Runtime\Cache\Admin\503517b5762dddab8f463c8c65d54ec2.php 第 69 行.
NOTIC: [8] Undefined variable: cat E:\fish\Runtime\Cache\Admin\503517b5762dddab8f463c8c65d54ec2.php 第 78 行.
NOTIC: [8] Undefined variable: user E:\fish\Runtime\Cache\Admin\503517b5762dddab8f463c8c65d54ec2.php 第 87 行.
NOTIC: [8] Undefined variable: system E:\fish\Runtime\Cache\Admin\503517b5762dddab8f463c8c65d54ec2.php 第 99 行.
NOTIC: [8] Undefined variable: album E:\fish\Runtime\Cache\Admin\503517b5762dddab8f463c8c65d54ec2.php 第 102 行.
INFO: Run Behavior\ParseTemplateBehavior [ RunTime:0.012238s ]
INFO: [ view_parse ] --END-- [ RunTime:0.012287s ]
INFO: [ view_filter ] --START--
INFO: Run Behavior\WriteHtmlCacheBehavior [ RunTime:0.000411s ]
INFO: [ view_filter ] --END-- [ RunTime:0.000446s ]
INFO: [ app_end ] --START--
INFO: Run Behavior\ShowPageTraceBehavior [ RunTime:0.000515s ]
INFO: [ app_end ] --END-- [ RunTime:0.000556s ]

[ 2017-11-14T11:13:14+08:00 ] 127.0.0.1 /Admin/Say/sayContentList
INFO: [ app_init ] --START--
INFO: Run Behavior\BuildLiteBehavior [ RunTime:0.000009s ]
INFO: [ app_init ] --END-- [ RunTime:0.000373s ]
INFO: [ app_begin ] --START--
INFO: Run Behavior\ReadHtmlCacheBehavior [ RunTime:0.000504s ]
INFO: [ app_begin ] --END-- [ RunTime:0.000547s ]
SQL: SHOW COLUMNS FROM `fh_say_c` [ RunTime:0.0021s ]
SQL: SELECT COUNT(*) AS tp_count FROM `fh_say_c` LIMIT 1   [ RunTime:0.0001s ]
SQL: SELECT * FROM `fh_say_c` ORDER BY sc_id desc LIMIT 0,5   [ RunTime:0.0002s ]
INFO: [ view_parse ] --START--
INFO: [ template_filter ] --START--
INFO: Run Behavior\ContentReplaceBehavior [ RunTime:0.000107s ]
INFO: [ template_filter ] --END-- [ RunTime:0.000147s ]
NOTIC: [8] Undefined variable: info E:\fish\Runtime\Cache\Admin\503517b5762dddab8f463c8c65d54ec2.php 第 33 行.
NOTIC: [8] Undefined variable: index E:\fish\Runtime\Cache\Admin\503517b5762dddab8f463c8c65d54ec2.php 第 57 行.
NOTIC: [8] Undefined variable: art E:\fish\Runtime\Cache\Admin\503517b5762dddab8f463c8c65d54ec2.php 第 60 行.
NOTIC: [8] Undefined variable: artlist E:\fish\Runtime\Cache\Admin\503517b5762dddab8f463c8c65d54ec2.php 第 69 行.
NOTIC: [8] Undefined variable: cat E:\fish\Runtime\Cache\Admin\503517b5762dddab8f463c8c65d54ec2.php 第 78 行.
NOTIC: [8] Undefined variable: user E:\fish\Runtime\Cache\Admin\503517b5762dddab8f463c8c65d54ec2.php 第 87 行.
NOTIC: [8] Undefined variable: system E:\fish\Runtime\Cache\Admin\503517b5762dddab8f463c8c65d54ec2.php 第 99 行.
NOTIC: [8] Undefined variable: album E:\fish\Runtime\Cache\Admin\503517b5762dddab8f463c8c65d54ec2.php 第 102 行.
NOTIC: [8] Undefined variable: picture E:\fish\Runtime\Cache\Admin\503517b5762dddab8f463c8c65d54ec2.php 第 109 行.
INFO: Run Behavior\ParseTemplateBehavior [ RunTime:0.012526s ]
INFO: [ view_parse ] --END-- [ RunTime:0.012585s ]
INFO: [ view_filter ] --START--
INFO: Run Behavior\WriteHtmlCacheBehavior [ RunTime:0.000432s ]
INFO: [ view_filter ] --END-- [ RunTime:0.000468s ]
INFO: [ app_end ] --START--
INFO: Run Behavior\ShowPageTraceBehavior [ RunTime:0.000493s ]
INFO: [ app_end ] --END-- [ RunTime:0.000534s ]

[ 2017-11-14T11:13:18+08:00 ] 127.0.0.1 /Admin/Picture/index
INFO: [ app_init ] --START--
INFO: Run Behavior\BuildLiteBehavior [ RunTime:0.000011s ]
INFO: [ app_init ] --END-- [ RunTime:0.000328s ]
INFO: [ app_begin ] --START--
INFO: Run Behavior\ReadHtmlCacheBehavior [ RunTime:0.000483s ]
INFO: [ app_begin ] --END-- [ RunTime:0.000529s ]
ERR: 无法加载控制器:Picture

[ 2017-11-14T11:13:30+08:00 ] 127.0.0.1 /Admin/Picture/index
INFO: [ app_init ] --START--
INFO: Run Behavior\BuildLiteBehavior [ RunTime:0.000010s ]
INFO: [ app_init ] --END-- [ RunTime:0.000320s ]
INFO: [ app_begin ] --START--
INFO: Run Behavior\ReadHtmlCacheBehavior [ RunTime:0.000478s ]
INFO: [ app_begin ] --END-- [ RunTime:0.000523s ]
INFO: [ view_parse ] --START--
INFO: [ template_filter ] --START--
INFO: Run Behavior\ContentReplaceBehavior [ RunTime:0.000187s ]
INFO: [ template_filter ] --END-- [ RunTime:0.000230s ]
NOTIC: [8] Undefined variable: info E:\fish\Runtime\Cache\Admin\2027101fb87774f1b448eff6569d3e7b.php 第 33 行.
NOTIC: [8] Undefined variable: index E:\fish\Runtime\Cache\Admin\2027101fb87774f1b448eff6569d3e7b.php 第 57 行.
NOTIC: [8] Undefined variable: art E:\fish\Runtime\Cache\Admin\2027101fb87774f1b448eff6569d3e7b.php 第 60 行.
NOTIC: [8] Undefined variable: artlist E:\fish\Runtime\Cache\Admin\2027101fb87774f1b448eff6569d3e7b.php 第 69 行.
NOTIC: [8] Undefined variable: cat E:\fish\Runtime\Cache\Admin\2027101fb87774f1b448eff6569d3e7b.php 第 78 行.
NOTIC: [8] Undefined variable: user E:\fish\Runtime\Cache\Admin\2027101fb87774f1b448eff6569d3e7b.php 第 87 行.
NOTIC: [8] Undefined variable: comment E:\fish\Runtime\Cache\Admin\2027101fb87774f1b448eff6569d3e7b.php 第 88 行.
NOTIC: [8] Undefined variable: system E:\fish\Runtime\Cache\Admin\2027101fb87774f1b448eff6569d3e7b.php 第 99 行.
NOTIC: [8] Undefined variable: album E:\fish\Runtime\Cache\Admin\2027101fb87774f1b448eff6569d3e7b.php 第 102 行.
NOTIC: [8] Undefined variable: info E:\fish\Runtime\Cache\Admin\2027101fb87774f1b448eff6569d3e7b.php 第 129 行.
NOTIC: [8] Undefined variable: info E:\fish\Runtime\Cache\Admin\2027101fb87774f1b448eff6569d3e7b.php 第 134 行.
NOTIC: [8] Undefined variable: info E:\fish\Runtime\Cache\Admin\2027101fb87774f1b448eff6569d3e7b.php 第 143 行.
NOTIC: [8] Undefined variable: info E:\fish\Runtime\Cache\Admin\2027101fb87774f1b448eff6569d3e7b.php 第 159 行.
NOTIC: [8] Undefined variable: info E:\fish\Runtime\Cache\Admin\2027101fb87774f1b448eff6569d3e7b.php 第 160 行.
NOTIC: [8] Undefined variable: info E:\fish\Runtime\Cache\Admin\2027101fb87774f1b448eff6569d3e7b.php 第 256 行.
NOTIC: [8] Undefined variable: info E:\fish\Runtime\Cache\Admin\2027101fb87774f1b448eff6569d3e7b.php 第 309 行.
NOTIC: [8] Undefined variable: info E:\fish\Runtime\Cache\Admin\2027101fb87774f1b448eff6569d3e7b.php 第 314 行.
NOTIC: [8] Undefined variable: info E:\fish\Runtime\Cache\Admin\2027101fb87774f1b448eff6569d3e7b.php 第 321 行.
NOTIC: [8] Undefined variable: info E:\fish\Runtime\Cache\Admin\2027101fb87774f1b448eff6569d3e7b.php 第 325 行.
NOTIC: [8] Undefined variable: info E:\fish\Runtime\Cache\Admin\2027101fb87774f1b448eff6569d3e7b.php 第 359 行.
NOTIC: [8] Undefined variable: info E:\fish\Runtime\Cache\Admin\2027101fb87774f1b448eff6569d3e7b.php 第 360 行.
INFO: Run Behavior\ParseTemplateBehavior [ RunTime:0.010443s ]
INFO: [ view_parse ] --END-- [ RunTime:0.010485s ]
INFO: [ view_filter ] --START--
INFO: Run Behavior\WriteHtmlCacheBehavior [ RunTime:0.000360s ]
INFO: [ view_filter ] --END-- [ RunTime:0.000397s ]
INFO: [ app_end ] --START--
INFO: Run Behavior\ShowPageTraceBehavior [ RunTime:0.000562s ]
INFO: [ app_end ] --END-- [ RunTime:0.000605s ]

[ 2017-11-14T11:13:30+08:00 ] 127.0.0.1 /Admin/Picture/images/weixin.jpg
INFO: [ app_init ] --START--
INFO: Run Behavior\BuildLiteBehavior [ RunTime:0.000012s ]
INFO: [ app_init ] --END-- [ RunTime:0.000307s ]

[ 2017-11-14T11:13:30+08:00 ] 127.0.0.1 /Admin/Picture/images/baoman/baoman_01.gif
INFO: [ app_init ] --START--
INFO: Run Behavior\BuildLiteBehavior [ RunTime:0.000011s ]
INFO: [ app_init ] --END-- [ RunTime:0.000388s ]

[ 2017-11-14T11:14:30+08:00 ] 127.0.0.1 /Admin/Article/index
INFO: [ app_init ] --START--
INFO: Run Behavior\BuildLiteBehavior [ RunTime:0.000010s ]
INFO: [ app_init ] --END-- [ RunTime:0.000405s ]
INFO: [ app_begin ] --START--
INFO: Run Behavior\ReadHtmlCacheBehavior [ RunTime:0.000462s ]
INFO: [ app_begin ] --END-- [ RunTime:0.000506s ]
SQL: SHOW COLUMNS FROM `fh_cat` [ RunTime:0.0023s ]
SQL: SELECT * FROM `fh_cat` WHERE `c_show` = 0  [ RunTime:0.0003s ]
INFO: [ view_parse ] --START--
INFO: [ template_filter ] --START--
INFO: Run Behavior\ContentReplaceBehavior [ RunTime:0.000213s ]
INFO: [ template_filter ] --END-- [ RunTime:0.000284s ]
NOTIC: [8] Undefined variable: info E:\fish\Runtime\Cache\Admin\ed243359e2cf343f39ae323dcb70f771.php 第 33 行.
NOTIC: [8] Undefined variable: index E:\fish\Runtime\Cache\Admin\ed243359e2cf343f39ae323dcb70f771.php 第 57 行.
NOTIC: [8] Undefined variable: artlist E:\fish\Runtime\Cache\Admin\ed243359e2cf343f39ae323dcb70f771.php 第 69 行.
NOTIC: [8] Undefined variable: cat E:\fish\Runtime\Cache\Admin\ed243359e2cf343f39ae323dcb70f771.php 第 78 行.
NOTIC: [8] Undefined variable: user E:\fish\Runtime\Cache\Admin\ed243359e2cf343f39ae323dcb70f771.php 第 87 行.
NOTIC: [8] Undefined variable: comment E:\fish\Runtime\Cache\Admin\ed243359e2cf343f39ae323dcb70f771.php 第 88 行.
NOTIC: [8] Undefined variable: system E:\fish\Runtime\Cache\Admin\ed243359e2cf343f39ae323dcb70f771.php 第 99 行.
NOTIC: [8] Undefined variable: album E:\fish\Runtime\Cache\Admin\ed243359e2cf343f39ae323dcb70f771.php 第 102 行.
NOTIC: [8] Undefined variable: picture E:\fish\Runtime\Cache\Admin\ed243359e2cf343f39ae323dcb70f771.php 第 109 行.
NOTIC: [8] Undefined variable: info E:\fish\Runtime\Cache\Admin\ed243359e2cf343f39ae323dcb70f771.php 第 129 行.
NOTIC: [8] Undefined variable: info E:\fish\Runtime\Cache\Admin\ed243359e2cf343f39ae323dcb70f771.php 第 133 行.
NOTIC: [8] Undefined variable: info E:\fish\Runtime\Cache\Admin\ed243359e2cf343f39ae323dcb70f771.php 第 138 行.
NOTIC: [8] Undefined variable: info E:\fish\Runtime\Cache\Admin\ed243359e2cf343f39ae323dcb70f771.php 第 166 行.
NOTIC: [8] Undefined variable: info E:\fish\Runtime\Cache\Admin\ed243359e2cf343f39ae323dcb70f771.php 第 173 行.
NOTIC: [8] Undefined variable: info E:\fish\Runtime\Cache\Admin\ed243359e2cf343f39ae323dcb70f771.php 第 188 行.
NOTIC: [8] Undefined variable: info E:\fish\Runtime\Cache\Admin\ed243359e2cf343f39ae323dcb70f771.php 第 189 行.
NOTIC: [8] Undefined variable: info E:\fish\Runtime\Cache\Admin\ed243359e2cf343f39ae323dcb70f771.php 第 193 行.
NOTIC: [8] Undefined variable: info E:\fish\Runtime\Cache\Admin\ed243359e2cf343f39ae323dcb70f771.php 第 194 行.
NOTIC: [8] Undefined variable: info E:\fish\Runtime\Cache\Admin\ed243359e2cf343f39ae323dcb70f771.php 第 290 行.
NOTIC: [8] Undefined variable: info E:\fish\Runtime\Cache\Admin\ed243359e2cf343f39ae323dcb70f771.php 第 343 行.
NOTIC: [8] Undefined variable: info E:\fish\Runtime\Cache\Admin\ed243359e2cf343f39ae323dcb70f771.php 第 348 行.
NOTIC: [8] Undefined variable: info E:\fish\Runtime\Cache\Admin\ed243359e2cf343f39ae323dcb70f771.php 第 355 行.
NOTIC: [8] Undefined variable: info E:\fish\Runtime\Cache\Admin\ed243359e2cf343f39ae323dcb70f771.php 第 359 行.
NOTIC: [8] Undefined variable: info E:\fish\Runtime\Cache\Admin\ed243359e2cf343f39ae323dcb70f771.php 第 393 行.
NOTIC: [8] Undefined variable: info E:\fish\Runtime\Cache\Admin\ed243359e2cf343f39ae323dcb70f771.php 第 394 行.
INFO: Run Behavior\ParseTemplateBehavior [ RunTime:0.020309s ]
INFO: [ view_parse ] --END-- [ RunTime:0.020362s ]
INFO: [ view_filter ] --START--
INFO: Run Behavior\WriteHtmlCacheBehavior [ RunTime:0.000375s ]
INFO: [ view_filter ] --END-- [ RunTime:0.000412s ]
INFO: [ app_end ] --START--
INFO: Run Behavior\ShowPageTraceBehavior [ RunTime:0.000465s ]
INFO: [ app_end ] --END-- [ RunTime:0.000505s ]

[ 2017-11-14T11:14:30+08:00 ] 127.0.0.1 /Admin/Article/images/weixin.jpg
INFO: [ app_init ] --START--
INFO: Run Behavior\BuildLiteBehavior [ RunTime:0.000009s ]
INFO: [ app_init ] --END-- [ RunTime:0.000339s ]

[ 2017-11-14T11:14:30+08:00 ] 127.0.0.1 /Admin/Article/images/baoman/baoman_01.gif
INFO: [ app_init ] --START--
INFO: Run Behavior\BuildLiteBehavior [ RunTime:0.000009s ]
INFO: [ app_init ] --END-- [ RunTime:0.000311s ]

[ 2017-11-14T11:15:30+08:00 ] 127.0.0.1 /Admin/Article/index
INFO: [ app_init ] --START--
INFO: Run Behavior\BuildLiteBehavior [ RunTime:0.000011s ]
INFO: [ app_init ] --END-- [ RunTime:0.000361s ]
INFO: [ app_begin ] --START--
INFO: Run Behavior\ReadHtmlCacheBehavior [ RunTime:0.000549s ]
INFO: [ app_begin ] --END-- [ RunTime:0.000594s ]
SQL: SHOW COLUMNS FROM `fh_cat` [ RunTime:0.0023s ]
SQL: SELECT * FROM `fh_cat` WHERE `c_show` = 0  [ RunTime:0.0001s ]
INFO: [ view_parse ] --START--
INFO: [ template_filter ] --START--
INFO: Run Behavior\ContentReplaceBehavior [ RunTime:0.000180s ]
INFO: [ template_filter ] --END-- [ RunTime:0.000223s ]
NOTIC: [8] Undefined variable: info E:\fish\Runtime\Cache\Admin\ed243359e2cf343f39ae323dcb70f771.php 第 33 行.
NOTIC: [8] Undefined variable: index E:\fish\Runtime\Cache\Admin\ed243359e2cf343f39ae323dcb70f771.php 第 57 行.
NOTIC: [8] Undefined variable: artlist E:\fish\Runtime\Cache\Admin\ed243359e2cf343f39ae323dcb70f771.php 第 69 行.
NOTIC: [8] Undefined variable: cat E:\fish\Runtime\Cache\Admin\ed243359e2cf343f39ae323dcb70f771.php 第 78 行.
NOTIC: [8] Undefined variable: user E:\fish\Runtime\Cache\Admin\ed243359e2cf343f39ae323dcb70f771.php 第 87 行.
NOTIC: [8] Undefined variable: comment E:\fish\Runtime\Cache\Admin\ed243359e2cf343f39ae323dcb70f771.php 第 88 行.
NOTIC: [8] Undefined variable: system E:\fish\Runtime\Cache\Admin\ed243359e2cf343f39ae323dcb70f771.php 第 99 行.
NOTIC: [8] Undefined variable: album E:\fish\Runtime\Cache\Admin\ed243359e2cf343f39ae323dcb70f771.php 第 102 行.
NOTIC: [8] Undefined variable: picture E:\fish\Runtime\Cache\Admin\ed243359e2cf343f39ae323dcb70f771.php 第 109 行.
NOTIC: [8] Undefined variable: info E:\fish\Runtime\Cache\Admin\ed243359e2cf343f39ae323dcb70f771.php 第 129 行.
NOTIC: [8] Undefined variable: info E:\fish\Runtime\Cache\Admin\ed243359e2cf343f39ae323dcb70f771.php 第 133 行.
NOTIC: [8] Undefined variable: info E:\fish\Runtime\Cache\Admin\ed243359e2cf343f39ae323dcb70f771.php 第 138 行.
NOTIC: [8] Undefined variable: info E:\fish\Runtime\Cache\Admin\ed243359e2cf343f39ae323dcb70f771.php 第 166 行.
NOTIC: [8] Undefined variable: info E:\fish\Runtime\Cache\Admin\ed243359e2cf343f39ae323dcb70f771.php 第 173 行.
NOTIC: [8] Undefined variable: info E:\fish\Runtime\Cache\Admin\ed243359e2cf343f39ae323dcb70f771.php 第 188 行.
NOTIC: [8] Undefined variable: info E:\fish\Runtime\Cache\Admin\ed243359e2cf343f39ae323dcb70f771.php 第 189 行.
NOTIC: [8] Undefined variable: info E:\fish\Runtime\Cache\Admin\ed243359e2cf343f39ae323dcb70f771.php 第 193 行.
NOTIC: [8] Undefined variable: info E:\fish\Runtime\Cache\Admin\ed243359e2cf343f39ae323dcb70f771.php 第 194 行.
NOTIC: [8] Undefined variable: info E:\fish\Runtime\Cache\Admin\ed243359e2cf343f39ae323dcb70f771.php 第 290 行.
NOTIC: [8] Undefined variable: info E:\fish\Runtime\Cache\Admin\ed243359e2cf343f39ae323dcb70f771.php 第 343 行.
NOTIC: [8] Undefined variable: info E:\fish\Runtime\Cache\Admin\ed243359e2cf343f39ae323dcb70f771.php 第 348 行.
NOTIC: [8] Undefined variable: info E:\fish\Runtime\Cache\Admin\ed243359e2cf343f39ae323dcb70f771.php 第 355 行.
NOTIC: [8] Undefined variable: info E:\fish\Runtime\Cache\Admin\ed243359e2cf343f39ae323dcb70f771.php 第 359 行.
NOTIC: [8] Undefined variable: info E:\fish\Runtime\Cache\Admin\ed243359e2cf343f39ae323dcb70f771.php 第 393 行.
NOTIC: [8] Undefined variable: info E:\fish\Runtime\Cache\Admin\ed243359e2cf343f39ae323dcb70f771.php 第 394 行.
INFO: Run Behavior\ParseTemplateBehavior [ RunTime:0.011539s ]
INFO: [ view_parse ] --END-- [ RunTime:0.011583s ]
INFO: [ view_filter ] --START--
INFO: Run Behavior\WriteHtmlCacheBehavior [ RunTime:0.000358s ]
INFO: [ view_filter ] --END-- [ RunTime:0.000393s ]
INFO: [ app_end ] --START--
INFO: Run Behavior\ShowPageTraceBehavior [ RunTime:0.000502s ]
INFO: [ app_end ] --END-- [ RunTime:0.000543s ]

[ 2017-11-14T11:15:30+08:00 ] 127.0.0.1 /Admin/Article/images/weixin.jpg
INFO: [ app_init ] --START--
INFO: Run Behavior\BuildLiteBehavior [ RunTime:0.000011s ]
INFO: [ app_init ] --END-- [ RunTime:0.000314s ]

[ 2017-11-14T11:15:30+08:00 ] 127.0.0.1 /Admin/Article/images/baoman/baoman_01.gif
INFO: [ app_init ] --START--
INFO: Run Behavior\BuildLiteBehavior [ RunTime:0.000010s ]
INFO: [ app_init ] --END-- [ RunTime:0.000301s ]

[ 2017-11-14T11:15:32+08:00 ] 127.0.0.1 /Admin/Picture/index
INFO: [ app_init ] --START--
INFO: Run Behavior\BuildLiteBehavior [ RunTime:0.000011s ]
INFO: [ app_init ] --END-- [ RunTime:0.000302s ]
INFO: [ app_begin ] --START--
INFO: Run Behavior\ReadHtmlCacheBehavior [ RunTime:0.000415s ]
INFO: [ app_begin ] --END-- [ RunTime:0.000457s ]
INFO: [ view_parse ] --START--
INFO: [ template_filter ] --START--
INFO: Run Behavior\ContentReplaceBehavior [ RunTime:0.000154s ]
INFO: [ template_filter ] --END-- [ RunTime:0.000199s ]
NOTIC: [8] Undefined variable: info E:\fish\Runtime\Cache\Admin\2027101fb87774f1b448eff6569d3e7b.php 第 33 行.
NOTIC: [8] Undefined variable: index E:\fish\Runtime\Cache\Admin\2027101fb87774f1b448eff6569d3e7b.php 第 57 行.
NOTIC: [8] Undefined variable: art E:\fish\Runtime\Cache\Admin\2027101fb87774f1b448eff6569d3e7b.php 第 60 行.
NOTIC: [8] Undefined variable: artlist E:\fish\Runtime\Cache\Admin\2027101fb87774f1b448eff6569d3e7b.php 第 69 行.
NOTIC: [8] Undefined variable: cat E:\fish\Runtime\Cache\Admin\2027101fb87774f1b448eff6569d3e7b.php 第 78 行.
NOTIC: [8] Undefined variable: user E:\fish\Runtime\Cache\Admin\2027101fb87774f1b448eff6569d3e7b.php 第 87 行.
NOTIC: [8] Undefined variable: comment E:\fish\Runtime\Cache\Admin\2027101fb87774f1b448eff6569d3e7b.php 第 88 行.
NOTIC: [8] Undefined variable: system E:\fish\Runtime\Cache\Admin\2027101fb87774f1b448eff6569d3e7b.php 第 99 行.
NOTIC: [8] Undefined variable: album E:\fish\Runtime\Cache\Admin\2027101fb87774f1b448eff6569d3e7b.php 第 102 行.
NOTIC: [8] Undefined variable: info E:\fish\Runtime\Cache\Admin\2027101fb87774f1b448eff6569d3e7b.php 第 129 行.
NOTIC: [8] Undefined variable: info E:\fish\Runtime\Cache\Admin\2027101fb87774f1b448eff6569d3e7b.php 第 134 行.
NOTIC: [8] Undefined variable: info E:\fish\Runtime\Cache\Admin\2027101fb87774f1b448eff6569d3e7b.php 第 143 行.
NOTIC: [8] Undefined variable: tagList E:\fish\Runtime\Cache\Admin\2027101fb87774f1b448eff6569d3e7b.php 第 154 行.
NOTIC: [8] Undefined variable: info E:\fish\Runtime\Cache\Admin\2027101fb87774f1b448eff6569d3e7b.php 第 177 行.
NOTIC: [8] Undefined variable: info E:\fish\Runtime\Cache\Admin\2027101fb87774f1b448eff6569d3e7b.php 第 178 行.
NOTIC: [8] Undefined variable: info E:\fish\Runtime\Cache\Admin\2027101fb87774f1b448eff6569d3e7b.php 第 274 行.
NOTIC: [8] Undefined variable: info E:\fish\Runtime\Cache\Admin\2027101fb87774f1b448eff6569d3e7b.php 第 327 行.
NOTIC: [8] Undefined variable: info E:\fish\Runtime\Cache\Admin\2027101fb87774f1b448eff6569d3e7b.php 第 332 行.
NOTIC: [8] Undefined variable: info E:\fish\Runtime\Cache\Admin\2027101fb87774f1b448eff6569d3e7b.php 第 339 行.
NOTIC: [8] Undefined variable: info E:\fish\Runtime\Cache\Admin\2027101fb87774f1b448eff6569d3e7b.php 第 343 行.
NOTIC: [8] Undefined variable: info E:\fish\Runtime\Cache\Admin\2027101fb87774f1b448eff6569d3e7b.php 第 377 行.
NOTIC: [8] Undefined variable: info E:\fish\Runtime\Cache\Admin\2027101fb87774f1b448eff6569d3e7b.php 第 378 行.
INFO: Run Behavior\ParseTemplateBehavior [ RunTime:0.011338s ]
INFO: [ view_parse ] --END-- [ RunTime:0.011377s ]
INFO: [ view_filter ] --START--
INFO: Run Behavior\WriteHtmlCacheBehavior [ RunTime:0.000319s ]
INFO: [ view_filter ] --END-- [ RunTime:0.000356s ]
INFO: [ app_end ] --START--
INFO: Run Behavior\ShowPageTraceBehavior [ RunTime:0.000484s ]
INFO: [ app_end ] --END-- [ RunTime:0.000527s ]

[ 2017-11-14T11:15:32+08:00 ] 127.0.0.1 /Admin/Picture/images/weixin.jpg
INFO: [ app_init ] --START--
INFO: Run Behavior\BuildLiteBehavior [ RunTime:0.000010s ]
INFO: [ app_init ] --END-- [ RunTime:0.000358s ]

[ 2017-11-14T11:15:32+08:00 ] 127.0.0.1 /Admin/Picture/images/baoman/baoman_01.gif
INFO: [ app_init ] --START--
INFO: Run Behavior\BuildLiteBehavior [ RunTime:0.000012s ]
INFO: [ app_init ] --END-- [ RunTime:0.000401s ]

[ 2017-11-14T11:15:33+08:00 ] 127.0.0.1 /Admin/Picture/index
INFO: [ app_init ] --START--
INFO: Run Behavior\BuildLiteBehavior [ RunTime:0.000010s ]
INFO: [ app_init ] --END-- [ RunTime:0.000403s ]
INFO: [ app_begin ] --START--
INFO: Run Behavior\ReadHtmlCacheBehavior [ RunTime:0.000469s ]
INFO: [ app_begin ] --END-- [ RunTime:0.000512s ]
INFO: [ view_parse ] --START--
INFO: [ template_filter ] --START--
INFO: Run Behavior\ContentReplaceBehavior [ RunTime:0.000211s ]
INFO: [ template_filter ] --END-- [ RunTime:0.000253s ]
NOTIC: [8] Undefined variable: info E:\fish\Runtime\Cache\Admin\2027101fb87774f1b448eff6569d3e7b.php 第 33 行.
NOTIC: [8] Undefined variable: index E:\fish\Runtime\Cache\Admin\2027101fb87774f1b448eff6569d3e7b.php 第 57 行.
NOTIC: [8] Undefined variable: art E:\fish\Runtime\Cache\Admin\2027101fb87774f1b448eff6569d3e7b.php 第 60 行.
NOTIC: [8] Undefined variable: artlist E:\fish\Runtime\Cache\Admin\2027101fb87774f1b448eff6569d3e7b.php 第 69 行.
NOTIC: [8] Undefined variable: cat E:\fish\Runtime\Cache\Admin\2027101fb87774f1b448eff6569d3e7b.php 第 78 行.
NOTIC: [8] Undefined variable: user E:\fish\Runtime\Cache\Admin\2027101fb87774f1b448eff6569d3e7b.php 第 87 行.
NOTIC: [8] Undefined variable: comment E:\fish\Runtime\Cache\Admin\2027101fb87774f1b448eff6569d3e7b.php 第 88 行.
NOTIC: [8] Undefined variable: system E:\fish\Runtime\Cache\Admin\2027101fb87774f1b448eff6569d3e7b.php 第 99 行.
NOTIC: [8] Undefined variable: album E:\fish\Runtime\Cache\Admin\2027101fb87774f1b448eff6569d3e7b.php 第 102 行.
NOTIC: [8] Undefined variable: info E:\fish\Runtime\Cache\Admin\2027101fb87774f1b448eff6569d3e7b.php 第 129 行.
NOTIC: [8] Undefined variable: info E:\fish\Runtime\Cache\Admin\2027101fb87774f1b448eff6569d3e7b.php 第 134 行.
NOTIC: [8] Undefined variable: info E:\fish\Runtime\Cache\Admin\2027101fb87774f1b448eff6569d3e7b.php 第 143 行.
NOTIC: [8] Undefined variable: tagList E:\fish\Runtime\Cache\Admin\2027101fb87774f1b448eff6569d3e7b.php 第 154 行.
NOTIC: [8] Undefined variable: info E:\fish\Runtime\Cache\Admin\2027101fb87774f1b448eff6569d3e7b.php 第 177 行.
NOTIC: [8] Undefined variable: info E:\fish\Runtime\Cache\Admin\2027101fb87774f1b448eff6569d3e7b.php 第 178 行.
NOTIC: [8] Undefined variable: info E:\fish\Runtime\Cache\Admin\2027101fb87774f1b448eff6569d3e7b.php 第 274 行.
NOTIC: [8] Undefined variable: info E:\fish\Runtime\Cache\Admin\2027101fb87774f1b448eff6569d3e7b.php 第 327 行.
NOTIC: [8] Undefined variable: info E:\fish\Runtime\Cache\Admin\2027101fb87774f1b448eff6569d3e7b.php 第 332 行.
NOTIC: [8] Undefined variable: info E:\fish\Runtime\Cache\Admin\2027101fb87774f1b448eff6569d3e7b.php 第 339 行.
NOTIC: [8] Undefined variable: info E:\fish\Runtime\Cache\Admin\2027101fb87774f1b448eff6569d3e7b.php 第 343 行.
NOTIC: [8] Undefined variable: info E:\fish\Runtime\Cache\Admin\2027101fb87774f1b448eff6569d3e7b.php 第 377 行.
NOTIC: [8] Undefined variable: info E:\fish\Runtime\Cache\Admin\2027101fb87774f1b448eff6569d3e7b.php 第 378 行.
INFO: Run Behavior\ParseTemplateBehavior [ RunTime:0.011257s ]
INFO: [ view_parse ] --END-- [ RunTime:0.011295s ]
INFO: [ view_filter ] --START--
INFO: Run Behavior\WriteHtmlCacheBehavior [ RunTime:0.000326s ]
INFO: [ view_filter ] --END-- [ RunTime:0.000361s ]
INFO: [ app_end ] --START--
INFO: Run Behavior\ShowPageTraceBehavior [ RunTime:0.000480s ]
INFO: [ app_end ] --END-- [ RunTime:0.000524s ]

[ 2017-11-14T11:15:33+08:00 ] 127.0.0.1 /Admin/Picture/images/weixin.jpg
INFO: [ app_init ] --START--
INFO: Run Behavior\BuildLiteBehavior [ RunTime:0.000011s ]
INFO: [ app_init ] --END-- [ RunTime:0.000339s ]

[ 2017-11-14T11:15:33+08:00 ] 127.0.0.1 /Admin/Picture/images/baoman/baoman_01.gif
INFO: [ app_init ] --START--
INFO: Run Behavior\BuildLiteBehavior [ RunTime:0.000009s ]
INFO: [ app_init ] --END-- [ RunTime:0.000332s ]

[ 2017-11-14T11:18:50+08:00 ] 127.0.0.1 /Admin/Picture/index
INFO: [ app_init ] --START--
INFO: Run Behavior\BuildLiteBehavior [ RunTime:0.000009s ]
INFO: [ app_init ] --END-- [ RunTime:0.000362s ]
INFO: [ app_begin ] --START--
INFO: Run Behavior\ReadHtmlCacheBehavior [ RunTime:0.000497s ]
INFO: [ app_begin ] --END-- [ RunTime:0.000538s ]
SQL: SHOW COLUMNS FROM `fh_album` [ RunTime:0.0021s ]
SQL: SELECT * FROM `fh_album` WHERE `al_show` = 0  [ RunTime:0.0002s ]
INFO: [ view_parse ] --START--
INFO: [ template_filter ] --START--
INFO: Run Behavior\ContentReplaceBehavior [ RunTime:0.000158s ]
INFO: [ template_filter ] --END-- [ RunTime:0.000201s ]
NOTIC: [8] Undefined variable: info E:\fish\Runtime\Cache\Admin\2027101fb87774f1b448eff6569d3e7b.php 第 33 行.
NOTIC: [8] Undefined variable: index E:\fish\Runtime\Cache\Admin\2027101fb87774f1b448eff6569d3e7b.php 第 57 行.
NOTIC: [8] Undefined variable: art E:\fish\Runtime\Cache\Admin\2027101fb87774f1b448eff6569d3e7b.php 第 60 行.
NOTIC: [8] Undefined variable: artlist E:\fish\Runtime\Cache\Admin\2027101fb87774f1b448eff6569d3e7b.php 第 69 行.
NOTIC: [8] Undefined variable: cat E:\fish\Runtime\Cache\Admin\2027101fb87774f1b448eff6569d3e7b.php 第 78 行.
NOTIC: [8] Undefined variable: user E:\fish\Runtime\Cache\Admin\2027101fb87774f1b448eff6569d3e7b.php 第 87 行.
NOTIC: [8] Undefined variable: comment E:\fish\Runtime\Cache\Admin\2027101fb87774f1b448eff6569d3e7b.php 第 88 行.
NOTIC: [8] Undefined variable: system E:\fish\Runtime\Cache\Admin\2027101fb87774f1b448eff6569d3e7b.php 第 99 行.
NOTIC: [8] Undefined variable: album E:\fish\Runtime\Cache\Admin\2027101fb87774f1b448eff6569d3e7b.php 第 102 行.
NOTIC: [8] Undefined variable: info E:\fish\Runtime\Cache\Admin\2027101fb87774f1b448eff6569d3e7b.php 第 129 行.
NOTIC: [8] Undefined variable: info E:\fish\Runtime\Cache\Admin\2027101fb87774f1b448eff6569d3e7b.php 第 134 行.
NOTIC: [8] Undefined variable: info E:\fish\Runtime\Cache\Admin\2027101fb87774f1b448eff6569d3e7b.php 第 143 行.
NOTIC: [8] Undefined variable: info E:\fish\Runtime\Cache\Admin\2027101fb87774f1b448eff6569d3e7b.php 第 177 行.
NOTIC: [8] Undefined variable: info E:\fish\Runtime\Cache\Admin\2027101fb87774f1b448eff6569d3e7b.php 第 178 行.
NOTIC: [8] Undefined variable: info E:\fish\Runtime\Cache\Admin\2027101fb87774f1b448eff6569d3e7b.php 第 274 行.
NOTIC: [8] Undefined variable: info E:\fish\Runtime\Cache\Admin\2027101fb87774f1b448eff6569d3e7b.php 第 327 行.
NOTIC: [8] Undefined variable: info E:\fish\Runtime\Cache\Admin\2027101fb87774f1b448eff6569d3e7b.php 第 332 行.
NOTIC: [8] Undefined variable: info E:\fish\Runtime\Cache\Admin\2027101fb87774f1b448eff6569d3e7b.php 第 339 行.
NOTIC: [8] Undefined variable: info E:\fish\Runtime\Cache\Admin\2027101fb87774f1b448eff6569d3e7b.php 第 343 行.
NOTIC: [8] Undefined variable: info E:\fish\Runtime\Cache\Admin\2027101fb87774f1b448eff6569d3e7b.php 第 377 行.
NOTIC: [8] Undefined variable: info E:\fish\Runtime\Cache\Admin\2027101fb87774f1b448eff6569d3e7b.php 第 378 行.
INFO: Run Behavior\ParseTemplateBehavior [ RunTime:0.011235s ]
INFO: [ view_parse ] --END-- [ RunTime:0.011276s ]
INFO: [ view_filter ] --START--
INFO: Run Behavior\WriteHtmlCacheBehavior [ RunTime:0.000398s ]
INFO: [ view_filter ] --END-- [ RunTime:0.000435s ]
INFO: [ app_end ] --START--
INFO: Run Behavior\ShowPageTraceBehavior [ RunTime:0.000518s ]
INFO: [ app_end ] --END-- [ RunTime:0.000558s ]

[ 2017-11-14T11:18:50+08:00 ] 127.0.0.1 /Admin/Picture/images/weixin.jpg
INFO: [ app_init ] --START--
INFO: Run Behavior\BuildLiteBehavior [ RunTime:0.000013s ]
INFO: [ app_init ] --END-- [ RunTime:0.000360s ]

[ 2017-11-14T11:18:50+08:00 ] 127.0.0.1 /Admin/Picture/images/baoman/baoman_01.gif
INFO: [ app_init ] --START--
INFO: Run Behavior\BuildLiteBehavior [ RunTime:0.000010s ]
INFO: [ app_init ] --END-- [ RunTime:0.000355s ]

[ 2017-11-14T11:19:54+08:00 ] 127.0.0.1 /Admin/Picture/index
INFO: [ app_init ] --START--
INFO: Run Behavior\BuildLiteBehavior [ RunTime:0.000011s ]
INFO: [ app_init ] --END-- [ RunTime:0.000327s ]
INFO: [ app_begin ] --START--
INFO: Run Behavior\ReadHtmlCacheBehavior [ RunTime:0.000464s ]
INFO: [ app_begin ] --END-- [ RunTime:0.000509s ]
SQL: SHOW COLUMNS FROM `fh_album` [ RunTime:0.0021s ]
SQL: SELECT * FROM `fh_album` WHERE `al_show` = 0  [ RunTime:0.0002s ]
INFO: [ view_parse ] --START--
INFO: [ template_filter ] --START--
INFO: Run Behavior\ContentReplaceBehavior [ RunTime:0.000153s ]
INFO: [ template_filter ] --END-- [ RunTime:0.000191s ]
NOTIC: [8] Undefined variable: info E:\fish\Runtime\Cache\Admin\2027101fb87774f1b448eff6569d3e7b.php 第 33 行.
NOTIC: [8] Undefined variable: index E:\fish\Runtime\Cache\Admin\2027101fb87774f1b448eff6569d3e7b.php 第 57 行.
NOTIC: [8] Undefined variable: art E:\fish\Runtime\Cache\Admin\2027101fb87774f1b448eff6569d3e7b.php 第 60 行.
NOTIC: [8] Undefined variable: artlist E:\fish\Runtime\Cache\Admin\2027101fb87774f1b448eff6569d3e7b.php 第 69 行.
NOTIC: [8] Undefined variable: cat E:\fish\Runtime\Cache\Admin\2027101fb87774f1b448eff6569d3e7b.php 第 78 行.
NOTIC: [8] Undefined variable: user E:\fish\Runtime\Cache\Admin\2027101fb87774f1b448eff6569d3e7b.php 第 87 行.
NOTIC: [8] Undefined variable: comment E:\fish\Runtime\Cache\Admin\2027101fb87774f1b448eff6569d3e7b.php 第 88 行.
NOTIC: [8] Undefined variable: system E:\fish\Runtime\Cache\Admin\2027101fb87774f1b448eff6569d3e7b.php 第 99 行.
NOTIC: [8] Undefined variable: album E:\fish\Runtime\Cache\Admin\2027101fb87774f1b448eff6569d3e7b.php 第 102 行.
NOTIC: [8] Undefined variable: info E:\fish\Runtime\Cache\Admin\2027101fb87774f1b448eff6569d3e7b.php 第 129 行.
NOTIC: [8] Undefined variable: info E:\fish\Runtime\Cache\Admin\2027101fb87774f1b448eff6569d3e7b.php 第 134 行.
NOTIC: [8] Undefined variable: info E:\fish\Runtime\Cache\Admin\2027101fb87774f1b448eff6569d3e7b.php 第 143 行.
NOTIC: [8] Undefined variable: info E:\fish\Runtime\Cache\Admin\2027101fb87774f1b448eff6569d3e7b.php 第 269 行.
NOTIC: [8] Undefined variable: info E:\fish\Runtime\Cache\Admin\2027101fb87774f1b448eff6569d3e7b.php 第 322 行.
NOTIC: [8] Undefined variable: info E:\fish\Runtime\Cache\Admin\2027101fb87774f1b448eff6569d3e7b.php 第 327 行.
NOTIC: [8] Undefined variable: info E:\fish\Runtime\Cache\Admin\2027101fb87774f1b448eff6569d3e7b.php 第 334 行.
NOTIC: [8] Undefined variable: info E:\fish\Runtime\Cache\Admin\2027101fb87774f1b448eff6569d3e7b.php 第 338 行.
NOTIC: [8] Undefined variable: info E:\fish\Runtime\Cache\Admin\2027101fb87774f1b448eff6569d3e7b.php 第 372 行.
NOTIC: [8] Undefined variable: info E:\fish\Runtime\Cache\Admin\2027101fb87774f1b448eff6569d3e7b.php 第 373 行.
INFO: Run Behavior\ParseTemplateBehavior [ RunTime:0.010868s ]
INFO: [ view_parse ] --END-- [ RunTime:0.010906s ]
INFO: [ view_filter ] --START--
INFO: Run Behavior\WriteHtmlCacheBehavior [ RunTime:0.000325s ]
INFO: [ view_filter ] --END-- [ RunTime:0.000360s ]
INFO: [ app_end ] --START--
INFO: Run Behavior\ShowPageTraceBehavior [ RunTime:0.000476s ]
INFO: [ app_end ] --END-- [ RunTime:0.000516s ]

[ 2017-11-14T11:19:54+08:00 ] 127.0.0.1 /Admin/Picture/images/weixin.jpg
INFO: [ app_init ] --START--
INFO: Run Behavior\BuildLiteBehavior [ RunTime:0.000012s ]
INFO: [ app_init ] --END-- [ RunTime:0.000392s ]

[ 2017-11-14T11:19:54+08:00 ] 127.0.0.1 /Admin/Picture/images/baoman/baoman_01.gif
INFO: [ app_init ] --START--
INFO: Run Behavior\BuildLiteBehavior [ RunTime:0.000010s ]
INFO: [ app_init ] --END-- [ RunTime:0.000319s ]

[ 2017-11-14T11:51:52+08:00 ] 127.0.0.1 /Admin/Picture/index
INFO: [ app_init ] --START--
INFO: Run Behavior\BuildLiteBehavior [ RunTime:0.000011s ]
INFO: [ app_init ] --END-- [ RunTime:0.000372s ]
INFO: [ app_begin ] --START--
INFO: Run Behavior\ReadHtmlCacheBehavior [ RunTime:0.000497s ]
INFO: [ app_begin ] --END-- [ RunTime:0.000540s ]
SQL: SHOW COLUMNS FROM `fh_album` [ RunTime:0.0023s ]
SQL: SELECT * FROM `fh_album` WHERE `al_show` = 0  [ RunTime:0.0001s ]
INFO: [ view_parse ] --START--
INFO: [ template_filter ] --START--
INFO: Run Behavior\ContentReplaceBehavior [ RunTime:0.000202s ]
INFO: [ template_filter ] --END-- [ RunTime:0.000244s ]
NOTIC: [8] Undefined variable: info E:\fish\Runtime\Cache\Admin\2027101fb87774f1b448eff6569d3e7b.php 第 33 行.
NOTIC: [8] Undefined variable: index E:\fish\Runtime\Cache\Admin\2027101fb87774f1b448eff6569d3e7b.php 第 57 行.
NOTIC: [8] Undefined variable: art E:\fish\Runtime\Cache\Admin\2027101fb87774f1b448eff6569d3e7b.php 第 60 行.
NOTIC: [8] Undefined variable: artlist E:\fish\Runtime\Cache\Admin\2027101fb87774f1b448eff6569d3e7b.php 第 69 行.
NOTIC: [8] Undefined variable: cat E:\fish\Runtime\Cache\Admin\2027101fb87774f1b448eff6569d3e7b.php 第 78 行.
NOTIC: [8] Undefined variable: user E:\fish\Runtime\Cache\Admin\2027101fb87774f1b448eff6569d3e7b.php 第 87 行.
NOTIC: [8] Undefined variable: comment E:\fish\Runtime\Cache\Admin\2027101fb87774f1b448eff6569d3e7b.php 第 88 行.
NOTIC: [8] Undefined variable: system E:\fish\Runtime\Cache\Admin\2027101fb87774f1b448eff6569d3e7b.php 第 99 行.
NOTIC: [8] Undefined variable: album E:\fish\Runtime\Cache\Admin\2027101fb87774f1b448eff6569d3e7b.php 第 102 行.
NOTIC: [8] Undefined variable: info E:\fish\Runtime\Cache\Admin\2027101fb87774f1b448eff6569d3e7b.php 第 129 行.
NOTIC: [8] Undefined variable: info E:\fish\Runtime\Cache\Admin\2027101fb87774f1b448eff6569d3e7b.php 第 134 行.
NOTIC: [8] Undefined variable: info E:\fish\Runtime\Cache\Admin\2027101fb87774f1b448eff6569d3e7b.php 第 143 行.
NOTIC: [8] Undefined variable: info E:\fish\Runtime\Cache\Admin\2027101fb87774f1b448eff6569d3e7b.php 第 269 行.
NOTIC: [8] Undefined variable: info E:\fish\Runtime\Cache\Admin\2027101fb87774f1b448eff6569d3e7b.php 第 322 行.
NOTIC: [8] Undefined variable: info E:\fish\Runtime\Cache\Admin\2027101fb87774f1b448eff6569d3e7b.php 第 327 行.
NOTIC: [8] Undefined variable: info E:\fish\Runtime\Cache\Admin\2027101fb87774f1b448eff6569d3e7b.php 第 334 行.
NOTIC: [8] Undefined variable: info E:\fish\Runtime\Cache\Admin\2027101fb87774f1b448eff6569d3e7b.php 第 338 行.
NOTIC: [8] Undefined variable: info E:\fish\Runtime\Cache\Admin\2027101fb87774f1b448eff6569d3e7b.php 第 372 行.
NOTIC: [8] Undefined variable: info E:\fish\Runtime\Cache\Admin\2027101fb87774f1b448eff6569d3e7b.php 第 373 行.
INFO: Run Behavior\ParseTemplateBehavior [ RunTime:0.011102s ]
INFO: [ view_parse ] --END-- [ RunTime:0.011143s ]
INFO: [ view_filter ] --START--
INFO: Run Behavior\WriteHtmlCacheBehavior [ RunTime:0.000284s ]
INFO: [ view_filter ] --END-- [ RunTime:0.000316s ]
INFO: [ app_end ] --START--
INFO: Run Behavior\ShowPageTraceBehavior [ RunTime:0.000470s ]
INFO: [ app_end ] --END-- [ RunTime:0.000510s ]

[ 2017-11-14T11:51:52+08:00 ] 127.0.0.1 /Admin/Picture/images/weixin.jpg
INFO: [ app_init ] --START--
INFO: Run Behavior\BuildLiteBehavior [ RunTime:0.000013s ]
INFO: [ app_init ] --END-- [ RunTime:0.000329s ]

[ 2017-11-14T11:51:52+08:00 ] 127.0.0.1 /Admin/Picture/images/baoman/baoman_01.gif
INFO: [ app_init ] --START--
INFO: Run Behavior\BuildLiteBehavior [ RunTime:0.000011s ]
INFO: [ app_init ] --END-- [ RunTime:0.000443s ]

[ 2017-11-14T11:51:54+08:00 ] 127.0.0.1 /Admin/Picture/index
INFO: [ app_init ] --START--
INFO: Run Behavior\BuildLiteBehavior [ RunTime:0.000010s ]
INFO: [ app_init ] --END-- [ RunTime:0.000290s ]
INFO: [ app_begin ] --START--
INFO: Run Behavior\ReadHtmlCacheBehavior [ RunTime:0.000421s ]
INFO: [ app_begin ] --END-- [ RunTime:0.000462s ]
SQL: SHOW COLUMNS FROM `fh_album` [ RunTime:0.0021s ]
SQL: SELECT * FROM `fh_album` WHERE `al_show` = 0  [ RunTime:0.0001s ]
INFO: [ view_parse ] --START--
INFO: [ template_filter ] --START--
INFO: Run Behavior\ContentReplaceBehavior [ RunTime:0.000160s ]
INFO: [ template_filter ] --END-- [ RunTime:0.000201s ]
NOTIC: [8] Undefined variable: info E:\fish\Runtime\Cache\Admin\2027101fb87774f1b448eff6569d3e7b.php 第 33 行.
NOTIC: [8] Undefined variable: index E:\fish\Runtime\Cache\Admin\2027101fb87774f1b448eff6569d3e7b.php 第 57 行.
NOTIC: [8] Undefined variable: art E:\fish\Runtime\Cache\Admin\2027101fb87774f1b448eff6569d3e7b.php 第 60 行.
NOTIC: [8] Undefined variable: artlist E:\fish\Runtime\Cache\Admin\2027101fb87774f1b448eff6569d3e7b.php 第 69 行.
NOTIC: [8] Undefined variable: cat E:\fish\Runtime\Cache\Admin\2027101fb87774f1b448eff6569d3e7b.php 第 78 行.
NOTIC: [8] Undefined variable: user E:\fish\Runtime\Cache\Admin\2027101fb87774f1b448eff6569d3e7b.php 第 87 行.
NOTIC: [8] Undefined variable: comment E:\fish\Runtime\Cache\Admin\2027101fb87774f1b448eff6569d3e7b.php 第 88 行.
NOTIC: [8] Undefined variable: system E:\fish\Runtime\Cache\Admin\2027101fb87774f1b448eff6569d3e7b.php 第 99 行.
NOTIC: [8] Undefined variable: album E:\fish\Runtime\Cache\Admin\2027101fb87774f1b448eff6569d3e7b.php 第 102 行.
NOTIC: [8] Undefined variable: info E:\fish\Runtime\Cache\Admin\2027101fb87774f1b448eff6569d3e7b.php 第 129 行.
NOTIC: [8] Undefined variable: info E:\fish\Runtime\Cache\Admin\2027101fb87774f1b448eff6569d3e7b.php 第 134 行.
NOTIC: [8] Undefined variable: info E:\fish\Runtime\Cache\Admin\2027101fb87774f1b448eff6569d3e7b.php 第 143 行.
NOTIC: [8] Undefined variable: info E:\fish\Runtime\Cache\Admin\2027101fb87774f1b448eff6569d3e7b.php 第 269 行.
NOTIC: [8] Undefined variable: info E:\fish\Runtime\Cache\Admin\2027101fb87774f1b448eff6569d3e7b.php 第 322 行.
NOTIC: [8] Undefined variable: info E:\fish\Runtime\Cache\Admin\2027101fb87774f1b448eff6569d3e7b.php 第 327 行.
NOTIC: [8] Undefined variable: info E:\fish\Runtime\Cache\Admin\2027101fb87774f1b448eff6569d3e7b.php 第 334 行.
NOTIC: [8] Undefined variable: info E:\fish\Runtime\Cache\Admin\2027101fb87774f1b448eff6569d3e7b.php 第 338 行.
NOTIC: [8] Undefined variable: info E:\fish\Runtime\Cache\Admin\2027101fb87774f1b448eff6569d3e7b.php 第 372 行.
NOTIC: [8] Undefined variable: info E:\fish\Runtime\Cache\Admin\2027101fb87774f1b448eff6569d3e7b.php 第 373 行.
INFO: Run Behavior\ParseTemplateBehavior [ RunTime:0.010862s ]
INFO: [ view_parse ] --END-- [ RunTime:0.010902s ]
INFO: [ view_filter ] --START--
INFO: Run Behavior\WriteHtmlCacheBehavior [ RunTime:0.000383s ]
INFO: [ view_filter ] --END-- [ RunTime:0.000419s ]
INFO: [ app_end ] --START--
INFO: Run Behavior\ShowPageTraceBehavior [ RunTime:0.000510s ]
INFO: [ app_end ] --END-- [ RunTime:0.000552s ]

[ 2017-11-14T11:51:54+08:00 ] 127.0.0.1 /Admin/Picture/images/weixin.jpg
INFO: [ app_init ] --START--
INFO: Run Behavior\BuildLiteBehavior [ RunTime:0.000011s ]
INFO: [ app_init ] --END-- [ RunTime:0.000317s ]

[ 2017-11-14T11:51:54+08:00 ] 127.0.0.1 /Admin/Picture/images/baoman/baoman_01.gif
INFO: [ app_init ] --START--
INFO: Run Behavior\BuildLiteBehavior [ RunTime:0.000010s ]
INFO: [ app_init ] --END-- [ RunTime:0.000301s ]

[ 2017-11-14T11:53:53+08:00 ] 127.0.0.1 /Admin/Article/index
INFO: [ app_init ] --START--
INFO: Run Behavior\BuildLiteBehavior [ RunTime:0.000011s ]
INFO: [ app_init ] --END-- [ RunTime:0.000394s ]
INFO: [ app_begin ] --START--
INFO: Run Behavior\ReadHtmlCacheBehavior [ RunTime:0.000571s ]
INFO: [ app_begin ] --END-- [ RunTime:0.000614s ]
SQL: SHOW COLUMNS FROM `fh_cat` [ RunTime:0.0022s ]
SQL: SELECT * FROM `fh_cat` WHERE `c_show` = 0  [ RunTime:0.0001s ]
INFO: [ view_parse ] --START--
INFO: [ template_filter ] --START--
INFO: Run Behavior\ContentReplaceBehavior [ RunTime:0.000180s ]
INFO: [ template_filter ] --END-- [ RunTime:0.000221s ]
NOTIC: [8] Undefined variable: info E:\fish\Runtime\Cache\Admin\ed243359e2cf343f39ae323dcb70f771.php 第 33 行.
NOTIC: [8] Undefined variable: index E:\fish\Runtime\Cache\Admin\ed243359e2cf343f39ae323dcb70f771.php 第 57 行.
NOTIC: [8] Undefined variable: artlist E:\fish\Runtime\Cache\Admin\ed243359e2cf343f39ae323dcb70f771.php 第 69 行.
NOTIC: [8] Undefined variable: cat E:\fish\Runtime\Cache\Admin\ed243359e2cf343f39ae323dcb70f771.php 第 78 行.
NOTIC: [8] Undefined variable: user E:\fish\Runtime\Cache\Admin\ed243359e2cf343f39ae323dcb70f771.php 第 87 行.
NOTIC: [8] Undefined variable: comment E:\fish\Runtime\Cache\Admin\ed243359e2cf343f39ae323dcb70f771.php 第 88 行.
NOTIC: [8] Undefined variable: system E:\fish\Runtime\Cache\Admin\ed243359e2cf343f39ae323dcb70f771.php 第 99 行.
NOTIC: [8] Undefined variable: album E:\fish\Runtime\Cache\Admin\ed243359e2cf343f39ae323dcb70f771.php 第 102 行.
NOTIC: [8] Undefined variable: picture E:\fish\Runtime\Cache\Admin\ed243359e2cf343f39ae323dcb70f771.php 第 109 行.
NOTIC: [8] Undefined variable: info E:\fish\Runtime\Cache\Admin\ed243359e2cf343f39ae323dcb70f771.php 第 129 行.
NOTIC: [8] Undefined variable: info E:\fish\Runtime\Cache\Admin\ed243359e2cf343f39ae323dcb70f771.php 第 133 行.
NOTIC: [8] Undefined variable: info E:\fish\Runtime\Cache\Admin\ed243359e2cf343f39ae323dcb70f771.php 第 138 行.
NOTIC: [8] Undefined variable: info E:\fish\Runtime\Cache\Admin\ed243359e2cf343f39ae323dcb70f771.php 第 166 行.
NOTIC: [8] Undefined variable: info E:\fish\Runtime\Cache\Admin\ed243359e2cf343f39ae323dcb70f771.php 第 173 行.
NOTIC: [8] Undefined variable: info E:\fish\Runtime\Cache\Admin\ed243359e2cf343f39ae323dcb70f771.php 第 188 行.
NOTIC: [8] Undefined variable: info E:\fish\Runtime\Cache\Admin\ed243359e2cf343f39ae323dcb70f771.php 第 189 行.
NOTIC: [8] Undefined variable: info E:\fish\Runtime\Cache\Admin\ed243359e2cf343f39ae323dcb70f771.php 第 193 行.
NOTIC: [8] Undefined variable: info E:\fish\Runtime\Cache\Admin\ed243359e2cf343f39ae323dcb70f771.php 第 194 行.
NOTIC: [8] Undefined variable: info E:\fish\Runtime\Cache\Admin\ed243359e2cf343f39ae323dcb70f771.php 第 290 行.
NOTIC: [8] Undefined variable: info E:\fish\Runtime\Cache\Admin\ed243359e2cf343f39ae323dcb70f771.php 第 343 行.
NOTIC: [8] Undefined variable: info E:\fish\Runtime\Cache\Admin\ed243359e2cf343f39ae323dcb70f771.php 第 348 行.
NOTIC: [8] Undefined variable: info E:\fish\Runtime\Cache\Admin\ed243359e2cf343f39ae323dcb70f771.php 第 355 行.
NOTIC: [8] Undefined variable: info E:\fish\Runtime\Cache\Admin\ed243359e2cf343f39ae323dcb70f771.php 第 359 行.
NOTIC: [8] Undefined variable: info E:\fish\Runtime\Cache\Admin\ed243359e2cf343f39ae323dcb70f771.php 第 393 行.
NOTIC: [8] Undefined variable: info E:\fish\Runtime\Cache\Admin\ed243359e2cf343f39ae323dcb70f771.php 第 394 行.
INFO: Run Behavior\ParseTemplateBehavior [ RunTime:0.011663s ]
INFO: [ view_parse ] --END-- [ RunTime:0.011708s ]
INFO: [ view_filter ] --START--
INFO: Run Behavior\WriteHtmlCacheBehavior [ RunTime:0.000361s ]
INFO: [ view_filter ] --END-- [ RunTime:0.000397s ]
INFO: [ app_end ] --START--
INFO: Run Behavior\ShowPageTraceBehavior [ RunTime:0.000528s ]
INFO: [ app_end ] --END-- [ RunTime:0.000571s ]

[ 2017-11-14T11:53:53+08:00 ] 127.0.0.1 /Admin/Article/images/weixin.jpg
INFO: [ app_init ] --START--
INFO: Run Behavior\BuildLiteBehavior [ RunTime:0.000010s ]
INFO: [ app_init ] --END-- [ RunTime:0.000305s ]

[ 2017-11-14T11:53:53+08:00 ] 127.0.0.1 /Admin/Article/images/baoman/baoman_01.gif
INFO: [ app_init ] --START--
INFO: Run Behavior\BuildLiteBehavior [ RunTime:0.000011s ]
INFO: [ app_init ] --END-- [ RunTime:0.000308s ]

[ 2017-11-14T11:54:45+08:00 ] 127.0.0.1 /Admin/Picture/index
INFO: [ app_init ] --START--
INFO: Run Behavior\BuildLiteBehavior [ RunTime:0.000010s ]
INFO: [ app_init ] --END-- [ RunTime:0.000305s ]
INFO: [ app_begin ] --START--
INFO: Run Behavior\ReadHtmlCacheBehavior [ RunTime:0.000474s ]
INFO: [ app_begin ] --END-- [ RunTime:0.000519s ]
SQL: SHOW COLUMNS FROM `fh_album` [ RunTime:0.0023s ]
SQL: SELECT * FROM `fh_album` WHERE `al_show` = 0  [ RunTime:0.0001s ]
INFO: [ view_parse ] --START--
INFO: [ template_filter ] --START--
INFO: Run Behavior\ContentReplaceBehavior [ RunTime:0.000163s ]
INFO: [ template_filter ] --END-- [ RunTime:0.000203s ]
NOTIC: [8] Undefined variable: info E:\fish\Runtime\Cache\Admin\2027101fb87774f1b448eff6569d3e7b.php 第 33 行.
NOTIC: [8] Undefined variable: index E:\fish\Runtime\Cache\Admin\2027101fb87774f1b448eff6569d3e7b.php 第 57 行.
NOTIC: [8] Undefined variable: art E:\fish\Runtime\Cache\Admin\2027101fb87774f1b448eff6569d3e7b.php 第 60 行.
NOTIC: [8] Undefined variable: artlist E:\fish\Runtime\Cache\Admin\2027101fb87774f1b448eff6569d3e7b.php 第 69 行.
NOTIC: [8] Undefined variable: cat E:\fish\Runtime\Cache\Admin\2027101fb87774f1b448eff6569d3e7b.php 第 78 行.
NOTIC: [8] Undefined variable: user E:\fish\Runtime\Cache\Admin\2027101fb87774f1b448eff6569d3e7b.php 第 87 行.
NOTIC: [8] Undefined variable: comment E:\fish\Runtime\Cache\Admin\2027101fb87774f1b448eff6569d3e7b.php 第 88 行.
NOTIC: [8] Undefined variable: system E:\fish\Runtime\Cache\Admin\2027101fb87774f1b448eff6569d3e7b.php 第 99 行.
NOTIC: [8] Undefined variable: album E:\fish\Runtime\Cache\Admin\2027101fb87774f1b448eff6569d3e7b.php 第 102 行.
NOTIC: [8] Undefined variable: info E:\fish\Runtime\Cache\Admin\2027101fb87774f1b448eff6569d3e7b.php 第 129 行.
NOTIC: [8] Undefined variable: info E:\fish\Runtime\Cache\Admin\2027101fb87774f1b448eff6569d3e7b.php 第 134 行.
NOTIC: [8] Undefined variable: info E:\fish\Runtime\Cache\Admin\2027101fb87774f1b448eff6569d3e7b.php 第 143 行.
NOTIC: [8] Undefined variable: info E:\fish\Runtime\Cache\Admin\2027101fb87774f1b448eff6569d3e7b.php 第 269 行.
NOTIC: [8] Undefined variable: info E:\fish\Runtime\Cache\Admin\2027101fb87774f1b448eff6569d3e7b.php 第 322 行.
NOTIC: [8] Undefined variable: info E:\fish\Runtime\Cache\Admin\2027101fb87774f1b448eff6569d3e7b.php 第 327 行.
NOTIC: [8] Undefined variable: info E:\fish\Runtime\Cache\Admin\2027101fb87774f1b448eff6569d3e7b.php 第 334 行.
NOTIC: [8] Undefined variable: info E:\fish\Runtime\Cache\Admin\2027101fb87774f1b448eff6569d3e7b.php 第 338 行.
NOTIC: [8] Undefined variable: info E:\fish\Runtime\Cache\Admin\2027101fb87774f1b448eff6569d3e7b.php 第 372 行.
NOTIC: [8] Undefined variable: info E:\fish\Runtime\Cache\Admin\2027101fb87774f1b448eff6569d3e7b.php 第 373 行.
INFO: Run Behavior\ParseTemplateBehavior [ RunTime:0.010935s ]
INFO: [ view_parse ] --END-- [ RunTime:0.010975s ]
INFO: [ view_filter ] --START--
INFO: Run Behavior\WriteHtmlCacheBehavior [ RunTime:0.000406s ]
INFO: [ view_filter ] --END-- [ RunTime:0.000441s ]
INFO: [ app_end ] --START--
INFO: Run Behavior\ShowPageTraceBehavior [ RunTime:0.000541s ]
INFO: [ app_end ] --END-- [ RunTime:0.000594s ]

[ 2017-11-14T11:54:45+08:00 ] 127.0.0.1 /Admin/Picture/images/weixin.jpg
INFO: [ app_init ] --START--
INFO: Run Behavior\BuildLiteBehavior [ RunTime:0.000011s ]
INFO: [ app_init ] --END-- [ RunTime:0.000329s ]

[ 2017-11-14T11:54:45+08:00 ] 127.0.0.1 /Admin/Picture/images/baoman/baoman_01.gif
INFO: [ app_init ] --START--
INFO: Run Behavior\BuildLiteBehavior [ RunTime:0.000011s ]
INFO: [ app_init ] --END-- [ RunTime:0.000325s ]

[ 2017-11-14T11:56:41+08:00 ] 127.0.0.1 /Admin/Picture/index
INFO: [ app_init ] --START--
INFO: Run Behavior\BuildLiteBehavior [ RunTime:0.000010s ]
INFO: [ app_init ] --END-- [ RunTime:0.000341s ]
INFO: [ app_begin ] --START--
INFO: Run Behavior\ReadHtmlCacheBehavior [ RunTime:0.000453s ]
INFO: [ app_begin ] --END-- [ RunTime:0.000494s ]
SQL: SHOW COLUMNS FROM `fh_album` [ RunTime:0.0021s ]
SQL: SELECT * FROM `fh_album` WHERE `al_show` = 0  [ RunTime:0.0001s ]
INFO: [ view_parse ] --START--
INFO: [ template_filter ] --START--
INFO: Run Behavior\ContentReplaceBehavior [ RunTime:0.000166s ]
INFO: [ template_filter ] --END-- [ RunTime:0.000207s ]
NOTIC: [8] Undefined variable: info E:\fish\Runtime\Cache\Admin\2027101fb87774f1b448eff6569d3e7b.php 第 33 行.
NOTIC: [8] Undefined variable: index E:\fish\Runtime\Cache\Admin\2027101fb87774f1b448eff6569d3e7b.php 第 57 行.
NOTIC: [8] Undefined variable: art E:\fish\Runtime\Cache\Admin\2027101fb87774f1b448eff6569d3e7b.php 第 60 行.
NOTIC: [8] Undefined variable: artlist E:\fish\Runtime\Cache\Admin\2027101fb87774f1b448eff6569d3e7b.php 第 69 行.
NOTIC: [8] Undefined variable: cat E:\fish\Runtime\Cache\Admin\2027101fb87774f1b448eff6569d3e7b.php 第 78 行.
NOTIC: [8] Undefined variable: user E:\fish\Runtime\Cache\Admin\2027101fb87774f1b448eff6569d3e7b.php 第 87 行.
NOTIC: [8] Undefined variable: comment E:\fish\Runtime\Cache\Admin\2027101fb87774f1b448eff6569d3e7b.php 第 88 行.
NOTIC: [8] Undefined variable: system E:\fish\Runtime\Cache\Admin\2027101fb87774f1b448eff6569d3e7b.php 第 99 行.
NOTIC: [8] Undefined variable: album E:\fish\Runtime\Cache\Admin\2027101fb87774f1b448eff6569d3e7b.php 第 102 行.
NOTIC: [8] Undefined variable: info E:\fish\Runtime\Cache\Admin\2027101fb87774f1b448eff6569d3e7b.php 第 129 行.
NOTIC: [8] Undefined variable: info E:\fish\Runtime\Cache\Admin\2027101fb87774f1b448eff6569d3e7b.php 第 134 行.
NOTIC: [8] Undefined variable: info E:\fish\Runtime\Cache\Admin\2027101fb87774f1b448eff6569d3e7b.php 第 143 行.
NOTIC: [8] Undefined variable: info E:\fish\Runtime\Cache\Admin\2027101fb87774f1b448eff6569d3e7b.php 第 269 行.
NOTIC: [8] Undefined variable: info E:\fish\Runtime\Cache\Admin\2027101fb87774f1b448eff6569d3e7b.php 第 322 行.
NOTIC: [8] Undefined variable: info E:\fish\Runtime\Cache\Admin\2027101fb87774f1b448eff6569d3e7b.php 第 327 行.
NOTIC: [8] Undefined variable: info E:\fish\Runtime\Cache\Admin\2027101fb87774f1b448eff6569d3e7b.php 第 334 行.
NOTIC: [8] Undefined variable: info E:\fish\Runtime\Cache\Admin\2027101fb87774f1b448eff6569d3e7b.php 第 338 行.
NOTIC: [8] Undefined variable: info E:\fish\Runtime\Cache\Admin\2027101fb87774f1b448eff6569d3e7b.php 第 372 行.
NOTIC: [8] Undefined variable: info E:\fish\Runtime\Cache\Admin\2027101fb87774f1b448eff6569d3e7b.php 第 373 行.
INFO: Run Behavior\ParseTemplateBehavior [ RunTime:0.010785s ]
INFO: [ view_parse ] --END-- [ RunTime:0.010824s ]
INFO: [ view_filter ] --START--
INFO: Run Behavior\WriteHtmlCacheBehavior [ RunTime:0.000405s ]
INFO: [ view_filter ] --END-- [ RunTime:0.000442s ]
INFO: [ app_end ] --START--
INFO: Run Behavior\ShowPageTraceBehavior [ RunTime:0.000519s ]
INFO: [ app_end ] --END-- [ RunTime:0.000560s ]

[ 2017-11-14T11:56:41+08:00 ] 127.0.0.1 /Admin/Picture/images/weixin.jpg
INFO: [ app_init ] --START--
INFO: Run Behavior\BuildLiteBehavior [ RunTime:0.000010s ]
INFO: [ app_init ] --END-- [ RunTime:0.000296s ]

[ 2017-11-14T11:56:41+08:00 ] 127.0.0.1 /Admin/Picture/images/baoman/baoman_01.gif
INFO: [ app_init ] --START--
INFO: Run Behavior\BuildLiteBehavior [ RunTime:0.000010s ]
INFO: [ app_init ] --END-- [ RunTime:0.000293s ]

[ 2017-11-14T11:59:55+08:00 ] 127.0.0.1 /Admin/Picture/index
INFO: [ app_init ] --START--
INFO: Run Behavior\BuildLiteBehavior [ RunTime:0.000009s ]
INFO: [ app_init ] --END-- [ RunTime:0.000305s ]
INFO: [ app_begin ] --START--
INFO: Run Behavior\ReadHtmlCacheBehavior [ RunTime:0.000469s ]
INFO: [ app_begin ] --END-- [ RunTime:0.000511s ]
SQL: SHOW COLUMNS FROM `fh_album` [ RunTime:0.0022s ]
SQL: SELECT * FROM `fh_album` WHERE `al_show` = 0  [ RunTime:0.0001s ]
INFO: [ view_parse ] --START--
INFO: [ template_filter ] --START--
INFO: Run Behavior\ContentReplaceBehavior [ RunTime:0.000172s ]
INFO: [ template_filter ] --END-- [ RunTime:0.000212s ]
NOTIC: [8] Undefined variable: info E:\fish\Runtime\Cache\Admin\2027101fb87774f1b448eff6569d3e7b.php 第 33 行.
NOTIC: [8] Undefined variable: index E:\fish\Runtime\Cache\Admin\2027101fb87774f1b448eff6569d3e7b.php 第 57 行.
NOTIC: [8] Undefined variable: art E:\fish\Runtime\Cache\Admin\2027101fb87774f1b448eff6569d3e7b.php 第 60 行.
NOTIC: [8] Undefined variable: artlist E:\fish\Runtime\Cache\Admin\2027101fb87774f1b448eff6569d3e7b.php 第 69 行.
NOTIC: [8] Undefined variable: cat E:\fish\Runtime\Cache\Admin\2027101fb87774f1b448eff6569d3e7b.php 第 78 行.
NOTIC: [8] Undefined variable: user E:\fish\Runtime\Cache\Admin\2027101fb87774f1b448eff6569d3e7b.php 第 87 行.
NOTIC: [8] Undefined variable: comment E:\fish\Runtime\Cache\Admin\2027101fb87774f1b448eff6569d3e7b.php 第 88 行.
NOTIC: [8] Undefined variable: system E:\fish\Runtime\Cache\Admin\2027101fb87774f1b448eff6569d3e7b.php 第 99 行.
NOTIC: [8] Undefined variable: album E:\fish\Runtime\Cache\Admin\2027101fb87774f1b448eff6569d3e7b.php 第 102 行.
NOTIC: [8] Undefined variable: info E:\fish\Runtime\Cache\Admin\2027101fb87774f1b448eff6569d3e7b.php 第 129 行.
NOTIC: [8] Undefined variable: info E:\fish\Runtime\Cache\Admin\2027101fb87774f1b448eff6569d3e7b.php 第 134 行.
NOTIC: [8] Undefined variable: info E:\fish\Runtime\Cache\Admin\2027101fb87774f1b448eff6569d3e7b.php 第 143 行.
NOTIC: [8] Undefined variable: info E:\fish\Runtime\Cache\Admin\2027101fb87774f1b448eff6569d3e7b.php 第 269 行.
NOTIC: [8] Undefined variable: info E:\fish\Runtime\Cache\Admin\2027101fb87774f1b448eff6569d3e7b.php 第 322 行.
NOTIC: [8] Undefined variable: info E:\fish\Runtime\Cache\Admin\2027101fb87774f1b448eff6569d3e7b.php 第 327 行.
NOTIC: [8] Undefined variable: info E:\fish\Runtime\Cache\Admin\2027101fb87774f1b448eff6569d3e7b.php 第 334 行.
NOTIC: [8] Undefined variable: info E:\fish\Runtime\Cache\Admin\2027101fb87774f1b448eff6569d3e7b.php 第 338 行.
NOTIC: [8] Undefined variable: info E:\fish\Runtime\Cache\Admin\2027101fb87774f1b448eff6569d3e7b.php 第 372 行.
NOTIC: [8] Undefined variable: info E:\fish\Runtime\Cache\Admin\2027101fb87774f1b448eff6569d3e7b.php 第 373 行.
INFO: Run Behavior\ParseTemplateBehavior [ RunTime:0.011028s ]
INFO: [ view_parse ] --END-- [ RunTime:0.011066s ]
INFO: [ view_filter ] --START--
INFO: Run Behavior\WriteHtmlCacheBehavior [ RunTime:0.000397s ]
INFO: [ view_filter ] --END-- [ RunTime:0.000433s ]
INFO: [ app_end ] --START--
INFO: Run Behavior\ShowPageTraceBehavior [ RunTime:0.000516s ]
INFO: [ app_end ] --END-- [ RunTime:0.000558s ]

[ 2017-11-14T11:59:55+08:00 ] 127.0.0.1 /Admin/Picture/images/weixin.jpg
INFO: [ app_init ] --START--
INFO: Run Behavior\BuildLiteBehavior [ RunTime:0.000010s ]
INFO: [ app_init ] --END-- [ RunTime:0.000310s ]

[ 2017-11-14T11:59:55+08:00 ] 127.0.0.1 /Admin/Picture/images/baoman/baoman_01.gif
INFO: [ app_init ] --START--
INFO: Run Behavior\BuildLiteBehavior [ RunTime:0.000012s ]
INFO: [ app_init ] --END-- [ RunTime:0.000363s ]

[ 2017-11-14T12:00:31+08:00 ] 127.0.0.1 /Admin/Picture/index
INFO: [ app_init ] --START--
INFO: Run Behavior\BuildLiteBehavior [ RunTime:0.000010s ]
INFO: [ app_init ] --END-- [ RunTime:0.000379s ]
INFO: [ app_begin ] --START--
INFO: Run Behavior\ReadHtmlCacheBehavior [ RunTime:0.000509s ]
INFO: [ app_begin ] --END-- [ RunTime:0.000554s ]
SQL: SHOW COLUMNS FROM `fh_album` [ RunTime:0.0021s ]
SQL: SELECT * FROM `fh_album` WHERE `al_show` = 0  [ RunTime:0.0001s ]
INFO: [ view_parse ] --START--
INFO: [ template_filter ] --START--
INFO: Run Behavior\ContentReplaceBehavior [ RunTime:0.000159s ]
INFO: [ template_filter ] --END-- [ RunTime:0.000198s ]
NOTIC: [8] Undefined variable: info E:\fish\Runtime\Cache\Admin\2027101fb87774f1b448eff6569d3e7b.php 第 33 行.
NOTIC: [8] Undefined variable: index E:\fish\Runtime\Cache\Admin\2027101fb87774f1b448eff6569d3e7b.php 第 57 行.
NOTIC: [8] Undefined variable: art E:\fish\Runtime\Cache\Admin\2027101fb87774f1b448eff6569d3e7b.php 第 60 行.
NOTIC: [8] Undefined variable: artlist E:\fish\Runtime\Cache\Admin\2027101fb87774f1b448eff6569d3e7b.php 第 69 行.
NOTIC: [8] Undefined variable: cat E:\fish\Runtime\Cache\Admin\2027101fb87774f1b448eff6569d3e7b.php 第 78 行.
NOTIC: [8] Undefined variable: user E:\fish\Runtime\Cache\Admin\2027101fb87774f1b448eff6569d3e7b.php 第 87 行.
NOTIC: [8] Undefined variable: comment E:\fish\Runtime\Cache\Admin\2027101fb87774f1b448eff6569d3e7b.php 第 88 行.
NOTIC: [8] Undefined variable: system E:\fish\Runtime\Cache\Admin\2027101fb87774f1b448eff6569d3e7b.php 第 99 行.
NOTIC: [8] Undefined variable: album E:\fish\Runtime\Cache\Admin\2027101fb87774f1b448eff6569d3e7b.php 第 102 行.
NOTIC: [8] Undefined variable: info E:\fish\Runtime\Cache\Admin\2027101fb87774f1b448eff6569d3e7b.php 第 129 行.
NOTIC: [8] Undefined variable: info E:\fish\Runtime\Cache\Admin\2027101fb87774f1b448eff6569d3e7b.php 第 134 行.
NOTIC: [8] Undefined variable: info E:\fish\Runtime\Cache\Admin\2027101fb87774f1b448eff6569d3e7b.php 第 143 行.
NOTIC: [8] Undefined variable: info E:\fish\Runtime\Cache\Admin\2027101fb87774f1b448eff6569d3e7b.php 第 269 行.
NOTIC: [8] Undefined variable: info E:\fish\Runtime\Cache\Admin\2027101fb87774f1b448eff6569d3e7b.php 第 322 行.
NOTIC: [8] Undefined variable: info E:\fish\Runtime\Cache\Admin\2027101fb87774f1b448eff6569d3e7b.php 第 327 行.
NOTIC: [8] Undefined variable: info E:\fish\Runtime\Cache\Admin\2027101fb87774f1b448eff6569d3e7b.php 第 334 行.
NOTIC: [8] Undefined variable: info E:\fish\Runtime\Cache\Admin\2027101fb87774f1b448eff6569d3e7b.php 第 338 行.
NOTIC: [8] Undefined variable: info E:\fish\Runtime\Cache\Admin\2027101fb87774f1b448eff6569d3e7b.php 第 372 行.
NOTIC: [8] Undefined variable: info E:\fish\Runtime\Cache\Admin\2027101fb87774f1b448eff6569d3e7b.php 第 373 行.
INFO: Run Behavior\ParseTemplateBehavior [ RunTime:0.010642s ]
INFO: [ view_parse ] --END-- [ RunTime:0.010681s ]
INFO: [ view_filter ] --START--
INFO: Run Behavior\WriteHtmlCacheBehavior [ RunTime:0.000358s ]
INFO: [ view_filter ] --END-- [ RunTime:0.000394s ]
INFO: [ app_end ] --START--
INFO: Run Behavior\ShowPageTraceBehavior [ RunTime:0.000504s ]
INFO: [ app_end ] --END-- [ RunTime:0.000545s ]

[ 2017-11-14T12:00:32+08:00 ] 127.0.0.1 /Admin/Picture/images/weixin.jpg
INFO: [ app_init ] --START--
INFO: Run Behavior\BuildLiteBehavior [ RunTime:0.000012s ]
INFO: [ app_init ] --END-- [ RunTime:0.000320s ]

[ 2017-11-14T12:00:32+08:00 ] 127.0.0.1 /Admin/Picture/images/baoman/baoman_01.gif
INFO: [ app_init ] --START--
INFO: Run Behavior\BuildLiteBehavior [ RunTime:0.000012s ]
INFO: [ app_init ] --END-- [ RunTime:0.000341s ]

[ 2017-11-14T12:01:40+08:00 ] 127.0.0.1 /Admin/Picture/index
INFO: [ app_init ] --START--
INFO: Run Behavior\BuildLiteBehavior [ RunTime:0.000012s ]
INFO: [ app_init ] --END-- [ RunTime:0.000305s ]
INFO: [ app_begin ] --START--
INFO: Run Behavior\ReadHtmlCacheBehavior [ RunTime:0.000429s ]
INFO: [ app_begin ] --END-- [ RunTime:0.000473s ]
SQL: SHOW COLUMNS FROM `fh_album` [ RunTime:0.0021s ]
SQL: SELECT * FROM `fh_album` WHERE `al_show` = 0  [ RunTime:0.0001s ]
INFO: [ view_parse ] --START--
INFO: [ template_filter ] --START--
INFO: Run Behavior\ContentReplaceBehavior [ RunTime:0.000163s ]
INFO: [ template_filter ] --END-- [ RunTime:0.000207s ]
NOTIC: [8] Undefined variable: info E:\fish\Runtime\Cache\Admin\2027101fb87774f1b448eff6569d3e7b.php 第 33 行.
NOTIC: [8] Undefined variable: index E:\fish\Runtime\Cache\Admin\2027101fb87774f1b448eff6569d3e7b.php 第 57 行.
NOTIC: [8] Undefined variable: art E:\fish\Runtime\Cache\Admin\2027101fb87774f1b448eff6569d3e7b.php 第 60 行.
NOTIC: [8] Undefined variable: artlist E:\fish\Runtime\Cache\Admin\2027101fb87774f1b448eff6569d3e7b.php 第 69 行.
NOTIC: [8] Undefined variable: cat E:\fish\Runtime\Cache\Admin\2027101fb87774f1b448eff6569d3e7b.php 第 78 行.
NOTIC: [8] Undefined variable: user E:\fish\Runtime\Cache\Admin\2027101fb87774f1b448eff6569d3e7b.php 第 87 行.
NOTIC: [8] Undefined variable: comment E:\fish\Runtime\Cache\Admin\2027101fb87774f1b448eff6569d3e7b.php 第 88 行.
NOTIC: [8] Undefined variable: system E:\fish\Runtime\Cache\Admin\2027101fb87774f1b448eff6569d3e7b.php 第 99 行.
NOTIC: [8] Undefined variable: album E:\fish\Runtime\Cache\Admin\2027101fb87774f1b448eff6569d3e7b.php 第 102 行.
NOTIC: [8] Undefined variable: info E:\fish\Runtime\Cache\Admin\2027101fb87774f1b448eff6569d3e7b.php 第 129 行.
NOTIC: [8] Undefined variable: info E:\fish\Runtime\Cache\Admin\2027101fb87774f1b448eff6569d3e7b.php 第 134 行.
NOTIC: [8] Undefined variable: info E:\fish\Runtime\Cache\Admin\2027101fb87774f1b448eff6569d3e7b.php 第 143 行.
NOTIC: [8] Undefined variable: info E:\fish\Runtime\Cache\Admin\2027101fb87774f1b448eff6569d3e7b.php 第 269 行.
NOTIC: [8] Undefined variable: info E:\fish\Runtime\Cache\Admin\2027101fb87774f1b448eff6569d3e7b.php 第 322 行.
NOTIC: [8] Undefined variable: info E:\fish\Runtime\Cache\Admin\2027101fb87774f1b448eff6569d3e7b.php 第 327 行.
NOTIC: [8] Undefined variable: info E:\fish\Runtime\Cache\Admin\2027101fb87774f1b448eff6569d3e7b.php 第 334 行.
NOTIC: [8] Undefined variable: info E:\fish\Runtime\Cache\Admin\2027101fb87774f1b448eff6569d3e7b.php 第 338 行.
NOTIC: [8] Undefined variable: info E:\fish\Runtime\Cache\Admin\2027101fb87774f1b448eff6569d3e7b.php 第 372 行.
NOTIC: [8] Undefined variable: info E:\fish\Runtime\Cache\Admin\2027101fb87774f1b448eff6569d3e7b.php 第 373 行.
INFO: Run Behavior\ParseTemplateBehavior [ RunTime:0.010853s ]
INFO: [ view_parse ] --END-- [ RunTime:0.010892s ]
INFO: [ view_filter ] --START--
INFO: Run Behavior\WriteHtmlCacheBehavior [ RunTime:0.000340s ]
INFO: [ view_filter ] --END-- [ RunTime:0.000377s ]
INFO: [ app_end ] --START--
INFO: Run Behavior\ShowPageTraceBehavior [ RunTime:0.000473s ]
INFO: [ app_end ] --END-- [ RunTime:0.000514s ]

[ 2017-11-14T12:01:40+08:00 ] 127.0.0.1 /Admin/Picture/images/weixin.jpg
INFO: [ app_init ] --START--
INFO: Run Behavior\BuildLiteBehavior [ RunTime:0.000012s ]
INFO: [ app_init ] --END-- [ RunTime:0.000324s ]

[ 2017-11-14T12:01:40+08:00 ] 127.0.0.1 /Admin/Picture/images/baoman/baoman_01.gif
INFO: [ app_init ] --START--
INFO: Run Behavior\BuildLiteBehavior [ RunTime:0.000011s ]
INFO: [ app_init ] --END-- [ RunTime:0.000297s ]

[ 2017-11-14T12:04:12+08:00 ] 127.0.0.1 /Admin/Picture/index
INFO: [ app_init ] --START--
INFO: Run Behavior\BuildLiteBehavior [ RunTime:0.000009s ]
INFO: [ app_init ] --END-- [ RunTime:0.000300s ]
INFO: [ app_begin ] --START--
INFO: Run Behavior\ReadHtmlCacheBehavior [ RunTime:0.000426s ]
INFO: [ app_begin ] --END-- [ RunTime:0.000468s ]
SQL: SHOW COLUMNS FROM `fh_album` [ RunTime:0.0021s ]
SQL: SELECT * FROM `fh_album` WHERE `al_show` = 0  [ RunTime:0.0001s ]
INFO: [ view_parse ] --START--
INFO: [ template_filter ] --START--
INFO: Run Behavior\ContentReplaceBehavior [ RunTime:0.000157s ]
INFO: [ template_filter ] --END-- [ RunTime:0.000198s ]
NOTIC: [8] Undefined variable: info E:\fish\Runtime\Cache\Admin\2027101fb87774f1b448eff6569d3e7b.php 第 33 行.
NOTIC: [8] Undefined variable: index E:\fish\Runtime\Cache\Admin\2027101fb87774f1b448eff6569d3e7b.php 第 57 行.
NOTIC: [8] Undefined variable: art E:\fish\Runtime\Cache\Admin\2027101fb87774f1b448eff6569d3e7b.php 第 60 行.
NOTIC: [8] Undefined variable: artlist E:\fish\Runtime\Cache\Admin\2027101fb87774f1b448eff6569d3e7b.php 第 69 行.
NOTIC: [8] Undefined variable: cat E:\fish\Runtime\Cache\Admin\2027101fb87774f1b448eff6569d3e7b.php 第 78 行.
NOTIC: [8] Undefined variable: user E:\fish\Runtime\Cache\Admin\2027101fb87774f1b448eff6569d3e7b.php 第 87 行.
NOTIC: [8] Undefined variable: comment E:\fish\Runtime\Cache\Admin\2027101fb87774f1b448eff6569d3e7b.php 第 88 行.
NOTIC: [8] Undefined variable: system E:\fish\Runtime\Cache\Admin\2027101fb87774f1b448eff6569d3e7b.php 第 99 行.
NOTIC: [8] Undefined variable: album E:\fish\Runtime\Cache\Admin\2027101fb87774f1b448eff6569d3e7b.php 第 102 行.
NOTIC: [8] Undefined variable: info E:\fish\Runtime\Cache\Admin\2027101fb87774f1b448eff6569d3e7b.php 第 129 行.
NOTIC: [8] Undefined variable: info E:\fish\Runtime\Cache\Admin\2027101fb87774f1b448eff6569d3e7b.php 第 134 行.
NOTIC: [8] Undefined variable: info E:\fish\Runtime\Cache\Admin\2027101fb87774f1b448eff6569d3e7b.php 第 143 行.
NOTIC: [8] Undefined variable: info E:\fish\Runtime\Cache\Admin\2027101fb87774f1b448eff6569d3e7b.php 第 269 行.
NOTIC: [8] Undefined variable: info E:\fish\Runtime\Cache\Admin\2027101fb87774f1b448eff6569d3e7b.php 第 322 行.
NOTIC: [8] Undefined variable: info E:\fish\Runtime\Cache\Admin\2027101fb87774f1b448eff6569d3e7b.php 第 327 行.
NOTIC: [8] Undefined variable: info E:\fish\Runtime\Cache\Admin\2027101fb87774f1b448eff6569d3e7b.php 第 334 行.
NOTIC: [8] Undefined variable: info E:\fish\Runtime\Cache\Admin\2027101fb87774f1b448eff6569d3e7b.php 第 338 行.
NOTIC: [8] Undefined variable: info E:\fish\Runtime\Cache\Admin\2027101fb87774f1b448eff6569d3e7b.php 第 372 行.
NOTIC: [8] Undefined variable: info E:\fish\Runtime\Cache\Admin\2027101fb87774f1b448eff6569d3e7b.php 第 373 行.
INFO: Run Behavior\ParseTemplateBehavior [ RunTime:0.010672s ]
INFO: [ view_parse ] --END-- [ RunTime:0.010710s ]
INFO: [ view_filter ] --START--
INFO: Run Behavior\WriteHtmlCacheBehavior [ RunTime:0.000353s ]
INFO: [ view_filter ] --END-- [ RunTime:0.000389s ]
INFO: [ app_end ] --START--
INFO: Run Behavior\ShowPageTraceBehavior [ RunTime:0.000504s ]
INFO: [ app_end ] --END-- [ RunTime:0.000562s ]

[ 2017-11-14T12:04:12+08:00 ] 127.0.0.1 /Admin/Picture/images/weixin.jpg
INFO: [ app_init ] --START--
INFO: Run Behavior\BuildLiteBehavior [ RunTime:0.000010s ]
INFO: [ app_init ] --END-- [ RunTime:0.000323s ]

[ 2017-11-14T12:04:12+08:00 ] 127.0.0.1 /Admin/Picture/images/baoman/baoman_01.gif
INFO: [ app_init ] --START--
INFO: Run Behavior\BuildLiteBehavior [ RunTime:0.000010s ]
INFO: [ app_init ] --END-- [ RunTime:0.000300s ]

[ 2017-11-14T12:05:41+08:00 ] 127.0.0.1 /Admin/Picture/index
INFO: [ app_init ] --START--
INFO: Run Behavior\BuildLiteBehavior [ RunTime:0.000010s ]
INFO: [ app_init ] --END-- [ RunTime:0.000313s ]
INFO: [ app_begin ] --START--
INFO: Run Behavior\ReadHtmlCacheBehavior [ RunTime:0.000434s ]
INFO: [ app_begin ] --END-- [ RunTime:0.000479s ]
SQL: SHOW COLUMNS FROM `fh_album` [ RunTime:0.0040s ]
SQL: SELECT * FROM `fh_album` WHERE `al_show` = 0  [ RunTime:0.0002s ]
INFO: [ view_parse ] --START--
INFO: [ template_filter ] --START--
INFO: Run Behavior\ContentReplaceBehavior [ RunTime:0.000157s ]
INFO: [ template_filter ] --END-- [ RunTime:0.000196s ]
NOTIC: [8] Undefined variable: info E:\fish\Runtime\Cache\Admin\2027101fb87774f1b448eff6569d3e7b.php 第 33 行.
NOTIC: [8] Undefined variable: index E:\fish\Runtime\Cache\Admin\2027101fb87774f1b448eff6569d3e7b.php 第 57 行.
NOTIC: [8] Undefined variable: art E:\fish\Runtime\Cache\Admin\2027101fb87774f1b448eff6569d3e7b.php 第 60 行.
NOTIC: [8] Undefined variable: artlist E:\fish\Runtime\Cache\Admin\2027101fb87774f1b448eff6569d3e7b.php 第 69 行.
NOTIC: [8] Undefined variable: cat E:\fish\Runtime\Cache\Admin\2027101fb87774f1b448eff6569d3e7b.php 第 78 行.
NOTIC: [8] Undefined variable: user E:\fish\Runtime\Cache\Admin\2027101fb87774f1b448eff6569d3e7b.php 第 87 行.
NOTIC: [8] Undefined variable: comment E:\fish\Runtime\Cache\Admin\2027101fb87774f1b448eff6569d3e7b.php 第 88 行.
NOTIC: [8] Undefined variable: system E:\fish\Runtime\Cache\Admin\2027101fb87774f1b448eff6569d3e7b.php 第 99 行.
NOTIC: [8] Undefined variable: album E:\fish\Runtime\Cache\Admin\2027101fb87774f1b448eff6569d3e7b.php 第 102 行.
NOTIC: [8] Undefined variable: info E:\fish\Runtime\Cache\Admin\2027101fb87774f1b448eff6569d3e7b.php 第 129 行.
NOTIC: [8] Undefined variable: info E:\fish\Runtime\Cache\Admin\2027101fb87774f1b448eff6569d3e7b.php 第 134 行.
NOTIC: [8] Undefined variable: info E:\fish\Runtime\Cache\Admin\2027101fb87774f1b448eff6569d3e7b.php 第 143 行.
NOTIC: [8] Undefined variable: info E:\fish\Runtime\Cache\Admin\2027101fb87774f1b448eff6569d3e7b.php 第 269 行.
NOTIC: [8] Undefined variable: info E:\fish\Runtime\Cache\Admin\2027101fb87774f1b448eff6569d3e7b.php 第 322 行.
NOTIC: [8] Undefined variable: info E:\fish\Runtime\Cache\Admin\2027101fb87774f1b448eff6569d3e7b.php 第 327 行.
NOTIC: [8] Undefined variable: info E:\fish\Runtime\Cache\Admin\2027101fb87774f1b448eff6569d3e7b.php 第 334 行.
NOTIC: [8] Undefined variable: info E:\fish\Runtime\Cache\Admin\2027101fb87774f1b448eff6569d3e7b.php 第 338 行.
NOTIC: [8] Undefined variable: info E:\fish\Runtime\Cache\Admin\2027101fb87774f1b448eff6569d3e7b.php 第 372 行.
NOTIC: [8] Undefined variable: info E:\fish\Runtime\Cache\Admin\2027101fb87774f1b448eff6569d3e7b.php 第 373 行.
INFO: Run Behavior\ParseTemplateBehavior [ RunTime:0.010732s ]
INFO: [ view_parse ] --END-- [ RunTime:0.010772s ]
INFO: [ view_filter ] --START--
INFO: Run Behavior\WriteHtmlCacheBehavior [ RunTime:0.000282s ]
INFO: [ view_filter ] --END-- [ RunTime:0.000316s ]
INFO: [ app_end ] --START--
INFO: Run Behavior\ShowPageTraceBehavior [ RunTime:0.000465s ]
INFO: [ app_end ] --END-- [ RunTime:0.000505s ]

[ 2017-11-14T12:05:41+08:00 ] 127.0.0.1 /Admin/Picture/images/weixin.jpg
INFO: [ app_init ] --START--
INFO: Run Behavior\BuildLiteBehavior [ RunTime:0.000010s ]
INFO: [ app_init ] --END-- [ RunTime:0.000300s ]

[ 2017-11-14T12:05:41+08:00 ] 127.0.0.1 /Admin/Picture/images/baoman/baoman_01.gif
INFO: [ app_init ] --START--
INFO: Run Behavior\BuildLiteBehavior [ RunTime:0.000009s ]
INFO: [ app_init ] --END-- [ RunTime:0.000299s ]

[ 2017-11-14T12:06:17+08:00 ] 127.0.0.1 /Admin/Picture/index
INFO: [ app_init ] --START--
INFO: Run Behavior\BuildLiteBehavior [ RunTime:0.000010s ]
INFO: [ app_init ] --END-- [ RunTime:0.000294s ]
INFO: [ app_begin ] --START--
INFO: Run Behavior\ReadHtmlCacheBehavior [ RunTime:0.000432s ]
INFO: [ app_begin ] --END-- [ RunTime:0.000472s ]
SQL: SHOW COLUMNS FROM `fh_album` [ RunTime:0.0021s ]
SQL: SELECT * FROM `fh_album` WHERE `al_show` = 0  [ RunTime:0.0001s ]
INFO: [ view_parse ] --START--
INFO: [ template_filter ] --START--
INFO: Run Behavior\ContentReplaceBehavior [ RunTime:0.000160s ]
INFO: [ template_filter ] --END-- [ RunTime:0.000199s ]
NOTIC: [8] Undefined variable: info E:\fish\Runtime\Cache\Admin\2027101fb87774f1b448eff6569d3e7b.php 第 33 行.
NOTIC: [8] Undefined variable: index E:\fish\Runtime\Cache\Admin\2027101fb87774f1b448eff6569d3e7b.php 第 57 行.
NOTIC: [8] Undefined variable: art E:\fish\Runtime\Cache\Admin\2027101fb87774f1b448eff6569d3e7b.php 第 60 行.
NOTIC: [8] Undefined variable: artlist E:\fish\Runtime\Cache\Admin\2027101fb87774f1b448eff6569d3e7b.php 第 69 行.
NOTIC: [8] Undefined variable: cat E:\fish\Runtime\Cache\Admin\2027101fb87774f1b448eff6569d3e7b.php 第 78 行.
NOTIC: [8] Undefined variable: user E:\fish\Runtime\Cache\Admin\2027101fb87774f1b448eff6569d3e7b.php 第 87 行.
NOTIC: [8] Undefined variable: comment E:\fish\Runtime\Cache\Admin\2027101fb87774f1b448eff6569d3e7b.php 第 88 行.
NOTIC: [8] Undefined variable: system E:\fish\Runtime\Cache\Admin\2027101fb87774f1b448eff6569d3e7b.php 第 99 行.
NOTIC: [8] Undefined variable: album E:\fish\Runtime\Cache\Admin\2027101fb87774f1b448eff6569d3e7b.php 第 102 行.
NOTIC: [8] Undefined variable: info E:\fish\Runtime\Cache\Admin\2027101fb87774f1b448eff6569d3e7b.php 第 129 行.
NOTIC: [8] Undefined variable: info E:\fish\Runtime\Cache\Admin\2027101fb87774f1b448eff6569d3e7b.php 第 134 行.
NOTIC: [8] Undefined variable: info E:\fish\Runtime\Cache\Admin\2027101fb87774f1b448eff6569d3e7b.php 第 143 行.
NOTIC: [8] Undefined variable: info E:\fish\Runtime\Cache\Admin\2027101fb87774f1b448eff6569d3e7b.php 第 269 行.
NOTIC: [8] Undefined variable: info E:\fish\Runtime\Cache\Admin\2027101fb87774f1b448eff6569d3e7b.php 第 322 行.
NOTIC: [8] Undefined variable: info E:\fish\Runtime\Cache\Admin\2027101fb87774f1b448eff6569d3e7b.php 第 327 行.
NOTIC: [8] Undefined variable: info E:\fish\Runtime\Cache\Admin\2027101fb87774f1b448eff6569d3e7b.php 第 334 行.
NOTIC: [8] Undefined variable: info E:\fish\Runtime\Cache\Admin\2027101fb87774f1b448eff6569d3e7b.php 第 338 行.
NOTIC: [8] Undefined variable: info E:\fish\Runtime\Cache\Admin\2027101fb87774f1b448eff6569d3e7b.php 第 372 行.
NOTIC: [8] Undefined variable: info E:\fish\Runtime\Cache\Admin\2027101fb87774f1b448eff6569d3e7b.php 第 373 行.
INFO: Run Behavior\ParseTemplateBehavior [ RunTime:0.010824s ]
INFO: [ view_parse ] --END-- [ RunTime:0.010862s ]
INFO: [ view_filter ] --START--
INFO: Run Behavior\WriteHtmlCacheBehavior [ RunTime:0.000351s ]
INFO: [ view_filter ] --END-- [ RunTime:0.000388s ]
INFO: [ app_end ] --START--
INFO: Run Behavior\ShowPageTraceBehavior [ RunTime:0.000506s ]
INFO: [ app_end ] --END-- [ RunTime:0.000547s ]

[ 2017-11-14T12:06:17+08:00 ] 127.0.0.1 /Admin/Picture/images/weixin.jpg
INFO: [ app_init ] --START--
INFO: Run Behavior\BuildLiteBehavior [ RunTime:0.000010s ]
INFO: [ app_init ] --END-- [ RunTime:0.000352s ]

[ 2017-11-14T12:06:17+08:00 ] 127.0.0.1 /Admin/Picture/images/baoman/baoman_01.gif
INFO: [ app_init ] --START--
INFO: Run Behavior\BuildLiteBehavior [ RunTime:0.000009s ]
INFO: [ app_init ] --END-- [ RunTime:0.000290s ]

[ 2017-11-14T12:08:30+08:00 ] 127.0.0.1 /Admin/Picture/index
INFO: [ app_init ] --START--
INFO: Run Behavior\BuildLiteBehavior [ RunTime:0.000010s ]
INFO: [ app_init ] --END-- [ RunTime:0.000322s ]
INFO: [ app_begin ] --START--
INFO: Run Behavior\ReadHtmlCacheBehavior [ RunTime:0.000463s ]
INFO: [ app_begin ] --END-- [ RunTime:0.000505s ]
SQL: SHOW COLUMNS FROM `fh_album` [ RunTime:0.0021s ]
SQL: SELECT * FROM `fh_album` WHERE `al_show` = 0  [ RunTime:0.0001s ]
INFO: [ view_parse ] --START--
INFO: [ template_filter ] --START--
INFO: Run Behavior\ContentReplaceBehavior [ RunTime:0.000167s ]
INFO: [ template_filter ] --END-- [ RunTime:0.000211s ]
NOTIC: [8] Undefined variable: info E:\fish\Runtime\Cache\Admin\2027101fb87774f1b448eff6569d3e7b.php 第 33 行.
NOTIC: [8] Undefined variable: index E:\fish\Runtime\Cache\Admin\2027101fb87774f1b448eff6569d3e7b.php 第 57 行.
NOTIC: [8] Undefined variable: art E:\fish\Runtime\Cache\Admin\2027101fb87774f1b448eff6569d3e7b.php 第 60 行.
NOTIC: [8] Undefined variable: artlist E:\fish\Runtime\Cache\Admin\2027101fb87774f1b448eff6569d3e7b.php 第 69 行.
NOTIC: [8] Undefined variable: cat E:\fish\Runtime\Cache\Admin\2027101fb87774f1b448eff6569d3e7b.php 第 78 行.
NOTIC: [8] Undefined variable: user E:\fish\Runtime\Cache\Admin\2027101fb87774f1b448eff6569d3e7b.php 第 87 行.
NOTIC: [8] Undefined variable: comment E:\fish\Runtime\Cache\Admin\2027101fb87774f1b448eff6569d3e7b.php 第 88 行.
NOTIC: [8] Undefined variable: system E:\fish\Runtime\Cache\Admin\2027101fb87774f1b448eff6569d3e7b.php 第 99 行.
NOTIC: [8] Undefined variable: album E:\fish\Runtime\Cache\Admin\2027101fb87774f1b448eff6569d3e7b.php 第 102 行.
NOTIC: [8] Undefined variable: info E:\fish\Runtime\Cache\Admin\2027101fb87774f1b448eff6569d3e7b.php 第 129 行.
NOTIC: [8] Undefined variable: info E:\fish\Runtime\Cache\Admin\2027101fb87774f1b448eff6569d3e7b.php 第 134 行.
NOTIC: [8] Undefined variable: info E:\fish\Runtime\Cache\Admin\2027101fb87774f1b448eff6569d3e7b.php 第 143 行.
NOTIC: [8] Undefined variable: info E:\fish\Runtime\Cache\Admin\2027101fb87774f1b448eff6569d3e7b.php 第 269 行.
NOTIC: [8] Undefined variable: info E:\fish\Runtime\Cache\Admin\2027101fb87774f1b448eff6569d3e7b.php 第 322 行.
NOTIC: [8] Undefined variable: info E:\fish\Runtime\Cache\Admin\2027101fb87774f1b448eff6569d3e7b.php 第 327 行.
NOTIC: [8] Undefined variable: info E:\fish\Runtime\Cache\Admin\2027101fb87774f1b448eff6569d3e7b.php 第 334 行.
NOTIC: [8] Undefined variable: info E:\fish\Runtime\Cache\Admin\2027101fb87774f1b448eff6569d3e7b.php 第 338 行.
NOTIC: [8] Undefined variable: info E:\fish\Runtime\Cache\Admin\2027101fb87774f1b448eff6569d3e7b.php 第 372 行.
NOTIC: [8] Undefined variable: info E:\fish\Runtime\Cache\Admin\2027101fb87774f1b448eff6569d3e7b.php 第 373 行.
INFO: Run Behavior\ParseTemplateBehavior [ RunTime:0.010726s ]
INFO: [ view_parse ] --END-- [ RunTime:0.010766s ]
INFO: [ view_filter ] --START--
INFO: Run Behavior\WriteHtmlCacheBehavior [ RunTime:0.000361s ]
INFO: [ view_filter ] --END-- [ RunTime:0.000398s ]
INFO: [ app_end ] --START--
INFO: Run Behavior\ShowPageTraceBehavior [ RunTime:0.000481s ]
INFO: [ app_end ] --END-- [ RunTime:0.000522s ]

[ 2017-11-14T12:08:30+08:00 ] 127.0.0.1 /Admin/Picture/images/weixin.jpg
INFO: [ app_init ] --START--
INFO: Run Behavior\BuildLiteBehavior [ RunTime:0.000010s ]
INFO: [ app_init ] --END-- [ RunTime:0.000342s ]

[ 2017-11-14T12:08:30+08:00 ] 127.0.0.1 /Admin/Picture/images/baoman/baoman_01.gif
INFO: [ app_init ] --START--
INFO: Run Behavior\BuildLiteBehavior [ RunTime:0.000010s ]
INFO: [ app_init ] --END-- [ RunTime:0.000329s ]

[ 2017-11-14T12:10:06+08:00 ] 127.0.0.1 /Admin/Picture/index
INFO: [ app_init ] --START--
INFO: Run Behavior\BuildLiteBehavior [ RunTime:0.000014s ]
INFO: [ app_init ] --END-- [ RunTime:0.000366s ]
INFO: [ app_begin ] --START--
INFO: Run Behavior\ReadHtmlCacheBehavior [ RunTime:0.000467s ]
INFO: [ app_begin ] --END-- [ RunTime:0.000512s ]
SQL: SHOW COLUMNS FROM `fh_album` [ RunTime:0.0023s ]
SQL: SELECT * FROM `fh_album` WHERE `al_show` = 0  [ RunTime:0.0002s ]
INFO: [ view_parse ] --START--
INFO: [ template_filter ] --START--
INFO: Run Behavior\ContentReplaceBehavior [ RunTime:0.000158s ]
INFO: [ template_filter ] --END-- [ RunTime:0.000200s ]
NOTIC: [8] Undefined variable: info E:\fish\Runtime\Cache\Admin\2027101fb87774f1b448eff6569d3e7b.php 第 33 行.
NOTIC: [8] Undefined variable: index E:\fish\Runtime\Cache\Admin\2027101fb87774f1b448eff6569d3e7b.php 第 57 行.
NOTIC: [8] Undefined variable: art E:\fish\Runtime\Cache\Admin\2027101fb87774f1b448eff6569d3e7b.php 第 60 行.
NOTIC: [8] Undefined variable: artlist E:\fish\Runtime\Cache\Admin\2027101fb87774f1b448eff6569d3e7b.php 第 69 行.
NOTIC: [8] Undefined variable: cat E:\fish\Runtime\Cache\Admin\2027101fb87774f1b448eff6569d3e7b.php 第 78 行.
NOTIC: [8] Undefined variable: user E:\fish\Runtime\Cache\Admin\2027101fb87774f1b448eff6569d3e7b.php 第 87 行.
NOTIC: [8] Undefined variable: comment E:\fish\Runtime\Cache\Admin\2027101fb87774f1b448eff6569d3e7b.php 第 88 行.
NOTIC: [8] Undefined variable: system E:\fish\Runtime\Cache\Admin\2027101fb87774f1b448eff6569d3e7b.php 第 99 行.
NOTIC: [8] Undefined variable: album E:\fish\Runtime\Cache\Admin\2027101fb87774f1b448eff6569d3e7b.php 第 102 行.
NOTIC: [8] Undefined variable: info E:\fish\Runtime\Cache\Admin\2027101fb87774f1b448eff6569d3e7b.php 第 129 行.
NOTIC: [8] Undefined variable: info E:\fish\Runtime\Cache\Admin\2027101fb87774f1b448eff6569d3e7b.php 第 134 行.
NOTIC: [8] Undefined variable: info E:\fish\Runtime\Cache\Admin\2027101fb87774f1b448eff6569d3e7b.php 第 143 行.
NOTIC: [8] Undefined variable: info E:\fish\Runtime\Cache\Admin\2027101fb87774f1b448eff6569d3e7b.php 第 269 行.
NOTIC: [8] Undefined variable: info E:\fish\Runtime\Cache\Admin\2027101fb87774f1b448eff6569d3e7b.php 第 322 行.
NOTIC: [8] Undefined variable: info E:\fish\Runtime\Cache\Admin\2027101fb87774f1b448eff6569d3e7b.php 第 327 行.
NOTIC: [8] Undefined variable: info E:\fish\Runtime\Cache\Admin\2027101fb87774f1b448eff6569d3e7b.php 第 334 行.
NOTIC: [8] Undefined variable: info E:\fish\Runtime\Cache\Admin\2027101fb87774f1b448eff6569d3e7b.php 第 338 行.
NOTIC: [8] Undefined variable: info E:\fish\Runtime\Cache\Admin\2027101fb87774f1b448eff6569d3e7b.php 第 372 行.
NOTIC: [8] Undefined variable: info E:\fish\Runtime\Cache\Admin\2027101fb87774f1b448eff6569d3e7b.php 第 373 行.
INFO: Run Behavior\ParseTemplateBehavior [ RunTime:0.011053s ]
INFO: [ view_parse ] --END-- [ RunTime:0.011093s ]
INFO: [ view_filter ] --START--
INFO: Run Behavior\WriteHtmlCacheBehavior [ RunTime:0.000336s ]
INFO: [ view_filter ] --END-- [ RunTime:0.000372s ]
INFO: [ app_end ] --START--
INFO: Run Behavior\ShowPageTraceBehavior [ RunTime:0.000470s ]
INFO: [ app_end ] --END-- [ RunTime:0.000512s ]

[ 2017-11-14T12:10:06+08:00 ] 127.0.0.1 /Admin/Picture/images/weixin.jpg
INFO: [ app_init ] --START--
INFO: Run Behavior\BuildLiteBehavior [ RunTime:0.000011s ]
INFO: [ app_init ] --END-- [ RunTime:0.000351s ]

[ 2017-11-14T12:10:06+08:00 ] 127.0.0.1 /Admin/Picture/images/baoman/baoman_01.gif
INFO: [ app_init ] --START--
INFO: Run Behavior\BuildLiteBehavior [ RunTime:0.000010s ]
INFO: [ app_init ] --END-- [ RunTime:0.000303s ]

