[ 2017-11-07T16:30:15+08:00 ] 127.0.0.1 /Admin/login
INFO: [ app_init ] --START--
INFO: Run Behavior\BuildLiteBehavior [ RunTime:0.000010s ]
INFO: [ app_init ] --END-- [ RunTime:0.000407s ]
INFO: [ app_begin ] --START--
INFO: Run Behavior\ReadHtmlCacheBehavior [ RunTime:0.000688s ]
INFO: [ app_begin ] --END-- [ RunTime:0.000732s ]
INFO: [ view_parse ] --START--
INFO: [ template_filter ] --START--
INFO: Run Behavior\ContentReplaceBehavior [ RunTime:0.000050s ]
INFO: [ template_filter ] --END-- [ RunTime:0.000101s ]
INFO: Run Behavior\ParseTemplateBehavior [ RunTime:0.005677s ]
INFO: [ view_parse ] --END-- [ RunTime:0.005722s ]
INFO: [ view_filter ] --START--
INFO: Run Behavior\WriteHtmlCacheBehavior [ RunTime:0.000550s ]
INFO: [ view_filter ] --END-- [ RunTime:0.000586s ]
INFO: [ app_end ] --START--
INFO: Run Behavior\ShowPageTraceBehavior [ RunTime:0.000731s ]
INFO: [ app_end ] --END-- [ RunTime:0.000770s ]

[ 2017-11-07T16:30:22+08:00 ] 127.0.0.1 /Admin/Login/in
INFO: [ app_init ] --START--
INFO: Run Behavior\BuildLiteBehavior [ RunTime:0.000011s ]
INFO: [ app_init ] --END-- [ RunTime:0.000364s ]
INFO: [ app_begin ] --START--
INFO: Run Behavior\ReadHtmlCacheBehavior [ RunTime:0.000427s ]
INFO: [ app_begin ] --END-- [ RunTime:0.000467s ]
SQL: SHOW COLUMNS FROM `fh_user` [ RunTime:0.0105s ]
SQL: SELECT * FROM `fh_user` WHERE `u_name` = 'admin' LIMIT 1   [ RunTime:0.0002s ]
SQL: UPDATE `fh_user` SET `u_logintime`='1510043422' WHERE `u_id` = null [ RunTime:0.0002s ]
SQL: UPDATE `fh_user` SET `u_num`=u_num+1 WHERE `u_id` = null [ RunTime:0.0001s ]

[ 2017-11-07T16:30:24+08:00 ] 127.0.0.1 /Admin/Index
INFO: [ app_init ] --START--
INFO: Run Behavior\BuildLiteBehavior [ RunTime:0.000011s ]
INFO: [ app_init ] --END-- [ RunTime:0.000306s ]
INFO: [ app_begin ] --START--
INFO: Run Behavior\ReadHtmlCacheBehavior [ RunTime:0.000392s ]
INFO: [ app_begin ] --END-- [ RunTime:0.000433s ]
INFO: [ view_parse ] --START--
INFO: [ template_filter ] --START--
INFO: Run Behavior\ContentReplaceBehavior [ RunTime:0.000133s ]
INFO: [ template_filter ] --END-- [ RunTime:0.000181s ]
NOTIC: [8] Undefined variable: info E:\fish\Runtime\Cache\Admin\6be543cd41def918d87e15996786a60d.php 第 33 行.
NOTIC: [8] Undefined variable: art E:\fish\Runtime\Cache\Admin\6be543cd41def918d87e15996786a60d.php 第 60 行.
NOTIC: [8] Undefined variable: artlist E:\fish\Runtime\Cache\Admin\6be543cd41def918d87e15996786a60d.php 第 69 行.
NOTIC: [8] Undefined variable: cat E:\fish\Runtime\Cache\Admin\6be543cd41def918d87e15996786a60d.php 第 78 行.
NOTIC: [8] Undefined variable: user E:\fish\Runtime\Cache\Admin\6be543cd41def918d87e15996786a60d.php 第 87 行.
NOTIC: [8] Undefined variable: comment E:\fish\Runtime\Cache\Admin\6be543cd41def918d87e15996786a60d.php 第 88 行.
INFO: Run Behavior\ParseTemplateBehavior [ RunTime:0.009153s ]
INFO: [ view_parse ] --END-- [ RunTime:0.009194s ]
INFO: [ view_filter ] --START--
INFO: Run Behavior\WriteHtmlCacheBehavior [ RunTime:0.000339s ]
INFO: [ view_filter ] --END-- [ RunTime:0.000377s ]
INFO: [ app_end ] --START--
INFO: Run Behavior\ShowPageTraceBehavior [ RunTime:0.000501s ]
INFO: [ app_end ] --END-- [ RunTime:0.000543s ]

[ 2017-11-07T16:30:56+08:00 ] 127.0.0.1 /Admin/Log/logList
INFO: [ app_init ] --START--
INFO: Run Behavior\BuildLiteBehavior [ RunTime:0.000010s ]
INFO: [ app_init ] --END-- [ RunTime:0.000377s ]
INFO: [ app_begin ] --START--
INFO: Run Behavior\ReadHtmlCacheBehavior [ RunTime:0.000666s ]
INFO: [ app_begin ] --END-- [ RunTime:0.000711s ]
SQL: SHOW COLUMNS FROM `fh_log` [ RunTime:0.0027s ]
SQL: SELECT COUNT(*) AS tp_count FROM `fh_log` WHERE `l_show` = 0 ORDER BY l_id desc LIMIT 1   [ RunTime:0.0002s ]
SQL: SELECT * FROM `fh_log` WHERE `l_show` = 0 ORDER BY l_id desc  [ RunTime:0.0007s ]
INFO: [ view_parse ] --START--
INFO: [ template_filter ] --START--
INFO: Run Behavior\ContentReplaceBehavior [ RunTime:0.000105s ]
INFO: [ template_filter ] --END-- [ RunTime:0.000145s ]
NOTIC: [8] Undefined variable: info E:\fish\Runtime\Cache\Admin\10bab8f02be6d3bf5a6c750c9f492c44.php 第 33 行.
NOTIC: [8] Undefined variable: index E:\fish\Runtime\Cache\Admin\10bab8f02be6d3bf5a6c750c9f492c44.php 第 57 行.
NOTIC: [8] Undefined variable: art E:\fish\Runtime\Cache\Admin\10bab8f02be6d3bf5a6c750c9f492c44.php 第 60 行.
NOTIC: [8] Undefined variable: cat E:\fish\Runtime\Cache\Admin\10bab8f02be6d3bf5a6c750c9f492c44.php 第 78 行.
NOTIC: [8] Undefined variable: user E:\fish\Runtime\Cache\Admin\10bab8f02be6d3bf5a6c750c9f492c44.php 第 87 行.
NOTIC: [8] Undefined variable: comment E:\fish\Runtime\Cache\Admin\10bab8f02be6d3bf5a6c750c9f492c44.php 第 88 行.
INFO: Run Behavior\ParseTemplateBehavior [ RunTime:0.009501s ]
INFO: [ view_parse ] --END-- [ RunTime:0.009545s ]
INFO: [ view_filter ] --START--
INFO: Run Behavior\WriteHtmlCacheBehavior [ RunTime:0.000577s ]
INFO: [ view_filter ] --END-- [ RunTime:0.000612s ]
INFO: [ app_end ] --START--
INFO: Run Behavior\ShowPageTraceBehavior [ RunTime:0.000702s ]
INFO: [ app_end ] --END-- [ RunTime:0.000744s ]

[ 2017-11-07T16:36:07+08:00 ] 127.0.0.1 /Admin/Article/artContent
INFO: [ app_init ] --START--
INFO: Run Behavior\BuildLiteBehavior [ RunTime:0.000009s ]
INFO: [ app_init ] --END-- [ RunTime:0.000357s ]
INFO: [ app_begin ] --START--
INFO: Run Behavior\ReadHtmlCacheBehavior [ RunTime:0.000566s ]
INFO: [ app_begin ] --END-- [ RunTime:0.000608s ]
SQL: SHOW COLUMNS FROM `fh_article_c` [ RunTime:0.0030s ]
NOTIC: [8] Undefined index: validate E:\fish\ThinkPHP\Library\Think\Model.class.php 第 1185 行.
NOTIC: [8] Undefined index: auto E:\fish\ThinkPHP\Library\Think\Model.class.php 第 1128 行.
SQL: INSERT INTO `fh_article_c` (`ac_pid`,`ac_name`,`ac_img`,`ac_content`,`ac_time`,`ac_system`,`ac_ip`) VALUES ('1','游客','/Uploads/comment/1510043767.png','dasd','1510043767','Win 7','127.0.0.1') [ RunTime:0.0037s ]
SQL: SHOW COLUMNS FROM `fh_article` [ RunTime:0.0029s ]
SQL: UPDATE `fh_article` SET `a_num`=a_num+1 WHERE `a_id` = 1 [ RunTime:0.0002s ]

[ 2017-11-07T16:44:49+08:00 ] 127.0.0.1 /Admin/Log/artContent
INFO: [ app_init ] --START--
INFO: Run Behavior\BuildLiteBehavior [ RunTime:0.000009s ]
INFO: [ app_init ] --END-- [ RunTime:0.000297s ]
INFO: [ app_begin ] --START--
INFO: Run Behavior\ReadHtmlCacheBehavior [ RunTime:0.000478s ]
INFO: [ app_begin ] --END-- [ RunTime:0.000519s ]
ERR: 非法操作:artContent

[ 2017-11-07T16:46:41+08:00 ] 127.0.0.1 /Admin/Log/artContent
INFO: [ app_init ] --START--
INFO: Run Behavior\BuildLiteBehavior [ RunTime:0.000009s ]
INFO: [ app_init ] --END-- [ RunTime:0.000334s ]
INFO: [ app_begin ] --START--
INFO: Run Behavior\ReadHtmlCacheBehavior [ RunTime:0.000433s ]
INFO: [ app_begin ] --END-- [ RunTime:0.000474s ]
ERR: 非法操作:artContent

[ 2017-11-07T16:47:56+08:00 ] 127.0.0.1 /Admin/Log/artContent
INFO: [ app_init ] --START--
INFO: Run Behavior\BuildLiteBehavior [ RunTime:0.000009s ]
INFO: [ app_init ] --END-- [ RunTime:0.000348s ]
INFO: [ app_begin ] --START--
INFO: Run Behavior\ReadHtmlCacheBehavior [ RunTime:0.000429s ]
INFO: [ app_begin ] --END-- [ RunTime:0.000468s ]
ERR: 非法操作:artContent

[ 2017-11-07T16:48:38+08:00 ] 127.0.0.1 /Admin/Log/artContent
INFO: [ app_init ] --START--
INFO: Run Behavior\BuildLiteBehavior [ RunTime:0.000011s ]
INFO: [ app_init ] --END-- [ RunTime:0.000353s ]
INFO: [ app_begin ] --START--
INFO: Run Behavior\ReadHtmlCacheBehavior [ RunTime:0.000469s ]
INFO: [ app_begin ] --END-- [ RunTime:0.000511s ]
ERR: 非法操作:artContent

[ 2017-11-07T16:50:13+08:00 ] 127.0.0.1 /Admin/Log/artContent
INFO: [ app_init ] --START--
INFO: Run Behavior\BuildLiteBehavior [ RunTime:0.000009s ]
INFO: [ app_init ] --END-- [ RunTime:0.000285s ]
INFO: [ app_begin ] --START--
INFO: Run Behavior\ReadHtmlCacheBehavior [ RunTime:0.000393s ]
INFO: [ app_begin ] --END-- [ RunTime:0.000432s ]
ERR: 非法操作:artContent

[ 2017-11-07T16:50:56+08:00 ] 127.0.0.1 /Admin/Log/logContent
INFO: [ app_init ] --START--
INFO: Run Behavior\BuildLiteBehavior [ RunTime:0.000009s ]
INFO: [ app_init ] --END-- [ RunTime:0.000395s ]
INFO: [ app_begin ] --START--
INFO: Run Behavior\ReadHtmlCacheBehavior [ RunTime:0.000392s ]
INFO: [ app_begin ] --END-- [ RunTime:0.000431s ]
SQL: SHOW COLUMNS FROM `fh_log_c` [ RunTime:0.0027s ]
NOTIC: [8] Undefined index: validate E:\fish\ThinkPHP\Library\Think\Model.class.php 第 1185 行.
NOTIC: [8] Undefined index: auto E:\fish\ThinkPHP\Library\Think\Model.class.php 第 1128 行.
NOTIC: [8192] Function ereg() is deprecated E:\fish\Application\Common\Common\function.php 第 25 行.
NOTIC: [8192] Function ereg() is deprecated E:\fish\Application\Common\Common\function.php 第 27 行.
NOTIC: [8192] Function ereg() is deprecated E:\fish\Application\Common\Common\function.php 第 29 行.
NOTIC: [8192] Function ereg() is deprecated E:\fish\Application\Common\Common\function.php 第 31 行.
NOTIC: [8192] Function ereg() is deprecated E:\fish\Application\Common\Common\function.php 第 33 行.
NOTIC: [8192] Function ereg() is deprecated E:\fish\Application\Common\Common\function.php 第 35 行.
NOTIC: [8192] Function ereg() is deprecated E:\fish\Application\Common\Common\function.php 第 37 行.
SQL: INSERT INTO `fh_log_c` (`lc_pid`,`lc_name`,`lc_img`,`lc_content`,`lc_time`,`lc_system`,`lc_ip`) VALUES ('1','游客','/Public/Home/img/default.png','dsadsa','1510044655','Android','127.0.0.1') [ RunTime:0.0097s ]

[ 2017-11-07T16:52:33+08:00 ] 127.0.0.1 /Admin/Article/artList
INFO: [ app_init ] --START--
INFO: Run Behavior\BuildLiteBehavior [ RunTime:0.000009s ]
INFO: [ app_init ] --END-- [ RunTime:0.000277s ]
INFO: [ app_begin ] --START--
INFO: Run Behavior\ReadHtmlCacheBehavior [ RunTime:0.000376s ]
INFO: [ app_begin ] --END-- [ RunTime:0.000426s ]
SQL: SHOW COLUMNS FROM `fh_article` [ RunTime:0.0028s ]
SQL: SELECT COUNT(*) AS tp_count FROM `fh_article` WHERE `a_show` = 0 LIMIT 1   [ RunTime:0.0002s ]
SQL: SELECT * FROM `fh_article` ORDER BY a_id desc LIMIT 0,5   [ RunTime:0.0004s ]
INFO: [ view_parse ] --START--
INFO: [ template_filter ] --START--
INFO: Run Behavior\ContentReplaceBehavior [ RunTime:0.000102s ]
INFO: [ template_filter ] --END-- [ RunTime:0.000141s ]
NOTIC: [8] Undefined variable: info E:\fish\Runtime\Cache\Admin\fbc86cfc035c3673480748a2487b8409.php 第 33 行.
NOTIC: [8] Undefined variable: index E:\fish\Runtime\Cache\Admin\fbc86cfc035c3673480748a2487b8409.php 第 57 行.
NOTIC: [8] Undefined variable: art E:\fish\Runtime\Cache\Admin\fbc86cfc035c3673480748a2487b8409.php 第 60 行.
NOTIC: [8] Undefined variable: cat E:\fish\Runtime\Cache\Admin\fbc86cfc035c3673480748a2487b8409.php 第 78 行.
NOTIC: [8] Undefined variable: user E:\fish\Runtime\Cache\Admin\fbc86cfc035c3673480748a2487b8409.php 第 87 行.
NOTIC: [8] Undefined variable: comment E:\fish\Runtime\Cache\Admin\fbc86cfc035c3673480748a2487b8409.php 第 88 行.
NOTIC: [8] Undefined index: c_show E:\fish\Runtime\Cache\Admin\fbc86cfc035c3673480748a2487b8409.php 第 137 行.
NOTIC: [8] Undefined index: c_show E:\fish\Runtime\Cache\Admin\fbc86cfc035c3673480748a2487b8409.php 第 137 行.
NOTIC: [8] Undefined index: c_show E:\fish\Runtime\Cache\Admin\fbc86cfc035c3673480748a2487b8409.php 第 137 行.
NOTIC: [8] Undefined index: c_show E:\fish\Runtime\Cache\Admin\fbc86cfc035c3673480748a2487b8409.php 第 137 行.
INFO: Run Behavior\ParseTemplateBehavior [ RunTime:0.010617s ]
INFO: [ view_parse ] --END-- [ RunTime:0.010659s ]
INFO: [ view_filter ] --START--
INFO: Run Behavior\WriteHtmlCacheBehavior [ RunTime:0.000227s ]
INFO: [ view_filter ] --END-- [ RunTime:0.000262s ]
INFO: [ app_end ] --START--
INFO: Run Behavior\ShowPageTraceBehavior [ RunTime:0.000387s ]
INFO: [ app_end ] --END-- [ RunTime:0.000429s ]

[ 2017-11-07T16:52:57+08:00 ] 127.0.0.1 /index.php/Admin/Article/edit/id/8.html
INFO: [ app_init ] --START--
INFO: Run Behavior\BuildLiteBehavior [ RunTime:0.000009s ]
INFO: [ app_init ] --END-- [ RunTime:0.000274s ]
INFO: [ app_begin ] --START--
INFO: Run Behavior\ReadHtmlCacheBehavior [ RunTime:0.000345s ]
INFO: [ app_begin ] --END-- [ RunTime:0.000385s ]
SQL: SHOW COLUMNS FROM `fh_article` [ RunTime:0.0028s ]
SQL: SELECT * FROM `fh_article` WHERE `a_id` = 8 LIMIT 1   [ RunTime:0.0003s ]
SQL: SHOW COLUMNS FROM `fh_cat` [ RunTime:0.0024s ]
SQL: SELECT * FROM `fh_cat` WHERE `c_show` = 0  [ RunTime:0.0002s ]
INFO: [ view_parse ] --START--
INFO: [ template_filter ] --START--
INFO: Run Behavior\ContentReplaceBehavior [ RunTime:0.000165s ]
INFO: [ template_filter ] --END-- [ RunTime:0.000208s ]
NOTIC: [8] Undefined index: u_name E:\fish\Runtime\Cache\Admin\ed243359e2cf343f39ae323dcb70f771.php 第 33 行.
NOTIC: [8] Undefined variable: index E:\fish\Runtime\Cache\Admin\ed243359e2cf343f39ae323dcb70f771.php 第 57 行.
NOTIC: [8] Undefined variable: artlist E:\fish\Runtime\Cache\Admin\ed243359e2cf343f39ae323dcb70f771.php 第 69 行.
NOTIC: [8] Undefined variable: cat E:\fish\Runtime\Cache\Admin\ed243359e2cf343f39ae323dcb70f771.php 第 78 行.
NOTIC: [8] Undefined variable: user E:\fish\Runtime\Cache\Admin\ed243359e2cf343f39ae323dcb70f771.php 第 87 行.
NOTIC: [8] Undefined variable: comment E:\fish\Runtime\Cache\Admin\ed243359e2cf343f39ae323dcb70f771.php 第 88 行.
INFO: Run Behavior\ParseTemplateBehavior [ RunTime:0.017193s ]
INFO: [ view_parse ] --END-- [ RunTime:0.017234s ]
INFO: [ view_filter ] --START--
INFO: Run Behavior\WriteHtmlCacheBehavior [ RunTime:0.000270s ]
INFO: [ view_filter ] --END-- [ RunTime:0.000307s ]
INFO: [ app_end ] --START--
INFO: Run Behavior\ShowPageTraceBehavior [ RunTime:0.000449s ]
INFO: [ app_end ] --END-- [ RunTime:0.000490s ]

[ 2017-11-07T16:53:12+08:00 ] 127.0.0.1 /Admin/Article/artContentList
INFO: [ app_init ] --START--
INFO: Run Behavior\BuildLiteBehavior [ RunTime:0.000012s ]
INFO: [ app_init ] --END-- [ RunTime:0.000362s ]
INFO: [ app_begin ] --START--
INFO: Run Behavior\ReadHtmlCacheBehavior [ RunTime:0.000464s ]
INFO: [ app_begin ] --END-- [ RunTime:0.000512s ]
SQL: SHOW COLUMNS FROM `fh_article_c` [ RunTime:0.0029s ]
SQL: SELECT * FROM `fh_article_c` ORDER BY ac_id desc  [ RunTime:0.0003s ]
INFO: [ view_parse ] --START--
INFO: [ template_filter ] --START--
INFO: Run Behavior\ContentReplaceBehavior [ RunTime:0.000108s ]
INFO: [ template_filter ] --END-- [ RunTime:0.000155s ]
NOTIC: [8] Undefined variable: info E:\fish\Runtime\Cache\Admin\014e73d6c6861498e5fd2dca01a8769d.php 第 33 行.
NOTIC: [8] Undefined variable: index E:\fish\Runtime\Cache\Admin\014e73d6c6861498e5fd2dca01a8769d.php 第 57 行.
NOTIC: [8] Undefined variable: art E:\fish\Runtime\Cache\Admin\014e73d6c6861498e5fd2dca01a8769d.php 第 60 行.
NOTIC: [8] Undefined variable: artlist E:\fish\Runtime\Cache\Admin\014e73d6c6861498e5fd2dca01a8769d.php 第 69 行.
NOTIC: [8] Undefined variable: cat E:\fish\Runtime\Cache\Admin\014e73d6c6861498e5fd2dca01a8769d.php 第 78 行.
NOTIC: [8] Undefined variable: user E:\fish\Runtime\Cache\Admin\014e73d6c6861498e5fd2dca01a8769d.php 第 87 行.
NOTIC: [8] Undefined variable: num E:\fish\Runtime\Cache\Admin\014e73d6c6861498e5fd2dca01a8769d.php 第 114 行.
INFO: Run Behavior\ParseTemplateBehavior [ RunTime:0.011102s ]
INFO: [ view_parse ] --END-- [ RunTime:0.011144s ]
INFO: [ view_filter ] --START--
INFO: Run Behavior\WriteHtmlCacheBehavior [ RunTime:0.000341s ]
INFO: [ view_filter ] --END-- [ RunTime:0.000376s ]
INFO: [ app_end ] --START--
INFO: Run Behavior\ShowPageTraceBehavior [ RunTime:0.000463s ]
INFO: [ app_end ] --END-- [ RunTime:0.000507s ]

[ 2017-11-07T16:53:16+08:00 ] 127.0.0.1 /index.php/Admin/Article/artContentEdit/id/2.html
INFO: [ app_init ] --START--
INFO: Run Behavior\BuildLiteBehavior [ RunTime:0.000030s ]
INFO: [ app_init ] --END-- [ RunTime:0.000481s ]
INFO: [ app_begin ] --START--
INFO: Run Behavior\ReadHtmlCacheBehavior [ RunTime:0.000553s ]
INFO: [ app_begin ] --END-- [ RunTime:0.000609s ]
SQL: SHOW COLUMNS FROM `fh_article_c` [ RunTime:0.0027s ]
SQL: SELECT * FROM `fh_article_c` WHERE `ac_id` = 2 LIMIT 1   [ RunTime:0.0002s ]
INFO: [ view_parse ] --START--
INFO: [ template_filter ] --START--
INFO: Run Behavior\ContentReplaceBehavior [ RunTime:0.000122s ]
INFO: [ template_filter ] --END-- [ RunTime:0.000162s ]
NOTIC: [8] Undefined index: u_name E:\fish\Runtime\Cache\Admin\cc891dbecb06642962911f61cdca2ec7.php 第 33 行.
NOTIC: [8] Undefined variable: index E:\fish\Runtime\Cache\Admin\cc891dbecb06642962911f61cdca2ec7.php 第 57 行.
NOTIC: [8] Undefined variable: art E:\fish\Runtime\Cache\Admin\cc891dbecb06642962911f61cdca2ec7.php 第 60 行.
NOTIC: [8] Undefined variable: artlist E:\fish\Runtime\Cache\Admin\cc891dbecb06642962911f61cdca2ec7.php 第 69 行.
NOTIC: [8] Undefined variable: cat E:\fish\Runtime\Cache\Admin\cc891dbecb06642962911f61cdca2ec7.php 第 78 行.
NOTIC: [8] Undefined variable: user E:\fish\Runtime\Cache\Admin\cc891dbecb06642962911f61cdca2ec7.php 第 87 行.
INFO: Run Behavior\ParseTemplateBehavior [ RunTime:0.008790s ]
INFO: [ view_parse ] --END-- [ RunTime:0.008829s ]
INFO: [ view_filter ] --START--
INFO: Run Behavior\WriteHtmlCacheBehavior [ RunTime:0.000262s ]
INFO: [ view_filter ] --END-- [ RunTime:0.000296s ]
INFO: [ app_end ] --START--
INFO: Run Behavior\ShowPageTraceBehavior [ RunTime:0.000461s ]
INFO: [ app_end ] --END-- [ RunTime:0.000505s ]

[ 2017-11-07T16:53:35+08:00 ] 127.0.0.1 /Admin/Article/artContentModify
INFO: [ app_init ] --START--
INFO: Run Behavior\BuildLiteBehavior [ RunTime:0.000010s ]
INFO: [ app_init ] --END-- [ RunTime:0.000305s ]
INFO: [ app_begin ] --START--
INFO: Run Behavior\ReadHtmlCacheBehavior [ RunTime:0.000416s ]
INFO: [ app_begin ] --END-- [ RunTime:0.000455s ]
SQL: SHOW COLUMNS FROM `fh_article_c` [ RunTime:0.0028s ]
SQL: UPDATE `fh_article_c` SET `ac_rename`='',`ac_reimg`='/Uploads/comment/1510044814.png',`ac_recontent`='谢谢夸奖，你也可以的[mr:/11]',`ac_retime`='1510044814' WHERE `ac_id` = 2 [ RunTime:0.0117s ]

[ 2017-11-07T16:53:38+08:00 ] 127.0.0.1 /Admin/Article/artContentList
INFO: [ app_init ] --START--
INFO: Run Behavior\BuildLiteBehavior [ RunTime:0.000010s ]
INFO: [ app_init ] --END-- [ RunTime:0.000276s ]
INFO: [ app_begin ] --START--
INFO: Run Behavior\ReadHtmlCacheBehavior [ RunTime:0.000347s ]
INFO: [ app_begin ] --END-- [ RunTime:0.000388s ]
SQL: SHOW COLUMNS FROM `fh_article_c` [ RunTime:0.0028s ]
SQL: SELECT * FROM `fh_article_c` ORDER BY ac_id desc  [ RunTime:0.0002s ]
INFO: [ view_parse ] --START--
INFO: [ template_filter ] --START--
INFO: Run Behavior\ContentReplaceBehavior [ RunTime:0.000106s ]
INFO: [ template_filter ] --END-- [ RunTime:0.000149s ]
NOTIC: [8] Undefined variable: info E:\fish\Runtime\Cache\Admin\014e73d6c6861498e5fd2dca01a8769d.php 第 33 行.
NOTIC: [8] Undefined variable: index E:\fish\Runtime\Cache\Admin\014e73d6c6861498e5fd2dca01a8769d.php 第 57 行.
NOTIC: [8] Undefined variable: art E:\fish\Runtime\Cache\Admin\014e73d6c6861498e5fd2dca01a8769d.php 第 60 行.
NOTIC: [8] Undefined variable: artlist E:\fish\Runtime\Cache\Admin\014e73d6c6861498e5fd2dca01a8769d.php 第 69 行.
NOTIC: [8] Undefined variable: cat E:\fish\Runtime\Cache\Admin\014e73d6c6861498e5fd2dca01a8769d.php 第 78 行.
NOTIC: [8] Undefined variable: user E:\fish\Runtime\Cache\Admin\014e73d6c6861498e5fd2dca01a8769d.php 第 87 行.
NOTIC: [8] Undefined variable: num E:\fish\Runtime\Cache\Admin\014e73d6c6861498e5fd2dca01a8769d.php 第 114 行.
INFO: Run Behavior\ParseTemplateBehavior [ RunTime:0.010836s ]
INFO: [ view_parse ] --END-- [ RunTime:0.010876s ]
INFO: [ view_filter ] --START--
INFO: Run Behavior\WriteHtmlCacheBehavior [ RunTime:0.000274s ]
INFO: [ view_filter ] --END-- [ RunTime:0.000309s ]
INFO: [ app_end ] --START--
INFO: Run Behavior\ShowPageTraceBehavior [ RunTime:0.000433s ]
INFO: [ app_end ] --END-- [ RunTime:0.000479s ]

[ 2017-11-07T17:03:55+08:00 ] 127.0.0.1 /Admin/Article/artContentList
INFO: [ app_init ] --START--
INFO: Run Behavior\BuildLiteBehavior [ RunTime:0.000011s ]
INFO: [ app_init ] --END-- [ RunTime:0.000301s ]
INFO: [ app_begin ] --START--
INFO: Run Behavior\ReadHtmlCacheBehavior [ RunTime:0.000382s ]
INFO: [ app_begin ] --END-- [ RunTime:0.000423s ]
SQL: SHOW COLUMNS FROM `fh_article_c` [ RunTime:0.0029s ]
SQL: SELECT * FROM `fh_article_c` ORDER BY ac_id desc  [ RunTime:0.0002s ]
INFO: [ view_parse ] --START--
INFO: [ template_filter ] --START--
INFO: Run Behavior\ContentReplaceBehavior [ RunTime:0.000105s ]
INFO: [ template_filter ] --END-- [ RunTime:0.000147s ]
NOTIC: [8] Undefined variable: info E:\fish\Runtime\Cache\Admin\014e73d6c6861498e5fd2dca01a8769d.php 第 33 行.
NOTIC: [8] Undefined variable: index E:\fish\Runtime\Cache\Admin\014e73d6c6861498e5fd2dca01a8769d.php 第 57 行.
NOTIC: [8] Undefined variable: art E:\fish\Runtime\Cache\Admin\014e73d6c6861498e5fd2dca01a8769d.php 第 60 行.
NOTIC: [8] Undefined variable: artlist E:\fish\Runtime\Cache\Admin\014e73d6c6861498e5fd2dca01a8769d.php 第 69 行.
NOTIC: [8] Undefined variable: cat E:\fish\Runtime\Cache\Admin\014e73d6c6861498e5fd2dca01a8769d.php 第 78 行.
NOTIC: [8] Undefined variable: user E:\fish\Runtime\Cache\Admin\014e73d6c6861498e5fd2dca01a8769d.php 第 87 行.
NOTIC: [8] Undefined variable: num E:\fish\Runtime\Cache\Admin\014e73d6c6861498e5fd2dca01a8769d.php 第 116 行.
INFO: Run Behavior\ParseTemplateBehavior [ RunTime:0.011101s ]
INFO: [ view_parse ] --END-- [ RunTime:0.011143s ]
INFO: [ view_filter ] --START--
INFO: Run Behavior\WriteHtmlCacheBehavior [ RunTime:0.000363s ]
INFO: [ view_filter ] --END-- [ RunTime:0.000399s ]
INFO: [ app_end ] --START--
INFO: Run Behavior\ShowPageTraceBehavior [ RunTime:0.000567s ]
INFO: [ app_end ] --END-- [ RunTime:0.000623s ]

[ 2017-11-07T17:04:05+08:00 ] 127.0.0.1 /Admin/Article/artContentList
INFO: [ app_init ] --START--
INFO: Run Behavior\BuildLiteBehavior [ RunTime:0.000010s ]
INFO: [ app_init ] --END-- [ RunTime:0.000310s ]
INFO: [ app_begin ] --START--
INFO: Run Behavior\ReadHtmlCacheBehavior [ RunTime:0.000656s ]
INFO: [ app_begin ] --END-- [ RunTime:0.000713s ]
SQL: SHOW COLUMNS FROM `fh_article_c` [ RunTime:0.0027s ]
SQL: SELECT * FROM `fh_article_c` ORDER BY ac_id desc  [ RunTime:0.0002s ]
INFO: [ view_parse ] --START--
INFO: [ template_filter ] --START--
INFO: Run Behavior\ContentReplaceBehavior [ RunTime:0.000103s ]
INFO: [ template_filter ] --END-- [ RunTime:0.000142s ]
NOTIC: [8] Undefined variable: info E:\fish\Runtime\Cache\Admin\014e73d6c6861498e5fd2dca01a8769d.php 第 33 行.
NOTIC: [8] Undefined variable: index E:\fish\Runtime\Cache\Admin\014e73d6c6861498e5fd2dca01a8769d.php 第 57 行.
NOTIC: [8] Undefined variable: art E:\fish\Runtime\Cache\Admin\014e73d6c6861498e5fd2dca01a8769d.php 第 60 行.
NOTIC: [8] Undefined variable: artlist E:\fish\Runtime\Cache\Admin\014e73d6c6861498e5fd2dca01a8769d.php 第 69 行.
NOTIC: [8] Undefined variable: cat E:\fish\Runtime\Cache\Admin\014e73d6c6861498e5fd2dca01a8769d.php 第 78 行.
NOTIC: [8] Undefined variable: user E:\fish\Runtime\Cache\Admin\014e73d6c6861498e5fd2dca01a8769d.php 第 87 行.
NOTIC: [8] Undefined variable: num E:\fish\Runtime\Cache\Admin\014e73d6c6861498e5fd2dca01a8769d.php 第 116 行.
INFO: Run Behavior\ParseTemplateBehavior [ RunTime:0.010384s ]
INFO: [ view_parse ] --END-- [ RunTime:0.010423s ]
INFO: [ view_filter ] --START--
INFO: Run Behavior\WriteHtmlCacheBehavior [ RunTime:0.000224s ]
INFO: [ view_filter ] --END-- [ RunTime:0.000261s ]
INFO: [ app_end ] --START--
INFO: Run Behavior\ShowPageTraceBehavior [ RunTime:0.000394s ]
INFO: [ app_end ] --END-- [ RunTime:0.000437s ]

[ 2017-11-07T17:04:09+08:00 ] 127.0.0.1 /Admin/Article/artContentList
INFO: [ app_init ] --START--
INFO: Run Behavior\BuildLiteBehavior [ RunTime:0.000012s ]
INFO: [ app_init ] --END-- [ RunTime:0.000309s ]
INFO: [ app_begin ] --START--
INFO: Run Behavior\ReadHtmlCacheBehavior [ RunTime:0.000374s ]
INFO: [ app_begin ] --END-- [ RunTime:0.000418s ]
SQL: SHOW COLUMNS FROM `fh_article_c` [ RunTime:0.0027s ]
SQL: SELECT * FROM `fh_article_c` ORDER BY ac_id desc  [ RunTime:0.0002s ]
INFO: [ view_parse ] --START--
INFO: [ template_filter ] --START--
INFO: Run Behavior\ContentReplaceBehavior [ RunTime:0.000102s ]
INFO: [ template_filter ] --END-- [ RunTime:0.000142s ]
NOTIC: [8] Undefined variable: info E:\fish\Runtime\Cache\Admin\014e73d6c6861498e5fd2dca01a8769d.php 第 33 行.
NOTIC: [8] Undefined variable: index E:\fish\Runtime\Cache\Admin\014e73d6c6861498e5fd2dca01a8769d.php 第 57 行.
NOTIC: [8] Undefined variable: art E:\fish\Runtime\Cache\Admin\014e73d6c6861498e5fd2dca01a8769d.php 第 60 行.
NOTIC: [8] Undefined variable: artlist E:\fish\Runtime\Cache\Admin\014e73d6c6861498e5fd2dca01a8769d.php 第 69 行.
NOTIC: [8] Undefined variable: cat E:\fish\Runtime\Cache\Admin\014e73d6c6861498e5fd2dca01a8769d.php 第 78 行.
NOTIC: [8] Undefined variable: user E:\fish\Runtime\Cache\Admin\014e73d6c6861498e5fd2dca01a8769d.php 第 87 行.
NOTIC: [8] Undefined variable: num E:\fish\Runtime\Cache\Admin\014e73d6c6861498e5fd2dca01a8769d.php 第 116 行.
INFO: Run Behavior\ParseTemplateBehavior [ RunTime:0.010299s ]
INFO: [ view_parse ] --END-- [ RunTime:0.010347s ]
INFO: [ view_filter ] --START--
INFO: Run Behavior\WriteHtmlCacheBehavior [ RunTime:0.000314s ]
INFO: [ view_filter ] --END-- [ RunTime:0.000352s ]
INFO: [ app_end ] --START--
INFO: Run Behavior\ShowPageTraceBehavior [ RunTime:0.000392s ]
INFO: [ app_end ] --END-- [ RunTime:0.000435s ]

[ 2017-11-07T17:04:12+08:00 ] 127.0.0.1 /Admin/Article/artContentList
INFO: [ app_init ] --START--
INFO: Run Behavior\BuildLiteBehavior [ RunTime:0.000010s ]
INFO: [ app_init ] --END-- [ RunTime:0.000321s ]
INFO: [ app_begin ] --START--
INFO: Run Behavior\ReadHtmlCacheBehavior [ RunTime:0.000411s ]
INFO: [ app_begin ] --END-- [ RunTime:0.000461s ]
SQL: SHOW COLUMNS FROM `fh_article_c` [ RunTime:0.0031s ]
SQL: SELECT * FROM `fh_article_c` ORDER BY ac_id desc  [ RunTime:0.0002s ]
INFO: [ view_parse ] --START--
INFO: [ template_filter ] --START--
INFO: Run Behavior\ContentReplaceBehavior [ RunTime:0.000104s ]
INFO: [ template_filter ] --END-- [ RunTime:0.000144s ]
NOTIC: [8] Undefined variable: info E:\fish\Runtime\Cache\Admin\014e73d6c6861498e5fd2dca01a8769d.php 第 33 行.
NOTIC: [8] Undefined variable: index E:\fish\Runtime\Cache\Admin\014e73d6c6861498e5fd2dca01a8769d.php 第 57 行.
NOTIC: [8] Undefined variable: art E:\fish\Runtime\Cache\Admin\014e73d6c6861498e5fd2dca01a8769d.php 第 60 行.
NOTIC: [8] Undefined variable: artlist E:\fish\Runtime\Cache\Admin\014e73d6c6861498e5fd2dca01a8769d.php 第 69 行.
NOTIC: [8] Undefined variable: cat E:\fish\Runtime\Cache\Admin\014e73d6c6861498e5fd2dca01a8769d.php 第 78 行.
NOTIC: [8] Undefined variable: user E:\fish\Runtime\Cache\Admin\014e73d6c6861498e5fd2dca01a8769d.php 第 87 行.
NOTIC: [8] Undefined variable: num E:\fish\Runtime\Cache\Admin\014e73d6c6861498e5fd2dca01a8769d.php 第 116 行.
INFO: Run Behavior\ParseTemplateBehavior [ RunTime:0.010411s ]
INFO: [ view_parse ] --END-- [ RunTime:0.010460s ]
INFO: [ view_filter ] --START--
INFO: Run Behavior\WriteHtmlCacheBehavior [ RunTime:0.000309s ]
INFO: [ view_filter ] --END-- [ RunTime:0.000348s ]
INFO: [ app_end ] --START--
INFO: Run Behavior\ShowPageTraceBehavior [ RunTime:0.000393s ]
INFO: [ app_end ] --END-- [ RunTime:0.000435s ]

[ 2017-11-07T17:04:19+08:00 ] 127.0.0.1 /Admin/Say/sayContentList
INFO: [ app_init ] --START--
INFO: Run Behavior\BuildLiteBehavior [ RunTime:0.000012s ]
INFO: [ app_init ] --END-- [ RunTime:0.000353s ]
INFO: [ app_begin ] --START--
INFO: Run Behavior\ReadHtmlCacheBehavior [ RunTime:0.000421s ]
INFO: [ app_begin ] --END-- [ RunTime:0.000464s ]
SQL: SHOW COLUMNS FROM `fh_say_c` [ RunTime:0.0028s ]
SQL: SELECT COUNT(*) AS tp_count FROM `fh_say_c` LIMIT 1   [ RunTime:0.0002s ]
SQL: SELECT * FROM `fh_say_c` ORDER BY sc_id desc LIMIT 0,5   [ RunTime:0.0002s ]
INFO: [ view_parse ] --START--
INFO: [ template_filter ] --START--
INFO: Run Behavior\ContentReplaceBehavior [ RunTime:0.000109s ]
INFO: [ template_filter ] --END-- [ RunTime:0.000153s ]
NOTIC: [8] Undefined variable: info E:\fish\Runtime\Cache\Admin\503517b5762dddab8f463c8c65d54ec2.php 第 33 行.
NOTIC: [8] Undefined variable: index E:\fish\Runtime\Cache\Admin\503517b5762dddab8f463c8c65d54ec2.php 第 57 行.
NOTIC: [8] Undefined variable: art E:\fish\Runtime\Cache\Admin\503517b5762dddab8f463c8c65d54ec2.php 第 60 行.
NOTIC: [8] Undefined variable: artlist E:\fish\Runtime\Cache\Admin\503517b5762dddab8f463c8c65d54ec2.php 第 69 行.
NOTIC: [8] Undefined variable: cat E:\fish\Runtime\Cache\Admin\503517b5762dddab8f463c8c65d54ec2.php 第 78 行.
NOTIC: [8] Undefined variable: user E:\fish\Runtime\Cache\Admin\503517b5762dddab8f463c8c65d54ec2.php 第 87 行.
INFO: Run Behavior\ParseTemplateBehavior [ RunTime:0.019186s ]
INFO: [ view_parse ] --END-- [ RunTime:0.019235s ]
INFO: [ view_filter ] --START--
INFO: Run Behavior\WriteHtmlCacheBehavior [ RunTime:0.000269s ]
INFO: [ view_filter ] --END-- [ RunTime:0.000304s ]
INFO: [ app_end ] --START--
INFO: Run Behavior\ShowPageTraceBehavior [ RunTime:0.000427s ]
INFO: [ app_end ] --END-- [ RunTime:0.000470s ]

[ 2017-11-07T17:04:23+08:00 ] 127.0.0.1 /Admin/Article/artContentList
INFO: [ app_init ] --START--
INFO: Run Behavior\BuildLiteBehavior [ RunTime:0.000010s ]
INFO: [ app_init ] --END-- [ RunTime:0.000337s ]
INFO: [ app_begin ] --START--
INFO: Run Behavior\ReadHtmlCacheBehavior [ RunTime:0.000401s ]
INFO: [ app_begin ] --END-- [ RunTime:0.000445s ]
SQL: SHOW COLUMNS FROM `fh_article_c` [ RunTime:0.0027s ]
SQL: SELECT * FROM `fh_article_c` ORDER BY ac_id desc  [ RunTime:0.0002s ]
INFO: [ view_parse ] --START--
INFO: [ template_filter ] --START--
INFO: Run Behavior\ContentReplaceBehavior [ RunTime:0.000104s ]
INFO: [ template_filter ] --END-- [ RunTime:0.000143s ]
NOTIC: [8] Undefined variable: info E:\fish\Runtime\Cache\Admin\014e73d6c6861498e5fd2dca01a8769d.php 第 33 行.
NOTIC: [8] Undefined variable: index E:\fish\Runtime\Cache\Admin\014e73d6c6861498e5fd2dca01a8769d.php 第 57 行.
NOTIC: [8] Undefined variable: art E:\fish\Runtime\Cache\Admin\014e73d6c6861498e5fd2dca01a8769d.php 第 60 行.
NOTIC: [8] Undefined variable: artlist E:\fish\Runtime\Cache\Admin\014e73d6c6861498e5fd2dca01a8769d.php 第 69 行.
NOTIC: [8] Undefined variable: cat E:\fish\Runtime\Cache\Admin\014e73d6c6861498e5fd2dca01a8769d.php 第 78 行.
NOTIC: [8] Undefined variable: user E:\fish\Runtime\Cache\Admin\014e73d6c6861498e5fd2dca01a8769d.php 第 87 行.
NOTIC: [8] Undefined variable: num E:\fish\Runtime\Cache\Admin\014e73d6c6861498e5fd2dca01a8769d.php 第 116 行.
INFO: Run Behavior\ParseTemplateBehavior [ RunTime:0.010510s ]
INFO: [ view_parse ] --END-- [ RunTime:0.010569s ]
INFO: [ view_filter ] --START--
INFO: Run Behavior\WriteHtmlCacheBehavior [ RunTime:0.000248s ]
INFO: [ view_filter ] --END-- [ RunTime:0.000284s ]
INFO: [ app_end ] --START--
INFO: Run Behavior\ShowPageTraceBehavior [ RunTime:0.000392s ]
INFO: [ app_end ] --END-- [ RunTime:0.000435s ]

[ 2017-11-07T17:04:52+08:00 ] 127.0.0.1 /Admin/Article/artContentList
INFO: [ app_init ] --START--
INFO: Run Behavior\BuildLiteBehavior [ RunTime:0.000009s ]
INFO: [ app_init ] --END-- [ RunTime:0.000301s ]
INFO: [ app_begin ] --START--
INFO: Run Behavior\ReadHtmlCacheBehavior [ RunTime:0.000348s ]
INFO: [ app_begin ] --END-- [ RunTime:0.000390s ]
SQL: SHOW COLUMNS FROM `fh_article_c` [ RunTime:0.0028s ]
SQL: SELECT * FROM `fh_article_c` ORDER BY ac_id desc  [ RunTime:0.0002s ]
INFO: [ view_parse ] --START--
INFO: [ template_filter ] --START--
INFO: Run Behavior\ContentReplaceBehavior [ RunTime:0.000106s ]
INFO: [ template_filter ] --END-- [ RunTime:0.000148s ]
NOTIC: [8] Undefined variable: info E:\fish\Runtime\Cache\Admin\014e73d6c6861498e5fd2dca01a8769d.php 第 33 行.
NOTIC: [8] Undefined variable: index E:\fish\Runtime\Cache\Admin\014e73d6c6861498e5fd2dca01a8769d.php 第 57 行.
NOTIC: [8] Undefined variable: art E:\fish\Runtime\Cache\Admin\014e73d6c6861498e5fd2dca01a8769d.php 第 60 行.
NOTIC: [8] Undefined variable: artlist E:\fish\Runtime\Cache\Admin\014e73d6c6861498e5fd2dca01a8769d.php 第 69 行.
NOTIC: [8] Undefined variable: cat E:\fish\Runtime\Cache\Admin\014e73d6c6861498e5fd2dca01a8769d.php 第 78 行.
NOTIC: [8] Undefined variable: user E:\fish\Runtime\Cache\Admin\014e73d6c6861498e5fd2dca01a8769d.php 第 87 行.
NOTIC: [8] Undefined variable: num E:\fish\Runtime\Cache\Admin\014e73d6c6861498e5fd2dca01a8769d.php 第 116 行.
INFO: Run Behavior\ParseTemplateBehavior [ RunTime:0.010452s ]
INFO: [ view_parse ] --END-- [ RunTime:0.010495s ]
INFO: [ view_filter ] --START--
INFO: Run Behavior\WriteHtmlCacheBehavior [ RunTime:0.000206s ]
INFO: [ view_filter ] --END-- [ RunTime:0.000239s ]
INFO: [ app_end ] --START--
INFO: Run Behavior\ShowPageTraceBehavior [ RunTime:0.000355s ]
INFO: [ app_end ] --END-- [ RunTime:0.000395s ]

[ 2017-11-07T17:05:44+08:00 ] 127.0.0.1 /Admin/Article/artContentList
INFO: [ app_init ] --START--
INFO: Run Behavior\BuildLiteBehavior [ RunTime:0.000011s ]
INFO: [ app_init ] --END-- [ RunTime:0.000299s ]
INFO: [ app_begin ] --START--
INFO: Run Behavior\ReadHtmlCacheBehavior [ RunTime:0.000410s ]
INFO: [ app_begin ] --END-- [ RunTime:0.000452s ]
SQL: SHOW COLUMNS FROM `fh_article_c` [ RunTime:0.0032s ]
SQL: SELECT * FROM `fh_article_c` ORDER BY ac_id desc  [ RunTime:0.0002s ]
INFO: [ view_parse ] --START--
INFO: [ template_filter ] --START--
INFO: Run Behavior\ContentReplaceBehavior [ RunTime:0.000107s ]
INFO: [ template_filter ] --END-- [ RunTime:0.000152s ]
NOTIC: [8] Undefined variable: info E:\fish\Runtime\Cache\Admin\014e73d6c6861498e5fd2dca01a8769d.php 第 33 行.
NOTIC: [8] Undefined variable: index E:\fish\Runtime\Cache\Admin\014e73d6c6861498e5fd2dca01a8769d.php 第 57 行.
NOTIC: [8] Undefined variable: art E:\fish\Runtime\Cache\Admin\014e73d6c6861498e5fd2dca01a8769d.php 第 60 行.
NOTIC: [8] Undefined variable: artlist E:\fish\Runtime\Cache\Admin\014e73d6c6861498e5fd2dca01a8769d.php 第 69 行.
NOTIC: [8] Undefined variable: cat E:\fish\Runtime\Cache\Admin\014e73d6c6861498e5fd2dca01a8769d.php 第 78 行.
NOTIC: [8] Undefined variable: user E:\fish\Runtime\Cache\Admin\014e73d6c6861498e5fd2dca01a8769d.php 第 87 行.
NOTIC: [8] Undefined variable: num E:\fish\Runtime\Cache\Admin\014e73d6c6861498e5fd2dca01a8769d.php 第 116 行.
INFO: Run Behavior\ParseTemplateBehavior [ RunTime:0.010903s ]
INFO: [ view_parse ] --END-- [ RunTime:0.010943s ]
INFO: [ view_filter ] --START--
INFO: Run Behavior\WriteHtmlCacheBehavior [ RunTime:0.000355s ]
INFO: [ view_filter ] --END-- [ RunTime:0.000391s ]
INFO: [ app_end ] --START--
INFO: Run Behavior\ShowPageTraceBehavior [ RunTime:0.000522s ]
INFO: [ app_end ] --END-- [ RunTime:0.000564s ]

[ 2017-11-07T17:05:45+08:00 ] 127.0.0.1 /Admin/Log/logContentList
INFO: [ app_init ] --START--
INFO: Run Behavior\BuildLiteBehavior [ RunTime:0.000009s ]
INFO: [ app_init ] --END-- [ RunTime:0.000315s ]
INFO: [ app_begin ] --START--
INFO: Run Behavior\ReadHtmlCacheBehavior [ RunTime:0.000480s ]
INFO: [ app_begin ] --END-- [ RunTime:0.000524s ]
INFO: [ view_parse ] --START--
INFO: [ template_filter ] --START--
INFO: Run Behavior\ContentReplaceBehavior [ RunTime:0.000108s ]
INFO: [ template_filter ] --END-- [ RunTime:0.000152s ]
NOTIC: [8] Undefined variable: info E:\fish\Runtime\Cache\Admin\917cc26d860a7b09c64d1b480c5504d1.php 第 33 行.
NOTIC: [8] Undefined variable: index E:\fish\Runtime\Cache\Admin\917cc26d860a7b09c64d1b480c5504d1.php 第 57 行.
NOTIC: [8] Undefined variable: art E:\fish\Runtime\Cache\Admin\917cc26d860a7b09c64d1b480c5504d1.php 第 60 行.
NOTIC: [8] Undefined variable: artlist E:\fish\Runtime\Cache\Admin\917cc26d860a7b09c64d1b480c5504d1.php 第 69 行.
NOTIC: [8] Undefined variable: cat E:\fish\Runtime\Cache\Admin\917cc26d860a7b09c64d1b480c5504d1.php 第 78 行.
NOTIC: [8] Undefined variable: user E:\fish\Runtime\Cache\Admin\917cc26d860a7b09c64d1b480c5504d1.php 第 87 行.
NOTIC: [8] Undefined variable: comment E:\fish\Runtime\Cache\Admin\917cc26d860a7b09c64d1b480c5504d1.php 第 88 行.
NOTIC: [8] Undefined variable: num E:\fish\Runtime\Cache\Admin\917cc26d860a7b09c64d1b480c5504d1.php 第 116 行.
NOTIC: [8] Undefined variable: list E:\fish\Runtime\Cache\Admin\917cc26d860a7b09c64d1b480c5504d1.php 第 130 行.
INFO: Run Behavior\ParseTemplateBehavior [ RunTime:0.008491s ]
INFO: [ view_parse ] --END-- [ RunTime:0.008529s ]
INFO: [ view_filter ] --START--
INFO: Run Behavior\WriteHtmlCacheBehavior [ RunTime:0.000368s ]
INFO: [ view_filter ] --END-- [ RunTime:0.000403s ]
INFO: [ app_end ] --START--
INFO: Run Behavior\ShowPageTraceBehavior [ RunTime:0.000507s ]
INFO: [ app_end ] --END-- [ RunTime:0.000549s ]

[ 2017-11-07T17:07:16+08:00 ] 127.0.0.1 /Admin/Log/logContentList
INFO: [ app_init ] --START--
INFO: Run Behavior\BuildLiteBehavior [ RunTime:0.000011s ]
INFO: [ app_init ] --END-- [ RunTime:0.000409s ]
INFO: [ app_begin ] --START--
INFO: Run Behavior\ReadHtmlCacheBehavior [ RunTime:0.000425s ]
INFO: [ app_begin ] --END-- [ RunTime:0.000467s ]
INFO: [ view_parse ] --START--
INFO: [ template_filter ] --START--
INFO: Run Behavior\ContentReplaceBehavior [ RunTime:0.000146s ]
INFO: [ template_filter ] --END-- [ RunTime:0.000203s ]
NOTIC: [8] Undefined variable: info E:\fish\Runtime\Cache\Admin\917cc26d860a7b09c64d1b480c5504d1.php 第 33 行.
NOTIC: [8] Undefined variable: index E:\fish\Runtime\Cache\Admin\917cc26d860a7b09c64d1b480c5504d1.php 第 57 行.
NOTIC: [8] Undefined variable: art E:\fish\Runtime\Cache\Admin\917cc26d860a7b09c64d1b480c5504d1.php 第 60 行.
NOTIC: [8] Undefined variable: artlist E:\fish\Runtime\Cache\Admin\917cc26d860a7b09c64d1b480c5504d1.php 第 69 行.
NOTIC: [8] Undefined variable: cat E:\fish\Runtime\Cache\Admin\917cc26d860a7b09c64d1b480c5504d1.php 第 78 行.
NOTIC: [8] Undefined variable: user E:\fish\Runtime\Cache\Admin\917cc26d860a7b09c64d1b480c5504d1.php 第 87 行.
NOTIC: [8] Undefined variable: num E:\fish\Runtime\Cache\Admin\917cc26d860a7b09c64d1b480c5504d1.php 第 116 行.
NOTIC: [8] Undefined variable: list E:\fish\Runtime\Cache\Admin\917cc26d860a7b09c64d1b480c5504d1.php 第 130 行.
INFO: Run Behavior\ParseTemplateBehavior [ RunTime:0.008628s ]
INFO: [ view_parse ] --END-- [ RunTime:0.008667s ]
INFO: [ view_filter ] --START--
INFO: Run Behavior\WriteHtmlCacheBehavior [ RunTime:0.000318s ]
INFO: [ view_filter ] --END-- [ RunTime:0.000354s ]
INFO: [ app_end ] --START--
INFO: Run Behavior\ShowPageTraceBehavior [ RunTime:0.000477s ]
INFO: [ app_end ] --END-- [ RunTime:0.000520s ]

[ 2017-11-07T17:07:37+08:00 ] 127.0.0.1 /Admin/Article/artContentList
INFO: [ app_init ] --START--
INFO: Run Behavior\BuildLiteBehavior [ RunTime:0.000010s ]
INFO: [ app_init ] --END-- [ RunTime:0.000299s ]
INFO: [ app_begin ] --START--
INFO: Run Behavior\ReadHtmlCacheBehavior [ RunTime:0.000381s ]
INFO: [ app_begin ] --END-- [ RunTime:0.000428s ]
SQL: SHOW COLUMNS FROM `fh_article_c` [ RunTime:0.0028s ]
SQL: SELECT * FROM `fh_article_c` ORDER BY ac_id desc  [ RunTime:0.0002s ]
INFO: [ view_parse ] --START--
INFO: [ template_filter ] --START--
INFO: Run Behavior\ContentReplaceBehavior [ RunTime:0.000105s ]
INFO: [ template_filter ] --END-- [ RunTime:0.000148s ]
NOTIC: [8] Undefined variable: info E:\fish\Runtime\Cache\Admin\014e73d6c6861498e5fd2dca01a8769d.php 第 33 行.
NOTIC: [8] Undefined variable: index E:\fish\Runtime\Cache\Admin\014e73d6c6861498e5fd2dca01a8769d.php 第 57 行.
NOTIC: [8] Undefined variable: art E:\fish\Runtime\Cache\Admin\014e73d6c6861498e5fd2dca01a8769d.php 第 60 行.
NOTIC: [8] Undefined variable: artlist E:\fish\Runtime\Cache\Admin\014e73d6c6861498e5fd2dca01a8769d.php 第 69 行.
NOTIC: [8] Undefined variable: cat E:\fish\Runtime\Cache\Admin\014e73d6c6861498e5fd2dca01a8769d.php 第 78 行.
NOTIC: [8] Undefined variable: user E:\fish\Runtime\Cache\Admin\014e73d6c6861498e5fd2dca01a8769d.php 第 87 行.
NOTIC: [8] Undefined variable: num E:\fish\Runtime\Cache\Admin\014e73d6c6861498e5fd2dca01a8769d.php 第 116 行.
INFO: Run Behavior\ParseTemplateBehavior [ RunTime:0.010632s ]
INFO: [ view_parse ] --END-- [ RunTime:0.010672s ]
INFO: [ view_filter ] --START--
INFO: Run Behavior\WriteHtmlCacheBehavior [ RunTime:0.000298s ]
INFO: [ view_filter ] --END-- [ RunTime:0.000334s ]
INFO: [ app_end ] --START--
INFO: Run Behavior\ShowPageTraceBehavior [ RunTime:0.000459s ]
INFO: [ app_end ] --END-- [ RunTime:0.000501s ]

[ 2017-11-07T17:11:45+08:00 ] 127.0.0.1 /Admin/Article/artContentList
INFO: [ app_init ] --START--
INFO: Run Behavior\BuildLiteBehavior [ RunTime:0.000011s ]
INFO: [ app_init ] --END-- [ RunTime:0.000327s ]
INFO: [ app_begin ] --START--
INFO: Run Behavior\ReadHtmlCacheBehavior [ RunTime:0.000444s ]
INFO: [ app_begin ] --END-- [ RunTime:0.000489s ]
SQL: SHOW COLUMNS FROM `fh_article_c` [ RunTime:0.0028s ]
SQL: SELECT * FROM `fh_article_c` ORDER BY ac_id desc  [ RunTime:0.0002s ]
INFO: [ view_parse ] --START--
INFO: [ template_filter ] --START--
INFO: Run Behavior\ContentReplaceBehavior [ RunTime:0.000122s ]
INFO: [ template_filter ] --END-- [ RunTime:0.000167s ]
NOTIC: [8] Undefined variable: info E:\fish\Runtime\Cache\Admin\014e73d6c6861498e5fd2dca01a8769d.php 第 33 行.
NOTIC: [8] Undefined variable: index E:\fish\Runtime\Cache\Admin\014e73d6c6861498e5fd2dca01a8769d.php 第 57 行.
NOTIC: [8] Undefined variable: art E:\fish\Runtime\Cache\Admin\014e73d6c6861498e5fd2dca01a8769d.php 第 60 行.
NOTIC: [8] Undefined variable: artlist E:\fish\Runtime\Cache\Admin\014e73d6c6861498e5fd2dca01a8769d.php 第 69 行.
NOTIC: [8] Undefined variable: cat E:\fish\Runtime\Cache\Admin\014e73d6c6861498e5fd2dca01a8769d.php 第 78 行.
NOTIC: [8] Undefined variable: user E:\fish\Runtime\Cache\Admin\014e73d6c6861498e5fd2dca01a8769d.php 第 87 行.
NOTIC: [8] Undefined variable: num E:\fish\Runtime\Cache\Admin\014e73d6c6861498e5fd2dca01a8769d.php 第 116 行.
INFO: Run Behavior\ParseTemplateBehavior [ RunTime:0.010780s ]
INFO: [ view_parse ] --END-- [ RunTime:0.010820s ]
INFO: [ view_filter ] --START--
INFO: Run Behavior\WriteHtmlCacheBehavior [ RunTime:0.000359s ]
INFO: [ view_filter ] --END-- [ RunTime:0.000395s ]
INFO: [ app_end ] --START--
INFO: Run Behavior\ShowPageTraceBehavior [ RunTime:0.000479s ]
INFO: [ app_end ] --END-- [ RunTime:0.000520s ]

[ 2017-11-07T17:11:48+08:00 ] 127.0.0.1 /Admin/Log/logContentList
INFO: [ app_init ] --START--
INFO: Run Behavior\BuildLiteBehavior [ RunTime:0.000010s ]
INFO: [ app_init ] --END-- [ RunTime:0.000274s ]
INFO: [ app_begin ] --START--
INFO: Run Behavior\ReadHtmlCacheBehavior [ RunTime:0.000405s ]
INFO: [ app_begin ] --END-- [ RunTime:0.000445s ]
SQL: SHOW COLUMNS FROM `fh_log_c` [ RunTime:0.0028s ]
SQL: SELECT * FROM `fh_log_c` ORDER BY lc_id desc  [ RunTime:0.0001s ]
INFO: [ view_parse ] --START--
INFO: [ template_filter ] --START--
INFO: Run Behavior\ContentReplaceBehavior [ RunTime:0.000110s ]
INFO: [ template_filter ] --END-- [ RunTime:0.000149s ]
NOTIC: [8] Undefined variable: info E:\fish\Runtime\Cache\Admin\917cc26d860a7b09c64d1b480c5504d1.php 第 33 行.
NOTIC: [8] Undefined variable: index E:\fish\Runtime\Cache\Admin\917cc26d860a7b09c64d1b480c5504d1.php 第 57 行.
NOTIC: [8] Undefined variable: art E:\fish\Runtime\Cache\Admin\917cc26d860a7b09c64d1b480c5504d1.php 第 60 行.
NOTIC: [8] Undefined variable: artlist E:\fish\Runtime\Cache\Admin\917cc26d860a7b09c64d1b480c5504d1.php 第 69 行.
NOTIC: [8] Undefined variable: cat E:\fish\Runtime\Cache\Admin\917cc26d860a7b09c64d1b480c5504d1.php 第 78 行.
NOTIC: [8] Undefined variable: user E:\fish\Runtime\Cache\Admin\917cc26d860a7b09c64d1b480c5504d1.php 第 87 行.
NOTIC: [8] Undefined variable: num E:\fish\Runtime\Cache\Admin\917cc26d860a7b09c64d1b480c5504d1.php 第 116 行.
NOTIC: [8] Undefined index: sc_id E:\fish\Runtime\Cache\Admin\917cc26d860a7b09c64d1b480c5504d1.php 第 139 行.
NOTIC: [8] Undefined index: sc_id E:\fish\Runtime\Cache\Admin\917cc26d860a7b09c64d1b480c5504d1.php 第 141 行.
INFO: Run Behavior\ParseTemplateBehavior [ RunTime:0.009148s ]
INFO: [ view_parse ] --END-- [ RunTime:0.009188s ]
INFO: [ view_filter ] --START--
INFO: Run Behavior\WriteHtmlCacheBehavior [ RunTime:0.000343s ]
INFO: [ view_filter ] --END-- [ RunTime:0.000381s ]
INFO: [ app_end ] --START--
INFO: Run Behavior\ShowPageTraceBehavior [ RunTime:0.000460s ]
INFO: [ app_end ] --END-- [ RunTime:0.000504s ]

[ 2017-11-07T17:12:03+08:00 ] 127.0.0.1 /Admin/Log/logContentList
INFO: [ app_init ] --START--
INFO: Run Behavior\BuildLiteBehavior [ RunTime:0.000020s ]
INFO: [ app_init ] --END-- [ RunTime:0.000355s ]
INFO: [ app_begin ] --START--
INFO: Run Behavior\ReadHtmlCacheBehavior [ RunTime:0.000377s ]
INFO: [ app_begin ] --END-- [ RunTime:0.000419s ]
SQL: SHOW COLUMNS FROM `fh_log_c` [ RunTime:0.0028s ]
SQL: SELECT * FROM `fh_log_c` ORDER BY lc_id desc  [ RunTime:0.0002s ]
INFO: [ view_parse ] --START--
INFO: [ template_filter ] --START--
INFO: Run Behavior\ContentReplaceBehavior [ RunTime:0.000108s ]
INFO: [ template_filter ] --END-- [ RunTime:0.000147s ]
NOTIC: [8] Undefined variable: info E:\fish\Runtime\Cache\Admin\917cc26d860a7b09c64d1b480c5504d1.php 第 33 行.
NOTIC: [8] Undefined variable: index E:\fish\Runtime\Cache\Admin\917cc26d860a7b09c64d1b480c5504d1.php 第 57 行.
NOTIC: [8] Undefined variable: art E:\fish\Runtime\Cache\Admin\917cc26d860a7b09c64d1b480c5504d1.php 第 60 行.
NOTIC: [8] Undefined variable: artlist E:\fish\Runtime\Cache\Admin\917cc26d860a7b09c64d1b480c5504d1.php 第 69 行.
NOTIC: [8] Undefined variable: cat E:\fish\Runtime\Cache\Admin\917cc26d860a7b09c64d1b480c5504d1.php 第 78 行.
NOTIC: [8] Undefined variable: user E:\fish\Runtime\Cache\Admin\917cc26d860a7b09c64d1b480c5504d1.php 第 87 行.
NOTIC: [8] Undefined variable: num E:\fish\Runtime\Cache\Admin\917cc26d860a7b09c64d1b480c5504d1.php 第 116 行.
NOTIC: [8] Undefined index: sc_id E:\fish\Runtime\Cache\Admin\917cc26d860a7b09c64d1b480c5504d1.php 第 139 行.
NOTIC: [8] Undefined index: sc_id E:\fish\Runtime\Cache\Admin\917cc26d860a7b09c64d1b480c5504d1.php 第 141 行.
INFO: Run Behavior\ParseTemplateBehavior [ RunTime:0.008943s ]
INFO: [ view_parse ] --END-- [ RunTime:0.008983s ]
INFO: [ view_filter ] --START--
INFO: Run Behavior\WriteHtmlCacheBehavior [ RunTime:0.000292s ]
INFO: [ view_filter ] --END-- [ RunTime:0.000329s ]
INFO: [ app_end ] --START--
INFO: Run Behavior\ShowPageTraceBehavior [ RunTime:0.000458s ]
INFO: [ app_end ] --END-- [ RunTime:0.000500s ]

[ 2017-11-07T17:14:58+08:00 ] 127.0.0.1 /Admin/Log/logContentList
INFO: [ app_init ] --START--
INFO: Run Behavior\BuildLiteBehavior [ RunTime:0.000010s ]
INFO: [ app_init ] --END-- [ RunTime:0.000384s ]
INFO: [ app_begin ] --START--
INFO: Run Behavior\ReadHtmlCacheBehavior [ RunTime:0.000469s ]
INFO: [ app_begin ] --END-- [ RunTime:0.000512s ]
SQL: SHOW COLUMNS FROM `fh_log_c` [ RunTime:0.0028s ]
SQL: SELECT * FROM `fh_log_c` ORDER BY lc_id desc  [ RunTime:0.0002s ]
INFO: [ view_parse ] --START--
INFO: [ template_filter ] --START--
INFO: Run Behavior\ContentReplaceBehavior [ RunTime:0.000159s ]
INFO: [ template_filter ] --END-- [ RunTime:0.000199s ]
NOTIC: [8] Undefined variable: info E:\fish\Runtime\Cache\Admin\917cc26d860a7b09c64d1b480c5504d1.php 第 33 行.
NOTIC: [8] Undefined variable: index E:\fish\Runtime\Cache\Admin\917cc26d860a7b09c64d1b480c5504d1.php 第 57 行.
NOTIC: [8] Undefined variable: art E:\fish\Runtime\Cache\Admin\917cc26d860a7b09c64d1b480c5504d1.php 第 60 行.
NOTIC: [8] Undefined variable: artlist E:\fish\Runtime\Cache\Admin\917cc26d860a7b09c64d1b480c5504d1.php 第 69 行.
NOTIC: [8] Undefined variable: cat E:\fish\Runtime\Cache\Admin\917cc26d860a7b09c64d1b480c5504d1.php 第 78 行.
NOTIC: [8] Undefined variable: user E:\fish\Runtime\Cache\Admin\917cc26d860a7b09c64d1b480c5504d1.php 第 87 行.
NOTIC: [8] Undefined variable: num E:\fish\Runtime\Cache\Admin\917cc26d860a7b09c64d1b480c5504d1.php 第 116 行.
NOTIC: [8] Undefined index: sc_id E:\fish\Runtime\Cache\Admin\917cc26d860a7b09c64d1b480c5504d1.php 第 141 行.
INFO: Run Behavior\ParseTemplateBehavior [ RunTime:0.009324s ]
INFO: [ view_parse ] --END-- [ RunTime:0.009366s ]
INFO: [ view_filter ] --START--
INFO: Run Behavior\WriteHtmlCacheBehavior [ RunTime:0.000250s ]
INFO: [ view_filter ] --END-- [ RunTime:0.000284s ]
INFO: [ app_end ] --START--
INFO: Run Behavior\ShowPageTraceBehavior [ RunTime:0.000429s ]
INFO: [ app_end ] --END-- [ RunTime:0.000473s ]

[ 2017-11-07T17:14:59+08:00 ] 127.0.0.1 /index.php/Admin/Log/logContentEdit/id/1.html
INFO: [ app_init ] --START--
INFO: Run Behavior\BuildLiteBehavior [ RunTime:0.000011s ]
INFO: [ app_init ] --END-- [ RunTime:0.000314s ]
INFO: [ app_begin ] --START--
INFO: Run Behavior\ReadHtmlCacheBehavior [ RunTime:0.000387s ]
INFO: [ app_begin ] --END-- [ RunTime:0.000431s ]
SQL: SHOW COLUMNS FROM `fh_log_c` [ RunTime:0.0028s ]
SQL: SELECT * FROM `fh_log_c` WHERE `lc_id` = 1 LIMIT 1   [ RunTime:0.0003s ]
INFO: [ view_parse ] --START--
INFO: [ template_filter ] --START--
INFO: Run Behavior\ContentReplaceBehavior [ RunTime:0.000125s ]
INFO: [ template_filter ] --END-- [ RunTime:0.000165s ]
NOTIC: [8] Undefined index: u_name E:\fish\Runtime\Cache\Admin\85d7d1a40d6914bc2d7572aad3fbfd31.php 第 33 行.
NOTIC: [8] Undefined variable: index E:\fish\Runtime\Cache\Admin\85d7d1a40d6914bc2d7572aad3fbfd31.php 第 57 行.
NOTIC: [8] Undefined variable: art E:\fish\Runtime\Cache\Admin\85d7d1a40d6914bc2d7572aad3fbfd31.php 第 60 行.
NOTIC: [8] Undefined variable: artlist E:\fish\Runtime\Cache\Admin\85d7d1a40d6914bc2d7572aad3fbfd31.php 第 69 行.
NOTIC: [8] Undefined variable: cat E:\fish\Runtime\Cache\Admin\85d7d1a40d6914bc2d7572aad3fbfd31.php 第 78 行.
NOTIC: [8] Undefined variable: user E:\fish\Runtime\Cache\Admin\85d7d1a40d6914bc2d7572aad3fbfd31.php 第 87 行.
NOTIC: [8] Undefined index: sc_id E:\fish\Runtime\Cache\Admin\85d7d1a40d6914bc2d7572aad3fbfd31.php 第 121 行.
NOTIC: [8] Undefined index: sc_name E:\fish\Runtime\Cache\Admin\85d7d1a40d6914bc2d7572aad3fbfd31.php 第 124 行.
NOTIC: [8] Undefined index: sc_content E:\fish\Runtime\Cache\Admin\85d7d1a40d6914bc2d7572aad3fbfd31.php 第 129 行.
NOTIC: [8] Undefined index: sc_time E:\fish\Runtime\Cache\Admin\85d7d1a40d6914bc2d7572aad3fbfd31.php 第 134 行.
INFO: Run Behavior\ParseTemplateBehavior [ RunTime:0.008427s ]
INFO: [ view_parse ] --END-- [ RunTime:0.008467s ]
INFO: [ view_filter ] --START--
INFO: Run Behavior\WriteHtmlCacheBehavior [ RunTime:0.000273s ]
INFO: [ view_filter ] --END-- [ RunTime:0.000309s ]
INFO: [ app_end ] --START--
INFO: Run Behavior\ShowPageTraceBehavior [ RunTime:0.000427s ]
INFO: [ app_end ] --END-- [ RunTime:0.000471s ]

[ 2017-11-07T17:16:00+08:00 ] 127.0.0.1 /index.php/Admin/Log/logContentEdit/id/1.html
INFO: [ app_init ] --START--
INFO: Run Behavior\BuildLiteBehavior [ RunTime:0.000011s ]
INFO: [ app_init ] --END-- [ RunTime:0.000297s ]
INFO: [ app_begin ] --START--
INFO: Run Behavior\ReadHtmlCacheBehavior [ RunTime:0.000450s ]
INFO: [ app_begin ] --END-- [ RunTime:0.000505s ]
SQL: SHOW COLUMNS FROM `fh_log_c` [ RunTime:0.0029s ]
SQL: SELECT * FROM `fh_log_c` WHERE `lc_id` = 1 LIMIT 1   [ RunTime:0.0001s ]
INFO: [ view_parse ] --START--
INFO: [ template_filter ] --START--
INFO: Run Behavior\ContentReplaceBehavior [ RunTime:0.000146s ]
INFO: [ template_filter ] --END-- [ RunTime:0.000185s ]
NOTIC: [8] Undefined index: u_name E:\fish\Runtime\Cache\Admin\85d7d1a40d6914bc2d7572aad3fbfd31.php 第 33 行.
NOTIC: [8] Undefined variable: index E:\fish\Runtime\Cache\Admin\85d7d1a40d6914bc2d7572aad3fbfd31.php 第 57 行.
NOTIC: [8] Undefined variable: art E:\fish\Runtime\Cache\Admin\85d7d1a40d6914bc2d7572aad3fbfd31.php 第 60 行.
NOTIC: [8] Undefined variable: artlist E:\fish\Runtime\Cache\Admin\85d7d1a40d6914bc2d7572aad3fbfd31.php 第 69 行.
NOTIC: [8] Undefined variable: cat E:\fish\Runtime\Cache\Admin\85d7d1a40d6914bc2d7572aad3fbfd31.php 第 78 行.
NOTIC: [8] Undefined variable: user E:\fish\Runtime\Cache\Admin\85d7d1a40d6914bc2d7572aad3fbfd31.php 第 87 行.
INFO: Run Behavior\ParseTemplateBehavior [ RunTime:0.008892s ]
INFO: [ view_parse ] --END-- [ RunTime:0.008944s ]
INFO: [ view_filter ] --START--
INFO: Run Behavior\WriteHtmlCacheBehavior [ RunTime:0.000318s ]
INFO: [ view_filter ] --END-- [ RunTime:0.000353s ]
INFO: [ app_end ] --START--
INFO: Run Behavior\ShowPageTraceBehavior [ RunTime:0.000537s ]
INFO: [ app_end ] --END-- [ RunTime:0.000584s ]

[ 2017-11-07T17:18:31+08:00 ] 127.0.0.1 /index.php/Admin/Log/logContentEdit/id/1.html
INFO: [ app_init ] --START--
INFO: Run Behavior\BuildLiteBehavior [ RunTime:0.000009s ]
INFO: [ app_init ] --END-- [ RunTime:0.000323s ]
INFO: [ app_begin ] --START--
INFO: Run Behavior\ReadHtmlCacheBehavior [ RunTime:0.000425s ]
INFO: [ app_begin ] --END-- [ RunTime:0.000468s ]
SQL: SHOW COLUMNS FROM `fh_log_c` [ RunTime:0.0029s ]
SQL: SELECT * FROM `fh_log_c` WHERE `lc_id` = 1 LIMIT 1   [ RunTime:0.0002s ]
INFO: [ view_parse ] --START--
INFO: [ template_filter ] --START--
INFO: Run Behavior\ContentReplaceBehavior [ RunTime:0.000129s ]
INFO: [ template_filter ] --END-- [ RunTime:0.000171s ]
NOTIC: [8] Undefined index: u_name E:\fish\Runtime\Cache\Admin\85d7d1a40d6914bc2d7572aad3fbfd31.php 第 33 行.
NOTIC: [8] Undefined variable: index E:\fish\Runtime\Cache\Admin\85d7d1a40d6914bc2d7572aad3fbfd31.php 第 57 行.
NOTIC: [8] Undefined variable: art E:\fish\Runtime\Cache\Admin\85d7d1a40d6914bc2d7572aad3fbfd31.php 第 60 行.
NOTIC: [8] Undefined variable: artlist E:\fish\Runtime\Cache\Admin\85d7d1a40d6914bc2d7572aad3fbfd31.php 第 69 行.
NOTIC: [8] Undefined variable: cat E:\fish\Runtime\Cache\Admin\85d7d1a40d6914bc2d7572aad3fbfd31.php 第 78 行.
NOTIC: [8] Undefined variable: user E:\fish\Runtime\Cache\Admin\85d7d1a40d6914bc2d7572aad3fbfd31.php 第 87 行.
INFO: Run Behavior\ParseTemplateBehavior [ RunTime:0.008988s ]
INFO: [ view_parse ] --END-- [ RunTime:0.009040s ]
INFO: [ view_filter ] --START--
INFO: Run Behavior\WriteHtmlCacheBehavior [ RunTime:0.000260s ]
INFO: [ view_filter ] --END-- [ RunTime:0.000293s ]
INFO: [ app_end ] --START--
INFO: Run Behavior\ShowPageTraceBehavior [ RunTime:0.000482s ]
INFO: [ app_end ] --END-- [ RunTime:0.000527s ]

[ 2017-11-07T17:18:43+08:00 ] 127.0.0.1 /index.php/Admin/Log/logContentEdit/id/1.html
INFO: [ app_init ] --START--
INFO: Run Behavior\BuildLiteBehavior [ RunTime:0.000009s ]
INFO: [ app_init ] --END-- [ RunTime:0.000294s ]
INFO: [ app_begin ] --START--
INFO: Run Behavior\ReadHtmlCacheBehavior [ RunTime:0.000403s ]
INFO: [ app_begin ] --END-- [ RunTime:0.000444s ]
SQL: SHOW COLUMNS FROM `fh_log_c` [ RunTime:0.0027s ]
SQL: SELECT * FROM `fh_log_c` WHERE `lc_id` = 1 LIMIT 1   [ RunTime:0.0002s ]
INFO: [ view_parse ] --START--
INFO: [ template_filter ] --START--
INFO: Run Behavior\ContentReplaceBehavior [ RunTime:0.000131s ]
INFO: [ template_filter ] --END-- [ RunTime:0.000171s ]
NOTIC: [8] Undefined index: u_name E:\fish\Runtime\Cache\Admin\85d7d1a40d6914bc2d7572aad3fbfd31.php 第 33 行.
NOTIC: [8] Undefined variable: index E:\fish\Runtime\Cache\Admin\85d7d1a40d6914bc2d7572aad3fbfd31.php 第 57 行.
NOTIC: [8] Undefined variable: art E:\fish\Runtime\Cache\Admin\85d7d1a40d6914bc2d7572aad3fbfd31.php 第 60 行.
NOTIC: [8] Undefined variable: artlist E:\fish\Runtime\Cache\Admin\85d7d1a40d6914bc2d7572aad3fbfd31.php 第 69 行.
NOTIC: [8] Undefined variable: cat E:\fish\Runtime\Cache\Admin\85d7d1a40d6914bc2d7572aad3fbfd31.php 第 78 行.
NOTIC: [8] Undefined variable: user E:\fish\Runtime\Cache\Admin\85d7d1a40d6914bc2d7572aad3fbfd31.php 第 87 行.
INFO: Run Behavior\ParseTemplateBehavior [ RunTime:0.008843s ]
INFO: [ view_parse ] --END-- [ RunTime:0.008883s ]
INFO: [ view_filter ] --START--
INFO: Run Behavior\WriteHtmlCacheBehavior [ RunTime:0.000359s ]
INFO: [ view_filter ] --END-- [ RunTime:0.000396s ]
INFO: [ app_end ] --START--
INFO: Run Behavior\ShowPageTraceBehavior [ RunTime:0.000482s ]
INFO: [ app_end ] --END-- [ RunTime:0.000526s ]

[ 2017-11-07T17:19:01+08:00 ] 127.0.0.1 /index.php/Admin/Log/logContentEdit/id/1.html
INFO: [ app_init ] --START--
INFO: Run Behavior\BuildLiteBehavior [ RunTime:0.000014s ]
INFO: [ app_init ] --END-- [ RunTime:0.000401s ]
INFO: [ app_begin ] --START--
INFO: Run Behavior\ReadHtmlCacheBehavior [ RunTime:0.000516s ]
INFO: [ app_begin ] --END-- [ RunTime:0.000576s ]
SQL: SHOW COLUMNS FROM `fh_log_c` [ RunTime:0.0027s ]
SQL: SELECT * FROM `fh_log_c` WHERE `lc_id` = 1 LIMIT 1   [ RunTime:0.0002s ]
INFO: [ view_parse ] --START--
INFO: [ template_filter ] --START--
INFO: Run Behavior\ContentReplaceBehavior [ RunTime:0.000161s ]
INFO: [ template_filter ] --END-- [ RunTime:0.000210s ]
NOTIC: [8] Undefined index: u_name E:\fish\Runtime\Cache\Admin\85d7d1a40d6914bc2d7572aad3fbfd31.php 第 33 行.
NOTIC: [8] Undefined variable: index E:\fish\Runtime\Cache\Admin\85d7d1a40d6914bc2d7572aad3fbfd31.php 第 57 行.
NOTIC: [8] Undefined variable: art E:\fish\Runtime\Cache\Admin\85d7d1a40d6914bc2d7572aad3fbfd31.php 第 60 行.
NOTIC: [8] Undefined variable: artlist E:\fish\Runtime\Cache\Admin\85d7d1a40d6914bc2d7572aad3fbfd31.php 第 69 行.
NOTIC: [8] Undefined variable: cat E:\fish\Runtime\Cache\Admin\85d7d1a40d6914bc2d7572aad3fbfd31.php 第 78 行.
NOTIC: [8] Undefined variable: user E:\fish\Runtime\Cache\Admin\85d7d1a40d6914bc2d7572aad3fbfd31.php 第 87 行.
INFO: Run Behavior\ParseTemplateBehavior [ RunTime:0.008995s ]
INFO: [ view_parse ] --END-- [ RunTime:0.009039s ]
INFO: [ view_filter ] --START--
INFO: Run Behavior\WriteHtmlCacheBehavior [ RunTime:0.000253s ]
INFO: [ view_filter ] --END-- [ RunTime:0.000290s ]
INFO: [ app_end ] --START--
INFO: Run Behavior\ShowPageTraceBehavior [ RunTime:0.000402s ]
INFO: [ app_end ] --END-- [ RunTime:0.000454s ]

[ 2017-11-07T17:19:03+08:00 ] 127.0.0.1 /index.php/Admin/Log/logContentEdit/id/1.html
INFO: [ app_init ] --START--
INFO: Run Behavior\BuildLiteBehavior [ RunTime:0.000010s ]
INFO: [ app_init ] --END-- [ RunTime:0.000276s ]
INFO: [ app_begin ] --START--
INFO: Run Behavior\ReadHtmlCacheBehavior [ RunTime:0.000335s ]
INFO: [ app_begin ] --END-- [ RunTime:0.000377s ]
SQL: SHOW COLUMNS FROM `fh_log_c` [ RunTime:0.0028s ]
SQL: SELECT * FROM `fh_log_c` WHERE `lc_id` = 1 LIMIT 1   [ RunTime:0.0002s ]
INFO: [ view_parse ] --START--
INFO: [ template_filter ] --START--
INFO: Run Behavior\ContentReplaceBehavior [ RunTime:0.000142s ]
INFO: [ template_filter ] --END-- [ RunTime:0.000182s ]
NOTIC: [8] Undefined index: u_name E:\fish\Runtime\Cache\Admin\85d7d1a40d6914bc2d7572aad3fbfd31.php 第 33 行.
NOTIC: [8] Undefined variable: index E:\fish\Runtime\Cache\Admin\85d7d1a40d6914bc2d7572aad3fbfd31.php 第 57 行.
NOTIC: [8] Undefined variable: art E:\fish\Runtime\Cache\Admin\85d7d1a40d6914bc2d7572aad3fbfd31.php 第 60 行.
NOTIC: [8] Undefined variable: artlist E:\fish\Runtime\Cache\Admin\85d7d1a40d6914bc2d7572aad3fbfd31.php 第 69 行.
NOTIC: [8] Undefined variable: cat E:\fish\Runtime\Cache\Admin\85d7d1a40d6914bc2d7572aad3fbfd31.php 第 78 行.
NOTIC: [8] Undefined variable: user E:\fish\Runtime\Cache\Admin\85d7d1a40d6914bc2d7572aad3fbfd31.php 第 87 行.
INFO: Run Behavior\ParseTemplateBehavior [ RunTime:0.008408s ]
INFO: [ view_parse ] --END-- [ RunTime:0.008449s ]
INFO: [ view_filter ] --START--
INFO: Run Behavior\WriteHtmlCacheBehavior [ RunTime:0.000277s ]
INFO: [ view_filter ] --END-- [ RunTime:0.000315s ]
INFO: [ app_end ] --START--
INFO: Run Behavior\ShowPageTraceBehavior [ RunTime:0.000399s ]
INFO: [ app_end ] --END-- [ RunTime:0.000444s ]

[ 2017-11-07T17:19:35+08:00 ] 127.0.0.1 /index.php/Admin/Log/logContentEdit/id/1.html
INFO: [ app_init ] --START--
INFO: Run Behavior\BuildLiteBehavior [ RunTime:0.000011s ]
INFO: [ app_init ] --END-- [ RunTime:0.000319s ]
INFO: [ app_begin ] --START--
INFO: Run Behavior\ReadHtmlCacheBehavior [ RunTime:0.000350s ]
INFO: [ app_begin ] --END-- [ RunTime:0.000392s ]
SQL: SHOW COLUMNS FROM `fh_log_c` [ RunTime:0.0028s ]
SQL: SELECT * FROM `fh_log_c` WHERE `lc_id` = 1 LIMIT 1   [ RunTime:0.0002s ]
INFO: [ view_parse ] --START--
INFO: [ template_filter ] --START--
INFO: Run Behavior\ContentReplaceBehavior [ RunTime:0.000130s ]
INFO: [ template_filter ] --END-- [ RunTime:0.000172s ]
NOTIC: [8] Undefined index: u_name E:\fish\Runtime\Cache\Admin\85d7d1a40d6914bc2d7572aad3fbfd31.php 第 33 行.
NOTIC: [8] Undefined variable: index E:\fish\Runtime\Cache\Admin\85d7d1a40d6914bc2d7572aad3fbfd31.php 第 57 行.
NOTIC: [8] Undefined variable: art E:\fish\Runtime\Cache\Admin\85d7d1a40d6914bc2d7572aad3fbfd31.php 第 60 行.
NOTIC: [8] Undefined variable: artlist E:\fish\Runtime\Cache\Admin\85d7d1a40d6914bc2d7572aad3fbfd31.php 第 69 行.
NOTIC: [8] Undefined variable: cat E:\fish\Runtime\Cache\Admin\85d7d1a40d6914bc2d7572aad3fbfd31.php 第 78 行.
NOTIC: [8] Undefined variable: user E:\fish\Runtime\Cache\Admin\85d7d1a40d6914bc2d7572aad3fbfd31.php 第 87 行.
INFO: Run Behavior\ParseTemplateBehavior [ RunTime:0.008551s ]
INFO: [ view_parse ] --END-- [ RunTime:0.008593s ]
INFO: [ view_filter ] --START--
INFO: Run Behavior\WriteHtmlCacheBehavior [ RunTime:0.000277s ]
INFO: [ view_filter ] --END-- [ RunTime:0.000313s ]
INFO: [ app_end ] --START--
INFO: Run Behavior\ShowPageTraceBehavior [ RunTime:0.000391s ]
INFO: [ app_end ] --END-- [ RunTime:0.000435s ]

[ 2017-11-07T17:19:49+08:00 ] 127.0.0.1 /index.php/Admin/Log/logContentEdit/id/1.html
INFO: [ app_init ] --START--
INFO: Run Behavior\BuildLiteBehavior [ RunTime:0.000010s ]
INFO: [ app_init ] --END-- [ RunTime:0.000321s ]
INFO: [ app_begin ] --START--
INFO: Run Behavior\ReadHtmlCacheBehavior [ RunTime:0.000439s ]
INFO: [ app_begin ] --END-- [ RunTime:0.000484s ]
SQL: SHOW COLUMNS FROM `fh_log_c` [ RunTime:0.0027s ]
SQL: SELECT * FROM `fh_log_c` WHERE `lc_id` = 1 LIMIT 1   [ RunTime:0.0001s ]
INFO: [ view_parse ] --START--
INFO: [ template_filter ] --START--
INFO: Run Behavior\ContentReplaceBehavior [ RunTime:0.000129s ]
INFO: [ template_filter ] --END-- [ RunTime:0.000169s ]
NOTIC: [8] Undefined index: u_name E:\fish\Runtime\Cache\Admin\85d7d1a40d6914bc2d7572aad3fbfd31.php 第 33 行.
NOTIC: [8] Undefined variable: index E:\fish\Runtime\Cache\Admin\85d7d1a40d6914bc2d7572aad3fbfd31.php 第 57 行.
NOTIC: [8] Undefined variable: art E:\fish\Runtime\Cache\Admin\85d7d1a40d6914bc2d7572aad3fbfd31.php 第 60 行.
NOTIC: [8] Undefined variable: artlist E:\fish\Runtime\Cache\Admin\85d7d1a40d6914bc2d7572aad3fbfd31.php 第 69 行.
NOTIC: [8] Undefined variable: cat E:\fish\Runtime\Cache\Admin\85d7d1a40d6914bc2d7572aad3fbfd31.php 第 78 行.
NOTIC: [8] Undefined variable: user E:\fish\Runtime\Cache\Admin\85d7d1a40d6914bc2d7572aad3fbfd31.php 第 87 行.
INFO: Run Behavior\ParseTemplateBehavior [ RunTime:0.008728s ]
INFO: [ view_parse ] --END-- [ RunTime:0.008769s ]
INFO: [ view_filter ] --START--
INFO: Run Behavior\WriteHtmlCacheBehavior [ RunTime:0.000323s ]
INFO: [ view_filter ] --END-- [ RunTime:0.000359s ]
INFO: [ app_end ] --START--
INFO: Run Behavior\ShowPageTraceBehavior [ RunTime:0.000450s ]
INFO: [ app_end ] --END-- [ RunTime:0.000495s ]

[ 2017-11-07T17:20:12+08:00 ] 127.0.0.1 /index.php/Admin/Log/logContentEdit/id/1.html
INFO: [ app_init ] --START--
INFO: Run Behavior\BuildLiteBehavior [ RunTime:0.000012s ]
INFO: [ app_init ] --END-- [ RunTime:0.000363s ]
INFO: [ app_begin ] --START--
INFO: Run Behavior\ReadHtmlCacheBehavior [ RunTime:0.000376s ]
INFO: [ app_begin ] --END-- [ RunTime:0.000418s ]
SQL: SHOW COLUMNS FROM `fh_log_c` [ RunTime:0.0028s ]
SQL: SELECT * FROM `fh_log_c` WHERE `lc_id` = 1 LIMIT 1   [ RunTime:0.0002s ]
INFO: [ view_parse ] --START--
INFO: [ template_filter ] --START--
INFO: Run Behavior\ContentReplaceBehavior [ RunTime:0.000126s ]
INFO: [ template_filter ] --END-- [ RunTime:0.000165s ]
NOTIC: [8] Undefined index: u_name E:\fish\Runtime\Cache\Admin\85d7d1a40d6914bc2d7572aad3fbfd31.php 第 33 行.
NOTIC: [8] Undefined variable: index E:\fish\Runtime\Cache\Admin\85d7d1a40d6914bc2d7572aad3fbfd31.php 第 57 行.
NOTIC: [8] Undefined variable: art E:\fish\Runtime\Cache\Admin\85d7d1a40d6914bc2d7572aad3fbfd31.php 第 60 行.
NOTIC: [8] Undefined variable: artlist E:\fish\Runtime\Cache\Admin\85d7d1a40d6914bc2d7572aad3fbfd31.php 第 69 行.
NOTIC: [8] Undefined variable: cat E:\fish\Runtime\Cache\Admin\85d7d1a40d6914bc2d7572aad3fbfd31.php 第 78 行.
NOTIC: [8] Undefined variable: user E:\fish\Runtime\Cache\Admin\85d7d1a40d6914bc2d7572aad3fbfd31.php 第 87 行.
INFO: Run Behavior\ParseTemplateBehavior [ RunTime:0.008437s ]
INFO: [ view_parse ] --END-- [ RunTime:0.008477s ]
INFO: [ view_filter ] --START--
INFO: Run Behavior\WriteHtmlCacheBehavior [ RunTime:0.000274s ]
INFO: [ view_filter ] --END-- [ RunTime:0.000310s ]
INFO: [ app_end ] --START--
INFO: Run Behavior\ShowPageTraceBehavior [ RunTime:0.000399s ]
INFO: [ app_end ] --END-- [ RunTime:0.000441s ]

[ 2017-11-07T17:20:14+08:00 ] 127.0.0.1 /Admin/Say/sayContentModify
INFO: [ app_init ] --START--
INFO: Run Behavior\BuildLiteBehavior [ RunTime:0.000011s ]
INFO: [ app_init ] --END-- [ RunTime:0.000303s ]
INFO: [ app_begin ] --START--
INFO: Run Behavior\ReadHtmlCacheBehavior [ RunTime:0.000356s ]
INFO: [ app_begin ] --END-- [ RunTime:0.000395s ]
ERR: 不存在的图像文件

[ 2017-11-07T17:20:55+08:00 ] 127.0.0.1 /Admin/login
INFO: [ app_init ] --START--
INFO: Run Behavior\BuildLiteBehavior [ RunTime:0.000014s ]
INFO: [ app_init ] --END-- [ RunTime:0.000296s ]
INFO: [ app_begin ] --START--
INFO: Run Behavior\ReadHtmlCacheBehavior [ RunTime:0.000472s ]
INFO: [ app_begin ] --END-- [ RunTime:0.000553s ]
INFO: [ view_parse ] --START--
INFO: [ template_filter ] --START--
INFO: Run Behavior\ContentReplaceBehavior [ RunTime:0.000054s ]
INFO: [ template_filter ] --END-- [ RunTime:0.000095s ]
INFO: Run Behavior\ParseTemplateBehavior [ RunTime:0.003878s ]
INFO: [ view_parse ] --END-- [ RunTime:0.003923s ]
INFO: [ view_filter ] --START--
INFO: Run Behavior\WriteHtmlCacheBehavior [ RunTime:0.000275s ]
INFO: [ view_filter ] --END-- [ RunTime:0.000313s ]
INFO: [ app_end ] --START--
INFO: Run Behavior\ShowPageTraceBehavior [ RunTime:0.000439s ]
INFO: [ app_end ] --END-- [ RunTime:0.000478s ]

[ 2017-11-07T17:21:01+08:00 ] 127.0.0.1 /Admin/Login/in
INFO: [ app_init ] --START--
INFO: Run Behavior\BuildLiteBehavior [ RunTime:0.000010s ]
INFO: [ app_init ] --END-- [ RunTime:0.000404s ]
INFO: [ app_begin ] --START--
INFO: Run Behavior\ReadHtmlCacheBehavior [ RunTime:0.000445s ]
INFO: [ app_begin ] --END-- [ RunTime:0.000488s ]
SQL: SHOW COLUMNS FROM `fh_user` [ RunTime:0.0028s ]
SQL: SELECT * FROM `fh_user` WHERE `u_name` = 'admin' LIMIT 1   [ RunTime:0.0001s ]
SQL: UPDATE `fh_user` SET `u_logintime`='1510046461' WHERE `u_id` = null [ RunTime:0.0001s ]
SQL: UPDATE `fh_user` SET `u_num`=u_num+1 WHERE `u_id` = null [ RunTime:0.0001s ]

[ 2017-11-07T17:21:02+08:00 ] 127.0.0.1 /Admin/Index
INFO: [ app_init ] --START--
INFO: Run Behavior\BuildLiteBehavior [ RunTime:0.000010s ]
INFO: [ app_init ] --END-- [ RunTime:0.000311s ]
INFO: [ app_begin ] --START--
INFO: Run Behavior\ReadHtmlCacheBehavior [ RunTime:0.000392s ]
INFO: [ app_begin ] --END-- [ RunTime:0.000434s ]
INFO: [ view_parse ] --START--
INFO: [ template_filter ] --START--
INFO: Run Behavior\ContentReplaceBehavior [ RunTime:0.000123s ]
INFO: [ template_filter ] --END-- [ RunTime:0.000182s ]
NOTIC: [8] Undefined variable: info E:\fish\Runtime\Cache\Admin\6be543cd41def918d87e15996786a60d.php 第 33 行.
NOTIC: [8] Undefined variable: art E:\fish\Runtime\Cache\Admin\6be543cd41def918d87e15996786a60d.php 第 60 行.
NOTIC: [8] Undefined variable: artlist E:\fish\Runtime\Cache\Admin\6be543cd41def918d87e15996786a60d.php 第 69 行.
NOTIC: [8] Undefined variable: cat E:\fish\Runtime\Cache\Admin\6be543cd41def918d87e15996786a60d.php 第 78 行.
NOTIC: [8] Undefined variable: user E:\fish\Runtime\Cache\Admin\6be543cd41def918d87e15996786a60d.php 第 87 行.
NOTIC: [8] Undefined variable: comment E:\fish\Runtime\Cache\Admin\6be543cd41def918d87e15996786a60d.php 第 88 行.
INFO: Run Behavior\ParseTemplateBehavior [ RunTime:0.008179s ]
INFO: [ view_parse ] --END-- [ RunTime:0.008219s ]
INFO: [ view_filter ] --START--
INFO: Run Behavior\WriteHtmlCacheBehavior [ RunTime:0.000399s ]
INFO: [ view_filter ] --END-- [ RunTime:0.000436s ]
INFO: [ app_end ] --START--
INFO: Run Behavior\ShowPageTraceBehavior [ RunTime:0.000668s ]
INFO: [ app_end ] --END-- [ RunTime:0.000717s ]

[ 2017-11-07T17:21:10+08:00 ] 127.0.0.1 /Admin/Log/logContentList
INFO: [ app_init ] --START--
INFO: Run Behavior\BuildLiteBehavior [ RunTime:0.000011s ]
INFO: [ app_init ] --END-- [ RunTime:0.000319s ]
INFO: [ app_begin ] --START--
INFO: Run Behavior\ReadHtmlCacheBehavior [ RunTime:0.000442s ]
INFO: [ app_begin ] --END-- [ RunTime:0.000491s ]
SQL: SHOW COLUMNS FROM `fh_log_c` [ RunTime:0.0028s ]
SQL: SELECT * FROM `fh_log_c` ORDER BY lc_id desc  [ RunTime:0.0001s ]
INFO: [ view_parse ] --START--
INFO: [ template_filter ] --START--
INFO: Run Behavior\ContentReplaceBehavior [ RunTime:0.000110s ]
INFO: [ template_filter ] --END-- [ RunTime:0.000148s ]
NOTIC: [8] Undefined variable: info E:\fish\Runtime\Cache\Admin\917cc26d860a7b09c64d1b480c5504d1.php 第 33 行.
NOTIC: [8] Undefined variable: index E:\fish\Runtime\Cache\Admin\917cc26d860a7b09c64d1b480c5504d1.php 第 57 行.
NOTIC: [8] Undefined variable: art E:\fish\Runtime\Cache\Admin\917cc26d860a7b09c64d1b480c5504d1.php 第 60 行.
NOTIC: [8] Undefined variable: artlist E:\fish\Runtime\Cache\Admin\917cc26d860a7b09c64d1b480c5504d1.php 第 69 行.
NOTIC: [8] Undefined variable: cat E:\fish\Runtime\Cache\Admin\917cc26d860a7b09c64d1b480c5504d1.php 第 78 行.
NOTIC: [8] Undefined variable: user E:\fish\Runtime\Cache\Admin\917cc26d860a7b09c64d1b480c5504d1.php 第 87 行.
NOTIC: [8] Undefined variable: num E:\fish\Runtime\Cache\Admin\917cc26d860a7b09c64d1b480c5504d1.php 第 116 行.
NOTIC: [8] Undefined index: sc_id E:\fish\Runtime\Cache\Admin\917cc26d860a7b09c64d1b480c5504d1.php 第 141 行.
INFO: Run Behavior\ParseTemplateBehavior [ RunTime:0.009175s ]
INFO: [ view_parse ] --END-- [ RunTime:0.009214s ]
INFO: [ view_filter ] --START--
INFO: Run Behavior\WriteHtmlCacheBehavior [ RunTime:0.000326s ]
INFO: [ view_filter ] --END-- [ RunTime:0.000363s ]
INFO: [ app_end ] --START--
INFO: Run Behavior\ShowPageTraceBehavior [ RunTime:0.000449s ]
INFO: [ app_end ] --END-- [ RunTime:0.000492s ]

[ 2017-11-07T17:21:15+08:00 ] 127.0.0.1 /index.php/Admin/Log/logContentEdit/id/1.html
INFO: [ app_init ] --START--
INFO: Run Behavior\BuildLiteBehavior [ RunTime:0.000012s ]
INFO: [ app_init ] --END-- [ RunTime:0.000298s ]
INFO: [ app_begin ] --START--
INFO: Run Behavior\ReadHtmlCacheBehavior [ RunTime:0.000374s ]
INFO: [ app_begin ] --END-- [ RunTime:0.000419s ]
SQL: SHOW COLUMNS FROM `fh_log_c` [ RunTime:0.0028s ]
SQL: SELECT * FROM `fh_log_c` WHERE `lc_id` = 1 LIMIT 1   [ RunTime:0.0002s ]
INFO: [ view_parse ] --START--
INFO: [ template_filter ] --START--
INFO: Run Behavior\ContentReplaceBehavior [ RunTime:0.000124s ]
INFO: [ template_filter ] --END-- [ RunTime:0.000163s ]
NOTIC: [8] Undefined index: u_name E:\fish\Runtime\Cache\Admin\85d7d1a40d6914bc2d7572aad3fbfd31.php 第 33 行.
NOTIC: [8] Undefined variable: index E:\fish\Runtime\Cache\Admin\85d7d1a40d6914bc2d7572aad3fbfd31.php 第 57 行.
NOTIC: [8] Undefined variable: art E:\fish\Runtime\Cache\Admin\85d7d1a40d6914bc2d7572aad3fbfd31.php 第 60 行.
NOTIC: [8] Undefined variable: artlist E:\fish\Runtime\Cache\Admin\85d7d1a40d6914bc2d7572aad3fbfd31.php 第 69 行.
NOTIC: [8] Undefined variable: cat E:\fish\Runtime\Cache\Admin\85d7d1a40d6914bc2d7572aad3fbfd31.php 第 78 行.
NOTIC: [8] Undefined variable: user E:\fish\Runtime\Cache\Admin\85d7d1a40d6914bc2d7572aad3fbfd31.php 第 87 行.
INFO: Run Behavior\ParseTemplateBehavior [ RunTime:0.008437s ]
INFO: [ view_parse ] --END-- [ RunTime:0.008478s ]
INFO: [ view_filter ] --START--
INFO: Run Behavior\WriteHtmlCacheBehavior [ RunTime:0.000272s ]
INFO: [ view_filter ] --END-- [ RunTime:0.000308s ]
INFO: [ app_end ] --START--
INFO: Run Behavior\ShowPageTraceBehavior [ RunTime:0.000390s ]
INFO: [ app_end ] --END-- [ RunTime:0.000433s ]

[ 2017-11-07T17:21:19+08:00 ] 127.0.0.1 /Admin/Say/sayContentModify
INFO: [ app_init ] --START--
INFO: Run Behavior\BuildLiteBehavior [ RunTime:0.000009s ]
INFO: [ app_init ] --END-- [ RunTime:0.000272s ]
INFO: [ app_begin ] --START--
INFO: Run Behavior\ReadHtmlCacheBehavior [ RunTime:0.000344s ]
INFO: [ app_begin ] --END-- [ RunTime:0.000382s ]
ERR: 不存在的图像文件

[ 2017-11-07T17:21:59+08:00 ] 127.0.0.1 /index.php/Admin/Log/logContentEdit/id/1.html
INFO: [ app_init ] --START--
INFO: Run Behavior\BuildLiteBehavior [ RunTime:0.000010s ]
INFO: [ app_init ] --END-- [ RunTime:0.000311s ]
INFO: [ app_begin ] --START--
INFO: Run Behavior\ReadHtmlCacheBehavior [ RunTime:0.000410s ]
INFO: [ app_begin ] --END-- [ RunTime:0.000466s ]
SQL: SHOW COLUMNS FROM `fh_log_c` [ RunTime:0.0027s ]
SQL: SELECT * FROM `fh_log_c` WHERE `lc_id` = 1 LIMIT 1   [ RunTime:0.0001s ]
INFO: [ view_parse ] --START--
INFO: [ template_filter ] --START--
INFO: Run Behavior\ContentReplaceBehavior [ RunTime:0.000126s ]
INFO: [ template_filter ] --END-- [ RunTime:0.000165s ]
NOTIC: [8] Undefined index: u_name E:\fish\Runtime\Cache\Admin\85d7d1a40d6914bc2d7572aad3fbfd31.php 第 33 行.
NOTIC: [8] Undefined variable: index E:\fish\Runtime\Cache\Admin\85d7d1a40d6914bc2d7572aad3fbfd31.php 第 57 行.
NOTIC: [8] Undefined variable: art E:\fish\Runtime\Cache\Admin\85d7d1a40d6914bc2d7572aad3fbfd31.php 第 60 行.
NOTIC: [8] Undefined variable: artlist E:\fish\Runtime\Cache\Admin\85d7d1a40d6914bc2d7572aad3fbfd31.php 第 69 行.
NOTIC: [8] Undefined variable: cat E:\fish\Runtime\Cache\Admin\85d7d1a40d6914bc2d7572aad3fbfd31.php 第 78 行.
NOTIC: [8] Undefined variable: user E:\fish\Runtime\Cache\Admin\85d7d1a40d6914bc2d7572aad3fbfd31.php 第 87 行.
INFO: Run Behavior\ParseTemplateBehavior [ RunTime:0.008193s ]
INFO: [ view_parse ] --END-- [ RunTime:0.008233s ]
INFO: [ view_filter ] --START--
INFO: Run Behavior\WriteHtmlCacheBehavior [ RunTime:0.000281s ]
INFO: [ view_filter ] --END-- [ RunTime:0.000318s ]
INFO: [ app_end ] --START--
INFO: Run Behavior\ShowPageTraceBehavior [ RunTime:0.000402s ]
INFO: [ app_end ] --END-- [ RunTime:0.000446s ]

[ 2017-11-07T17:29:04+08:00 ] 127.0.0.1 /index.php/Admin/Log/logContentEdit/id/1.html
INFO: [ app_init ] --START--
INFO: Run Behavior\BuildLiteBehavior [ RunTime:0.000010s ]
INFO: [ app_init ] --END-- [ RunTime:0.000290s ]
INFO: [ app_begin ] --START--
INFO: Run Behavior\ReadHtmlCacheBehavior [ RunTime:0.000405s ]
INFO: [ app_begin ] --END-- [ RunTime:0.000446s ]
SQL: SHOW COLUMNS FROM `fh_log_c` [ RunTime:0.0028s ]
SQL: SELECT * FROM `fh_log_c` WHERE `lc_id` = 1 LIMIT 1   [ RunTime:0.0001s ]
INFO: [ view_parse ] --START--
INFO: [ template_filter ] --START--
INFO: Run Behavior\ContentReplaceBehavior [ RunTime:0.000117s ]
INFO: [ template_filter ] --END-- [ RunTime:0.000156s ]
NOTIC: [8] Undefined index: u_name E:\fish\Runtime\Cache\Admin\85d7d1a40d6914bc2d7572aad3fbfd31.php 第 33 行.
NOTIC: [8] Undefined variable: index E:\fish\Runtime\Cache\Admin\85d7d1a40d6914bc2d7572aad3fbfd31.php 第 57 行.
NOTIC: [8] Undefined variable: art E:\fish\Runtime\Cache\Admin\85d7d1a40d6914bc2d7572aad3fbfd31.php 第 60 行.
NOTIC: [8] Undefined variable: artlist E:\fish\Runtime\Cache\Admin\85d7d1a40d6914bc2d7572aad3fbfd31.php 第 69 行.
NOTIC: [8] Undefined variable: cat E:\fish\Runtime\Cache\Admin\85d7d1a40d6914bc2d7572aad3fbfd31.php 第 78 行.
NOTIC: [8] Undefined variable: user E:\fish\Runtime\Cache\Admin\85d7d1a40d6914bc2d7572aad3fbfd31.php 第 87 行.
INFO: Run Behavior\ParseTemplateBehavior [ RunTime:0.008676s ]
INFO: [ view_parse ] --END-- [ RunTime:0.008716s ]
INFO: [ view_filter ] --START--
INFO: Run Behavior\WriteHtmlCacheBehavior [ RunTime:0.000328s ]
INFO: [ view_filter ] --END-- [ RunTime:0.000363s ]
INFO: [ app_end ] --START--
INFO: Run Behavior\ShowPageTraceBehavior [ RunTime:0.000474s ]
INFO: [ app_end ] --END-- [ RunTime:0.000518s ]

[ 2017-11-07T17:29:12+08:00 ] 127.0.0.1 /Admin/Say/sayContentModify
INFO: [ app_init ] --START--
INFO: Run Behavior\BuildLiteBehavior [ RunTime:0.000010s ]
INFO: [ app_init ] --END-- [ RunTime:0.000329s ]
INFO: [ app_begin ] --START--
INFO: Run Behavior\ReadHtmlCacheBehavior [ RunTime:0.000490s ]
INFO: [ app_begin ] --END-- [ RunTime:0.000530s ]
ERR: 不存在的图像文件

[ 2017-11-07T17:54:53+08:00 ] 127.0.0.1 /index.php/Admin/Log/logContentEdit/id/1.html
INFO: [ app_init ] --START--
INFO: Run Behavior\BuildLiteBehavior [ RunTime:0.000010s ]
INFO: [ app_init ] --END-- [ RunTime:0.000346s ]
INFO: [ app_begin ] --START--
INFO: Run Behavior\ReadHtmlCacheBehavior [ RunTime:0.000539s ]
INFO: [ app_begin ] --END-- [ RunTime:0.000582s ]
SQL: SHOW COLUMNS FROM `fh_log_c` [ RunTime:0.0028s ]
SQL: SELECT * FROM `fh_log_c` WHERE `lc_id` = 1 LIMIT 1   [ RunTime:0.0001s ]
INFO: [ view_parse ] --START--
INFO: [ template_filter ] --START--
INFO: Run Behavior\ContentReplaceBehavior [ RunTime:0.000118s ]
INFO: [ template_filter ] --END-- [ RunTime:0.000157s ]
NOTIC: [8] Undefined index: u_name E:\fish\Runtime\Cache\Admin\85d7d1a40d6914bc2d7572aad3fbfd31.php 第 33 行.
NOTIC: [8] Undefined variable: index E:\fish\Runtime\Cache\Admin\85d7d1a40d6914bc2d7572aad3fbfd31.php 第 57 行.
NOTIC: [8] Undefined variable: art E:\fish\Runtime\Cache\Admin\85d7d1a40d6914bc2d7572aad3fbfd31.php 第 60 行.
NOTIC: [8] Undefined variable: artlist E:\fish\Runtime\Cache\Admin\85d7d1a40d6914bc2d7572aad3fbfd31.php 第 69 行.
NOTIC: [8] Undefined variable: cat E:\fish\Runtime\Cache\Admin\85d7d1a40d6914bc2d7572aad3fbfd31.php 第 78 行.
NOTIC: [8] Undefined variable: user E:\fish\Runtime\Cache\Admin\85d7d1a40d6914bc2d7572aad3fbfd31.php 第 87 行.
INFO: Run Behavior\ParseTemplateBehavior [ RunTime:0.008881s ]
INFO: [ view_parse ] --END-- [ RunTime:0.008925s ]
INFO: [ view_filter ] --START--
INFO: Run Behavior\WriteHtmlCacheBehavior [ RunTime:0.000419s ]
INFO: [ view_filter ] --END-- [ RunTime:0.000455s ]
INFO: [ app_end ] --START--
INFO: Run Behavior\ShowPageTraceBehavior [ RunTime:0.000569s ]
INFO: [ app_end ] --END-- [ RunTime:0.000613s ]

[ 2017-11-07T17:55:00+08:00 ] 127.0.0.1 /Admin/Log/LogContentModify
INFO: [ app_init ] --START--
INFO: Run Behavior\BuildLiteBehavior [ RunTime:0.000009s ]
INFO: [ app_init ] --END-- [ RunTime:0.000304s ]
INFO: [ app_begin ] --START--
INFO: Run Behavior\ReadHtmlCacheBehavior [ RunTime:0.000405s ]
INFO: [ app_begin ] --END-- [ RunTime:0.000445s ]
SQL: SHOW COLUMNS FROM `fh_log_c` [ RunTime:0.0027s ]
SQL: UPDATE `fh_log_c` SET `lc_rename`='admin',`lc_reimg`='/Uploads/comment/1510048499.png',`lc_recontent`='谢谢[mr:/11]',`lc_retime`='1510048499' WHERE `lc_id` = 1 [ RunTime:0.0102s ]

[ 2017-11-07T17:55:02+08:00 ] 127.0.0.1 /Admin/Log/artContentModify
INFO: [ app_init ] --START--
INFO: Run Behavior\BuildLiteBehavior [ RunTime:0.000009s ]
INFO: [ app_init ] --END-- [ RunTime:0.000303s ]
INFO: [ app_begin ] --START--
INFO: Run Behavior\ReadHtmlCacheBehavior [ RunTime:0.000392s ]
INFO: [ app_begin ] --END-- [ RunTime:0.000432s ]
ERR: 非法操作:artContentModify

[ 2017-11-07T17:56:24+08:00 ] 127.0.0.1 /index.php/Admin/Log/logContentEdit/id/1.html
INFO: [ app_init ] --START--
INFO: Run Behavior\BuildLiteBehavior [ RunTime:0.000009s ]
INFO: [ app_init ] --END-- [ RunTime:0.000317s ]
INFO: [ app_begin ] --START--
INFO: Run Behavior\ReadHtmlCacheBehavior [ RunTime:0.000771s ]
INFO: [ app_begin ] --END-- [ RunTime:0.000850s ]
SQL: SHOW COLUMNS FROM `fh_log_c` [ RunTime:0.0028s ]
SQL: SELECT * FROM `fh_log_c` WHERE `lc_id` = 1 LIMIT 1   [ RunTime:0.0002s ]
INFO: [ view_parse ] --START--
INFO: [ template_filter ] --START--
INFO: Run Behavior\ContentReplaceBehavior [ RunTime:0.000139s ]
INFO: [ template_filter ] --END-- [ RunTime:0.000181s ]
NOTIC: [8] Undefined index: u_name E:\fish\Runtime\Cache\Admin\85d7d1a40d6914bc2d7572aad3fbfd31.php 第 33 行.
NOTIC: [8] Undefined variable: index E:\fish\Runtime\Cache\Admin\85d7d1a40d6914bc2d7572aad3fbfd31.php 第 57 行.
NOTIC: [8] Undefined variable: art E:\fish\Runtime\Cache\Admin\85d7d1a40d6914bc2d7572aad3fbfd31.php 第 60 行.
NOTIC: [8] Undefined variable: artlist E:\fish\Runtime\Cache\Admin\85d7d1a40d6914bc2d7572aad3fbfd31.php 第 69 行.
NOTIC: [8] Undefined variable: cat E:\fish\Runtime\Cache\Admin\85d7d1a40d6914bc2d7572aad3fbfd31.php 第 78 行.
NOTIC: [8] Undefined variable: user E:\fish\Runtime\Cache\Admin\85d7d1a40d6914bc2d7572aad3fbfd31.php 第 87 行.
INFO: Run Behavior\ParseTemplateBehavior [ RunTime:0.009253s ]
INFO: [ view_parse ] --END-- [ RunTime:0.009306s ]
INFO: [ view_filter ] --START--
INFO: Run Behavior\WriteHtmlCacheBehavior [ RunTime:0.000375s ]
INFO: [ view_filter ] --END-- [ RunTime:0.000412s ]
INFO: [ app_end ] --START--
INFO: Run Behavior\ShowPageTraceBehavior [ RunTime:0.000526s ]
INFO: [ app_end ] --END-- [ RunTime:0.000570s ]

[ 2017-11-07T17:56:31+08:00 ] 127.0.0.1 /Admin/Log/LogContentModify
INFO: [ app_init ] --START--
INFO: Run Behavior\BuildLiteBehavior [ RunTime:0.000010s ]
INFO: [ app_init ] --END-- [ RunTime:0.000318s ]
INFO: [ app_begin ] --START--
INFO: Run Behavior\ReadHtmlCacheBehavior [ RunTime:0.000472s ]
INFO: [ app_begin ] --END-- [ RunTime:0.000514s ]
SQL: SHOW COLUMNS FROM `fh_log_c` [ RunTime:0.0027s ]
SQL: UPDATE `fh_log_c` SET `lc_rename`='admin',`lc_reimg`='/Uploads/comment/1510048590.png',`lc_recontent`='谢谢[mr:/11]',`lc_retime`='1510048590' WHERE `lc_id` = 1 [ RunTime:0.0099s ]

[ 2017-11-07T17:56:34+08:00 ] 127.0.0.1 /Admin/Log/logContentList
INFO: [ app_init ] --START--
INFO: Run Behavior\BuildLiteBehavior [ RunTime:0.000011s ]
INFO: [ app_init ] --END-- [ RunTime:0.000311s ]
INFO: [ app_begin ] --START--
INFO: Run Behavior\ReadHtmlCacheBehavior [ RunTime:0.000445s ]
INFO: [ app_begin ] --END-- [ RunTime:0.000487s ]
SQL: SHOW COLUMNS FROM `fh_log_c` [ RunTime:0.0027s ]
SQL: SELECT * FROM `fh_log_c` ORDER BY lc_id desc  [ RunTime:0.0002s ]
INFO: [ view_parse ] --START--
INFO: [ template_filter ] --START--
INFO: Run Behavior\ContentReplaceBehavior [ RunTime:0.000108s ]
INFO: [ template_filter ] --END-- [ RunTime:0.000145s ]
NOTIC: [8] Undefined variable: info E:\fish\Runtime\Cache\Admin\917cc26d860a7b09c64d1b480c5504d1.php 第 33 行.
NOTIC: [8] Undefined variable: index E:\fish\Runtime\Cache\Admin\917cc26d860a7b09c64d1b480c5504d1.php 第 57 行.
NOTIC: [8] Undefined variable: art E:\fish\Runtime\Cache\Admin\917cc26d860a7b09c64d1b480c5504d1.php 第 60 行.
NOTIC: [8] Undefined variable: artlist E:\fish\Runtime\Cache\Admin\917cc26d860a7b09c64d1b480c5504d1.php 第 69 行.
NOTIC: [8] Undefined variable: cat E:\fish\Runtime\Cache\Admin\917cc26d860a7b09c64d1b480c5504d1.php 第 78 行.
NOTIC: [8] Undefined variable: user E:\fish\Runtime\Cache\Admin\917cc26d860a7b09c64d1b480c5504d1.php 第 87 行.
NOTIC: [8] Undefined variable: num E:\fish\Runtime\Cache\Admin\917cc26d860a7b09c64d1b480c5504d1.php 第 116 行.
NOTIC: [8] Undefined index: sc_id E:\fish\Runtime\Cache\Admin\917cc26d860a7b09c64d1b480c5504d1.php 第 141 行.
INFO: Run Behavior\ParseTemplateBehavior [ RunTime:0.009206s ]
INFO: [ view_parse ] --END-- [ RunTime:0.009245s ]
INFO: [ view_filter ] --START--
INFO: Run Behavior\WriteHtmlCacheBehavior [ RunTime:0.000340s ]
INFO: [ view_filter ] --END-- [ RunTime:0.000376s ]
INFO: [ app_end ] --START--
INFO: Run Behavior\ShowPageTraceBehavior [ RunTime:0.000490s ]
INFO: [ app_end ] --END-- [ RunTime:0.000532s ]

[ 2017-11-07T17:56:36+08:00 ] 127.0.0.1 /index.php/Admin/Log/logContentEdit/id/1.html
INFO: [ app_init ] --START--
INFO: Run Behavior\BuildLiteBehavior [ RunTime:0.000009s ]
INFO: [ app_init ] --END-- [ RunTime:0.000286s ]
INFO: [ app_begin ] --START--
INFO: Run Behavior\ReadHtmlCacheBehavior [ RunTime:0.000415s ]
INFO: [ app_begin ] --END-- [ RunTime:0.000456s ]
SQL: SHOW COLUMNS FROM `fh_log_c` [ RunTime:0.0028s ]
SQL: SELECT * FROM `fh_log_c` WHERE `lc_id` = 1 LIMIT 1   [ RunTime:0.0002s ]
INFO: [ view_parse ] --START--
INFO: [ template_filter ] --START--
INFO: Run Behavior\ContentReplaceBehavior [ RunTime:0.000159s ]
INFO: [ template_filter ] --END-- [ RunTime:0.000198s ]
NOTIC: [8] Undefined index: u_name E:\fish\Runtime\Cache\Admin\85d7d1a40d6914bc2d7572aad3fbfd31.php 第 33 行.
NOTIC: [8] Undefined variable: index E:\fish\Runtime\Cache\Admin\85d7d1a40d6914bc2d7572aad3fbfd31.php 第 57 行.
NOTIC: [8] Undefined variable: art E:\fish\Runtime\Cache\Admin\85d7d1a40d6914bc2d7572aad3fbfd31.php 第 60 行.
NOTIC: [8] Undefined variable: artlist E:\fish\Runtime\Cache\Admin\85d7d1a40d6914bc2d7572aad3fbfd31.php 第 69 行.
NOTIC: [8] Undefined variable: cat E:\fish\Runtime\Cache\Admin\85d7d1a40d6914bc2d7572aad3fbfd31.php 第 78 行.
NOTIC: [8] Undefined variable: user E:\fish\Runtime\Cache\Admin\85d7d1a40d6914bc2d7572aad3fbfd31.php 第 87 行.
INFO: Run Behavior\ParseTemplateBehavior [ RunTime:0.008547s ]
INFO: [ view_parse ] --END-- [ RunTime:0.008586s ]
INFO: [ view_filter ] --START--
INFO: Run Behavior\WriteHtmlCacheBehavior [ RunTime:0.000342s ]
INFO: [ view_filter ] --END-- [ RunTime:0.000377s ]
INFO: [ app_end ] --START--
INFO: Run Behavior\ShowPageTraceBehavior [ RunTime:0.000487s ]
INFO: [ app_end ] --END-- [ RunTime:0.000530s ]

[ 2017-11-07T17:57:10+08:00 ] 127.0.0.1 /index.php/Admin/Log/logContentEdit/id/1.html
INFO: [ app_init ] --START--
INFO: Run Behavior\BuildLiteBehavior [ RunTime:0.000012s ]
INFO: [ app_init ] --END-- [ RunTime:0.000303s ]
INFO: [ app_begin ] --START--
INFO: Run Behavior\ReadHtmlCacheBehavior [ RunTime:0.000412s ]
INFO: [ app_begin ] --END-- [ RunTime:0.000453s ]
SQL: SHOW COLUMNS FROM `fh_log_c` [ RunTime:0.0027s ]
SQL: SELECT * FROM `fh_log_c` WHERE `lc_id` = 1 LIMIT 1   [ RunTime:0.0001s ]
INFO: [ view_parse ] --START--
INFO: [ template_filter ] --START--
INFO: Run Behavior\ContentReplaceBehavior [ RunTime:0.000119s ]
INFO: [ template_filter ] --END-- [ RunTime:0.000158s ]
NOTIC: [8] Undefined index: u_name E:\fish\Runtime\Cache\Admin\85d7d1a40d6914bc2d7572aad3fbfd31.php 第 33 行.
NOTIC: [8] Undefined variable: index E:\fish\Runtime\Cache\Admin\85d7d1a40d6914bc2d7572aad3fbfd31.php 第 57 行.
NOTIC: [8] Undefined variable: art E:\fish\Runtime\Cache\Admin\85d7d1a40d6914bc2d7572aad3fbfd31.php 第 60 行.
NOTIC: [8] Undefined variable: artlist E:\fish\Runtime\Cache\Admin\85d7d1a40d6914bc2d7572aad3fbfd31.php 第 69 行.
NOTIC: [8] Undefined variable: cat E:\fish\Runtime\Cache\Admin\85d7d1a40d6914bc2d7572aad3fbfd31.php 第 78 行.
NOTIC: [8] Undefined variable: user E:\fish\Runtime\Cache\Admin\85d7d1a40d6914bc2d7572aad3fbfd31.php 第 87 行.
INFO: Run Behavior\ParseTemplateBehavior [ RunTime:0.008398s ]
INFO: [ view_parse ] --END-- [ RunTime:0.008437s ]
INFO: [ view_filter ] --START--
INFO: Run Behavior\WriteHtmlCacheBehavior [ RunTime:0.000341s ]
INFO: [ view_filter ] --END-- [ RunTime:0.000377s ]
INFO: [ app_end ] --START--
INFO: Run Behavior\ShowPageTraceBehavior [ RunTime:0.000475s ]
INFO: [ app_end ] --END-- [ RunTime:0.000519s ]

[ 2017-11-07T17:57:25+08:00 ] 127.0.0.1 /index.php/Admin/Log/logContentEdit/id/1.html
INFO: [ app_init ] --START--
INFO: Run Behavior\BuildLiteBehavior [ RunTime:0.000010s ]
INFO: [ app_init ] --END-- [ RunTime:0.000311s ]
INFO: [ app_begin ] --START--
INFO: Run Behavior\ReadHtmlCacheBehavior [ RunTime:0.000451s ]
INFO: [ app_begin ] --END-- [ RunTime:0.000493s ]
SQL: SHOW COLUMNS FROM `fh_log_c` [ RunTime:0.0028s ]
SQL: SELECT * FROM `fh_log_c` WHERE `lc_id` = 1 LIMIT 1   [ RunTime:0.0002s ]
INFO: [ view_parse ] --START--
INFO: [ template_filter ] --START--
INFO: Run Behavior\ContentReplaceBehavior [ RunTime:0.000120s ]
INFO: [ template_filter ] --END-- [ RunTime:0.000159s ]
NOTIC: [8] Undefined index: u_name E:\fish\Runtime\Cache\Admin\85d7d1a40d6914bc2d7572aad3fbfd31.php 第 33 行.
NOTIC: [8] Undefined variable: index E:\fish\Runtime\Cache\Admin\85d7d1a40d6914bc2d7572aad3fbfd31.php 第 57 行.
NOTIC: [8] Undefined variable: art E:\fish\Runtime\Cache\Admin\85d7d1a40d6914bc2d7572aad3fbfd31.php 第 60 行.
NOTIC: [8] Undefined variable: artlist E:\fish\Runtime\Cache\Admin\85d7d1a40d6914bc2d7572aad3fbfd31.php 第 69 行.
NOTIC: [8] Undefined variable: cat E:\fish\Runtime\Cache\Admin\85d7d1a40d6914bc2d7572aad3fbfd31.php 第 78 行.
NOTIC: [8] Undefined variable: user E:\fish\Runtime\Cache\Admin\85d7d1a40d6914bc2d7572aad3fbfd31.php 第 87 行.
INFO: Run Behavior\ParseTemplateBehavior [ RunTime:0.009025s ]
INFO: [ view_parse ] --END-- [ RunTime:0.009066s ]
INFO: [ view_filter ] --START--
INFO: Run Behavior\WriteHtmlCacheBehavior [ RunTime:0.000444s ]
INFO: [ view_filter ] --END-- [ RunTime:0.000480s ]
INFO: [ app_end ] --START--
INFO: Run Behavior\ShowPageTraceBehavior [ RunTime:0.000510s ]
INFO: [ app_end ] --END-- [ RunTime:0.000555s ]

[ 2017-11-07T17:57:33+08:00 ] 127.0.0.1 /Admin/Log/logContentList
INFO: [ app_init ] --START--
INFO: Run Behavior\BuildLiteBehavior [ RunTime:0.000010s ]
INFO: [ app_init ] --END-- [ RunTime:0.000315s ]
INFO: [ app_begin ] --START--
INFO: Run Behavior\ReadHtmlCacheBehavior [ RunTime:0.000478s ]
INFO: [ app_begin ] --END-- [ RunTime:0.000523s ]
SQL: SHOW COLUMNS FROM `fh_log_c` [ RunTime:0.0027s ]
SQL: SELECT * FROM `fh_log_c` ORDER BY lc_id desc  [ RunTime:0.0002s ]
INFO: [ view_parse ] --START--
INFO: [ template_filter ] --START--
INFO: Run Behavior\ContentReplaceBehavior [ RunTime:0.000107s ]
INFO: [ template_filter ] --END-- [ RunTime:0.000150s ]
NOTIC: [8] Undefined variable: info E:\fish\Runtime\Cache\Admin\917cc26d860a7b09c64d1b480c5504d1.php 第 33 行.
NOTIC: [8] Undefined variable: index E:\fish\Runtime\Cache\Admin\917cc26d860a7b09c64d1b480c5504d1.php 第 57 行.
NOTIC: [8] Undefined variable: art E:\fish\Runtime\Cache\Admin\917cc26d860a7b09c64d1b480c5504d1.php 第 60 行.
NOTIC: [8] Undefined variable: artlist E:\fish\Runtime\Cache\Admin\917cc26d860a7b09c64d1b480c5504d1.php 第 69 行.
NOTIC: [8] Undefined variable: cat E:\fish\Runtime\Cache\Admin\917cc26d860a7b09c64d1b480c5504d1.php 第 78 行.
NOTIC: [8] Undefined variable: user E:\fish\Runtime\Cache\Admin\917cc26d860a7b09c64d1b480c5504d1.php 第 87 行.
NOTIC: [8] Undefined variable: num E:\fish\Runtime\Cache\Admin\917cc26d860a7b09c64d1b480c5504d1.php 第 116 行.
NOTIC: [8] Undefined index: sc_id E:\fish\Runtime\Cache\Admin\917cc26d860a7b09c64d1b480c5504d1.php 第 141 行.
INFO: Run Behavior\ParseTemplateBehavior [ RunTime:0.009536s ]
INFO: [ view_parse ] --END-- [ RunTime:0.009575s ]
INFO: [ view_filter ] --START--
INFO: Run Behavior\WriteHtmlCacheBehavior [ RunTime:0.000357s ]
INFO: [ view_filter ] --END-- [ RunTime:0.000394s ]
INFO: [ app_end ] --START--
INFO: Run Behavior\ShowPageTraceBehavior [ RunTime:0.000521s ]
INFO: [ app_end ] --END-- [ RunTime:0.000563s ]

