[ 2017-10-31T11:38:27+08:00 ] 127.0.0.1 /Admin/login
INFO: [ app_init ] --START--
INFO: Run Behavior\BuildLiteBehavior [ RunTime:0.000009s ]
INFO: [ app_init ] --END-- [ RunTime:0.000312s ]
INFO: [ app_begin ] --START--
INFO: Run Behavior\ReadHtmlCacheBehavior [ RunTime:0.000424s ]
INFO: [ app_begin ] --END-- [ RunTime:0.000469s ]
INFO: [ view_parse ] --START--
INFO: [ template_filter ] --START--
INFO: Run Behavior\ContentReplaceBehavior [ RunTime:0.000050s ]
INFO: [ template_filter ] --END-- [ RunTime:0.000096s ]
INFO: Run Behavior\ParseTemplateBehavior [ RunTime:0.004777s ]
INFO: [ view_parse ] --END-- [ RunTime:0.004822s ]
INFO: [ view_filter ] --START--
INFO: Run Behavior\WriteHtmlCacheBehavior [ RunTime:0.000236s ]
INFO: [ view_filter ] --END-- [ RunTime:0.000269s ]
INFO: [ app_end ] --START--
INFO: Run Behavior\ShowPageTraceBehavior [ RunTime:0.000398s ]
INFO: [ app_end ] --END-- [ RunTime:0.000434s ]

[ 2017-10-31T11:38:35+08:00 ] 127.0.0.1 /Admin/Login/in
INFO: [ app_init ] --START--
INFO: Run Behavior\BuildLiteBehavior [ RunTime:0.000011s ]
INFO: [ app_init ] --END-- [ RunTime:0.000335s ]
INFO: [ app_begin ] --START--
INFO: Run Behavior\ReadHtmlCacheBehavior [ RunTime:0.000490s ]
INFO: [ app_begin ] --END-- [ RunTime:0.000533s ]
SQL: SHOW COLUMNS FROM `fh_user` [ RunTime:0.0108s ]
SQL: SELECT * FROM `fh_user` WHERE `u_name` = 'admin' LIMIT 1   [ RunTime:0.0002s ]
SQL: UPDATE `fh_user` SET `u_logintime`='1509421115' WHERE `u_id` = null [ RunTime:0.0002s ]
SQL: UPDATE `fh_user` SET `u_num`=u_num+1 WHERE `u_id` = null [ RunTime:0.0002s ]

[ 2017-10-31T11:38:37+08:00 ] 127.0.0.1 /Admin/Index
INFO: [ app_init ] --START--
INFO: Run Behavior\BuildLiteBehavior [ RunTime:0.000010s ]
INFO: [ app_init ] --END-- [ RunTime:0.000309s ]
INFO: [ app_begin ] --START--
INFO: Run Behavior\ReadHtmlCacheBehavior [ RunTime:0.000400s ]
INFO: [ app_begin ] --END-- [ RunTime:0.000441s ]
INFO: [ view_parse ] --START--
INFO: [ template_filter ] --START--
INFO: Run Behavior\ContentReplaceBehavior [ RunTime:0.000138s ]
INFO: [ template_filter ] --END-- [ RunTime:0.000183s ]
NOTIC: [8] Undefined variable: info E:\fish\Runtime\Cache\Admin\6be543cd41def918d87e15996786a60d.php 第 33 行.
NOTIC: [8] Undefined variable: art E:\fish\Runtime\Cache\Admin\6be543cd41def918d87e15996786a60d.php 第 60 行.
NOTIC: [8] Undefined variable: artlist E:\fish\Runtime\Cache\Admin\6be543cd41def918d87e15996786a60d.php 第 67 行.
NOTIC: [8] Undefined variable: cat E:\fish\Runtime\Cache\Admin\6be543cd41def918d87e15996786a60d.php 第 74 行.
NOTIC: [8] Undefined variable: user E:\fish\Runtime\Cache\Admin\6be543cd41def918d87e15996786a60d.php 第 81 行.
INFO: Run Behavior\ParseTemplateBehavior [ RunTime:0.009547s ]
INFO: [ view_parse ] --END-- [ RunTime:0.009606s ]
INFO: [ view_filter ] --START--
INFO: Run Behavior\WriteHtmlCacheBehavior [ RunTime:0.000248s ]
INFO: [ view_filter ] --END-- [ RunTime:0.000282s ]
INFO: [ app_end ] --START--
INFO: Run Behavior\ShowPageTraceBehavior [ RunTime:0.000431s ]
INFO: [ app_end ] --END-- [ RunTime:0.000471s ]

[ 2017-10-31T11:51:02+08:00 ] 127.0.0.1 /Admin/Article/index
INFO: [ app_init ] --START--
INFO: Run Behavior\BuildLiteBehavior [ RunTime:0.000012s ]
INFO: [ app_init ] --END-- [ RunTime:0.000354s ]
INFO: [ app_begin ] --START--
INFO: Run Behavior\ReadHtmlCacheBehavior [ RunTime:0.000627s ]
INFO: [ app_begin ] --END-- [ RunTime:0.000682s ]
SQL: SHOW COLUMNS FROM `fh_cat` [ RunTime:0.0103s ]
SQL: SELECT * FROM `fh_cat` WHERE `c_show` = 0  [ RunTime:0.0002s ]
INFO: [ view_parse ] --START--
INFO: [ template_filter ] --START--
INFO: Run Behavior\ContentReplaceBehavior [ RunTime:0.000179s ]
INFO: [ template_filter ] --END-- [ RunTime:0.000235s ]
NOTIC: [8] Undefined variable: info E:\fish\Runtime\Cache\Admin\ed243359e2cf343f39ae323dcb70f771.php 第 33 行.
NOTIC: [8] Undefined variable: index E:\fish\Runtime\Cache\Admin\ed243359e2cf343f39ae323dcb70f771.php 第 57 行.
NOTIC: [8] Undefined variable: artlist E:\fish\Runtime\Cache\Admin\ed243359e2cf343f39ae323dcb70f771.php 第 67 行.
NOTIC: [8] Undefined variable: cat E:\fish\Runtime\Cache\Admin\ed243359e2cf343f39ae323dcb70f771.php 第 74 行.
NOTIC: [8] Undefined variable: user E:\fish\Runtime\Cache\Admin\ed243359e2cf343f39ae323dcb70f771.php 第 81 行.
NOTIC: [8] Undefined variable: info E:\fish\Runtime\Cache\Admin\ed243359e2cf343f39ae323dcb70f771.php 第 140 行.
NOTIC: [8] Undefined variable: info E:\fish\Runtime\Cache\Admin\ed243359e2cf343f39ae323dcb70f771.php 第 144 行.
NOTIC: [8] Undefined variable: info E:\fish\Runtime\Cache\Admin\ed243359e2cf343f39ae323dcb70f771.php 第 149 行.
NOTIC: [8] Undefined variable: info E:\fish\Runtime\Cache\Admin\ed243359e2cf343f39ae323dcb70f771.php 第 177 行.
NOTIC: [8] Undefined variable: info E:\fish\Runtime\Cache\Admin\ed243359e2cf343f39ae323dcb70f771.php 第 183 行.
NOTIC: [8] Undefined variable: info E:\fish\Runtime\Cache\Admin\ed243359e2cf343f39ae323dcb70f771.php 第 198 行.
NOTIC: [8] Undefined variable: info E:\fish\Runtime\Cache\Admin\ed243359e2cf343f39ae323dcb70f771.php 第 199 行.
NOTIC: [8] Undefined variable: info E:\fish\Runtime\Cache\Admin\ed243359e2cf343f39ae323dcb70f771.php 第 203 行.
NOTIC: [8] Undefined variable: info E:\fish\Runtime\Cache\Admin\ed243359e2cf343f39ae323dcb70f771.php 第 204 行.
INFO: Run Behavior\ParseTemplateBehavior [ RunTime:0.011475s ]
INFO: [ view_parse ] --END-- [ RunTime:0.011524s ]
INFO: [ view_filter ] --START--
INFO: Run Behavior\WriteHtmlCacheBehavior [ RunTime:0.000258s ]
INFO: [ view_filter ] --END-- [ RunTime:0.000292s ]
INFO: [ app_end ] --START--
INFO: Run Behavior\ShowPageTraceBehavior [ RunTime:0.000417s ]
INFO: [ app_end ] --END-- [ RunTime:0.000459s ]

[ 2017-10-31T11:52:29+08:00 ] 127.0.0.1 /Admin/Article/artList
INFO: [ app_init ] --START--
INFO: Run Behavior\BuildLiteBehavior [ RunTime:0.000011s ]
INFO: [ app_init ] --END-- [ RunTime:0.000314s ]
INFO: [ app_begin ] --START--
INFO: Run Behavior\ReadHtmlCacheBehavior [ RunTime:0.000553s ]
INFO: [ app_begin ] --END-- [ RunTime:0.000605s ]
SQL: SHOW COLUMNS FROM `fh_article` [ RunTime:0.0029s ]
SQL: SELECT COUNT(*) AS tp_count FROM `fh_article` WHERE `a_show` = 0 LIMIT 1   [ RunTime:0.0002s ]
SQL: SELECT * FROM `fh_article` ORDER BY a_id desc LIMIT 0,5   [ RunTime:0.0003s ]
INFO: [ view_parse ] --START--
INFO: [ template_filter ] --START--
INFO: Run Behavior\ContentReplaceBehavior [ RunTime:0.000111s ]
INFO: [ template_filter ] --END-- [ RunTime:0.000154s ]
NOTIC: [8] Undefined variable: info E:\fish\Runtime\Cache\Admin\fbc86cfc035c3673480748a2487b8409.php 第 33 行.
NOTIC: [8] Undefined variable: index E:\fish\Runtime\Cache\Admin\fbc86cfc035c3673480748a2487b8409.php 第 57 行.
NOTIC: [8] Undefined variable: art E:\fish\Runtime\Cache\Admin\fbc86cfc035c3673480748a2487b8409.php 第 60 行.
NOTIC: [8] Undefined variable: cat E:\fish\Runtime\Cache\Admin\fbc86cfc035c3673480748a2487b8409.php 第 74 行.
NOTIC: [8] Undefined variable: user E:\fish\Runtime\Cache\Admin\fbc86cfc035c3673480748a2487b8409.php 第 81 行.
NOTIC: [8] Undefined index: c_show E:\fish\Runtime\Cache\Admin\fbc86cfc035c3673480748a2487b8409.php 第 154 行.
NOTIC: [8] Undefined index: c_show E:\fish\Runtime\Cache\Admin\fbc86cfc035c3673480748a2487b8409.php 第 154 行.
INFO: Run Behavior\ParseTemplateBehavior [ RunTime:0.009812s ]
INFO: [ view_parse ] --END-- [ RunTime:0.009853s ]
INFO: [ view_filter ] --START--
INFO: Run Behavior\WriteHtmlCacheBehavior [ RunTime:0.000400s ]
INFO: [ view_filter ] --END-- [ RunTime:0.000436s ]
INFO: [ app_end ] --START--
INFO: Run Behavior\ShowPageTraceBehavior [ RunTime:0.000515s ]
INFO: [ app_end ] --END-- [ RunTime:0.000557s ]

[ 2017-10-31T11:52:32+08:00 ] 127.0.0.1 /index.php/Admin/Article/edit/id/7.html
INFO: [ app_init ] --START--
INFO: Run Behavior\BuildLiteBehavior [ RunTime:0.000010s ]
INFO: [ app_init ] --END-- [ RunTime:0.000367s ]
INFO: [ app_begin ] --START--
INFO: Run Behavior\ReadHtmlCacheBehavior [ RunTime:0.000470s ]
INFO: [ app_begin ] --END-- [ RunTime:0.000515s ]
SQL: SHOW COLUMNS FROM `fh_article` [ RunTime:0.0030s ]
SQL: SELECT * FROM `fh_article` WHERE `a_id` = 7 LIMIT 1   [ RunTime:0.0003s ]
SQL: SHOW COLUMNS FROM `fh_cat` [ RunTime:0.0025s ]
SQL: SELECT * FROM `fh_cat` WHERE `c_show` = 0  [ RunTime:0.0001s ]
INFO: [ view_parse ] --START--
INFO: [ template_filter ] --START--
INFO: Run Behavior\ContentReplaceBehavior [ RunTime:0.000169s ]
INFO: [ template_filter ] --END-- [ RunTime:0.000210s ]
NOTIC: [8] Undefined index: u_name E:\fish\Runtime\Cache\Admin\ed243359e2cf343f39ae323dcb70f771.php 第 33 行.
NOTIC: [8] Undefined variable: index E:\fish\Runtime\Cache\Admin\ed243359e2cf343f39ae323dcb70f771.php 第 57 行.
NOTIC: [8] Undefined variable: artlist E:\fish\Runtime\Cache\Admin\ed243359e2cf343f39ae323dcb70f771.php 第 67 行.
NOTIC: [8] Undefined variable: cat E:\fish\Runtime\Cache\Admin\ed243359e2cf343f39ae323dcb70f771.php 第 74 行.
NOTIC: [8] Undefined variable: user E:\fish\Runtime\Cache\Admin\ed243359e2cf343f39ae323dcb70f771.php 第 81 行.
INFO: Run Behavior\ParseTemplateBehavior [ RunTime:0.010674s ]
INFO: [ view_parse ] --END-- [ RunTime:0.010717s ]
INFO: [ view_filter ] --START--
INFO: Run Behavior\WriteHtmlCacheBehavior [ RunTime:0.000410s ]
INFO: [ view_filter ] --END-- [ RunTime:0.000448s ]
INFO: [ app_end ] --START--
INFO: Run Behavior\ShowPageTraceBehavior [ RunTime:0.000556s ]
INFO: [ app_end ] --END-- [ RunTime:0.000599s ]

[ 2017-10-31T11:52:52+08:00 ] 127.0.0.1 /Admin/Article/index
INFO: [ app_init ] --START--
INFO: Run Behavior\BuildLiteBehavior [ RunTime:0.000010s ]
INFO: [ app_init ] --END-- [ RunTime:0.000307s ]
INFO: [ app_begin ] --START--
INFO: Run Behavior\ReadHtmlCacheBehavior [ RunTime:0.000506s ]
INFO: [ app_begin ] --END-- [ RunTime:0.000552s ]
SQL: SHOW COLUMNS FROM `fh_cat` [ RunTime:0.0027s ]
SQL: SELECT * FROM `fh_cat` WHERE `c_show` = 0  [ RunTime:0.0002s ]
INFO: [ view_parse ] --START--
INFO: [ template_filter ] --START--
INFO: Run Behavior\ContentReplaceBehavior [ RunTime:0.000188s ]
INFO: [ template_filter ] --END-- [ RunTime:0.000228s ]
NOTIC: [8] Undefined variable: info E:\fish\Runtime\Cache\Admin\ed243359e2cf343f39ae323dcb70f771.php 第 33 行.
NOTIC: [8] Undefined variable: index E:\fish\Runtime\Cache\Admin\ed243359e2cf343f39ae323dcb70f771.php 第 57 行.
NOTIC: [8] Undefined variable: artlist E:\fish\Runtime\Cache\Admin\ed243359e2cf343f39ae323dcb70f771.php 第 67 行.
NOTIC: [8] Undefined variable: cat E:\fish\Runtime\Cache\Admin\ed243359e2cf343f39ae323dcb70f771.php 第 74 行.
NOTIC: [8] Undefined variable: user E:\fish\Runtime\Cache\Admin\ed243359e2cf343f39ae323dcb70f771.php 第 81 行.
NOTIC: [8] Undefined variable: info E:\fish\Runtime\Cache\Admin\ed243359e2cf343f39ae323dcb70f771.php 第 140 行.
NOTIC: [8] Undefined variable: info E:\fish\Runtime\Cache\Admin\ed243359e2cf343f39ae323dcb70f771.php 第 144 行.
NOTIC: [8] Undefined variable: info E:\fish\Runtime\Cache\Admin\ed243359e2cf343f39ae323dcb70f771.php 第 149 行.
NOTIC: [8] Undefined variable: info E:\fish\Runtime\Cache\Admin\ed243359e2cf343f39ae323dcb70f771.php 第 177 行.
NOTIC: [8] Undefined variable: info E:\fish\Runtime\Cache\Admin\ed243359e2cf343f39ae323dcb70f771.php 第 183 行.
NOTIC: [8] Undefined variable: info E:\fish\Runtime\Cache\Admin\ed243359e2cf343f39ae323dcb70f771.php 第 198 行.
NOTIC: [8] Undefined variable: info E:\fish\Runtime\Cache\Admin\ed243359e2cf343f39ae323dcb70f771.php 第 199 行.
NOTIC: [8] Undefined variable: info E:\fish\Runtime\Cache\Admin\ed243359e2cf343f39ae323dcb70f771.php 第 203 行.
NOTIC: [8] Undefined variable: info E:\fish\Runtime\Cache\Admin\ed243359e2cf343f39ae323dcb70f771.php 第 204 行.
INFO: Run Behavior\ParseTemplateBehavior [ RunTime:0.010370s ]
INFO: [ view_parse ] --END-- [ RunTime:0.010412s ]
INFO: [ view_filter ] --START--
INFO: Run Behavior\WriteHtmlCacheBehavior [ RunTime:0.000282s ]
INFO: [ view_filter ] --END-- [ RunTime:0.000315s ]
INFO: [ app_end ] --START--
INFO: Run Behavior\ShowPageTraceBehavior [ RunTime:0.000425s ]
INFO: [ app_end ] --END-- [ RunTime:0.000467s ]

[ 2017-10-31T11:57:40+08:00 ] 127.0.0.1 /Admin/Article/add
INFO: [ app_init ] --START--
INFO: Run Behavior\BuildLiteBehavior [ RunTime:0.000011s ]
INFO: [ app_init ] --END-- [ RunTime:0.000344s ]
INFO: [ app_begin ] --START--
INFO: Run Behavior\ReadHtmlCacheBehavior [ RunTime:0.000521s ]
INFO: [ app_begin ] --END-- [ RunTime:0.000577s ]
SQL: SHOW COLUMNS FROM `fh_article` [ RunTime:0.0029s ]
NOTIC: [8] Undefined index: validate E:\fish\ThinkPHP\Library\Think\Model.class.php 第 1185 行.
NOTIC: [8] Undefined index: auto E:\fish\ThinkPHP\Library\Think\Model.class.php 第 1128 行.
SQL: INSERT INTO `fh_article` (`a_name`,`a_content`,`a_desc`,`pid`,`a_keyword`,`a_img`,`a_show`,`a_original`,`a_root`,`a_time`,`a_system`,`a_ip`) VALUES ('曾梦想仗剑走天涯，后来因为bug太多就没去','&lt;p style=&quot;text-indent:2em;&quot;&gt;&amp;nbsp; 曾经梦想仗剑走天涯，可谁曾想，一入IT深似海，曾经梦想赴沧海。总是有写不完的程序，改不完的bug，扯不完的皮。产品一筹莫展的时候最喜欢拉着俺们程序员开会了，乱七八糟的需求理不清的思路，拉着我们扯一会儿皮，问题就迎刃而解啦。&lt;/p&gt;&lt;p style=&quot;text-align:center;text-indent:2em;&quot;&gt;
	&lt;img src=&quot;https://static.yezismile.com/kindeditor/attached/image/20171012/20171012101144_67535.jpg&quot; alt=&quot;&quot;/&gt; &lt;/p&gt;&lt;p style=&quot;text-indent:2em;&quot;&gt;
	别看我大程序员总是不善言辞，木讷呆板，论讲程序逻辑，总是有说不完的话。巴拉巴拉从最初原型讲到了数据库设计，从数据库设计讲到了各个部门联调的每个点，从业务设计讲到了数据架构，一直讲到产品听不懂才肯罢休。每一次调研，每一次开会，每一次沟通，都离不开程序员强大的逻辑思维。&lt;/p&gt;&lt;p style=&quot;text-align:center;text-indent:2em;&quot;&gt;
	&lt;img src=&quot;https://static.yezismile.com/kindeditor/attached/image/20171012/20171012101155_53158.jpg&quot; alt=&quot;&quot;/&gt; &lt;/p&gt;&lt;p style=&quot;text-indent:2em;&quot;&gt;
	可是这些有什么卵用，bug一只一只的从眼前跳过，心里总是有说不出的苦楚。不要问我节假日为啥不出去看世界，对不起，我大把的时间都是用来修复线上的Bug。谁得热点评论那么多，谁得粉丝多得崩了库。谁的文章发不了，谁的动态没了影。电话响个不停，一直催促着bug，bug，快点改。每到夜深人静的时候，我就翻开儿时写得那个小本本，本子上记录着长大了我要浪迹天涯。可是长大了，身边唯一陪伴得一只只bug，看世界的机会就留给我的代码去看吧，我的心中只有代码。&lt;/p&gt;&lt;p style=&quot;text-align:center;text-indent:2em;&quot;&gt;
	&lt;img src=&quot;https://static.yezismile.com/kindeditor/attached/image/20171012/20171012101205_89979.jpg&quot; alt=&quot;&quot;/&gt;&lt;/p&gt;&lt;p&gt;&lt;br/&gt;&lt;/p&gt;','曾梦想仗剑走天涯，后来因为bug太多就没去','3','闲言,碎语,闲言碎语','/Uploads/image/20171031/1509422250646466.jpg','0','1','','1509422260','Win 7','127.0.0.1') [ RunTime:0.0101s ]

[ 2017-10-31T11:57:42+08:00 ] 127.0.0.1 /Admin/Article/artList
INFO: [ app_init ] --START--
INFO: Run Behavior\BuildLiteBehavior [ RunTime:0.000010s ]
INFO: [ app_init ] --END-- [ RunTime:0.000335s ]
INFO: [ app_begin ] --START--
INFO: Run Behavior\ReadHtmlCacheBehavior [ RunTime:0.000518s ]
INFO: [ app_begin ] --END-- [ RunTime:0.000578s ]
SQL: SHOW COLUMNS FROM `fh_article` [ RunTime:0.0027s ]
SQL: SELECT COUNT(*) AS tp_count FROM `fh_article` WHERE `a_show` = 0 LIMIT 1   [ RunTime:0.0002s ]
SQL: SELECT * FROM `fh_article` ORDER BY a_id desc LIMIT 0,5   [ RunTime:0.0003s ]
INFO: [ view_parse ] --START--
INFO: [ template_filter ] --START--
INFO: Run Behavior\ContentReplaceBehavior [ RunTime:0.000110s ]
INFO: [ template_filter ] --END-- [ RunTime:0.000150s ]
NOTIC: [8] Undefined variable: info E:\fish\Runtime\Cache\Admin\fbc86cfc035c3673480748a2487b8409.php 第 33 行.
NOTIC: [8] Undefined variable: index E:\fish\Runtime\Cache\Admin\fbc86cfc035c3673480748a2487b8409.php 第 57 行.
NOTIC: [8] Undefined variable: art E:\fish\Runtime\Cache\Admin\fbc86cfc035c3673480748a2487b8409.php 第 60 行.
NOTIC: [8] Undefined variable: cat E:\fish\Runtime\Cache\Admin\fbc86cfc035c3673480748a2487b8409.php 第 74 行.
NOTIC: [8] Undefined variable: user E:\fish\Runtime\Cache\Admin\fbc86cfc035c3673480748a2487b8409.php 第 81 行.
NOTIC: [8] Undefined index: c_show E:\fish\Runtime\Cache\Admin\fbc86cfc035c3673480748a2487b8409.php 第 154 行.
NOTIC: [8] Undefined index: c_show E:\fish\Runtime\Cache\Admin\fbc86cfc035c3673480748a2487b8409.php 第 154 行.
NOTIC: [8] Undefined index: c_show E:\fish\Runtime\Cache\Admin\fbc86cfc035c3673480748a2487b8409.php 第 154 行.
INFO: Run Behavior\ParseTemplateBehavior [ RunTime:0.008965s ]
INFO: [ view_parse ] --END-- [ RunTime:0.009015s ]
INFO: [ view_filter ] --START--
INFO: Run Behavior\WriteHtmlCacheBehavior [ RunTime:0.000374s ]
INFO: [ view_filter ] --END-- [ RunTime:0.000410s ]
INFO: [ app_end ] --START--
INFO: Run Behavior\ShowPageTraceBehavior [ RunTime:0.000434s ]
INFO: [ app_end ] --END-- [ RunTime:0.000476s ]

[ 2017-10-31T11:58:12+08:00 ] 127.0.0.1 /index.php/Admin/Article/edit/id/8.html
INFO: [ app_init ] --START--
INFO: Run Behavior\BuildLiteBehavior [ RunTime:0.000011s ]
INFO: [ app_init ] --END-- [ RunTime:0.000322s ]
INFO: [ app_begin ] --START--
INFO: Run Behavior\ReadHtmlCacheBehavior [ RunTime:0.000519s ]
INFO: [ app_begin ] --END-- [ RunTime:0.000568s ]
SQL: SHOW COLUMNS FROM `fh_article` [ RunTime:0.0029s ]
SQL: SELECT * FROM `fh_article` WHERE `a_id` = 8 LIMIT 1   [ RunTime:0.0003s ]
SQL: SHOW COLUMNS FROM `fh_cat` [ RunTime:0.0116s ]
SQL: SELECT * FROM `fh_cat` WHERE `c_show` = 0  [ RunTime:0.0001s ]
INFO: [ view_parse ] --START--
INFO: [ template_filter ] --START--
INFO: Run Behavior\ContentReplaceBehavior [ RunTime:0.000178s ]
INFO: [ template_filter ] --END-- [ RunTime:0.000232s ]
NOTIC: [8] Undefined index: u_name E:\fish\Runtime\Cache\Admin\ed243359e2cf343f39ae323dcb70f771.php 第 33 行.
NOTIC: [8] Undefined variable: index E:\fish\Runtime\Cache\Admin\ed243359e2cf343f39ae323dcb70f771.php 第 57 行.
NOTIC: [8] Undefined variable: artlist E:\fish\Runtime\Cache\Admin\ed243359e2cf343f39ae323dcb70f771.php 第 67 行.
NOTIC: [8] Undefined variable: cat E:\fish\Runtime\Cache\Admin\ed243359e2cf343f39ae323dcb70f771.php 第 74 行.
NOTIC: [8] Undefined variable: user E:\fish\Runtime\Cache\Admin\ed243359e2cf343f39ae323dcb70f771.php 第 81 行.
INFO: Run Behavior\ParseTemplateBehavior [ RunTime:0.010901s ]
INFO: [ view_parse ] --END-- [ RunTime:0.010946s ]
INFO: [ view_filter ] --START--
INFO: Run Behavior\WriteHtmlCacheBehavior [ RunTime:0.000352s ]
INFO: [ view_filter ] --END-- [ RunTime:0.000391s ]
INFO: [ app_end ] --START--
INFO: Run Behavior\ShowPageTraceBehavior [ RunTime:0.000467s ]
INFO: [ app_end ] --END-- [ RunTime:0.000509s ]

[ 2017-10-31T11:58:20+08:00 ] 127.0.0.1 /Admin/Article/artList
INFO: [ app_init ] --START--
INFO: Run Behavior\BuildLiteBehavior [ RunTime:0.000015s ]
INFO: [ app_init ] --END-- [ RunTime:0.000370s ]
INFO: [ app_begin ] --START--
INFO: Run Behavior\ReadHtmlCacheBehavior [ RunTime:0.000508s ]
INFO: [ app_begin ] --END-- [ RunTime:0.000564s ]
SQL: SHOW COLUMNS FROM `fh_article` [ RunTime:0.0028s ]
SQL: SELECT COUNT(*) AS tp_count FROM `fh_article` WHERE `a_show` = 0 LIMIT 1   [ RunTime:0.0001s ]
SQL: SELECT * FROM `fh_article` ORDER BY a_id desc LIMIT 0,5   [ RunTime:0.0002s ]
INFO: [ view_parse ] --START--
INFO: [ template_filter ] --START--
INFO: Run Behavior\ContentReplaceBehavior [ RunTime:0.000111s ]
INFO: [ template_filter ] --END-- [ RunTime:0.000153s ]
NOTIC: [8] Undefined variable: info E:\fish\Runtime\Cache\Admin\fbc86cfc035c3673480748a2487b8409.php 第 33 行.
NOTIC: [8] Undefined variable: index E:\fish\Runtime\Cache\Admin\fbc86cfc035c3673480748a2487b8409.php 第 57 行.
NOTIC: [8] Undefined variable: art E:\fish\Runtime\Cache\Admin\fbc86cfc035c3673480748a2487b8409.php 第 60 行.
NOTIC: [8] Undefined variable: cat E:\fish\Runtime\Cache\Admin\fbc86cfc035c3673480748a2487b8409.php 第 74 行.
NOTIC: [8] Undefined variable: user E:\fish\Runtime\Cache\Admin\fbc86cfc035c3673480748a2487b8409.php 第 81 行.
NOTIC: [8] Undefined index: c_show E:\fish\Runtime\Cache\Admin\fbc86cfc035c3673480748a2487b8409.php 第 154 行.
NOTIC: [8] Undefined index: c_show E:\fish\Runtime\Cache\Admin\fbc86cfc035c3673480748a2487b8409.php 第 154 行.
NOTIC: [8] Undefined index: c_show E:\fish\Runtime\Cache\Admin\fbc86cfc035c3673480748a2487b8409.php 第 154 行.
INFO: Run Behavior\ParseTemplateBehavior [ RunTime:0.008871s ]
INFO: [ view_parse ] --END-- [ RunTime:0.008919s ]
INFO: [ view_filter ] --START--
INFO: Run Behavior\WriteHtmlCacheBehavior [ RunTime:0.000341s ]
INFO: [ view_filter ] --END-- [ RunTime:0.000379s ]
INFO: [ app_end ] --START--
INFO: Run Behavior\ShowPageTraceBehavior [ RunTime:0.000392s ]
INFO: [ app_end ] --END-- [ RunTime:0.000436s ]

[ 2017-10-31T11:58:23+08:00 ] 127.0.0.1 /index.php/Admin/Article/edit/id/7.html
INFO: [ app_init ] --START--
INFO: Run Behavior\BuildLiteBehavior [ RunTime:0.000011s ]
INFO: [ app_init ] --END-- [ RunTime:0.000296s ]
INFO: [ app_begin ] --START--
INFO: Run Behavior\ReadHtmlCacheBehavior [ RunTime:0.000719s ]
INFO: [ app_begin ] --END-- [ RunTime:0.000776s ]
SQL: SHOW COLUMNS FROM `fh_article` [ RunTime:0.0028s ]
SQL: SELECT * FROM `fh_article` WHERE `a_id` = 7 LIMIT 1   [ RunTime:0.0003s ]
SQL: SHOW COLUMNS FROM `fh_cat` [ RunTime:0.0024s ]
SQL: SELECT * FROM `fh_cat` WHERE `c_show` = 0  [ RunTime:0.0001s ]
INFO: [ view_parse ] --START--
INFO: [ template_filter ] --START--
INFO: Run Behavior\ContentReplaceBehavior [ RunTime:0.000214s ]
INFO: [ template_filter ] --END-- [ RunTime:0.000255s ]
NOTIC: [8] Undefined index: u_name E:\fish\Runtime\Cache\Admin\ed243359e2cf343f39ae323dcb70f771.php 第 33 行.
NOTIC: [8] Undefined variable: index E:\fish\Runtime\Cache\Admin\ed243359e2cf343f39ae323dcb70f771.php 第 57 行.
NOTIC: [8] Undefined variable: artlist E:\fish\Runtime\Cache\Admin\ed243359e2cf343f39ae323dcb70f771.php 第 67 行.
NOTIC: [8] Undefined variable: cat E:\fish\Runtime\Cache\Admin\ed243359e2cf343f39ae323dcb70f771.php 第 74 行.
NOTIC: [8] Undefined variable: user E:\fish\Runtime\Cache\Admin\ed243359e2cf343f39ae323dcb70f771.php 第 81 行.
INFO: Run Behavior\ParseTemplateBehavior [ RunTime:0.010994s ]
INFO: [ view_parse ] --END-- [ RunTime:0.011039s ]
INFO: [ view_filter ] --START--
INFO: Run Behavior\WriteHtmlCacheBehavior [ RunTime:0.000298s ]
INFO: [ view_filter ] --END-- [ RunTime:0.000336s ]
INFO: [ app_end ] --START--
INFO: Run Behavior\ShowPageTraceBehavior [ RunTime:0.000415s ]
INFO: [ app_end ] --END-- [ RunTime:0.000457s ]

[ 2017-10-31T11:58:29+08:00 ] 127.0.0.1 /Admin/Article/modify
INFO: [ app_init ] --START--
INFO: Run Behavior\BuildLiteBehavior [ RunTime:0.000010s ]
INFO: [ app_init ] --END-- [ RunTime:0.000353s ]
INFO: [ app_begin ] --START--
INFO: Run Behavior\ReadHtmlCacheBehavior [ RunTime:0.000477s ]
INFO: [ app_begin ] --END-- [ RunTime:0.000518s ]
SQL: SHOW COLUMNS FROM `fh_article` [ RunTime:0.0029s ]
NOTIC: [8] Undefined index: validate E:\fish\ThinkPHP\Library\Think\Model.class.php 第 1185 行.
NOTIC: [8] Undefined index: auto E:\fish\ThinkPHP\Library\Think\Model.class.php 第 1128 行.
SQL: UPDATE `fh_article` SET `a_name`='2015年年度网络流行语，你肯定都说过~',`a_content`='&lt;p style=&quot;white-space: normal;&quot;&gt;&amp;nbsp; &amp;nbsp; &amp;nbsp; &amp;nbsp; &amp;nbsp;每年的年度流行语都体现了网友“城会玩”的一面，更重要的是网络流行语也给了大家一种新的吐槽方式。转眼之间2015年已经接近尾声了，那么今年的十大流行语到底是哪些呢？&lt;br/&gt;&lt;/p&gt;&lt;blockquote style=&quot;white-space: normal;&quot;&gt;&lt;p&gt;上交给国家&lt;/p&gt;&lt;/blockquote&gt;&lt;p style=&quot;white-space: normal; text-align: center;&quot;&gt;&lt;img src=&quot;/Uploads/image/20171027/1509074546476490.jpg&quot; title=&quot;1450244360958620.jpg&quot; alt=&quot;1.jpg&quot;/&gt;&lt;/p&gt;&lt;p style=&quot;white-space: normal;&quot;&gt;“上交给国家”出自于《盗墓笔记》电视剧版中男主角吴邪的台词。原本应该是“盗墓”主角的吴邪，却口口声声要将所有看到的文物“上交国家”。&lt;/p&gt;&lt;p style=&quot;white-space: normal; text-align: center;&quot;&gt;&lt;img src=&quot;/Uploads/image/20171027/1509074546121345.jpg&quot; title=&quot;1450244387184474.jpg&quot; alt=&quot;2.jpg&quot;/&gt;&lt;/p&gt;&lt;p style=&quot;white-space: normal;&quot;&gt;于是从开篇的牛头到随后出现的藏宝图，都逃脱不了“上交国家”的命运，由于这句话有悖于南派三叔原著中的情节和盗墓精神，&lt;/p&gt;&lt;p style=&quot;white-space: normal; text-align: center;&quot;&gt;&lt;img src=&quot;/Uploads/image/20171027/1509074546644314.jpg&quot; title=&quot;1450244421291364.jpg&quot; alt=&quot;3.jpg&quot;/&gt;&lt;/p&gt;&lt;p style=&quot;white-space: normal;&quot;&gt;&lt;br/&gt;&lt;/p&gt;&lt;p style=&quot;white-space: normal;&quot;&gt;所以引发原著粉和看剧党的大规模的吐槽，此句也由此流行起来啦~&lt;/p&gt;&lt;blockquote style=&quot;white-space: normal;&quot;&gt;&lt;p&gt;我的内心几乎是崩溃的&lt;/p&gt;&lt;/blockquote&gt;&lt;p style=&quot;white-space: normal; text-align: center;&quot;&gt;&lt;img src=&quot;/Uploads/image/20171027/1509074546768504.jpg&quot; title=&quot;1450244486324047.jpg&quot; alt=&quot;4.jpg&quot;/&gt;&lt;/p&gt;&lt;p style=&quot;white-space: normal;&quot;&gt;&lt;br/&gt;&lt;/p&gt;&lt;p style=&quot;white-space: normal;&quot;&gt;2014年12月前后，90后漫画作者陈安妮以真实经历创作的《对不起，我只过1%生活》的漫画在网络上走红。后来支付宝用此来嘲讽WP用户选择百分之一的生活，结果遭WP用户反击“支付婊”。&lt;/p&gt;&lt;p style=&quot;white-space: normal; text-align: center;&quot;&gt;&lt;img src=&quot;/Uploads/image/20171027/1509074546162229.jpg&quot; title=&quot;1450244521831363.jpg&quot; alt=&quot;5.jpg&quot;/&gt;&lt;/p&gt;&lt;p style=&quot;white-space: normal;&quot;&gt;吓得支付宝马上发招聘信息招WP工程师了......&lt;/p&gt;&lt;blockquote style=&quot;white-space: normal;&quot;&gt;&lt;p&gt;吓死宝宝了&lt;/p&gt;&lt;/blockquote&gt;&lt;p style=&quot;white-space: normal; text-align: center;&quot;&gt;&lt;img src=&quot;/Uploads/image/20171027/1509074546135631.jpg&quot; title=&quot;1450244561814536.jpg&quot; alt=&quot;6.jpg&quot;/&gt;&lt;/p&gt;&lt;p style=&quot;white-space: normal;&quot;&gt;有人说是奔跑吧兄弟中王宝强说的吓死宝宝了……&lt;/p&gt;&lt;p style=&quot;white-space: normal;&quot;&gt;也有人说是一位叫“宝宝”的LOL女主播先说出来的，她在主持中，现场抽奖，让画面随机选人头像，突然有一个很黑很肥的胖子出现在画面，然后她就说了句：“吓死宝宝了”之后这句话就被很多人用了！&lt;/p&gt;&lt;p style=&quot;white-space: normal; text-align: center;&quot;&gt;&lt;img src=&quot;/Uploads/image/20171027/1509074546663248.jpg&quot; title=&quot;1450244587929410.jpg&quot; alt=&quot;7.jpg&quot;/&gt;&lt;/p&gt;&lt;p style=&quot;white-space: normal;&quot;&gt;还有人说这句话本身是网上本就很流行的一句“吓死爹了”，是后来被网友改编成“吓死宝宝了”&lt;/p&gt;&lt;blockquote style=&quot;white-space: normal;&quot;&gt;&lt;p&gt;狗带“godie”&lt;br/&gt;&lt;/p&gt;&lt;/blockquote&gt;&lt;p style=&quot;white-space: normal; text-align: center;&quot;&gt;&lt;img src=&quot;/Uploads/image/20171027/1509074546465216.jpg&quot; title=&quot;1450244665902921.jpg&quot; alt=&quot;8.jpg&quot;/&gt;&lt;/p&gt;&lt;p style=&quot;white-space: normal;&quot;&gt;“狗带”是“go die”的谐音，源自中国艺人黄子韬在一次演唱会上表演的灵魂Rap。&lt;br/&gt;&lt;/p&gt;&lt;p style=&quot;white-space: normal;&quot;&gt;被《暴走大事件》挖出后让广大网友玩坏~&lt;/p&gt;&lt;blockquote style=&quot;white-space: normal;&quot;&gt;&lt;p&gt;你们城里人真会玩&lt;br/&gt;&lt;/p&gt;&lt;/blockquote&gt;&lt;p style=&quot;white-space: normal; text-align: center;&quot;&gt;&lt;img src=&quot;/Uploads/image/20171027/1509074546113126.jpg&quot; title=&quot;1450244693928574.jpg&quot; alt=&quot;9.jpg&quot;/&gt;&lt;/p&gt;&lt;p style=&quot;white-space: normal;&quot;&gt;&amp;nbsp;&lt;br/&gt;&lt;/p&gt;&lt;p style=&quot;white-space: normal;&quot;&gt;早些时候，前EXO成员吴亦凡在上海某所大学拍摄电影，结果有人假扮吴亦凡让那些狗仔以为是吴亦凡本人，并且狗仔把照片上传到微博上，然后才发现并不是吴亦凡本人，之后就出来了这句你们城里人真会玩。&lt;/p&gt;&lt;blockquote style=&quot;white-space: normal;&quot;&gt;&lt;p&gt;然并卵&lt;/p&gt;&lt;/blockquote&gt;&lt;p style=&quot;white-space: normal; text-align: center;&quot;&gt;&lt;img src=&quot;/Uploads/image/20171027/1509074546518748.jpg&quot; title=&quot;1450244721672642.jpg&quot; alt=&quot;10.jpg&quot;/&gt;&amp;nbsp;&lt;/p&gt;&lt;p style=&quot;white-space: normal;&quot;&gt;这个词最早来自于某地方言，&lt;/p&gt;&lt;p style=&quot;white-space: normal; text-align: center;&quot;&gt;&lt;img src=&quot;/Uploads/image/20171027/1509074546671166.jpg&quot; title=&quot;1450244740586945.jpg&quot; alt=&quot;11.jpg&quot;/&gt;&lt;/p&gt;&lt;p style=&quot;white-space: normal;&quot;&gt;之后被《暴走大事件》里的张全蛋采用，凭借一个《质检leader张全蛋怒揭电视机行业内幕》让这个词迅速走红。&lt;/p&gt;&lt;blockquote style=&quot;white-space: normal;&quot;&gt;&lt;p&gt;我单方面宣布&lt;/p&gt;&lt;/blockquote&gt;&lt;p style=&quot;white-space: normal; text-align: center;&quot;&gt;&lt;img src=&quot;/Uploads/image/20171027/1509074546415299.jpg&quot; title=&quot;1450244767183222.jpg&quot; alt=&quot;12.jpg&quot;/&gt;&lt;/p&gt;&lt;p style=&quot;white-space: normal;&quot;&gt;一名女孩在观看NBA球赛时发现梅西就坐在起身后，她掩饰不住自己的兴奋，鼓起勇气要求与梅西合影，梅西答应了她的要求。之后女孩在自己的推特上宣布她将在2015年6月单方面与梅西结婚。之后也是没有逃脱广大网友的跟风恶搞，&lt;br/&gt;&lt;/p&gt;&lt;p style=&quot;white-space: normal;&quot;&gt;由此成为了网络流行用语......&lt;/p&gt;&lt;blockquote style=&quot;white-space: normal;&quot;&gt;&lt;p&gt;重要的事情说三遍&lt;br/&gt;&lt;/p&gt;&lt;/blockquote&gt;&lt;p style=&quot;white-space: normal; text-align: center;&quot;&gt;&lt;img src=&quot;/Uploads/image/20171027/1509074546648962.jpg&quot; title=&quot;1450244787146843.jpg&quot; alt=&quot;13.jpg&quot;/&gt;&lt;/p&gt;&lt;p style=&quot;white-space: normal;&quot;&gt;出自动漫《潜行吧，奈亚子》用法：记得说三遍，说三遍，说三遍就好了，会有神奇的效果发生。其实我觉得这应该是出自骆宾王的《咏鹅》，“鹅，鹅，鹅”重要的事说三遍！！！&lt;br/&gt;&lt;/p&gt;&lt;blockquote style=&quot;white-space: normal;&quot;&gt;&lt;p&gt;世界那么大&lt;br/&gt;&lt;/p&gt;&lt;/blockquote&gt;&lt;p style=&quot;white-space: normal; text-align: center;&quot;&gt;&lt;img src=&quot;/Uploads/image/20171027/1509074546116835.jpg&quot; title=&quot;1450244810276411.jpg&quot; alt=&quot;14.jpg&quot;/&gt;&lt;/p&gt;&lt;p style=&quot;white-space: normal;&quot;&gt;“世界那么大，我想去看看”来源于郑州实验中学一位老师的最具情怀的辞职信，&lt;br/&gt;&lt;/p&gt;&lt;p style=&quot;white-space: normal;&quot;&gt;不久后该老师微博声称自己决定裸婚，过上幸福的生活~&lt;/p&gt;&lt;blockquote style=&quot;white-space: normal;&quot;&gt;&lt;p&gt;哔了狗了&lt;br/&gt;&lt;/p&gt;&lt;/blockquote&gt;&lt;p style=&quot;white-space: normal; text-align: center;&quot;&gt;&lt;img src=&quot;/Uploads/image/20171027/1509074546315552.jpg&quot; title=&quot;1450244835756835.jpg&quot; alt=&quot;15.jpg&quot;/&gt;&lt;/p&gt;&lt;p style=&quot;white-space: normal;&quot;&gt;《暴走大事件》张全蛋在吐槽进口马桶圈时说的一句话。本来是一句R了狗了，由于说成R了狗了也会被后期哔音和谐。&lt;br/&gt;&lt;/p&gt;&lt;p style=&quot;white-space: normal;&quot;&gt;所以他就干脆说成了哔了狗了~&lt;/p&gt;&lt;p style=&quot;white-space: normal; text-align: center;&quot;&gt;&lt;img src=&quot;/Uploads/image/20171027/1509074546266237.jpg&quot; title=&quot;1450244856399730.jpg&quot; alt=&quot;16.jpg&quot;/&gt;&lt;/p&gt;&lt;p style=&quot;white-space: normal;&quot;&gt;以上就是2015年年度流行语啦，作为一名新潮的暴走小伙伴你是不是早就有听过啦？最后感谢一下度娘提供的帮助哦~按照每年的惯例，这些网络流行语我们就等着春晚见吧~&lt;/p&gt;&lt;p&gt;&lt;br/&gt;&lt;/p&gt;',`a_desc`='每年的年度流行语都体现了网友“城会玩”的一面，更重要的是网络流行语也给了大家一种新的吐槽方式。转眼之间2015年已经接近尾声了，那么今年
的十大流行语到底是哪些呢？',`pid`='1',`a_keyword`='学习笔记',`a_img`='/Uploads/image/20171027/1509074634435137.png',`a_show`='0',`a_original`='1',`a_root`='',`a_time`='1509422309',`a_system`='Win 7',`a_ip`='127.0.0.1' WHERE `a_id` = 7 [ RunTime:0.0104s ]

[ 2017-10-31T11:58:32+08:00 ] 127.0.0.1 /Admin/Article/artList
INFO: [ app_init ] --START--
INFO: Run Behavior\BuildLiteBehavior [ RunTime:0.000009s ]
INFO: [ app_init ] --END-- [ RunTime:0.000298s ]
INFO: [ app_begin ] --START--
INFO: Run Behavior\ReadHtmlCacheBehavior [ RunTime:0.000426s ]
INFO: [ app_begin ] --END-- [ RunTime:0.000469s ]
SQL: SHOW COLUMNS FROM `fh_article` [ RunTime:0.0030s ]
SQL: SELECT COUNT(*) AS tp_count FROM `fh_article` WHERE `a_show` = 0 LIMIT 1   [ RunTime:0.0002s ]
SQL: SELECT * FROM `fh_article` ORDER BY a_id desc LIMIT 0,5   [ RunTime:0.0003s ]
INFO: [ view_parse ] --START--
INFO: [ template_filter ] --START--
INFO: Run Behavior\ContentReplaceBehavior [ RunTime:0.000115s ]
INFO: [ template_filter ] --END-- [ RunTime:0.000162s ]
NOTIC: [8] Undefined variable: info E:\fish\Runtime\Cache\Admin\fbc86cfc035c3673480748a2487b8409.php 第 33 行.
NOTIC: [8] Undefined variable: index E:\fish\Runtime\Cache\Admin\fbc86cfc035c3673480748a2487b8409.php 第 57 行.
NOTIC: [8] Undefined variable: art E:\fish\Runtime\Cache\Admin\fbc86cfc035c3673480748a2487b8409.php 第 60 行.
NOTIC: [8] Undefined variable: cat E:\fish\Runtime\Cache\Admin\fbc86cfc035c3673480748a2487b8409.php 第 74 行.
NOTIC: [8] Undefined variable: user E:\fish\Runtime\Cache\Admin\fbc86cfc035c3673480748a2487b8409.php 第 81 行.
NOTIC: [8] Undefined index: c_show E:\fish\Runtime\Cache\Admin\fbc86cfc035c3673480748a2487b8409.php 第 154 行.
NOTIC: [8] Undefined index: c_show E:\fish\Runtime\Cache\Admin\fbc86cfc035c3673480748a2487b8409.php 第 154 行.
NOTIC: [8] Undefined index: c_show E:\fish\Runtime\Cache\Admin\fbc86cfc035c3673480748a2487b8409.php 第 154 行.
INFO: Run Behavior\ParseTemplateBehavior [ RunTime:0.008872s ]
INFO: [ view_parse ] --END-- [ RunTime:0.008921s ]
INFO: [ view_filter ] --START--
INFO: Run Behavior\WriteHtmlCacheBehavior [ RunTime:0.000318s ]
INFO: [ view_filter ] --END-- [ RunTime:0.000356s ]
INFO: [ app_end ] --START--
INFO: Run Behavior\ShowPageTraceBehavior [ RunTime:0.000387s ]
INFO: [ app_end ] --END-- [ RunTime:0.000430s ]

[ 2017-10-31T11:58:35+08:00 ] 127.0.0.1 /index.php/Admin/Article/edit/id/6.html
INFO: [ app_init ] --START--
INFO: Run Behavior\BuildLiteBehavior [ RunTime:0.000012s ]
INFO: [ app_init ] --END-- [ RunTime:0.000336s ]
INFO: [ app_begin ] --START--
INFO: Run Behavior\ReadHtmlCacheBehavior [ RunTime:0.000494s ]
INFO: [ app_begin ] --END-- [ RunTime:0.000540s ]
SQL: SHOW COLUMNS FROM `fh_article` [ RunTime:0.0028s ]
SQL: SELECT * FROM `fh_article` WHERE `a_id` = 6 LIMIT 1   [ RunTime:0.0002s ]
SQL: SHOW COLUMNS FROM `fh_cat` [ RunTime:0.0026s ]
SQL: SELECT * FROM `fh_cat` WHERE `c_show` = 0  [ RunTime:0.0001s ]
INFO: [ view_parse ] --START--
INFO: [ template_filter ] --START--
INFO: Run Behavior\ContentReplaceBehavior [ RunTime:0.000168s ]
INFO: [ template_filter ] --END-- [ RunTime:0.000209s ]
NOTIC: [8] Undefined index: u_name E:\fish\Runtime\Cache\Admin\ed243359e2cf343f39ae323dcb70f771.php 第 33 行.
NOTIC: [8] Undefined variable: index E:\fish\Runtime\Cache\Admin\ed243359e2cf343f39ae323dcb70f771.php 第 57 行.
NOTIC: [8] Undefined variable: artlist E:\fish\Runtime\Cache\Admin\ed243359e2cf343f39ae323dcb70f771.php 第 67 行.
NOTIC: [8] Undefined variable: cat E:\fish\Runtime\Cache\Admin\ed243359e2cf343f39ae323dcb70f771.php 第 74 行.
NOTIC: [8] Undefined variable: user E:\fish\Runtime\Cache\Admin\ed243359e2cf343f39ae323dcb70f771.php 第 81 行.
INFO: Run Behavior\ParseTemplateBehavior [ RunTime:0.010133s ]
INFO: [ view_parse ] --END-- [ RunTime:0.010173s ]
INFO: [ view_filter ] --START--
INFO: Run Behavior\WriteHtmlCacheBehavior [ RunTime:0.000356s ]
INFO: [ view_filter ] --END-- [ RunTime:0.000393s ]
INFO: [ app_end ] --START--
INFO: Run Behavior\ShowPageTraceBehavior [ RunTime:0.000384s ]
INFO: [ app_end ] --END-- [ RunTime:0.000424s ]

[ 2017-10-31T11:58:41+08:00 ] 127.0.0.1 /Admin/Article/modify
INFO: [ app_init ] --START--
INFO: Run Behavior\BuildLiteBehavior [ RunTime:0.000010s ]
INFO: [ app_init ] --END-- [ RunTime:0.000293s ]
INFO: [ app_begin ] --START--
INFO: Run Behavior\ReadHtmlCacheBehavior [ RunTime:0.000414s ]
INFO: [ app_begin ] --END-- [ RunTime:0.000453s ]
SQL: SHOW COLUMNS FROM `fh_article` [ RunTime:0.0029s ]
NOTIC: [8] Undefined index: validate E:\fish\ThinkPHP\Library\Think\Model.class.php 第 1185 行.
NOTIC: [8] Undefined index: auto E:\fish\ThinkPHP\Library\Think\Model.class.php 第 1128 行.
SQL: UPDATE `fh_article` SET `a_name`='新文章',`a_content`='&lt;p&gt;&amp;nbsp; &amp;nbsp; &amp;nbsp; &amp;nbsp; &amp;nbsp;发布新文章&lt;/p&gt;',`a_desc`='第一次使用thinkphp发布新文章',`pid`='1',`a_keyword`='学习',`a_img`='/Uploads/image/20171027/1509074489227982.png',`a_show`='0',`a_original`='1',`a_root`='',`a_time`='1509422321',`a_system`='Win 7',`a_ip`='127.0.0.1' WHERE `a_id` = 6 [ RunTime:0.0099s ]

[ 2017-10-31T11:58:44+08:00 ] 127.0.0.1 /Admin/Article/artList
INFO: [ app_init ] --START--
INFO: Run Behavior\BuildLiteBehavior [ RunTime:0.000011s ]
INFO: [ app_init ] --END-- [ RunTime:0.000312s ]
INFO: [ app_begin ] --START--
INFO: Run Behavior\ReadHtmlCacheBehavior [ RunTime:0.000439s ]
INFO: [ app_begin ] --END-- [ RunTime:0.000481s ]
SQL: SHOW COLUMNS FROM `fh_article` [ RunTime:0.0027s ]
SQL: SELECT COUNT(*) AS tp_count FROM `fh_article` WHERE `a_show` = 0 LIMIT 1   [ RunTime:0.0002s ]
SQL: SELECT * FROM `fh_article` ORDER BY a_id desc LIMIT 0,5   [ RunTime:0.0003s ]
INFO: [ view_parse ] --START--
INFO: [ template_filter ] --START--
INFO: Run Behavior\ContentReplaceBehavior [ RunTime:0.000109s ]
INFO: [ template_filter ] --END-- [ RunTime:0.000148s ]
NOTIC: [8] Undefined variable: info E:\fish\Runtime\Cache\Admin\fbc86cfc035c3673480748a2487b8409.php 第 33 行.
NOTIC: [8] Undefined variable: index E:\fish\Runtime\Cache\Admin\fbc86cfc035c3673480748a2487b8409.php 第 57 行.
NOTIC: [8] Undefined variable: art E:\fish\Runtime\Cache\Admin\fbc86cfc035c3673480748a2487b8409.php 第 60 行.
NOTIC: [8] Undefined variable: cat E:\fish\Runtime\Cache\Admin\fbc86cfc035c3673480748a2487b8409.php 第 74 行.
NOTIC: [8] Undefined variable: user E:\fish\Runtime\Cache\Admin\fbc86cfc035c3673480748a2487b8409.php 第 81 行.
NOTIC: [8] Undefined index: c_show E:\fish\Runtime\Cache\Admin\fbc86cfc035c3673480748a2487b8409.php 第 154 行.
NOTIC: [8] Undefined index: c_show E:\fish\Runtime\Cache\Admin\fbc86cfc035c3673480748a2487b8409.php 第 154 行.
NOTIC: [8] Undefined index: c_show E:\fish\Runtime\Cache\Admin\fbc86cfc035c3673480748a2487b8409.php 第 154 行.
INFO: Run Behavior\ParseTemplateBehavior [ RunTime:0.008758s ]
INFO: [ view_parse ] --END-- [ RunTime:0.008805s ]
INFO: [ view_filter ] --START--
INFO: Run Behavior\WriteHtmlCacheBehavior [ RunTime:0.000361s ]
INFO: [ view_filter ] --END-- [ RunTime:0.000398s ]
INFO: [ app_end ] --START--
INFO: Run Behavior\ShowPageTraceBehavior [ RunTime:0.000382s ]
INFO: [ app_end ] --END-- [ RunTime:0.000424s ]

[ 2017-10-31T11:58:58+08:00 ] 127.0.0.1 /index.php/Admin/Article/edit/id/6.html
INFO: [ app_init ] --START--
INFO: Run Behavior\BuildLiteBehavior [ RunTime:0.000026s ]
INFO: [ app_init ] --END-- [ RunTime:0.000595s ]
INFO: [ app_begin ] --START--
INFO: Run Behavior\ReadHtmlCacheBehavior [ RunTime:0.000531s ]
INFO: [ app_begin ] --END-- [ RunTime:0.000584s ]
SQL: SHOW COLUMNS FROM `fh_article` [ RunTime:0.0029s ]
SQL: SELECT * FROM `fh_article` WHERE `a_id` = 6 LIMIT 1   [ RunTime:0.0003s ]
SQL: SHOW COLUMNS FROM `fh_cat` [ RunTime:0.0028s ]
SQL: SELECT * FROM `fh_cat` WHERE `c_show` = 0  [ RunTime:0.0001s ]
INFO: [ view_parse ] --START--
INFO: [ template_filter ] --START--
INFO: Run Behavior\ContentReplaceBehavior [ RunTime:0.000175s ]
INFO: [ template_filter ] --END-- [ RunTime:0.000217s ]
NOTIC: [8] Undefined index: u_name E:\fish\Runtime\Cache\Admin\ed243359e2cf343f39ae323dcb70f771.php 第 33 行.
NOTIC: [8] Undefined variable: index E:\fish\Runtime\Cache\Admin\ed243359e2cf343f39ae323dcb70f771.php 第 57 行.
NOTIC: [8] Undefined variable: artlist E:\fish\Runtime\Cache\Admin\ed243359e2cf343f39ae323dcb70f771.php 第 67 行.
NOTIC: [8] Undefined variable: cat E:\fish\Runtime\Cache\Admin\ed243359e2cf343f39ae323dcb70f771.php 第 74 行.
NOTIC: [8] Undefined variable: user E:\fish\Runtime\Cache\Admin\ed243359e2cf343f39ae323dcb70f771.php 第 81 行.
INFO: Run Behavior\ParseTemplateBehavior [ RunTime:0.010153s ]
INFO: [ view_parse ] --END-- [ RunTime:0.010193s ]
INFO: [ view_filter ] --START--
INFO: Run Behavior\WriteHtmlCacheBehavior [ RunTime:0.000343s ]
INFO: [ view_filter ] --END-- [ RunTime:0.000380s ]
INFO: [ app_end ] --START--
INFO: Run Behavior\ShowPageTraceBehavior [ RunTime:0.000394s ]
INFO: [ app_end ] --END-- [ RunTime:0.000436s ]

[ 2017-10-31T11:59:04+08:00 ] 127.0.0.1 /Admin/Article/artList
INFO: [ app_init ] --START--
INFO: Run Behavior\BuildLiteBehavior [ RunTime:0.000010s ]
INFO: [ app_init ] --END-- [ RunTime:0.000294s ]
INFO: [ app_begin ] --START--
INFO: Run Behavior\ReadHtmlCacheBehavior [ RunTime:0.000415s ]
INFO: [ app_begin ] --END-- [ RunTime:0.000456s ]
SQL: SHOW COLUMNS FROM `fh_article` [ RunTime:0.0029s ]
SQL: SELECT COUNT(*) AS tp_count FROM `fh_article` WHERE `a_show` = 0 LIMIT 1   [ RunTime:0.0001s ]
SQL: SELECT * FROM `fh_article` ORDER BY a_id desc LIMIT 0,5   [ RunTime:0.0002s ]
INFO: [ view_parse ] --START--
INFO: [ template_filter ] --START--
INFO: Run Behavior\ContentReplaceBehavior [ RunTime:0.000131s ]
INFO: [ template_filter ] --END-- [ RunTime:0.000189s ]
NOTIC: [8] Undefined variable: info E:\fish\Runtime\Cache\Admin\fbc86cfc035c3673480748a2487b8409.php 第 33 行.
NOTIC: [8] Undefined variable: index E:\fish\Runtime\Cache\Admin\fbc86cfc035c3673480748a2487b8409.php 第 57 行.
NOTIC: [8] Undefined variable: art E:\fish\Runtime\Cache\Admin\fbc86cfc035c3673480748a2487b8409.php 第 60 行.
NOTIC: [8] Undefined variable: cat E:\fish\Runtime\Cache\Admin\fbc86cfc035c3673480748a2487b8409.php 第 74 行.
NOTIC: [8] Undefined variable: user E:\fish\Runtime\Cache\Admin\fbc86cfc035c3673480748a2487b8409.php 第 81 行.
NOTIC: [8] Undefined index: c_show E:\fish\Runtime\Cache\Admin\fbc86cfc035c3673480748a2487b8409.php 第 154 行.
NOTIC: [8] Undefined index: c_show E:\fish\Runtime\Cache\Admin\fbc86cfc035c3673480748a2487b8409.php 第 154 行.
NOTIC: [8] Undefined index: c_show E:\fish\Runtime\Cache\Admin\fbc86cfc035c3673480748a2487b8409.php 第 154 行.
INFO: Run Behavior\ParseTemplateBehavior [ RunTime:0.009240s ]
INFO: [ view_parse ] --END-- [ RunTime:0.009288s ]
INFO: [ view_filter ] --START--
INFO: Run Behavior\WriteHtmlCacheBehavior [ RunTime:0.000267s ]
INFO: [ view_filter ] --END-- [ RunTime:0.000301s ]
INFO: [ app_end ] --START--
INFO: Run Behavior\ShowPageTraceBehavior [ RunTime:0.000368s ]
INFO: [ app_end ] --END-- [ RunTime:0.000414s ]

[ 2017-10-31T11:59:06+08:00 ] 127.0.0.1 /index.php/Admin/Article/edit/id/8.html
INFO: [ app_init ] --START--
INFO: Run Behavior\BuildLiteBehavior [ RunTime:0.000011s ]
INFO: [ app_init ] --END-- [ RunTime:0.000301s ]
INFO: [ app_begin ] --START--
INFO: Run Behavior\ReadHtmlCacheBehavior [ RunTime:0.000606s ]
INFO: [ app_begin ] --END-- [ RunTime:0.000668s ]
SQL: SHOW COLUMNS FROM `fh_article` [ RunTime:0.0029s ]
SQL: SELECT * FROM `fh_article` WHERE `a_id` = 8 LIMIT 1   [ RunTime:0.0003s ]
SQL: SHOW COLUMNS FROM `fh_cat` [ RunTime:0.0025s ]
SQL: SELECT * FROM `fh_cat` WHERE `c_show` = 0  [ RunTime:0.0001s ]
INFO: [ view_parse ] --START--
INFO: [ template_filter ] --START--
INFO: Run Behavior\ContentReplaceBehavior [ RunTime:0.000189s ]
INFO: [ template_filter ] --END-- [ RunTime:0.000235s ]
NOTIC: [8] Undefined index: u_name E:\fish\Runtime\Cache\Admin\ed243359e2cf343f39ae323dcb70f771.php 第 33 行.
NOTIC: [8] Undefined variable: index E:\fish\Runtime\Cache\Admin\ed243359e2cf343f39ae323dcb70f771.php 第 57 行.
NOTIC: [8] Undefined variable: artlist E:\fish\Runtime\Cache\Admin\ed243359e2cf343f39ae323dcb70f771.php 第 67 行.
NOTIC: [8] Undefined variable: cat E:\fish\Runtime\Cache\Admin\ed243359e2cf343f39ae323dcb70f771.php 第 74 行.
NOTIC: [8] Undefined variable: user E:\fish\Runtime\Cache\Admin\ed243359e2cf343f39ae323dcb70f771.php 第 81 行.
INFO: Run Behavior\ParseTemplateBehavior [ RunTime:0.010541s ]
INFO: [ view_parse ] --END-- [ RunTime:0.010583s ]
INFO: [ view_filter ] --START--
INFO: Run Behavior\WriteHtmlCacheBehavior [ RunTime:0.000305s ]
INFO: [ view_filter ] --END-- [ RunTime:0.000344s ]
INFO: [ app_end ] --START--
INFO: Run Behavior\ShowPageTraceBehavior [ RunTime:0.000417s ]
INFO: [ app_end ] --END-- [ RunTime:0.000460s ]

[ 2017-10-31T11:59:14+08:00 ] 127.0.0.1 /Admin/Article/modify
INFO: [ app_init ] --START--
INFO: Run Behavior\BuildLiteBehavior [ RunTime:0.000011s ]
INFO: [ app_init ] --END-- [ RunTime:0.000319s ]
INFO: [ app_begin ] --START--
INFO: Run Behavior\ReadHtmlCacheBehavior [ RunTime:0.000831s ]
INFO: [ app_begin ] --END-- [ RunTime:0.000907s ]
SQL: SHOW COLUMNS FROM `fh_article` [ RunTime:0.0028s ]
NOTIC: [8] Undefined index: validate E:\fish\ThinkPHP\Library\Think\Model.class.php 第 1185 行.
NOTIC: [8] Undefined index: auto E:\fish\ThinkPHP\Library\Think\Model.class.php 第 1128 行.
SQL: UPDATE `fh_article` SET `a_name`='曾梦想仗剑走天涯，后来因为bug太多就没去',`a_content`='&lt;p style=&quot;text-indent:2em;&quot;&gt;曾经梦想仗剑走天涯，可谁曾想，一入IT深似海，曾经梦想赴沧海。总是有写不完的程序，改不完的bug，扯不完的皮。产品一筹莫展的时候最喜欢拉着俺们程序员开会了，乱七八糟的需求理不清的思路，拉着我们扯一会儿皮，问题就迎刃而解啦。&lt;/p&gt;&lt;p style=&quot;text-align:center;text-indent:2em;&quot;&gt;&lt;img src=&quot;https://static.yezismile.com/kindeditor/attached/image/20171012/20171012101144_67535.jpg&quot; alt=&quot;&quot;/&gt; &lt;/p&gt;&lt;p style=&quot;text-indent:2em;&quot;&gt;
	别看我大程序员总是不善言辞，木讷呆板，论讲程序逻辑，总是有说不完的话。巴拉巴拉从最初原型讲到了数据库设计，从数据库设计讲到了各个部门联调的每个点，从业务设计讲到了数据架构，一直讲到产品听不懂才肯罢休。每一次调研，每一次开会，每一次沟通，都离不开程序员强大的逻辑思维。&lt;/p&gt;&lt;p style=&quot;text-align:center;text-indent:2em;&quot;&gt;&lt;img src=&quot;https://static.yezismile.com/kindeditor/attached/image/20171012/20171012101155_53158.jpg&quot; alt=&quot;&quot;/&gt; &lt;/p&gt;&lt;p style=&quot;text-indent:2em;&quot;&gt;
	可是这些有什么卵用，bug一只一只的从眼前跳过，心里总是有说不出的苦楚。不要问我节假日为啥不出去看世界，对不起，我大把的时间都是用来修复线上的Bug。谁得热点评论那么多，谁得粉丝多得崩了库。谁的文章发不了，谁的动态没了影。电话响个不停，一直催促着bug，bug，快点改。每到夜深人静的时候，我就翻开儿时写得那个小本本，本子上记录着长大了我要浪迹天涯。可是长大了，身边唯一陪伴得一只只bug，看世界的机会就留给我的代码去看吧，我的心中只有代码。&lt;/p&gt;&lt;p style=&quot;text-align:center;text-indent:2em;&quot;&gt;&lt;img src=&quot;https://static.yezismile.com/kindeditor/attached/image/20171012/20171012101205_89979.jpg&quot; alt=&quot;&quot;/&gt;&lt;/p&gt;&lt;p&gt;&lt;br/&gt;&lt;/p&gt;',`a_desc`='曾梦想仗剑走天涯，后来因为bug太多就没去',`pid`='3',`a_keyword`='闲言,碎语,闲言碎语',`a_img`='/Uploads/image/20171031/1509422250646466.jpg',`a_show`='0',`a_original`='1',`a_root`='',`a_time`='1509422354',`a_system`='Win 7',`a_ip`='127.0.0.1' WHERE `a_id` = 8 [ RunTime:0.0031s ]

[ 2017-10-31T11:59:17+08:00 ] 127.0.0.1 /Admin/Article/artList
INFO: [ app_init ] --START--
INFO: Run Behavior\BuildLiteBehavior [ RunTime:0.000012s ]
INFO: [ app_init ] --END-- [ RunTime:0.000320s ]
INFO: [ app_begin ] --START--
INFO: Run Behavior\ReadHtmlCacheBehavior [ RunTime:0.000441s ]
INFO: [ app_begin ] --END-- [ RunTime:0.000486s ]
SQL: SHOW COLUMNS FROM `fh_article` [ RunTime:0.0029s ]
SQL: SELECT COUNT(*) AS tp_count FROM `fh_article` WHERE `a_show` = 0 LIMIT 1   [ RunTime:0.0002s ]
SQL: SELECT * FROM `fh_article` ORDER BY a_id desc LIMIT 0,5   [ RunTime:0.0003s ]
INFO: [ view_parse ] --START--
INFO: [ template_filter ] --START--
INFO: Run Behavior\ContentReplaceBehavior [ RunTime:0.000111s ]
INFO: [ template_filter ] --END-- [ RunTime:0.000153s ]
NOTIC: [8] Undefined variable: info E:\fish\Runtime\Cache\Admin\fbc86cfc035c3673480748a2487b8409.php 第 33 行.
NOTIC: [8] Undefined variable: index E:\fish\Runtime\Cache\Admin\fbc86cfc035c3673480748a2487b8409.php 第 57 行.
NOTIC: [8] Undefined variable: art E:\fish\Runtime\Cache\Admin\fbc86cfc035c3673480748a2487b8409.php 第 60 行.
NOTIC: [8] Undefined variable: cat E:\fish\Runtime\Cache\Admin\fbc86cfc035c3673480748a2487b8409.php 第 74 行.
NOTIC: [8] Undefined variable: user E:\fish\Runtime\Cache\Admin\fbc86cfc035c3673480748a2487b8409.php 第 81 行.
NOTIC: [8] Undefined index: c_show E:\fish\Runtime\Cache\Admin\fbc86cfc035c3673480748a2487b8409.php 第 154 行.
NOTIC: [8] Undefined index: c_show E:\fish\Runtime\Cache\Admin\fbc86cfc035c3673480748a2487b8409.php 第 154 行.
NOTIC: [8] Undefined index: c_show E:\fish\Runtime\Cache\Admin\fbc86cfc035c3673480748a2487b8409.php 第 154 行.
INFO: Run Behavior\ParseTemplateBehavior [ RunTime:0.008850s ]
INFO: [ view_parse ] --END-- [ RunTime:0.008899s ]
INFO: [ view_filter ] --START--
INFO: Run Behavior\WriteHtmlCacheBehavior [ RunTime:0.000278s ]
INFO: [ view_filter ] --END-- [ RunTime:0.000312s ]
INFO: [ app_end ] --START--
INFO: Run Behavior\ShowPageTraceBehavior [ RunTime:0.000385s ]
INFO: [ app_end ] --END-- [ RunTime:0.000426s ]

[ 2017-10-31T11:59:21+08:00 ] 127.0.0.1 /index.php/Admin/Article/edit/id/7.html
INFO: [ app_init ] --START--
INFO: Run Behavior\BuildLiteBehavior [ RunTime:0.000010s ]
INFO: [ app_init ] --END-- [ RunTime:0.000299s ]
INFO: [ app_begin ] --START--
INFO: Run Behavior\ReadHtmlCacheBehavior [ RunTime:0.000438s ]
INFO: [ app_begin ] --END-- [ RunTime:0.000482s ]
SQL: SHOW COLUMNS FROM `fh_article` [ RunTime:0.0029s ]
SQL: SELECT * FROM `fh_article` WHERE `a_id` = 7 LIMIT 1   [ RunTime:0.0003s ]
SQL: SHOW COLUMNS FROM `fh_cat` [ RunTime:0.0024s ]
SQL: SELECT * FROM `fh_cat` WHERE `c_show` = 0  [ RunTime:0.0001s ]
INFO: [ view_parse ] --START--
INFO: [ template_filter ] --START--
INFO: Run Behavior\ContentReplaceBehavior [ RunTime:0.000256s ]
INFO: [ template_filter ] --END-- [ RunTime:0.000384s ]
NOTIC: [8] Undefined index: u_name E:\fish\Runtime\Cache\Admin\ed243359e2cf343f39ae323dcb70f771.php 第 33 行.
NOTIC: [8] Undefined variable: index E:\fish\Runtime\Cache\Admin\ed243359e2cf343f39ae323dcb70f771.php 第 57 行.
NOTIC: [8] Undefined variable: artlist E:\fish\Runtime\Cache\Admin\ed243359e2cf343f39ae323dcb70f771.php 第 67 行.
NOTIC: [8] Undefined variable: cat E:\fish\Runtime\Cache\Admin\ed243359e2cf343f39ae323dcb70f771.php 第 74 行.
NOTIC: [8] Undefined variable: user E:\fish\Runtime\Cache\Admin\ed243359e2cf343f39ae323dcb70f771.php 第 81 行.
INFO: Run Behavior\ParseTemplateBehavior [ RunTime:0.011984s ]
INFO: [ view_parse ] --END-- [ RunTime:0.012046s ]
INFO: [ view_filter ] --START--
INFO: Run Behavior\WriteHtmlCacheBehavior [ RunTime:0.000317s ]
INFO: [ view_filter ] --END-- [ RunTime:0.000357s ]
INFO: [ app_end ] --START--
INFO: Run Behavior\ShowPageTraceBehavior [ RunTime:0.000406s ]
INFO: [ app_end ] --END-- [ RunTime:0.000462s ]

[ 2017-10-31T11:59:27+08:00 ] 127.0.0.1 /Admin/Article/modify
INFO: [ app_init ] --START--
INFO: Run Behavior\BuildLiteBehavior [ RunTime:0.000012s ]
INFO: [ app_init ] --END-- [ RunTime:0.000423s ]
INFO: [ app_begin ] --START--
INFO: Run Behavior\ReadHtmlCacheBehavior [ RunTime:0.000444s ]
INFO: [ app_begin ] --END-- [ RunTime:0.000488s ]
SQL: SHOW COLUMNS FROM `fh_article` [ RunTime:0.0027s ]
NOTIC: [8] Undefined index: validate E:\fish\ThinkPHP\Library\Think\Model.class.php 第 1185 行.
NOTIC: [8] Undefined index: auto E:\fish\ThinkPHP\Library\Think\Model.class.php 第 1128 行.
SQL: UPDATE `fh_article` SET `a_name`='2015年年度网络流行语，你肯定都说过~',`a_content`='&lt;p style=&quot;white-space: normal;&quot;&gt;&amp;nbsp; &amp;nbsp; &amp;nbsp; &amp;nbsp;每年的年度流行语都体现了网友“城会玩”的一面，更重要的是网络流行语也给了大家一种新的吐槽方式。转眼之间2015年已经接近尾声了，那么今年的十大流行语到底是哪些呢？&lt;br/&gt;&lt;/p&gt;&lt;blockquote style=&quot;white-space: normal;&quot;&gt;&lt;p&gt;上交给国家&lt;/p&gt;&lt;/blockquote&gt;&lt;p style=&quot;white-space: normal; text-align: center;&quot;&gt;&lt;img src=&quot;/Uploads/image/20171027/1509074546476490.jpg&quot; title=&quot;1450244360958620.jpg&quot; alt=&quot;1.jpg&quot;/&gt;&lt;/p&gt;&lt;p style=&quot;white-space: normal;&quot;&gt;“上交给国家”出自于《盗墓笔记》电视剧版中男主角吴邪的台词。原本应该是“盗墓”主角的吴邪，却口口声声要将所有看到的文物“上交国家”。&lt;/p&gt;&lt;p style=&quot;white-space: normal; text-align: center;&quot;&gt;&lt;img src=&quot;/Uploads/image/20171027/1509074546121345.jpg&quot; title=&quot;1450244387184474.jpg&quot; alt=&quot;2.jpg&quot;/&gt;&lt;/p&gt;&lt;p style=&quot;white-space: normal;&quot;&gt;于是从开篇的牛头到随后出现的藏宝图，都逃脱不了“上交国家”的命运，由于这句话有悖于南派三叔原著中的情节和盗墓精神，&lt;/p&gt;&lt;p style=&quot;white-space: normal; text-align: center;&quot;&gt;&lt;img src=&quot;/Uploads/image/20171027/1509074546644314.jpg&quot; title=&quot;1450244421291364.jpg&quot; alt=&quot;3.jpg&quot;/&gt;&lt;/p&gt;&lt;p style=&quot;white-space: normal;&quot;&gt;&lt;br/&gt;&lt;/p&gt;&lt;p style=&quot;white-space: normal;&quot;&gt;所以引发原著粉和看剧党的大规模的吐槽，此句也由此流行起来啦~&lt;/p&gt;&lt;blockquote style=&quot;white-space: normal;&quot;&gt;&lt;p&gt;我的内心几乎是崩溃的&lt;/p&gt;&lt;/blockquote&gt;&lt;p style=&quot;white-space: normal; text-align: center;&quot;&gt;&lt;img src=&quot;/Uploads/image/20171027/1509074546768504.jpg&quot; title=&quot;1450244486324047.jpg&quot; alt=&quot;4.jpg&quot;/&gt;&lt;/p&gt;&lt;p style=&quot;white-space: normal;&quot;&gt;&lt;br/&gt;&lt;/p&gt;&lt;p style=&quot;white-space: normal;&quot;&gt;2014年12月前后，90后漫画作者陈安妮以真实经历创作的《对不起，我只过1%生活》的漫画在网络上走红。后来支付宝用此来嘲讽WP用户选择百分之一的生活，结果遭WP用户反击“支付婊”。&lt;/p&gt;&lt;p style=&quot;white-space: normal; text-align: center;&quot;&gt;&lt;img src=&quot;/Uploads/image/20171027/1509074546162229.jpg&quot; title=&quot;1450244521831363.jpg&quot; alt=&quot;5.jpg&quot;/&gt;&lt;/p&gt;&lt;p style=&quot;white-space: normal;&quot;&gt;吓得支付宝马上发招聘信息招WP工程师了......&lt;/p&gt;&lt;blockquote style=&quot;white-space: normal;&quot;&gt;&lt;p&gt;吓死宝宝了&lt;/p&gt;&lt;/blockquote&gt;&lt;p style=&quot;white-space: normal; text-align: center;&quot;&gt;&lt;img src=&quot;/Uploads/image/20171027/1509074546135631.jpg&quot; title=&quot;1450244561814536.jpg&quot; alt=&quot;6.jpg&quot;/&gt;&lt;/p&gt;&lt;p style=&quot;white-space: normal;&quot;&gt;有人说是奔跑吧兄弟中王宝强说的吓死宝宝了……&lt;/p&gt;&lt;p style=&quot;white-space: normal;&quot;&gt;也有人说是一位叫“宝宝”的LOL女主播先说出来的，她在主持中，现场抽奖，让画面随机选人头像，突然有一个很黑很肥的胖子出现在画面，然后她就说了句：“吓死宝宝了”之后这句话就被很多人用了！&lt;/p&gt;&lt;p style=&quot;white-space: normal; text-align: center;&quot;&gt;&lt;img src=&quot;/Uploads/image/20171027/1509074546663248.jpg&quot; title=&quot;1450244587929410.jpg&quot; alt=&quot;7.jpg&quot;/&gt;&lt;/p&gt;&lt;p style=&quot;white-space: normal;&quot;&gt;还有人说这句话本身是网上本就很流行的一句“吓死爹了”，是后来被网友改编成“吓死宝宝了”&lt;/p&gt;&lt;blockquote style=&quot;white-space: normal;&quot;&gt;&lt;p&gt;狗带“godie”&lt;br/&gt;&lt;/p&gt;&lt;/blockquote&gt;&lt;p style=&quot;white-space: normal; text-align: center;&quot;&gt;&lt;img src=&quot;/Uploads/image/20171027/1509074546465216.jpg&quot; title=&quot;1450244665902921.jpg&quot; alt=&quot;8.jpg&quot;/&gt;&lt;/p&gt;&lt;p style=&quot;white-space: normal;&quot;&gt;“狗带”是“go die”的谐音，源自中国艺人黄子韬在一次演唱会上表演的灵魂Rap。&lt;br/&gt;&lt;/p&gt;&lt;p style=&quot;white-space: normal;&quot;&gt;被《暴走大事件》挖出后让广大网友玩坏~&lt;/p&gt;&lt;blockquote style=&quot;white-space: normal;&quot;&gt;&lt;p&gt;你们城里人真会玩&lt;br/&gt;&lt;/p&gt;&lt;/blockquote&gt;&lt;p style=&quot;white-space: normal; text-align: center;&quot;&gt;&lt;img src=&quot;/Uploads/image/20171027/1509074546113126.jpg&quot; title=&quot;1450244693928574.jpg&quot; alt=&quot;9.jpg&quot;/&gt;&lt;/p&gt;&lt;p style=&quot;white-space: normal;&quot;&gt;&amp;nbsp;&lt;br/&gt;&lt;/p&gt;&lt;p style=&quot;white-space: normal;&quot;&gt;早些时候，前EXO成员吴亦凡在上海某所大学拍摄电影，结果有人假扮吴亦凡让那些狗仔以为是吴亦凡本人，并且狗仔把照片上传到微博上，然后才发现并不是吴亦凡本人，之后就出来了这句你们城里人真会玩。&lt;/p&gt;&lt;blockquote style=&quot;white-space: normal;&quot;&gt;&lt;p&gt;然并卵&lt;/p&gt;&lt;/blockquote&gt;&lt;p style=&quot;white-space: normal; text-align: center;&quot;&gt;&lt;img src=&quot;/Uploads/image/20171027/1509074546518748.jpg&quot; title=&quot;1450244721672642.jpg&quot; alt=&quot;10.jpg&quot;/&gt;&amp;nbsp;&lt;/p&gt;&lt;p style=&quot;white-space: normal;&quot;&gt;这个词最早来自于某地方言，&lt;/p&gt;&lt;p style=&quot;white-space: normal; text-align: center;&quot;&gt;&lt;img src=&quot;/Uploads/image/20171027/1509074546671166.jpg&quot; title=&quot;1450244740586945.jpg&quot; alt=&quot;11.jpg&quot;/&gt;&lt;/p&gt;&lt;p style=&quot;white-space: normal;&quot;&gt;之后被《暴走大事件》里的张全蛋采用，凭借一个《质检leader张全蛋怒揭电视机行业内幕》让这个词迅速走红。&lt;/p&gt;&lt;blockquote style=&quot;white-space: normal;&quot;&gt;&lt;p&gt;我单方面宣布&lt;/p&gt;&lt;/blockquote&gt;&lt;p style=&quot;white-space: normal; text-align: center;&quot;&gt;&lt;img src=&quot;/Uploads/image/20171027/1509074546415299.jpg&quot; title=&quot;1450244767183222.jpg&quot; alt=&quot;12.jpg&quot;/&gt;&lt;/p&gt;&lt;p style=&quot;white-space: normal;&quot;&gt;一名女孩在观看NBA球赛时发现梅西就坐在起身后，她掩饰不住自己的兴奋，鼓起勇气要求与梅西合影，梅西答应了她的要求。之后女孩在自己的推特上宣布她将在2015年6月单方面与梅西结婚。之后也是没有逃脱广大网友的跟风恶搞，&lt;br/&gt;&lt;/p&gt;&lt;p style=&quot;white-space: normal;&quot;&gt;由此成为了网络流行用语......&lt;/p&gt;&lt;blockquote style=&quot;white-space: normal;&quot;&gt;&lt;p&gt;重要的事情说三遍&lt;br/&gt;&lt;/p&gt;&lt;/blockquote&gt;&lt;p style=&quot;white-space: normal; text-align: center;&quot;&gt;&lt;img src=&quot;/Uploads/image/20171027/1509074546648962.jpg&quot; title=&quot;1450244787146843.jpg&quot; alt=&quot;13.jpg&quot;/&gt;&lt;/p&gt;&lt;p style=&quot;white-space: normal;&quot;&gt;出自动漫《潜行吧，奈亚子》用法：记得说三遍，说三遍，说三遍就好了，会有神奇的效果发生。其实我觉得这应该是出自骆宾王的《咏鹅》，“鹅，鹅，鹅”重要的事说三遍！！！&lt;br/&gt;&lt;/p&gt;&lt;blockquote style=&quot;white-space: normal;&quot;&gt;&lt;p&gt;世界那么大&lt;br/&gt;&lt;/p&gt;&lt;/blockquote&gt;&lt;p style=&quot;white-space: normal; text-align: center;&quot;&gt;&lt;img src=&quot;/Uploads/image/20171027/1509074546116835.jpg&quot; title=&quot;1450244810276411.jpg&quot; alt=&quot;14.jpg&quot;/&gt;&lt;/p&gt;&lt;p style=&quot;white-space: normal;&quot;&gt;“世界那么大，我想去看看”来源于郑州实验中学一位老师的最具情怀的辞职信，&lt;br/&gt;&lt;/p&gt;&lt;p style=&quot;white-space: normal;&quot;&gt;不久后该老师微博声称自己决定裸婚，过上幸福的生活~&lt;/p&gt;&lt;blockquote style=&quot;white-space: normal;&quot;&gt;&lt;p&gt;哔了狗了&lt;br/&gt;&lt;/p&gt;&lt;/blockquote&gt;&lt;p style=&quot;white-space: normal; text-align: center;&quot;&gt;&lt;img src=&quot;/Uploads/image/20171027/1509074546315552.jpg&quot; title=&quot;1450244835756835.jpg&quot; alt=&quot;15.jpg&quot;/&gt;&lt;/p&gt;&lt;p style=&quot;white-space: normal;&quot;&gt;《暴走大事件》张全蛋在吐槽进口马桶圈时说的一句话。本来是一句R了狗了，由于说成R了狗了也会被后期哔音和谐。&lt;br/&gt;&lt;/p&gt;&lt;p style=&quot;white-space: normal;&quot;&gt;所以他就干脆说成了哔了狗了~&lt;/p&gt;&lt;p style=&quot;white-space: normal; text-align: center;&quot;&gt;&lt;img src=&quot;/Uploads/image/20171027/1509074546266237.jpg&quot; title=&quot;1450244856399730.jpg&quot; alt=&quot;16.jpg&quot;/&gt;&lt;/p&gt;&lt;p style=&quot;white-space: normal;&quot;&gt;以上就是2015年年度流行语啦，作为一名新潮的暴走小伙伴你是不是早就有听过啦？最后感谢一下度娘提供的帮助哦~按照每年的惯例，这些网络流行语我们就等着春晚见吧~&lt;/p&gt;&lt;p&gt;&lt;br/&gt;&lt;/p&gt;',`a_desc`='每年的年度流行语都体现了网友“城会玩”的一面，更重要的是网络流行语也给了大家一种新的吐槽方式。转眼之间2015年已经接近尾声了，那么今年
的十大流行语到底是哪些呢？',`pid`='1',`a_keyword`='学习笔记',`a_img`='/Uploads/image/20171027/1509074634435137.png',`a_show`='0',`a_original`='1',`a_root`='',`a_time`='1509422367',`a_system`='Win 7',`a_ip`='127.0.0.1' WHERE `a_id` = 7 [ RunTime:0.0120s ]

[ 2017-10-31T11:59:30+08:00 ] 127.0.0.1 /Admin/Article/artList
INFO: [ app_init ] --START--
INFO: Run Behavior\BuildLiteBehavior [ RunTime:0.000010s ]
INFO: [ app_init ] --END-- [ RunTime:0.000367s ]
INFO: [ app_begin ] --START--
INFO: Run Behavior\ReadHtmlCacheBehavior [ RunTime:0.000523s ]
INFO: [ app_begin ] --END-- [ RunTime:0.000568s ]
SQL: SHOW COLUMNS FROM `fh_article` [ RunTime:0.0036s ]
SQL: SELECT COUNT(*) AS tp_count FROM `fh_article` WHERE `a_show` = 0 LIMIT 1   [ RunTime:0.0003s ]
SQL: SELECT * FROM `fh_article` ORDER BY a_id desc LIMIT 0,5   [ RunTime:0.0007s ]
INFO: [ view_parse ] --START--
INFO: [ template_filter ] --START--
INFO: Run Behavior\ContentReplaceBehavior [ RunTime:0.000125s ]
INFO: [ template_filter ] --END-- [ RunTime:0.000180s ]
NOTIC: [8] Undefined variable: info E:\fish\Runtime\Cache\Admin\fbc86cfc035c3673480748a2487b8409.php 第 33 行.
NOTIC: [8] Undefined variable: index E:\fish\Runtime\Cache\Admin\fbc86cfc035c3673480748a2487b8409.php 第 57 行.
NOTIC: [8] Undefined variable: art E:\fish\Runtime\Cache\Admin\fbc86cfc035c3673480748a2487b8409.php 第 60 行.
NOTIC: [8] Undefined variable: cat E:\fish\Runtime\Cache\Admin\fbc86cfc035c3673480748a2487b8409.php 第 74 行.
NOTIC: [8] Undefined variable: user E:\fish\Runtime\Cache\Admin\fbc86cfc035c3673480748a2487b8409.php 第 81 行.
NOTIC: [8] Undefined index: c_show E:\fish\Runtime\Cache\Admin\fbc86cfc035c3673480748a2487b8409.php 第 154 行.
NOTIC: [8] Undefined index: c_show E:\fish\Runtime\Cache\Admin\fbc86cfc035c3673480748a2487b8409.php 第 154 行.
NOTIC: [8] Undefined index: c_show E:\fish\Runtime\Cache\Admin\fbc86cfc035c3673480748a2487b8409.php 第 154 行.
INFO: Run Behavior\ParseTemplateBehavior [ RunTime:0.009015s ]
INFO: [ view_parse ] --END-- [ RunTime:0.009063s ]
INFO: [ view_filter ] --START--
INFO: Run Behavior\WriteHtmlCacheBehavior [ RunTime:0.000262s ]
INFO: [ view_filter ] --END-- [ RunTime:0.000296s ]
INFO: [ app_end ] --START--
INFO: Run Behavior\ShowPageTraceBehavior [ RunTime:0.000369s ]
INFO: [ app_end ] --END-- [ RunTime:0.000410s ]

[ 2017-10-31T11:59:32+08:00 ] 127.0.0.1 /index.php/Admin/Article/edit/id/6.html
INFO: [ app_init ] --START--
INFO: Run Behavior\BuildLiteBehavior [ RunTime:0.000010s ]
INFO: [ app_init ] --END-- [ RunTime:0.000311s ]
INFO: [ app_begin ] --START--
INFO: Run Behavior\ReadHtmlCacheBehavior [ RunTime:0.000429s ]
INFO: [ app_begin ] --END-- [ RunTime:0.000474s ]
SQL: SHOW COLUMNS FROM `fh_article` [ RunTime:0.0028s ]
SQL: SELECT * FROM `fh_article` WHERE `a_id` = 6 LIMIT 1   [ RunTime:0.0003s ]
SQL: SHOW COLUMNS FROM `fh_cat` [ RunTime:0.0024s ]
SQL: SELECT * FROM `fh_cat` WHERE `c_show` = 0  [ RunTime:0.0001s ]
INFO: [ view_parse ] --START--
INFO: [ template_filter ] --START--
INFO: Run Behavior\ContentReplaceBehavior [ RunTime:0.000171s ]
INFO: [ template_filter ] --END-- [ RunTime:0.000219s ]
NOTIC: [8] Undefined index: u_name E:\fish\Runtime\Cache\Admin\ed243359e2cf343f39ae323dcb70f771.php 第 33 行.
NOTIC: [8] Undefined variable: index E:\fish\Runtime\Cache\Admin\ed243359e2cf343f39ae323dcb70f771.php 第 57 行.
NOTIC: [8] Undefined variable: artlist E:\fish\Runtime\Cache\Admin\ed243359e2cf343f39ae323dcb70f771.php 第 67 行.
NOTIC: [8] Undefined variable: cat E:\fish\Runtime\Cache\Admin\ed243359e2cf343f39ae323dcb70f771.php 第 74 行.
NOTIC: [8] Undefined variable: user E:\fish\Runtime\Cache\Admin\ed243359e2cf343f39ae323dcb70f771.php 第 81 行.
INFO: Run Behavior\ParseTemplateBehavior [ RunTime:0.010229s ]
INFO: [ view_parse ] --END-- [ RunTime:0.010272s ]
INFO: [ view_filter ] --START--
INFO: Run Behavior\WriteHtmlCacheBehavior [ RunTime:0.000273s ]
INFO: [ view_filter ] --END-- [ RunTime:0.000308s ]
INFO: [ app_end ] --START--
INFO: Run Behavior\ShowPageTraceBehavior [ RunTime:0.000367s ]
INFO: [ app_end ] --END-- [ RunTime:0.000408s ]

[ 2017-10-31T11:59:39+08:00 ] 127.0.0.1 /Admin/Article/modify
INFO: [ app_init ] --START--
INFO: Run Behavior\BuildLiteBehavior [ RunTime:0.000010s ]
INFO: [ app_init ] --END-- [ RunTime:0.000348s ]
INFO: [ app_begin ] --START--
INFO: Run Behavior\ReadHtmlCacheBehavior [ RunTime:0.000524s ]
INFO: [ app_begin ] --END-- [ RunTime:0.000567s ]
SQL: SHOW COLUMNS FROM `fh_article` [ RunTime:0.0028s ]
NOTIC: [8] Undefined index: validate E:\fish\ThinkPHP\Library\Think\Model.class.php 第 1185 行.
NOTIC: [8] Undefined index: auto E:\fish\ThinkPHP\Library\Think\Model.class.php 第 1128 行.
SQL: UPDATE `fh_article` SET `a_name`='新文章',`a_content`='&lt;p&gt;&amp;nbsp; &amp;nbsp; &amp;nbsp; 发布新文章&lt;/p&gt;',`a_desc`='第一次使用thinkphp发布新文章',`pid`='1',`a_keyword`='学习',`a_img`='/Uploads/image/20171027/1509074489227982.png',`a_show`='0',`a_original`='1',`a_root`='',`a_time`='1509422379',`a_system`='Win 7',`a_ip`='127.0.0.1' WHERE `a_id` = 6 [ RunTime:0.0114s ]

[ 2017-10-31T11:59:42+08:00 ] 127.0.0.1 /Admin/Article/artList
INFO: [ app_init ] --START--
INFO: Run Behavior\BuildLiteBehavior [ RunTime:0.000021s ]
INFO: [ app_init ] --END-- [ RunTime:0.000471s ]
INFO: [ app_begin ] --START--
INFO: Run Behavior\ReadHtmlCacheBehavior [ RunTime:0.000458s ]
INFO: [ app_begin ] --END-- [ RunTime:0.000507s ]
SQL: SHOW COLUMNS FROM `fh_article` [ RunTime:0.0029s ]
SQL: SELECT COUNT(*) AS tp_count FROM `fh_article` WHERE `a_show` = 0 LIMIT 1   [ RunTime:0.0002s ]
SQL: SELECT * FROM `fh_article` ORDER BY a_id desc LIMIT 0,5   [ RunTime:0.0003s ]
INFO: [ view_parse ] --START--
INFO: [ template_filter ] --START--
INFO: Run Behavior\ContentReplaceBehavior [ RunTime:0.000127s ]
INFO: [ template_filter ] --END-- [ RunTime:0.000168s ]
NOTIC: [8] Undefined variable: info E:\fish\Runtime\Cache\Admin\fbc86cfc035c3673480748a2487b8409.php 第 33 行.
NOTIC: [8] Undefined variable: index E:\fish\Runtime\Cache\Admin\fbc86cfc035c3673480748a2487b8409.php 第 57 行.
NOTIC: [8] Undefined variable: art E:\fish\Runtime\Cache\Admin\fbc86cfc035c3673480748a2487b8409.php 第 60 行.
NOTIC: [8] Undefined variable: cat E:\fish\Runtime\Cache\Admin\fbc86cfc035c3673480748a2487b8409.php 第 74 行.
NOTIC: [8] Undefined variable: user E:\fish\Runtime\Cache\Admin\fbc86cfc035c3673480748a2487b8409.php 第 81 行.
NOTIC: [8] Undefined index: c_show E:\fish\Runtime\Cache\Admin\fbc86cfc035c3673480748a2487b8409.php 第 154 行.
NOTIC: [8] Undefined index: c_show E:\fish\Runtime\Cache\Admin\fbc86cfc035c3673480748a2487b8409.php 第 154 行.
NOTIC: [8] Undefined index: c_show E:\fish\Runtime\Cache\Admin\fbc86cfc035c3673480748a2487b8409.php 第 154 行.
INFO: Run Behavior\ParseTemplateBehavior [ RunTime:0.008905s ]
INFO: [ view_parse ] --END-- [ RunTime:0.008951s ]
INFO: [ view_filter ] --START--
INFO: Run Behavior\WriteHtmlCacheBehavior [ RunTime:0.000294s ]
INFO: [ view_filter ] --END-- [ RunTime:0.000330s ]
INFO: [ app_end ] --START--
INFO: Run Behavior\ShowPageTraceBehavior [ RunTime:0.000384s ]
INFO: [ app_end ] --END-- [ RunTime:0.000429s ]

[ 2017-10-31T12:00:24+08:00 ] 127.0.0.1 /Admin/Article/index
INFO: [ app_init ] --START--
INFO: Run Behavior\BuildLiteBehavior [ RunTime:0.000018s ]
INFO: [ app_init ] --END-- [ RunTime:0.000364s ]
INFO: [ app_begin ] --START--
INFO: Run Behavior\ReadHtmlCacheBehavior [ RunTime:0.000534s ]
INFO: [ app_begin ] --END-- [ RunTime:0.000613s ]
SQL: SHOW COLUMNS FROM `fh_cat` [ RunTime:0.0028s ]
SQL: SELECT * FROM `fh_cat` WHERE `c_show` = 0  [ RunTime:0.0001s ]
INFO: [ view_parse ] --START--
INFO: [ template_filter ] --START--
INFO: Run Behavior\ContentReplaceBehavior [ RunTime:0.000168s ]
INFO: [ template_filter ] --END-- [ RunTime:0.000209s ]
NOTIC: [8] Undefined variable: info E:\fish\Runtime\Cache\Admin\ed243359e2cf343f39ae323dcb70f771.php 第 33 行.
NOTIC: [8] Undefined variable: index E:\fish\Runtime\Cache\Admin\ed243359e2cf343f39ae323dcb70f771.php 第 57 行.
NOTIC: [8] Undefined variable: artlist E:\fish\Runtime\Cache\Admin\ed243359e2cf343f39ae323dcb70f771.php 第 67 行.
NOTIC: [8] Undefined variable: cat E:\fish\Runtime\Cache\Admin\ed243359e2cf343f39ae323dcb70f771.php 第 74 行.
NOTIC: [8] Undefined variable: user E:\fish\Runtime\Cache\Admin\ed243359e2cf343f39ae323dcb70f771.php 第 81 行.
NOTIC: [8] Undefined variable: info E:\fish\Runtime\Cache\Admin\ed243359e2cf343f39ae323dcb70f771.php 第 140 行.
NOTIC: [8] Undefined variable: info E:\fish\Runtime\Cache\Admin\ed243359e2cf343f39ae323dcb70f771.php 第 144 行.
NOTIC: [8] Undefined variable: info E:\fish\Runtime\Cache\Admin\ed243359e2cf343f39ae323dcb70f771.php 第 149 行.
NOTIC: [8] Undefined variable: info E:\fish\Runtime\Cache\Admin\ed243359e2cf343f39ae323dcb70f771.php 第 177 行.
NOTIC: [8] Undefined variable: info E:\fish\Runtime\Cache\Admin\ed243359e2cf343f39ae323dcb70f771.php 第 183 行.
NOTIC: [8] Undefined variable: info E:\fish\Runtime\Cache\Admin\ed243359e2cf343f39ae323dcb70f771.php 第 198 行.
NOTIC: [8] Undefined variable: info E:\fish\Runtime\Cache\Admin\ed243359e2cf343f39ae323dcb70f771.php 第 199 行.
NOTIC: [8] Undefined variable: info E:\fish\Runtime\Cache\Admin\ed243359e2cf343f39ae323dcb70f771.php 第 203 行.
NOTIC: [8] Undefined variable: info E:\fish\Runtime\Cache\Admin\ed243359e2cf343f39ae323dcb70f771.php 第 204 行.
INFO: Run Behavior\ParseTemplateBehavior [ RunTime:0.010083s ]
INFO: [ view_parse ] --END-- [ RunTime:0.010124s ]
INFO: [ view_filter ] --START--
INFO: Run Behavior\WriteHtmlCacheBehavior [ RunTime:0.000341s ]
INFO: [ view_filter ] --END-- [ RunTime:0.000378s ]
INFO: [ app_end ] --START--
INFO: Run Behavior\ShowPageTraceBehavior [ RunTime:0.000396s ]
INFO: [ app_end ] --END-- [ RunTime:0.000438s ]

[ 2017-10-31T12:03:00+08:00 ] 127.0.0.1 /Admin/Article/add
INFO: [ app_init ] --START--
INFO: Run Behavior\BuildLiteBehavior [ RunTime:0.000010s ]
INFO: [ app_init ] --END-- [ RunTime:0.000314s ]
INFO: [ app_begin ] --START--
INFO: Run Behavior\ReadHtmlCacheBehavior [ RunTime:0.000442s ]
INFO: [ app_begin ] --END-- [ RunTime:0.000485s ]
SQL: SHOW COLUMNS FROM `fh_article` [ RunTime:0.0030s ]
NOTIC: [8] Undefined index: validate E:\fish\ThinkPHP\Library\Think\Model.class.php 第 1185 行.
NOTIC: [8] Undefined index: auto E:\fish\ThinkPHP\Library\Think\Model.class.php 第 1128 行.
SQL: INSERT INTO `fh_article` (`a_name`,`a_content`,`a_desc`,`pid`,`a_keyword`,`a_img`,`a_show`,`a_original`,`a_root`,`a_time`,`a_system`,`a_ip`) VALUES ('其实我是个假程序员','&lt;p style=&quot;text-indent:2em;&quot;&gt;自从入了代码的坑，就想写点文字祭奠一下落寞的青春。代码密密麻麻，文字却无处安放，只能把该说的话写在注释里，那远去的梦，伸手摸不到影，该悲还是该叹，该哭还是该笑，不写段子空追忆，独留代码怅所失。&lt;/p&gt;&lt;p style=&quot;text-align:center;text-indent:2em;&quot;&gt;
	&lt;img src=&quot;https://static.yezismile.com/kindeditor/attached/image/20171009/20171009051912_45344.gif&quot; alt=&quot;&quot;/&gt; &lt;/p&gt;&lt;p style=&quot;text-indent:2em;&quot;&gt;
	我编程三五日，听着键盘声，奏出和谐乐，QQ在闪烁，微信在跳动，那几行代码整齐的排行着，像梦里的海鸥，等待着飞向另一个岛。在命令行执行一下文件，一行一行的数据日志呈现出来，如变了个戏法告诉你，那跳动的音符是可以发出声音的。&lt;/p&gt;&lt;p style=&quot;text-align:center;text-indent:2em;&quot;&gt;
	&lt;img src=&quot;https://static.yezismile.com/kindeditor/attached/image/20171009/20171009051922_15841.jpg&quot; alt=&quot;&quot;/&gt; &lt;/p&gt;&lt;p style=&quot;text-indent:2em;&quot;&gt;
	心儿扑通扑通得跳，害怕八阿哥的到来，终端机闪耀着光芒，不懂的人说是黑色屏幕跳动着彩色的字母，可是对我程来说，黑色代表着无敌的智慧，你眼里看到的成千上万的数据，你肉眼可见的那五彩斑斓的内容，都是黑色的屏幕慢慢完成的，它从不邀功，也不炫耀，唯一害怕的每一只bug莫名其妙的飘来。&lt;/p&gt;&lt;p style=&quot;text-align:center;text-indent:2em;&quot;&gt;
	&lt;img src=&quot;https://static.yezismile.com/kindeditor/attached/image/20171009/20171009051932_85516.jpg&quot; alt=&quot;&quot;/&gt; &lt;/p&gt;&lt;p style=&quot;text-indent:2em;&quot;&gt;
	没有人能听懂我们的语言，字符串，数组，对象，都是神马东东。没有人在意你写了几行代码，想了多少遍逻辑方案，程序就在那里静静躺着，不言语不浮躁。如果不更新迭代的时候，几百年后，它如一只眼睛代替我到这个世界去看一看，就看一看，不留一点痕迹。&lt;/p&gt;&lt;p&gt;&lt;br/&gt;&lt;/p&gt;','哈哈,其实我是假的','3','闲言,碎语,闲言碎语','/Uploads/image/20171031/1509422575320027.jpg','0','1','','1509422580','Win 7','127.0.0.1') [ RunTime:0.0018s ]

[ 2017-10-31T12:03:02+08:00 ] 127.0.0.1 /Admin/Article/artList
INFO: [ app_init ] --START--
INFO: Run Behavior\BuildLiteBehavior [ RunTime:0.000013s ]
INFO: [ app_init ] --END-- [ RunTime:0.000415s ]
INFO: [ app_begin ] --START--
INFO: Run Behavior\ReadHtmlCacheBehavior [ RunTime:0.000693s ]
INFO: [ app_begin ] --END-- [ RunTime:0.000743s ]
SQL: SHOW COLUMNS FROM `fh_article` [ RunTime:0.0031s ]
SQL: SELECT COUNT(*) AS tp_count FROM `fh_article` WHERE `a_show` = 0 LIMIT 1   [ RunTime:0.0002s ]
SQL: SELECT * FROM `fh_article` ORDER BY a_id desc LIMIT 0,5   [ RunTime:0.0005s ]
INFO: [ view_parse ] --START--
INFO: [ template_filter ] --START--
INFO: Run Behavior\ContentReplaceBehavior [ RunTime:0.000111s ]
INFO: [ template_filter ] --END-- [ RunTime:0.000152s ]
NOTIC: [8] Undefined variable: info E:\fish\Runtime\Cache\Admin\fbc86cfc035c3673480748a2487b8409.php 第 33 行.
NOTIC: [8] Undefined variable: index E:\fish\Runtime\Cache\Admin\fbc86cfc035c3673480748a2487b8409.php 第 57 行.
NOTIC: [8] Undefined variable: art E:\fish\Runtime\Cache\Admin\fbc86cfc035c3673480748a2487b8409.php 第 60 行.
NOTIC: [8] Undefined variable: cat E:\fish\Runtime\Cache\Admin\fbc86cfc035c3673480748a2487b8409.php 第 74 行.
NOTIC: [8] Undefined variable: user E:\fish\Runtime\Cache\Admin\fbc86cfc035c3673480748a2487b8409.php 第 81 行.
NOTIC: [8] Undefined index: c_show E:\fish\Runtime\Cache\Admin\fbc86cfc035c3673480748a2487b8409.php 第 154 行.
NOTIC: [8] Undefined index: c_show E:\fish\Runtime\Cache\Admin\fbc86cfc035c3673480748a2487b8409.php 第 154 行.
NOTIC: [8] Undefined index: c_show E:\fish\Runtime\Cache\Admin\fbc86cfc035c3673480748a2487b8409.php 第 154 行.
NOTIC: [8] Undefined index: c_show E:\fish\Runtime\Cache\Admin\fbc86cfc035c3673480748a2487b8409.php 第 154 行.
INFO: Run Behavior\ParseTemplateBehavior [ RunTime:0.008888s ]
INFO: [ view_parse ] --END-- [ RunTime:0.008934s ]
INFO: [ view_filter ] --START--
INFO: Run Behavior\WriteHtmlCacheBehavior [ RunTime:0.000299s ]
INFO: [ view_filter ] --END-- [ RunTime:0.000335s ]
INFO: [ app_end ] --START--
INFO: Run Behavior\ShowPageTraceBehavior [ RunTime:0.000414s ]
INFO: [ app_end ] --END-- [ RunTime:0.000455s ]

[ 2017-10-31T14:33:03+08:00 ] 127.0.0.1 /Admin/Article/index
INFO: [ app_init ] --START--
INFO: Run Behavior\BuildLiteBehavior [ RunTime:0.000012s ]
INFO: [ app_init ] --END-- [ RunTime:0.000426s ]
INFO: [ app_begin ] --START--
INFO: Run Behavior\ReadHtmlCacheBehavior [ RunTime:0.000363s ]
INFO: [ app_begin ] --END-- [ RunTime:0.000408s ]
SQL: SHOW COLUMNS FROM `fh_cat` [ RunTime:0.0027s ]
SQL: SELECT * FROM `fh_cat` WHERE `c_show` = 0  [ RunTime:0.0001s ]
INFO: [ view_parse ] --START--
INFO: [ template_filter ] --START--
INFO: Run Behavior\ContentReplaceBehavior [ RunTime:0.000176s ]
INFO: [ template_filter ] --END-- [ RunTime:0.000217s ]
NOTIC: [8] Undefined variable: info E:\fish\Runtime\Cache\Admin\ed243359e2cf343f39ae323dcb70f771.php 第 33 行.
NOTIC: [8] Undefined variable: index E:\fish\Runtime\Cache\Admin\ed243359e2cf343f39ae323dcb70f771.php 第 57 行.
NOTIC: [8] Undefined variable: artlist E:\fish\Runtime\Cache\Admin\ed243359e2cf343f39ae323dcb70f771.php 第 67 行.
NOTIC: [8] Undefined variable: cat E:\fish\Runtime\Cache\Admin\ed243359e2cf343f39ae323dcb70f771.php 第 74 行.
NOTIC: [8] Undefined variable: user E:\fish\Runtime\Cache\Admin\ed243359e2cf343f39ae323dcb70f771.php 第 81 行.
NOTIC: [8] Undefined variable: info E:\fish\Runtime\Cache\Admin\ed243359e2cf343f39ae323dcb70f771.php 第 140 行.
NOTIC: [8] Undefined variable: info E:\fish\Runtime\Cache\Admin\ed243359e2cf343f39ae323dcb70f771.php 第 144 行.
NOTIC: [8] Undefined variable: info E:\fish\Runtime\Cache\Admin\ed243359e2cf343f39ae323dcb70f771.php 第 149 行.
NOTIC: [8] Undefined variable: info E:\fish\Runtime\Cache\Admin\ed243359e2cf343f39ae323dcb70f771.php 第 177 行.
NOTIC: [8] Undefined variable: info E:\fish\Runtime\Cache\Admin\ed243359e2cf343f39ae323dcb70f771.php 第 183 行.
NOTIC: [8] Undefined variable: info E:\fish\Runtime\Cache\Admin\ed243359e2cf343f39ae323dcb70f771.php 第 198 行.
NOTIC: [8] Undefined variable: info E:\fish\Runtime\Cache\Admin\ed243359e2cf343f39ae323dcb70f771.php 第 199 行.
NOTIC: [8] Undefined variable: info E:\fish\Runtime\Cache\Admin\ed243359e2cf343f39ae323dcb70f771.php 第 203 行.
NOTIC: [8] Undefined variable: info E:\fish\Runtime\Cache\Admin\ed243359e2cf343f39ae323dcb70f771.php 第 204 行.
INFO: Run Behavior\ParseTemplateBehavior [ RunTime:0.010083s ]
INFO: [ view_parse ] --END-- [ RunTime:0.010123s ]
INFO: [ view_filter ] --START--
INFO: Run Behavior\WriteHtmlCacheBehavior [ RunTime:0.000234s ]
INFO: [ view_filter ] --END-- [ RunTime:0.000272s ]
INFO: [ app_end ] --START--
INFO: Run Behavior\ShowPageTraceBehavior [ RunTime:0.000379s ]
INFO: [ app_end ] --END-- [ RunTime:0.000421s ]

[ 2017-10-31T14:45:16+08:00 ] 127.0.0.1 /Admin/Article/artList
INFO: [ app_init ] --START--
INFO: Run Behavior\BuildLiteBehavior [ RunTime:0.000010s ]
INFO: [ app_init ] --END-- [ RunTime:0.000275s ]
INFO: [ app_begin ] --START--
INFO: Run Behavior\ReadHtmlCacheBehavior [ RunTime:0.000346s ]
INFO: [ app_begin ] --END-- [ RunTime:0.000389s ]
SQL: SHOW COLUMNS FROM `fh_article` [ RunTime:0.0030s ]
SQL: SELECT COUNT(*) AS tp_count FROM `fh_article` WHERE `a_show` = 0 LIMIT 1   [ RunTime:0.0002s ]
SQL: SELECT * FROM `fh_article` ORDER BY a_id desc LIMIT 0,5   [ RunTime:0.0004s ]
INFO: [ view_parse ] --START--
INFO: [ template_filter ] --START--
INFO: Run Behavior\ContentReplaceBehavior [ RunTime:0.000113s ]
INFO: [ template_filter ] --END-- [ RunTime:0.000164s ]
NOTIC: [8] Undefined variable: info E:\fish\Runtime\Cache\Admin\fbc86cfc035c3673480748a2487b8409.php 第 33 行.
NOTIC: [8] Undefined variable: index E:\fish\Runtime\Cache\Admin\fbc86cfc035c3673480748a2487b8409.php 第 57 行.
NOTIC: [8] Undefined variable: art E:\fish\Runtime\Cache\Admin\fbc86cfc035c3673480748a2487b8409.php 第 60 行.
NOTIC: [8] Undefined variable: cat E:\fish\Runtime\Cache\Admin\fbc86cfc035c3673480748a2487b8409.php 第 74 行.
NOTIC: [8] Undefined variable: user E:\fish\Runtime\Cache\Admin\fbc86cfc035c3673480748a2487b8409.php 第 81 行.
NOTIC: [8] Undefined index: c_show E:\fish\Runtime\Cache\Admin\fbc86cfc035c3673480748a2487b8409.php 第 154 行.
NOTIC: [8] Undefined index: c_show E:\fish\Runtime\Cache\Admin\fbc86cfc035c3673480748a2487b8409.php 第 154 行.
NOTIC: [8] Undefined index: c_show E:\fish\Runtime\Cache\Admin\fbc86cfc035c3673480748a2487b8409.php 第 154 行.
NOTIC: [8] Undefined index: c_show E:\fish\Runtime\Cache\Admin\fbc86cfc035c3673480748a2487b8409.php 第 154 行.
INFO: Run Behavior\ParseTemplateBehavior [ RunTime:0.009529s ]
INFO: [ view_parse ] --END-- [ RunTime:0.009579s ]
INFO: [ view_filter ] --START--
INFO: Run Behavior\WriteHtmlCacheBehavior [ RunTime:0.000315s ]
INFO: [ view_filter ] --END-- [ RunTime:0.000352s ]
INFO: [ app_end ] --START--
INFO: Run Behavior\ShowPageTraceBehavior [ RunTime:0.000435s ]
INFO: [ app_end ] --END-- [ RunTime:0.000478s ]

[ 2017-10-31T14:45:19+08:00 ] 127.0.0.1 /index.php/Admin/Article/edit/id/9.html
INFO: [ app_init ] --START--
INFO: Run Behavior\BuildLiteBehavior [ RunTime:0.000022s ]
INFO: [ app_init ] --END-- [ RunTime:0.000450s ]
INFO: [ app_begin ] --START--
INFO: Run Behavior\ReadHtmlCacheBehavior [ RunTime:0.000402s ]
INFO: [ app_begin ] --END-- [ RunTime:0.000450s ]
SQL: SHOW COLUMNS FROM `fh_article` [ RunTime:0.0032s ]
SQL: SELECT * FROM `fh_article` WHERE `a_id` = 9 LIMIT 1   [ RunTime:0.0002s ]
SQL: SHOW COLUMNS FROM `fh_cat` [ RunTime:0.0028s ]
SQL: SELECT * FROM `fh_cat` WHERE `c_show` = 0  [ RunTime:0.0001s ]
INFO: [ view_parse ] --START--
INFO: [ template_filter ] --START--
INFO: Run Behavior\ContentReplaceBehavior [ RunTime:0.000294s ]
INFO: [ template_filter ] --END-- [ RunTime:0.000518s ]
NOTIC: [8] Undefined index: u_name E:\fish\Runtime\Cache\Admin\ed243359e2cf343f39ae323dcb70f771.php 第 33 行.
NOTIC: [8] Undefined variable: index E:\fish\Runtime\Cache\Admin\ed243359e2cf343f39ae323dcb70f771.php 第 57 行.
NOTIC: [8] Undefined variable: artlist E:\fish\Runtime\Cache\Admin\ed243359e2cf343f39ae323dcb70f771.php 第 67 行.
NOTIC: [8] Undefined variable: cat E:\fish\Runtime\Cache\Admin\ed243359e2cf343f39ae323dcb70f771.php 第 74 行.
NOTIC: [8] Undefined variable: user E:\fish\Runtime\Cache\Admin\ed243359e2cf343f39ae323dcb70f771.php 第 81 行.
INFO: Run Behavior\ParseTemplateBehavior [ RunTime:0.010709s ]
INFO: [ view_parse ] --END-- [ RunTime:0.010754s ]
INFO: [ view_filter ] --START--
INFO: Run Behavior\WriteHtmlCacheBehavior [ RunTime:0.000329s ]
INFO: [ view_filter ] --END-- [ RunTime:0.000368s ]
INFO: [ app_end ] --START--
INFO: Run Behavior\ShowPageTraceBehavior [ RunTime:0.000448s ]
INFO: [ app_end ] --END-- [ RunTime:0.000493s ]

[ 2017-10-31T14:46:12+08:00 ] 127.0.0.1 /Admin/Article/modify
INFO: [ app_init ] --START--
INFO: Run Behavior\BuildLiteBehavior [ RunTime:0.000012s ]
INFO: [ app_init ] --END-- [ RunTime:0.000292s ]
INFO: [ app_begin ] --START--
INFO: Run Behavior\ReadHtmlCacheBehavior [ RunTime:0.000363s ]
INFO: [ app_begin ] --END-- [ RunTime:0.000407s ]
SQL: SHOW COLUMNS FROM `fh_article` [ RunTime:0.0028s ]
NOTIC: [8] Undefined index: validate E:\fish\ThinkPHP\Library\Think\Model.class.php 第 1185 行.
NOTIC: [8] Undefined index: auto E:\fish\ThinkPHP\Library\Think\Model.class.php 第 1128 行.
SQL: UPDATE `fh_article` SET `a_name`='其实我是个假程序员',`a_content`='&lt;p style=&quot;text-indent:2em;&quot;&gt;&lt;span style=&quot;color: rgb(216, 216, 216); font-size: 14px;&quot;&gt;&lt;/span&gt;自从入了代码的坑，就想写点文字祭奠一下落寞的青春。代码密密麻麻，文字却无处安放，只能把该说的话写在注释里，那远去的梦，伸手摸不到影，该悲还是该叹，该哭还是该笑，不写段子空追忆，独留代码怅所失。&lt;/p&gt;&lt;p style=&quot;text-align:center;text-indent:2em;&quot;&gt;&lt;img src=&quot;https://static.yezismile.com/kindeditor/attached/image/20171009/20171009051912_45344.gif&quot; alt=&quot;&quot;/&gt; &lt;/p&gt;&lt;p style=&quot;text-indent:2em;&quot;&gt;
	我编程三五日，听着键盘声，奏出和谐乐，QQ在闪烁，微信在跳动，那几行代码整齐的排行着，像梦里的海鸥，等待着飞向另一个岛。在命令行执行一下文件，一行一行的数据日志呈现出来，如变了个戏法告诉你，那跳动的音符是可以发出声音的。&lt;/p&gt;&lt;p style=&quot;text-align:center;text-indent:2em;&quot;&gt;&lt;img src=&quot;https://static.yezismile.com/kindeditor/attached/image/20171009/20171009051922_15841.jpg&quot; alt=&quot;&quot;/&gt; &lt;/p&gt;&lt;p style=&quot;text-indent:2em;&quot;&gt;
	心儿扑通扑通得跳，害怕八阿哥的到来，终端机闪耀着光芒，不懂的人说是黑色屏幕跳动着彩色的字母，可是对我程来说，黑色代表着无敌的智慧，你眼里看到的成千上万的数据，你肉眼可见的那五彩斑斓的内容，都是黑色的屏幕慢慢完成的，它从不邀功，也不炫耀，唯一害怕的每一只bug莫名其妙的飘来。&lt;/p&gt;&lt;p style=&quot;text-align:center;text-indent:2em;&quot;&gt;&lt;img src=&quot;https://static.yezismile.com/kindeditor/attached/image/20171009/20171009051932_85516.jpg&quot; alt=&quot;&quot;/&gt; &lt;/p&gt;&lt;p style=&quot;text-indent:2em;&quot;&gt;
	没有人能听懂我们的语言，字符串，数组，对象，都是神马东东。没有人在意你写了几行代码，想了多少遍逻辑方案，程序就在那里静静躺着，不言语不浮躁。如果不更新迭代的时候，几百年后，它如一只眼睛代替我到这个世界去看一看，就看一看，不留一点痕迹。&lt;/p&gt;&lt;p&gt;&lt;br/&gt;&lt;/p&gt;',`a_desc`='哈哈,其实我是假的',`pid`='3',`a_keyword`='闲言,碎语,闲言碎语',`a_img`='/Uploads/image/20171031/1509422575320027.jpg',`a_show`='0',`a_original`='1',`a_root`='',`a_time`='1509432372',`a_system`='Win 7',`a_ip`='127.0.0.1' WHERE `a_id` = 9 [ RunTime:0.0034s ]

[ 2017-10-31T14:46:15+08:00 ] 127.0.0.1 /Admin/Article/artList
INFO: [ app_init ] --START--
INFO: Run Behavior\BuildLiteBehavior [ RunTime:0.000009s ]
INFO: [ app_init ] --END-- [ RunTime:0.000288s ]
INFO: [ app_begin ] --START--
INFO: Run Behavior\ReadHtmlCacheBehavior [ RunTime:0.000427s ]
INFO: [ app_begin ] --END-- [ RunTime:0.000470s ]
SQL: SHOW COLUMNS FROM `fh_article` [ RunTime:0.0027s ]
SQL: SELECT COUNT(*) AS tp_count FROM `fh_article` WHERE `a_show` = 0 LIMIT 1   [ RunTime:0.0002s ]
SQL: SELECT * FROM `fh_article` ORDER BY a_id desc LIMIT 0,5   [ RunTime:0.0003s ]
INFO: [ view_parse ] --START--
INFO: [ template_filter ] --START--
INFO: Run Behavior\ContentReplaceBehavior [ RunTime:0.000107s ]
INFO: [ template_filter ] --END-- [ RunTime:0.000148s ]
NOTIC: [8] Undefined variable: info E:\fish\Runtime\Cache\Admin\fbc86cfc035c3673480748a2487b8409.php 第 33 行.
NOTIC: [8] Undefined variable: index E:\fish\Runtime\Cache\Admin\fbc86cfc035c3673480748a2487b8409.php 第 57 行.
NOTIC: [8] Undefined variable: art E:\fish\Runtime\Cache\Admin\fbc86cfc035c3673480748a2487b8409.php 第 60 行.
NOTIC: [8] Undefined variable: cat E:\fish\Runtime\Cache\Admin\fbc86cfc035c3673480748a2487b8409.php 第 74 行.
NOTIC: [8] Undefined variable: user E:\fish\Runtime\Cache\Admin\fbc86cfc035c3673480748a2487b8409.php 第 81 行.
NOTIC: [8] Undefined index: c_show E:\fish\Runtime\Cache\Admin\fbc86cfc035c3673480748a2487b8409.php 第 154 行.
NOTIC: [8] Undefined index: c_show E:\fish\Runtime\Cache\Admin\fbc86cfc035c3673480748a2487b8409.php 第 154 行.
NOTIC: [8] Undefined index: c_show E:\fish\Runtime\Cache\Admin\fbc86cfc035c3673480748a2487b8409.php 第 154 行.
NOTIC: [8] Undefined index: c_show E:\fish\Runtime\Cache\Admin\fbc86cfc035c3673480748a2487b8409.php 第 154 行.
INFO: Run Behavior\ParseTemplateBehavior [ RunTime:0.008313s ]
INFO: [ view_parse ] --END-- [ RunTime:0.008360s ]
INFO: [ view_filter ] --START--
INFO: Run Behavior\WriteHtmlCacheBehavior [ RunTime:0.000272s ]
INFO: [ view_filter ] --END-- [ RunTime:0.000305s ]
INFO: [ app_end ] --START--
INFO: Run Behavior\ShowPageTraceBehavior [ RunTime:0.000409s ]
INFO: [ app_end ] --END-- [ RunTime:0.000450s ]

[ 2017-10-31T14:46:36+08:00 ] 127.0.0.1 /index.php/Admin/Article/edit/id/9.html
INFO: [ app_init ] --START--
INFO: Run Behavior\BuildLiteBehavior [ RunTime:0.000009s ]
INFO: [ app_init ] --END-- [ RunTime:0.000259s ]
INFO: [ app_begin ] --START--
INFO: Run Behavior\ReadHtmlCacheBehavior [ RunTime:0.000344s ]
INFO: [ app_begin ] --END-- [ RunTime:0.000385s ]
SQL: SHOW COLUMNS FROM `fh_article` [ RunTime:0.0028s ]
SQL: SELECT * FROM `fh_article` WHERE `a_id` = 9 LIMIT 1   [ RunTime:0.0003s ]
SQL: SHOW COLUMNS FROM `fh_cat` [ RunTime:0.0025s ]
SQL: SELECT * FROM `fh_cat` WHERE `c_show` = 0  [ RunTime:0.0001s ]
INFO: [ view_parse ] --START--
INFO: [ template_filter ] --START--
INFO: Run Behavior\ContentReplaceBehavior [ RunTime:0.000171s ]
INFO: [ template_filter ] --END-- [ RunTime:0.000212s ]
NOTIC: [8] Undefined index: u_name E:\fish\Runtime\Cache\Admin\ed243359e2cf343f39ae323dcb70f771.php 第 33 行.
NOTIC: [8] Undefined variable: index E:\fish\Runtime\Cache\Admin\ed243359e2cf343f39ae323dcb70f771.php 第 57 行.
NOTIC: [8] Undefined variable: artlist E:\fish\Runtime\Cache\Admin\ed243359e2cf343f39ae323dcb70f771.php 第 67 行.
NOTIC: [8] Undefined variable: cat E:\fish\Runtime\Cache\Admin\ed243359e2cf343f39ae323dcb70f771.php 第 74 行.
NOTIC: [8] Undefined variable: user E:\fish\Runtime\Cache\Admin\ed243359e2cf343f39ae323dcb70f771.php 第 81 行.
INFO: Run Behavior\ParseTemplateBehavior [ RunTime:0.009791s ]
INFO: [ view_parse ] --END-- [ RunTime:0.009830s ]
INFO: [ view_filter ] --START--
INFO: Run Behavior\WriteHtmlCacheBehavior [ RunTime:0.000271s ]
INFO: [ view_filter ] --END-- [ RunTime:0.000308s ]
INFO: [ app_end ] --START--
INFO: Run Behavior\ShowPageTraceBehavior [ RunTime:0.000393s ]
INFO: [ app_end ] --END-- [ RunTime:0.000436s ]

