[ 2017-11-01T10:33:25+08:00 ] 127.0.0.1 /Admin/login
INFO: [ app_init ] --START--
INFO: Run Behavior\BuildLiteBehavior [ RunTime:0.000009s ]
INFO: [ app_init ] --END-- [ RunTime:0.000296s ]
INFO: [ app_begin ] --START--
INFO: Run Behavior\ReadHtmlCacheBehavior [ RunTime:0.000404s ]
INFO: [ app_begin ] --END-- [ RunTime:0.000448s ]
INFO: [ view_parse ] --START--
INFO: [ template_filter ] --START--
INFO: Run Behavior\ContentReplaceBehavior [ RunTime:0.000049s ]
INFO: [ template_filter ] --END-- [ RunTime:0.000088s ]
INFO: Run Behavior\ParseTemplateBehavior [ RunTime:0.004922s ]
INFO: [ view_parse ] --END-- [ RunTime:0.004967s ]
INFO: [ view_filter ] --START--
INFO: Run Behavior\WriteHtmlCacheBehavior [ RunTime:0.000232s ]
INFO: [ view_filter ] --END-- [ RunTime:0.000266s ]
INFO: [ app_end ] --START--
INFO: Run Behavior\ShowPageTraceBehavior [ RunTime:0.000407s ]
INFO: [ app_end ] --END-- [ RunTime:0.000444s ]

[ 2017-11-01T10:33:34+08:00 ] 127.0.0.1 /Admin/Login/in
INFO: [ app_init ] --START--
INFO: Run Behavior\BuildLiteBehavior [ RunTime:0.000011s ]
INFO: [ app_init ] --END-- [ RunTime:0.000359s ]
INFO: [ app_begin ] --START--
INFO: Run Behavior\ReadHtmlCacheBehavior [ RunTime:0.000457s ]
INFO: [ app_begin ] --END-- [ RunTime:0.000497s ]
SQL: SHOW COLUMNS FROM `fh_user` [ RunTime:0.0072s ]
SQL: SELECT * FROM `fh_user` WHERE `u_name` = 'admin' LIMIT 1   [ RunTime:0.0002s ]
SQL: UPDATE `fh_user` SET `u_logintime`='1509503614' WHERE `u_id` = null [ RunTime:0.0002s ]
SQL: UPDATE `fh_user` SET `u_num`=u_num+1 WHERE `u_id` = null [ RunTime:0.0001s ]

[ 2017-11-01T10:33:35+08:00 ] 127.0.0.1 /Admin/Index
INFO: [ app_init ] --START--
INFO: Run Behavior\BuildLiteBehavior [ RunTime:0.000010s ]
INFO: [ app_init ] --END-- [ RunTime:0.000272s ]
INFO: [ app_begin ] --START--
INFO: Run Behavior\ReadHtmlCacheBehavior [ RunTime:0.000358s ]
INFO: [ app_begin ] --END-- [ RunTime:0.000400s ]
INFO: [ view_parse ] --START--
INFO: [ template_filter ] --START--
INFO: Run Behavior\ContentReplaceBehavior [ RunTime:0.000122s ]
INFO: [ template_filter ] --END-- [ RunTime:0.000162s ]
NOTIC: [8] Undefined variable: info E:\fish\Runtime\Cache\Admin\6be543cd41def918d87e15996786a60d.php 第 33 行.
NOTIC: [8] Undefined variable: art E:\fish\Runtime\Cache\Admin\6be543cd41def918d87e15996786a60d.php 第 60 行.
NOTIC: [8] Undefined variable: artlist E:\fish\Runtime\Cache\Admin\6be543cd41def918d87e15996786a60d.php 第 67 行.
NOTIC: [8] Undefined variable: cat E:\fish\Runtime\Cache\Admin\6be543cd41def918d87e15996786a60d.php 第 74 行.
NOTIC: [8] Undefined variable: user E:\fish\Runtime\Cache\Admin\6be543cd41def918d87e15996786a60d.php 第 81 行.
INFO: Run Behavior\ParseTemplateBehavior [ RunTime:0.009581s ]
INFO: [ view_parse ] --END-- [ RunTime:0.009627s ]
INFO: [ view_filter ] --START--
INFO: Run Behavior\WriteHtmlCacheBehavior [ RunTime:0.000302s ]
INFO: [ view_filter ] --END-- [ RunTime:0.000336s ]
INFO: [ app_end ] --START--
INFO: Run Behavior\ShowPageTraceBehavior [ RunTime:0.000443s ]
INFO: [ app_end ] --END-- [ RunTime:0.000482s ]

[ 2017-11-01T16:58:56+08:00 ] 127.0.0.1 /Admin/login
INFO: [ app_init ] --START--
INFO: Run Behavior\BuildLiteBehavior [ RunTime:0.000010s ]
INFO: [ app_init ] --END-- [ RunTime:0.000338s ]
INFO: [ app_begin ] --START--
INFO: Run Behavior\ReadHtmlCacheBehavior [ RunTime:0.000407s ]
INFO: [ app_begin ] --END-- [ RunTime:0.000449s ]
INFO: [ view_parse ] --START--
INFO: [ template_filter ] --START--
INFO: Run Behavior\ContentReplaceBehavior [ RunTime:0.000050s ]
INFO: [ template_filter ] --END-- [ RunTime:0.000088s ]
INFO: Run Behavior\ParseTemplateBehavior [ RunTime:0.003977s ]
INFO: [ view_parse ] --END-- [ RunTime:0.004021s ]
INFO: [ view_filter ] --START--
INFO: Run Behavior\WriteHtmlCacheBehavior [ RunTime:0.000272s ]
INFO: [ view_filter ] --END-- [ RunTime:0.000307s ]
INFO: [ app_end ] --START--
INFO: Run Behavior\ShowPageTraceBehavior [ RunTime:0.000442s ]
INFO: [ app_end ] --END-- [ RunTime:0.000480s ]

[ 2017-11-01T16:59:05+08:00 ] 127.0.0.1 /Admin/Login/in
INFO: [ app_init ] --START--
INFO: Run Behavior\BuildLiteBehavior [ RunTime:0.000010s ]
INFO: [ app_init ] --END-- [ RunTime:0.000308s ]
INFO: [ app_begin ] --START--
INFO: Run Behavior\ReadHtmlCacheBehavior [ RunTime:0.000394s ]
INFO: [ app_begin ] --END-- [ RunTime:0.000433s ]
SQL: SHOW COLUMNS FROM `fh_user` [ RunTime:0.0027s ]
SQL: SELECT * FROM `fh_user` WHERE `u_name` = 'admin' LIMIT 1   [ RunTime:0.0001s ]
SQL: UPDATE `fh_user` SET `u_logintime`='1509526745' WHERE `u_id` = null [ RunTime:0.0002s ]
SQL: UPDATE `fh_user` SET `u_num`=u_num+1 WHERE `u_id` = null [ RunTime:0.0001s ]

[ 2017-11-01T16:59:08+08:00 ] 127.0.0.1 /Admin/Index
INFO: [ app_init ] --START--
INFO: Run Behavior\BuildLiteBehavior [ RunTime:0.000010s ]
INFO: [ app_init ] --END-- [ RunTime:0.000287s ]
INFO: [ app_begin ] --START--
INFO: Run Behavior\ReadHtmlCacheBehavior [ RunTime:0.000371s ]
INFO: [ app_begin ] --END-- [ RunTime:0.000415s ]
INFO: [ view_parse ] --START--
INFO: [ template_filter ] --START--
INFO: Run Behavior\ContentReplaceBehavior [ RunTime:0.000100s ]
INFO: [ template_filter ] --END-- [ RunTime:0.000138s ]
NOTIC: [8] Undefined variable: info E:\fish\Runtime\Cache\Admin\6be543cd41def918d87e15996786a60d.php 第 33 行.
NOTIC: [8] Undefined variable: art E:\fish\Runtime\Cache\Admin\6be543cd41def918d87e15996786a60d.php 第 60 行.
NOTIC: [8] Undefined variable: artlist E:\fish\Runtime\Cache\Admin\6be543cd41def918d87e15996786a60d.php 第 67 行.
NOTIC: [8] Undefined variable: cat E:\fish\Runtime\Cache\Admin\6be543cd41def918d87e15996786a60d.php 第 74 行.
NOTIC: [8] Undefined variable: user E:\fish\Runtime\Cache\Admin\6be543cd41def918d87e15996786a60d.php 第 81 行.
INFO: Run Behavior\ParseTemplateBehavior [ RunTime:0.007547s ]
INFO: [ view_parse ] --END-- [ RunTime:0.007587s ]
INFO: [ view_filter ] --START--
INFO: Run Behavior\WriteHtmlCacheBehavior [ RunTime:0.000202s ]
INFO: [ view_filter ] --END-- [ RunTime:0.000235s ]
INFO: [ app_end ] --START--
INFO: Run Behavior\ShowPageTraceBehavior [ RunTime:0.000424s ]
INFO: [ app_end ] --END-- [ RunTime:0.000463s ]

[ 2017-11-01T16:59:48+08:00 ] 127.0.0.1 /Admin/loginlog.html
INFO: [ app_init ] --START--
INFO: Run Behavior\BuildLiteBehavior [ RunTime:0.000023s ]
INFO: [ app_init ] --END-- [ RunTime:0.000660s ]
INFO: [ app_begin ] --START--
INFO: Run Behavior\ReadHtmlCacheBehavior [ RunTime:0.000445s ]
INFO: [ app_begin ] --END-- [ RunTime:0.000514s ]
ERR: 无法加载控制器:Loginlog

[ 2017-11-01T16:59:58+08:00 ] 127.0.0.1 /Admin/Say/index
INFO: [ app_init ] --START--
INFO: Run Behavior\BuildLiteBehavior [ RunTime:0.000010s ]
INFO: [ app_init ] --END-- [ RunTime:0.000318s ]
INFO: [ app_begin ] --START--
INFO: Run Behavior\ReadHtmlCacheBehavior [ RunTime:0.000536s ]
INFO: [ app_begin ] --END-- [ RunTime:0.000593s ]
INFO: [ view_parse ] --START--
INFO: [ template_filter ] --START--
INFO: Run Behavior\ContentReplaceBehavior [ RunTime:0.000181s ]
INFO: [ template_filter ] --END-- [ RunTime:0.000233s ]
NOTIC: [8] Undefined variable: info E:\fish\Runtime\Cache\Admin\f515dd80f348f0cccd27e8eee9e0db85.php 第 33 行.
NOTIC: [8] Undefined variable: index E:\fish\Runtime\Cache\Admin\f515dd80f348f0cccd27e8eee9e0db85.php 第 57 行.
NOTIC: [8] Undefined variable: artlist E:\fish\Runtime\Cache\Admin\f515dd80f348f0cccd27e8eee9e0db85.php 第 67 行.
NOTIC: [8] Undefined variable: cat E:\fish\Runtime\Cache\Admin\f515dd80f348f0cccd27e8eee9e0db85.php 第 74 行.
NOTIC: [8] Undefined variable: user E:\fish\Runtime\Cache\Admin\f515dd80f348f0cccd27e8eee9e0db85.php 第 81 行.
NOTIC: [8] Undefined variable: info E:\fish\Runtime\Cache\Admin\f515dd80f348f0cccd27e8eee9e0db85.php 第 140 行.
NOTIC: [8] Undefined variable: info E:\fish\Runtime\Cache\Admin\f515dd80f348f0cccd27e8eee9e0db85.php 第 148 行.
NOTIC: [8] Undefined variable: info E:\fish\Runtime\Cache\Admin\f515dd80f348f0cccd27e8eee9e0db85.php 第 163 行.
NOTIC: [8] Undefined variable: info E:\fish\Runtime\Cache\Admin\f515dd80f348f0cccd27e8eee9e0db85.php 第 164 行.
INFO: Run Behavior\ParseTemplateBehavior [ RunTime:0.010660s ]
INFO: [ view_parse ] --END-- [ RunTime:0.010722s ]
INFO: [ view_filter ] --START--
INFO: Run Behavior\WriteHtmlCacheBehavior [ RunTime:0.000261s ]
INFO: [ view_filter ] --END-- [ RunTime:0.000293s ]
INFO: [ app_end ] --START--
INFO: Run Behavior\ShowPageTraceBehavior [ RunTime:0.000413s ]
INFO: [ app_end ] --END-- [ RunTime:0.000456s ]

[ 2017-11-01T17:01:18+08:00 ] 127.0.0.1 /Admin/Say/loginlog.html
INFO: [ app_init ] --START--
INFO: Run Behavior\BuildLiteBehavior [ RunTime:0.000009s ]
INFO: [ app_init ] --END-- [ RunTime:0.000339s ]
INFO: [ app_begin ] --START--
INFO: Run Behavior\ReadHtmlCacheBehavior [ RunTime:0.000436s ]
INFO: [ app_begin ] --END-- [ RunTime:0.000482s ]
ERR: 非法操作:loginlog

[ 2017-11-01T17:01:25+08:00 ] 127.0.0.1 /Admin/Article/index
INFO: [ app_init ] --START--
INFO: Run Behavior\BuildLiteBehavior [ RunTime:0.000010s ]
INFO: [ app_init ] --END-- [ RunTime:0.000459s ]
INFO: [ app_begin ] --START--
INFO: Run Behavior\ReadHtmlCacheBehavior [ RunTime:0.000509s ]
INFO: [ app_begin ] --END-- [ RunTime:0.000555s ]
SQL: SHOW COLUMNS FROM `fh_cat` [ RunTime:0.0028s ]
SQL: SELECT * FROM `fh_cat` WHERE `c_show` = 0  [ RunTime:0.0002s ]
INFO: [ view_parse ] --START--
INFO: [ template_filter ] --START--
INFO: Run Behavior\ContentReplaceBehavior [ RunTime:0.000172s ]
INFO: [ template_filter ] --END-- [ RunTime:0.000219s ]
NOTIC: [8] Undefined variable: info E:\fish\Runtime\Cache\Admin\ed243359e2cf343f39ae323dcb70f771.php 第 33 行.
NOTIC: [8] Undefined variable: index E:\fish\Runtime\Cache\Admin\ed243359e2cf343f39ae323dcb70f771.php 第 57 行.
NOTIC: [8] Undefined variable: artlist E:\fish\Runtime\Cache\Admin\ed243359e2cf343f39ae323dcb70f771.php 第 67 行.
NOTIC: [8] Undefined variable: cat E:\fish\Runtime\Cache\Admin\ed243359e2cf343f39ae323dcb70f771.php 第 74 行.
NOTIC: [8] Undefined variable: user E:\fish\Runtime\Cache\Admin\ed243359e2cf343f39ae323dcb70f771.php 第 81 行.
NOTIC: [8] Undefined variable: info E:\fish\Runtime\Cache\Admin\ed243359e2cf343f39ae323dcb70f771.php 第 140 行.
NOTIC: [8] Undefined variable: info E:\fish\Runtime\Cache\Admin\ed243359e2cf343f39ae323dcb70f771.php 第 144 行.
NOTIC: [8] Undefined variable: info E:\fish\Runtime\Cache\Admin\ed243359e2cf343f39ae323dcb70f771.php 第 149 行.
NOTIC: [8] Undefined variable: info E:\fish\Runtime\Cache\Admin\ed243359e2cf343f39ae323dcb70f771.php 第 177 行.
NOTIC: [8] Undefined variable: info E:\fish\Runtime\Cache\Admin\ed243359e2cf343f39ae323dcb70f771.php 第 183 行.
NOTIC: [8] Undefined variable: info E:\fish\Runtime\Cache\Admin\ed243359e2cf343f39ae323dcb70f771.php 第 198 行.
NOTIC: [8] Undefined variable: info E:\fish\Runtime\Cache\Admin\ed243359e2cf343f39ae323dcb70f771.php 第 199 行.
NOTIC: [8] Undefined variable: info E:\fish\Runtime\Cache\Admin\ed243359e2cf343f39ae323dcb70f771.php 第 203 行.
NOTIC: [8] Undefined variable: info E:\fish\Runtime\Cache\Admin\ed243359e2cf343f39ae323dcb70f771.php 第 204 行.
INFO: Run Behavior\ParseTemplateBehavior [ RunTime:0.011077s ]
INFO: [ view_parse ] --END-- [ RunTime:0.011124s ]
INFO: [ view_filter ] --START--
INFO: Run Behavior\WriteHtmlCacheBehavior [ RunTime:0.000288s ]
INFO: [ view_filter ] --END-- [ RunTime:0.000326s ]
INFO: [ app_end ] --START--
INFO: Run Behavior\ShowPageTraceBehavior [ RunTime:0.000471s ]
INFO: [ app_end ] --END-- [ RunTime:0.000521s ]

[ 2017-11-01T17:01:27+08:00 ] 127.0.0.1 /Admin/Article/artList
INFO: [ app_init ] --START--
INFO: Run Behavior\BuildLiteBehavior [ RunTime:0.000017s ]
INFO: [ app_init ] --END-- [ RunTime:0.000503s ]
INFO: [ app_begin ] --START--
INFO: Run Behavior\ReadHtmlCacheBehavior [ RunTime:0.000386s ]
INFO: [ app_begin ] --END-- [ RunTime:0.000437s ]
SQL: SHOW COLUMNS FROM `fh_article` [ RunTime:0.0029s ]
SQL: SELECT COUNT(*) AS tp_count FROM `fh_article` WHERE `a_show` = 0 LIMIT 1   [ RunTime:0.0002s ]
SQL: SELECT * FROM `fh_article` ORDER BY a_id desc LIMIT 0,5   [ RunTime:0.0004s ]
INFO: [ view_parse ] --START--
INFO: [ template_filter ] --START--
INFO: Run Behavior\ContentReplaceBehavior [ RunTime:0.000110s ]
INFO: [ template_filter ] --END-- [ RunTime:0.000168s ]
NOTIC: [8] Undefined variable: info E:\fish\Runtime\Cache\Admin\fbc86cfc035c3673480748a2487b8409.php 第 33 行.
NOTIC: [8] Undefined variable: index E:\fish\Runtime\Cache\Admin\fbc86cfc035c3673480748a2487b8409.php 第 57 行.
NOTIC: [8] Undefined variable: art E:\fish\Runtime\Cache\Admin\fbc86cfc035c3673480748a2487b8409.php 第 60 行.
NOTIC: [8] Undefined variable: cat E:\fish\Runtime\Cache\Admin\fbc86cfc035c3673480748a2487b8409.php 第 74 行.
NOTIC: [8] Undefined variable: user E:\fish\Runtime\Cache\Admin\fbc86cfc035c3673480748a2487b8409.php 第 81 行.
NOTIC: [8] Undefined index: c_show E:\fish\Runtime\Cache\Admin\fbc86cfc035c3673480748a2487b8409.php 第 154 行.
NOTIC: [8] Undefined index: c_show E:\fish\Runtime\Cache\Admin\fbc86cfc035c3673480748a2487b8409.php 第 154 行.
NOTIC: [8] Undefined index: c_show E:\fish\Runtime\Cache\Admin\fbc86cfc035c3673480748a2487b8409.php 第 154 行.
NOTIC: [8] Undefined index: c_show E:\fish\Runtime\Cache\Admin\fbc86cfc035c3673480748a2487b8409.php 第 154 行.
INFO: Run Behavior\ParseTemplateBehavior [ RunTime:0.010850s ]
INFO: [ view_parse ] --END-- [ RunTime:0.010901s ]
INFO: [ view_filter ] --START--
INFO: Run Behavior\WriteHtmlCacheBehavior [ RunTime:0.000267s ]
INFO: [ view_filter ] --END-- [ RunTime:0.000300s ]
INFO: [ app_end ] --START--
INFO: Run Behavior\ShowPageTraceBehavior [ RunTime:0.000455s ]
INFO: [ app_end ] --END-- [ RunTime:0.000495s ]

